ARM GAS  C:\Users\Tim\AppData\Local\Temp\ccN1TRDf.s 			page 1


   1              		.cpu cortex-m0
   2              		.fpu softvfp
   3              		.eabi_attribute 20, 1
   4              		.eabi_attribute 21, 1
   5              		.eabi_attribute 23, 3
   6              		.eabi_attribute 24, 1
   7              		.eabi_attribute 25, 1
   8              		.eabi_attribute 26, 1
   9              		.eabi_attribute 30, 1
  10              		.eabi_attribute 34, 0
  11              		.eabi_attribute 18, 4
  12              		.code	16
  13              		.file	"ADC_Infrared_INT.c"
  14              		.text
  15              	.Ltext0:
  16              		.cfi_sections	.debug_frame
  17              		.section	.text.ADC_Infrared_ISR,"ax",%progbits
  18              		.align	2
  19              		.global	ADC_Infrared_ISR
  20              		.code	16
  21              		.thumb_func
  22              		.type	ADC_Infrared_ISR, %function
  23              	ADC_Infrared_ISR:
  24              	.LFB1:
  25              		.file 1 ".\\Generated_Source\\PSoC4\\ADC_Infrared_INT.c"
   1:.\Generated_Source\PSoC4/ADC_Infrared_INT.c **** /*******************************************************************************
   2:.\Generated_Source\PSoC4/ADC_Infrared_INT.c **** * File Name: ADC_Infrared_INT.c
   3:.\Generated_Source\PSoC4/ADC_Infrared_INT.c **** * Version 2.30
   4:.\Generated_Source\PSoC4/ADC_Infrared_INT.c **** *
   5:.\Generated_Source\PSoC4/ADC_Infrared_INT.c **** *  Description:
   6:.\Generated_Source\PSoC4/ADC_Infrared_INT.c **** *    This file contains the code that operates during the ADC_SAR interrupt
   7:.\Generated_Source\PSoC4/ADC_Infrared_INT.c **** *    service routine.
   8:.\Generated_Source\PSoC4/ADC_Infrared_INT.c **** *
   9:.\Generated_Source\PSoC4/ADC_Infrared_INT.c **** *   Note:
  10:.\Generated_Source\PSoC4/ADC_Infrared_INT.c **** *
  11:.\Generated_Source\PSoC4/ADC_Infrared_INT.c **** ********************************************************************************
  12:.\Generated_Source\PSoC4/ADC_Infrared_INT.c **** * Copyright 2008-2015, Cypress Semiconductor Corporation.  All rights reserved.
  13:.\Generated_Source\PSoC4/ADC_Infrared_INT.c **** * You may use this file only in accordance with the license, terms, conditions,
  14:.\Generated_Source\PSoC4/ADC_Infrared_INT.c **** * disclaimers, and limitations in the end user license agreement accompanying
  15:.\Generated_Source\PSoC4/ADC_Infrared_INT.c **** * the software package with which this file was provided.
  16:.\Generated_Source\PSoC4/ADC_Infrared_INT.c **** *******************************************************************************/
  17:.\Generated_Source\PSoC4/ADC_Infrared_INT.c **** 
  18:.\Generated_Source\PSoC4/ADC_Infrared_INT.c **** #include "ADC_Infrared.h"
  19:.\Generated_Source\PSoC4/ADC_Infrared_INT.c **** #include "cyapicallbacks.h"
  20:.\Generated_Source\PSoC4/ADC_Infrared_INT.c **** 
  21:.\Generated_Source\PSoC4/ADC_Infrared_INT.c **** 
  22:.\Generated_Source\PSoC4/ADC_Infrared_INT.c **** /******************************************************************************
  23:.\Generated_Source\PSoC4/ADC_Infrared_INT.c **** * Custom Declarations and Variables
  24:.\Generated_Source\PSoC4/ADC_Infrared_INT.c **** * - add user inlcude files, prototypes and variables between the following
  25:.\Generated_Source\PSoC4/ADC_Infrared_INT.c **** *   #START and #END tags
  26:.\Generated_Source\PSoC4/ADC_Infrared_INT.c **** ******************************************************************************/
  27:.\Generated_Source\PSoC4/ADC_Infrared_INT.c **** /* `#START ADC_SYS_VAR`  */
  28:.\Generated_Source\PSoC4/ADC_Infrared_INT.c **** 
  29:.\Generated_Source\PSoC4/ADC_Infrared_INT.c **** /* `#END`  */
  30:.\Generated_Source\PSoC4/ADC_Infrared_INT.c **** 
  31:.\Generated_Source\PSoC4/ADC_Infrared_INT.c **** #if(ADC_Infrared_IRQ_REMOVE == 0u)
  32:.\Generated_Source\PSoC4/ADC_Infrared_INT.c **** 
ARM GAS  C:\Users\Tim\AppData\Local\Temp\ccN1TRDf.s 			page 2


  33:.\Generated_Source\PSoC4/ADC_Infrared_INT.c **** 
  34:.\Generated_Source\PSoC4/ADC_Infrared_INT.c ****     /******************************************************************************
  35:.\Generated_Source\PSoC4/ADC_Infrared_INT.c ****     * Function Name: ADC_Infrared_ISR
  36:.\Generated_Source\PSoC4/ADC_Infrared_INT.c ****     *******************************************************************************
  37:.\Generated_Source\PSoC4/ADC_Infrared_INT.c ****     *
  38:.\Generated_Source\PSoC4/ADC_Infrared_INT.c ****     * Summary:
  39:.\Generated_Source\PSoC4/ADC_Infrared_INT.c ****     *  Handle Interrupt Service Routine.
  40:.\Generated_Source\PSoC4/ADC_Infrared_INT.c ****     *
  41:.\Generated_Source\PSoC4/ADC_Infrared_INT.c ****     * Parameters:
  42:.\Generated_Source\PSoC4/ADC_Infrared_INT.c ****     *  None.
  43:.\Generated_Source\PSoC4/ADC_Infrared_INT.c ****     *
  44:.\Generated_Source\PSoC4/ADC_Infrared_INT.c ****     * Return:
  45:.\Generated_Source\PSoC4/ADC_Infrared_INT.c ****     *  None.
  46:.\Generated_Source\PSoC4/ADC_Infrared_INT.c ****     *
  47:.\Generated_Source\PSoC4/ADC_Infrared_INT.c ****     * Reentrant:
  48:.\Generated_Source\PSoC4/ADC_Infrared_INT.c ****     *  No.
  49:.\Generated_Source\PSoC4/ADC_Infrared_INT.c ****     *
  50:.\Generated_Source\PSoC4/ADC_Infrared_INT.c ****     ******************************************************************************/
  51:.\Generated_Source\PSoC4/ADC_Infrared_INT.c ****     CY_ISR( ADC_Infrared_ISR )
  52:.\Generated_Source\PSoC4/ADC_Infrared_INT.c ****     {
  26              		.loc 1 52 0
  27              		.cfi_startproc
  53:.\Generated_Source\PSoC4/ADC_Infrared_INT.c ****         uint32 intr_status;
  54:.\Generated_Source\PSoC4/ADC_Infrared_INT.c **** 
  55:.\Generated_Source\PSoC4/ADC_Infrared_INT.c ****         /* Read interrupt status register */
  56:.\Generated_Source\PSoC4/ADC_Infrared_INT.c ****         intr_status = ADC_Infrared_SAR_INTR_REG;
  28              		.loc 1 56 0
  29 0000 014B     		ldr	r3, .L2
  30 0002 1A68     		ldr	r2, [r3]
  31              	.LVL0:
  57:.\Generated_Source\PSoC4/ADC_Infrared_INT.c **** 
  58:.\Generated_Source\PSoC4/ADC_Infrared_INT.c ****         #ifdef ADC_Infrared_ISR_INTERRUPT_CALLBACK
  59:.\Generated_Source\PSoC4/ADC_Infrared_INT.c ****             ADC_Infrared_ISR_InterruptCallback();
  60:.\Generated_Source\PSoC4/ADC_Infrared_INT.c ****         #endif /* ADC_Infrared_ISR_INTERRUPT_CALLBACK */
  61:.\Generated_Source\PSoC4/ADC_Infrared_INT.c **** 
  62:.\Generated_Source\PSoC4/ADC_Infrared_INT.c **** 
  63:.\Generated_Source\PSoC4/ADC_Infrared_INT.c ****         /************************************************************************
  64:.\Generated_Source\PSoC4/ADC_Infrared_INT.c ****         *  Custom Code
  65:.\Generated_Source\PSoC4/ADC_Infrared_INT.c ****         *  - add user ISR code between the following #START and #END tags
  66:.\Generated_Source\PSoC4/ADC_Infrared_INT.c ****         *************************************************************************/
  67:.\Generated_Source\PSoC4/ADC_Infrared_INT.c ****         /* `#START MAIN_ADC_ISR`  */
  68:.\Generated_Source\PSoC4/ADC_Infrared_INT.c **** 
  69:.\Generated_Source\PSoC4/ADC_Infrared_INT.c ****         /* `#END`  */
  70:.\Generated_Source\PSoC4/ADC_Infrared_INT.c ****         
  71:.\Generated_Source\PSoC4/ADC_Infrared_INT.c ****         /* Clear handled interrupt */
  72:.\Generated_Source\PSoC4/ADC_Infrared_INT.c ****         ADC_Infrared_SAR_INTR_REG = intr_status;
  32              		.loc 1 72 0
  33 0004 1A60     		str	r2, [r3]
  73:.\Generated_Source\PSoC4/ADC_Infrared_INT.c ****     }
  34              		.loc 1 73 0
  35              		@ sp needed
  36 0006 7047     		bx	lr
  37              	.L3:
  38              		.align	2
  39              	.L2:
  40 0008 10023A40 		.word	1077543440
  41              		.cfi_endproc
ARM GAS  C:\Users\Tim\AppData\Local\Temp\ccN1TRDf.s 			page 3


  42              	.LFE1:
  43              		.size	ADC_Infrared_ISR, .-ADC_Infrared_ISR
  44              		.text
  45              	.Letext0:
  46              		.file 2 ".\\Generated_Source\\PSoC4\\cytypes.h"
  47              		.section	.debug_info,"",%progbits
  48              	.Ldebug_info0:
  49 0000 C0000000 		.4byte	0xc0
  50 0004 0400     		.2byte	0x4
  51 0006 00000000 		.4byte	.Ldebug_abbrev0
  52 000a 04       		.byte	0x4
  53 000b 01       		.uleb128 0x1
  54 000c F1000000 		.4byte	.LASF15
  55 0010 01       		.byte	0x1
  56 0011 89010000 		.4byte	.LASF16
  57 0015 22000000 		.4byte	.LASF17
  58 0019 00000000 		.4byte	.Ldebug_ranges0+0
  59 001d 00000000 		.4byte	0
  60 0021 00000000 		.4byte	.Ldebug_line0
  61 0025 02       		.uleb128 0x2
  62 0026 01       		.byte	0x1
  63 0027 06       		.byte	0x6
  64 0028 E5000000 		.4byte	.LASF0
  65 002c 02       		.uleb128 0x2
  66 002d 01       		.byte	0x1
  67 002e 08       		.byte	0x8
  68 002f 98000000 		.4byte	.LASF1
  69 0033 02       		.uleb128 0x2
  70 0034 02       		.byte	0x2
  71 0035 05       		.byte	0x5
  72 0036 7F010000 		.4byte	.LASF2
  73 003a 02       		.uleb128 0x2
  74 003b 02       		.byte	0x2
  75 003c 07       		.byte	0x7
  76 003d D2000000 		.4byte	.LASF3
  77 0041 02       		.uleb128 0x2
  78 0042 04       		.byte	0x4
  79 0043 05       		.byte	0x5
  80 0044 AB000000 		.4byte	.LASF4
  81 0048 02       		.uleb128 0x2
  82 0049 04       		.byte	0x4
  83 004a 07       		.byte	0x7
  84 004b 5D000000 		.4byte	.LASF5
  85 004f 02       		.uleb128 0x2
  86 0050 08       		.byte	0x8
  87 0051 05       		.byte	0x5
  88 0052 00000000 		.4byte	.LASF6
  89 0056 02       		.uleb128 0x2
  90 0057 08       		.byte	0x8
  91 0058 07       		.byte	0x7
  92 0059 6F000000 		.4byte	.LASF7
  93 005d 03       		.uleb128 0x3
  94 005e 04       		.byte	0x4
  95 005f 05       		.byte	0x5
  96 0060 696E7400 		.ascii	"int\000"
  97 0064 02       		.uleb128 0x2
  98 0065 04       		.byte	0x4
ARM GAS  C:\Users\Tim\AppData\Local\Temp\ccN1TRDf.s 			page 4


  99 0066 07       		.byte	0x7
 100 0067 15000000 		.4byte	.LASF8
 101 006b 04       		.uleb128 0x4
 102 006c 0E000000 		.4byte	.LASF12
 103 0070 02       		.byte	0x2
 104 0071 3A01     		.2byte	0x13a
 105 0073 48000000 		.4byte	0x48
 106 0077 02       		.uleb128 0x2
 107 0078 04       		.byte	0x4
 108 0079 04       		.byte	0x4
 109 007a 86000000 		.4byte	.LASF9
 110 007e 02       		.uleb128 0x2
 111 007f 08       		.byte	0x8
 112 0080 04       		.byte	0x4
 113 0081 C5000000 		.4byte	.LASF10
 114 0085 02       		.uleb128 0x2
 115 0086 01       		.byte	0x1
 116 0087 08       		.byte	0x8
 117 0088 A6000000 		.4byte	.LASF11
 118 008c 04       		.uleb128 0x4
 119 008d CC000000 		.4byte	.LASF13
 120 0091 02       		.byte	0x2
 121 0092 E401     		.2byte	0x1e4
 122 0094 98000000 		.4byte	0x98
 123 0098 05       		.uleb128 0x5
 124 0099 6B000000 		.4byte	0x6b
 125 009d 02       		.uleb128 0x2
 126 009e 04       		.byte	0x4
 127 009f 07       		.byte	0x7
 128 00a0 B5010000 		.4byte	.LASF14
 129 00a4 06       		.uleb128 0x6
 130 00a5 B4000000 		.4byte	.LASF18
 131 00a9 01       		.byte	0x1
 132 00aa 33       		.byte	0x33
 133 00ab 00000000 		.4byte	.LFB1
 134 00af 0C000000 		.4byte	.LFE1-.LFB1
 135 00b3 01       		.uleb128 0x1
 136 00b4 9C       		.byte	0x9c
 137 00b5 07       		.uleb128 0x7
 138 00b6 8C000000 		.4byte	.LASF19
 139 00ba 01       		.byte	0x1
 140 00bb 35       		.byte	0x35
 141 00bc 6B000000 		.4byte	0x6b
 142 00c0 01       		.uleb128 0x1
 143 00c1 52       		.byte	0x52
 144 00c2 00       		.byte	0
 145 00c3 00       		.byte	0
 146              		.section	.debug_abbrev,"",%progbits
 147              	.Ldebug_abbrev0:
 148 0000 01       		.uleb128 0x1
 149 0001 11       		.uleb128 0x11
 150 0002 01       		.byte	0x1
 151 0003 25       		.uleb128 0x25
 152 0004 0E       		.uleb128 0xe
 153 0005 13       		.uleb128 0x13
 154 0006 0B       		.uleb128 0xb
 155 0007 03       		.uleb128 0x3
ARM GAS  C:\Users\Tim\AppData\Local\Temp\ccN1TRDf.s 			page 5


 156 0008 0E       		.uleb128 0xe
 157 0009 1B       		.uleb128 0x1b
 158 000a 0E       		.uleb128 0xe
 159 000b 55       		.uleb128 0x55
 160 000c 17       		.uleb128 0x17
 161 000d 11       		.uleb128 0x11
 162 000e 01       		.uleb128 0x1
 163 000f 10       		.uleb128 0x10
 164 0010 17       		.uleb128 0x17
 165 0011 00       		.byte	0
 166 0012 00       		.byte	0
 167 0013 02       		.uleb128 0x2
 168 0014 24       		.uleb128 0x24
 169 0015 00       		.byte	0
 170 0016 0B       		.uleb128 0xb
 171 0017 0B       		.uleb128 0xb
 172 0018 3E       		.uleb128 0x3e
 173 0019 0B       		.uleb128 0xb
 174 001a 03       		.uleb128 0x3
 175 001b 0E       		.uleb128 0xe
 176 001c 00       		.byte	0
 177 001d 00       		.byte	0
 178 001e 03       		.uleb128 0x3
 179 001f 24       		.uleb128 0x24
 180 0020 00       		.byte	0
 181 0021 0B       		.uleb128 0xb
 182 0022 0B       		.uleb128 0xb
 183 0023 3E       		.uleb128 0x3e
 184 0024 0B       		.uleb128 0xb
 185 0025 03       		.uleb128 0x3
 186 0026 08       		.uleb128 0x8
 187 0027 00       		.byte	0
 188 0028 00       		.byte	0
 189 0029 04       		.uleb128 0x4
 190 002a 16       		.uleb128 0x16
 191 002b 00       		.byte	0
 192 002c 03       		.uleb128 0x3
 193 002d 0E       		.uleb128 0xe
 194 002e 3A       		.uleb128 0x3a
 195 002f 0B       		.uleb128 0xb
 196 0030 3B       		.uleb128 0x3b
 197 0031 05       		.uleb128 0x5
 198 0032 49       		.uleb128 0x49
 199 0033 13       		.uleb128 0x13
 200 0034 00       		.byte	0
 201 0035 00       		.byte	0
 202 0036 05       		.uleb128 0x5
 203 0037 35       		.uleb128 0x35
 204 0038 00       		.byte	0
 205 0039 49       		.uleb128 0x49
 206 003a 13       		.uleb128 0x13
 207 003b 00       		.byte	0
 208 003c 00       		.byte	0
 209 003d 06       		.uleb128 0x6
 210 003e 2E       		.uleb128 0x2e
 211 003f 01       		.byte	0x1
 212 0040 3F       		.uleb128 0x3f
ARM GAS  C:\Users\Tim\AppData\Local\Temp\ccN1TRDf.s 			page 6


 213 0041 19       		.uleb128 0x19
 214 0042 03       		.uleb128 0x3
 215 0043 0E       		.uleb128 0xe
 216 0044 3A       		.uleb128 0x3a
 217 0045 0B       		.uleb128 0xb
 218 0046 3B       		.uleb128 0x3b
 219 0047 0B       		.uleb128 0xb
 220 0048 27       		.uleb128 0x27
 221 0049 19       		.uleb128 0x19
 222 004a 11       		.uleb128 0x11
 223 004b 01       		.uleb128 0x1
 224 004c 12       		.uleb128 0x12
 225 004d 06       		.uleb128 0x6
 226 004e 40       		.uleb128 0x40
 227 004f 18       		.uleb128 0x18
 228 0050 9742     		.uleb128 0x2117
 229 0052 19       		.uleb128 0x19
 230 0053 00       		.byte	0
 231 0054 00       		.byte	0
 232 0055 07       		.uleb128 0x7
 233 0056 34       		.uleb128 0x34
 234 0057 00       		.byte	0
 235 0058 03       		.uleb128 0x3
 236 0059 0E       		.uleb128 0xe
 237 005a 3A       		.uleb128 0x3a
 238 005b 0B       		.uleb128 0xb
 239 005c 3B       		.uleb128 0x3b
 240 005d 0B       		.uleb128 0xb
 241 005e 49       		.uleb128 0x49
 242 005f 13       		.uleb128 0x13
 243 0060 02       		.uleb128 0x2
 244 0061 18       		.uleb128 0x18
 245 0062 00       		.byte	0
 246 0063 00       		.byte	0
 247 0064 00       		.byte	0
 248              		.section	.debug_aranges,"",%progbits
 249 0000 1C000000 		.4byte	0x1c
 250 0004 0200     		.2byte	0x2
 251 0006 00000000 		.4byte	.Ldebug_info0
 252 000a 04       		.byte	0x4
 253 000b 00       		.byte	0
 254 000c 0000     		.2byte	0
 255 000e 0000     		.2byte	0
 256 0010 00000000 		.4byte	.LFB1
 257 0014 0C000000 		.4byte	.LFE1-.LFB1
 258 0018 00000000 		.4byte	0
 259 001c 00000000 		.4byte	0
 260              		.section	.debug_ranges,"",%progbits
 261              	.Ldebug_ranges0:
 262 0000 00000000 		.4byte	.LFB1
 263 0004 0C000000 		.4byte	.LFE1
 264 0008 00000000 		.4byte	0
 265 000c 00000000 		.4byte	0
 266              		.section	.debug_line,"",%progbits
 267              	.Ldebug_line0:
 268 0000 69000000 		.section	.debug_str,"MS",%progbits,1
 268      02004F00 
ARM GAS  C:\Users\Tim\AppData\Local\Temp\ccN1TRDf.s 			page 7


 268      00000201 
 268      FB0E0D00 
 268      01010101 
 269              	.LASF6:
 270 0000 6C6F6E67 		.ascii	"long long int\000"
 270      206C6F6E 
 270      6720696E 
 270      7400
 271              	.LASF12:
 272 000e 75696E74 		.ascii	"uint32\000"
 272      333200
 273              	.LASF8:
 274 0015 756E7369 		.ascii	"unsigned int\000"
 274      676E6564 
 274      20696E74 
 274      00
 275              	.LASF17:
 276 0022 443A5C70 		.ascii	"D:\\projects\\ArloBot\\arlobot_psoc\\arlobot_base\\"
 276      726F6A65 
 276      6374735C 
 276      41726C6F 
 276      426F745C 
 277 0050 626F6172 		.ascii	"board1.cydsn\000"
 277      64312E63 
 277      7964736E 
 277      00
 278              	.LASF5:
 279 005d 6C6F6E67 		.ascii	"long unsigned int\000"
 279      20756E73 
 279      69676E65 
 279      6420696E 
 279      7400
 280              	.LASF7:
 281 006f 6C6F6E67 		.ascii	"long long unsigned int\000"
 281      206C6F6E 
 281      6720756E 
 281      7369676E 
 281      65642069 
 282              	.LASF9:
 283 0086 666C6F61 		.ascii	"float\000"
 283      7400
 284              	.LASF19:
 285 008c 696E7472 		.ascii	"intr_status\000"
 285      5F737461 
 285      74757300 
 286              	.LASF1:
 287 0098 756E7369 		.ascii	"unsigned char\000"
 287      676E6564 
 287      20636861 
 287      7200
 288              	.LASF11:
 289 00a6 63686172 		.ascii	"char\000"
 289      00
 290              	.LASF4:
 291 00ab 6C6F6E67 		.ascii	"long int\000"
 291      20696E74 
 291      00
ARM GAS  C:\Users\Tim\AppData\Local\Temp\ccN1TRDf.s 			page 8


 292              	.LASF18:
 293 00b4 4144435F 		.ascii	"ADC_Infrared_ISR\000"
 293      496E6672 
 293      61726564 
 293      5F495352 
 293      00
 294              	.LASF10:
 295 00c5 646F7562 		.ascii	"double\000"
 295      6C6500
 296              	.LASF13:
 297 00cc 72656733 		.ascii	"reg32\000"
 297      3200
 298              	.LASF3:
 299 00d2 73686F72 		.ascii	"short unsigned int\000"
 299      7420756E 
 299      7369676E 
 299      65642069 
 299      6E7400
 300              	.LASF0:
 301 00e5 7369676E 		.ascii	"signed char\000"
 301      65642063 
 301      68617200 
 302              	.LASF15:
 303 00f1 474E5520 		.ascii	"GNU C 4.9.3 20150303 (release) [ARM/embedded-4_9-br"
 303      4320342E 
 303      392E3320 
 303      32303135 
 303      30333033 
 304 0124 616E6368 		.ascii	"anch revision 221220] -mcpu=cortex-m0 -mthumb -g -O"
 304      20726576 
 304      6973696F 
 304      6E203232 
 304      31323230 
 305 0157 67202D66 		.ascii	"g -ffunction-sections -ffat-lto-objects\000"
 305      66756E63 
 305      74696F6E 
 305      2D736563 
 305      74696F6E 
 306              	.LASF2:
 307 017f 73686F72 		.ascii	"short int\000"
 307      7420696E 
 307      7400
 308              	.LASF16:
 309 0189 2E5C4765 		.ascii	".\\Generated_Source\\PSoC4\\ADC_Infrared_INT.c\000"
 309      6E657261 
 309      7465645F 
 309      536F7572 
 309      63655C50 
 310              	.LASF14:
 311 01b5 73697A65 		.ascii	"sizetype\000"
 311      74797065 
 311      00
 312              		.ident	"GCC: (GNU Tools for ARM Embedded Processors) 4.9.3 20150303 (release) [ARM/embedded-4_9-br
