ARM GAS  C:\Users\Tim\AppData\Local\Temp\cc99Hu2n.s 			page 1


   1              		.cpu cortex-m0
   2              		.fpu softvfp
   3              		.eabi_attribute 20, 1
   4              		.eabi_attribute 21, 1
   5              		.eabi_attribute 23, 3
   6              		.eabi_attribute 24, 1
   7              		.eabi_attribute 25, 1
   8              		.eabi_attribute 26, 1
   9              		.eabi_attribute 30, 1
  10              		.eabi_attribute 34, 0
  11              		.eabi_attribute 18, 4
  12              		.code	16
  13              		.file	"boardmain.c"
  14              		.text
  15              	.Ltext0:
  16              		.cfi_sections	.debug_frame
  17              		.section	.text.Board_Main,"ax",%progbits
  18              		.align	2
  19              		.global	Board_Main
  20              		.code	16
  21              		.thumb_func
  22              		.type	Board_Main, %function
  23              	Board_Main:
  24              	.LFB36:
  25              		.file 1 "..\\..\\source\\boardmain.c"
   1:..\..\source/boardmain.c **** /* ========================================
   2:..\..\source/boardmain.c ****  *
   3:..\..\source/boardmain.c ****  * Copyright YOUR COMPANY, THE YEAR
   4:..\..\source/boardmain.c ****  * All Rights Reserved
   5:..\..\source/boardmain.c ****  * UNPUBLISHED, LICENSED SOFTWARE.
   6:..\..\source/boardmain.c ****  *
   7:..\..\source/boardmain.c ****  * CONFIDENTIAL AND PROPRIETARY INFORMATION
   8:..\..\source/boardmain.c ****  * WHICH IS THE PROPERTY OF your company.
   9:..\..\source/boardmain.c ****  *
  10:..\..\source/boardmain.c ****  * ========================================
  11:..\..\source/boardmain.c **** */
  12:..\..\source/boardmain.c **** #include <stdio.h>
  13:..\..\source/boardmain.c **** #include <project.h>
  14:..\..\source/boardmain.c **** #include "control.h"
  15:..\..\source/boardmain.c **** #include "i2c.h"
  16:..\..\source/boardmain.c **** #include "pid.h"
  17:..\..\source/boardmain.c **** #include "encoder.h"
  18:..\..\source/boardmain.c **** #include "motor.h"
  19:..\..\source/boardmain.c **** #include "ultrasonic.h"
  20:..\..\source/boardmain.c **** #include "infrared.h"
  21:..\..\source/boardmain.c **** #include "time.h"
  22:..\..\source/boardmain.c **** #include "debug.h"
  23:..\..\source/boardmain.c **** 
  24:..\..\source/boardmain.c **** #define MAX_MILLIMETERS_PER_SECOND (1000)
  25:..\..\source/boardmain.c **** #define MIN_MILLIMETERS_PER_SECOND (-1000)
  26:..\..\source/boardmain.c **** 
  27:..\..\source/boardmain.c **** static int16 velocity_cmd;
  28:..\..\source/boardmain.c **** static uint32 meas_count;
  29:..\..\source/boardmain.c **** static uint16 meas_velocity;
  30:..\..\source/boardmain.c **** static uint32 last_time;
  31:..\..\source/boardmain.c **** 
  32:..\..\source/boardmain.c **** int Board_Main()
ARM GAS  C:\Users\Tim\AppData\Local\Temp\cc99Hu2n.s 			page 2


  33:..\..\source/boardmain.c **** {       
  26              		.loc 1 33 0
  27              		.cfi_startproc
  28 0000 F0B5     		push	{r4, r5, r6, r7, lr}
  29              		.cfi_def_cfa_offset 20
  30              		.cfi_offset 4, -20
  31              		.cfi_offset 5, -16
  32              		.cfi_offset 6, -12
  33              		.cfi_offset 7, -8
  34              		.cfi_offset 14, -4
  35 0002 4746     		mov	r7, r8
  36 0004 80B4     		push	{r7}
  37              		.cfi_def_cfa_offset 24
  38              		.cfi_offset 8, -24
  39 0006 86B0     		sub	sp, sp, #24
  40              		.cfi_def_cfa_offset 48
  34:..\..\source/boardmain.c ****     /* Start this right away so that we debug as soon as possible */
  35:..\..\source/boardmain.c ****     Debug_Init();
  41              		.loc 1 35 0
  42 0008 FFF7FEFF 		bl	Debug_Init
  43              	.LVL0:
  36:..\..\source/boardmain.c ****     Debug_Start();
  44              		.loc 1 36 0
  45 000c FFF7FEFF 		bl	Debug_Start
  46              	.LVL1:
  37:..\..\source/boardmain.c ****         
  38:..\..\source/boardmain.c ****     Control_Init();
  47              		.loc 1 38 0
  48 0010 FFF7FEFF 		bl	Control_Init
  49              	.LVL2:
  39:..\..\source/boardmain.c ****     Time_Init();
  50              		.loc 1 39 0
  51 0014 FFF7FEFF 		bl	Time_Init
  52              	.LVL3:
  40:..\..\source/boardmain.c ****     I2c_Init();
  53              		.loc 1 40 0
  54 0018 FFF7FEFF 		bl	I2c_Init
  55              	.LVL4:
  41:..\..\source/boardmain.c ****     Encoder_Init();
  56              		.loc 1 41 0
  57 001c FFF7FEFF 		bl	Encoder_Init
  58              	.LVL5:
  42:..\..\source/boardmain.c ****     Motor_Init();
  59              		.loc 1 42 0
  60 0020 FFF7FEFF 		bl	Motor_Init
  61              	.LVL6:
  43:..\..\source/boardmain.c **** 
  44:..\..\source/boardmain.c ****     Time_Start();
  62              		.loc 1 44 0
  63 0024 FFF7FEFF 		bl	Time_Start
  64              	.LVL7:
  45:..\..\source/boardmain.c ****     I2c_Start();
  65              		.loc 1 45 0
  66 0028 FFF7FEFF 		bl	I2c_Start
  67              	.LVL8:
  46:..\..\source/boardmain.c ****     Encoder_Start();
  68              		.loc 1 46 0
ARM GAS  C:\Users\Tim\AppData\Local\Temp\cc99Hu2n.s 			page 3


  69 002c FFF7FEFF 		bl	Encoder_Start
  70              	.LVL9:
  47:..\..\source/boardmain.c ****     Motor_Start();
  71              		.loc 1 47 0
  72 0030 FFF7FEFF 		bl	Motor_Start
  73              	.LVL10:
  48:..\..\source/boardmain.c ****     
  49:..\..\source/boardmain.c ****     Control_Start();
  74              		.loc 1 49 0
  75 0034 FFF7FEFF 		bl	Control_Start
  76              	.LVL11:
  77              	.L2:
  50:..\..\source/boardmain.c **** 
  51:..\..\source/boardmain.c ****     for(;;)
  52:..\..\source/boardmain.c ****     {
  53:..\..\source/boardmain.c **** #ifdef MOTOR_TEST
  54:..\..\source/boardmain.c ****         MotorTestDrive();
  55:..\..\source/boardmain.c **** #endif
  56:..\..\source/boardmain.c ****         I2c_ReadVelocity(&velocity_cmd);
  78              		.loc 1 56 0
  79 0038 1E4C     		ldr	r4, .L3
  80 003a 201C     		mov	r0, r4
  81 003c FFF7FEFF 		bl	I2c_ReadVelocity
  82              	.LVL12:
  57:..\..\source/boardmain.c ****         
  58:..\..\source/boardmain.c ****         PID_Update(velocity_cmd);
  83              		.loc 1 58 0
  84 0040 0023     		mov	r3, #0
  85 0042 E05E     		ldrsh	r0, [r4, r3]
  86 0044 FFF7FEFF 		bl	PID_Update
  87              	.LVL13:
  59:..\..\source/boardmain.c ****         Encoder_Update();
  88              		.loc 1 59 0
  89 0048 FFF7FEFF 		bl	Encoder_Update
  90              	.LVL14:
  60:..\..\source/boardmain.c ****         
  61:..\..\source/boardmain.c ****         meas_count = Encoder_GetCount();
  91              		.loc 1 61 0
  92 004c FFF7FEFF 		bl	Encoder_GetCount
  93              	.LVL15:
  94 0050 6060     		str	r0, [r4, #4]
  62:..\..\source/boardmain.c ****         meas_velocity = Encoder_GetVelocity();
  95              		.loc 1 62 0
  96 0052 FFF7FEFF 		bl	Encoder_GetVelocity
  97              	.LVL16:
  98 0056 85B2     		uxth	r5, r0
  99 0058 2581     		strh	r5, [r4, #8]
  63:..\..\source/boardmain.c ****         
  64:..\..\source/boardmain.c ****         COMMS_DEBUG_PRINT(0, "CV: %d, EC: %ld, MV: %d, LT: %ld\n\r", velocity_cmd, meas_count, meas
 100              		.loc 1 64 0
 101 005a 0022     		mov	r2, #0
 102 005c A35E     		ldrsh	r3, [r4, r2]
 103 005e 9846     		mov	r8, r3
 104 0060 6768     		ldr	r7, [r4, #4]
 105 0062 FFF7FEFF 		bl	millis
 106              	.LVL17:
 107 0066 144E     		ldr	r6, .L3+4
ARM GAS  C:\Users\Tim\AppData\Local\Temp\cc99Hu2n.s 			page 4


 108 0068 144B     		ldr	r3, .L3+8
 109 006a 0093     		str	r3, [sp]
 110 006c 4023     		mov	r3, #64
 111 006e 0193     		str	r3, [sp, #4]
 112 0070 4346     		mov	r3, r8
 113 0072 0293     		str	r3, [sp, #8]
 114 0074 0397     		str	r7, [sp, #12]
 115 0076 0495     		str	r5, [sp, #16]
 116 0078 E368     		ldr	r3, [r4, #12]
 117 007a C01A     		sub	r0, r0, r3
 118 007c 0590     		str	r0, [sp, #20]
 119 007e 301C     		mov	r0, r6
 120 0080 8021     		mov	r1, #128
 121 0082 4900     		lsl	r1, r1, #1
 122 0084 0E4A     		ldr	r2, .L3+12
 123 0086 0F4B     		ldr	r3, .L3+16
 124 0088 FFF7FEFF 		bl	snprintf
 125              	.LVL18:
 126 008c 301C     		mov	r0, r6
 127 008e FFF7FEFF 		bl	UARTCOMMS_UartPutString
 128              	.LVL19:
  65:..\..\source/boardmain.c ****         last_time = millis();
 129              		.loc 1 65 0
 130 0092 FFF7FEFF 		bl	millis
 131              	.LVL20:
 132 0096 E060     		str	r0, [r4, #12]
  66:..\..\source/boardmain.c ****         
  67:..\..\source/boardmain.c ****         I2c_WriteCount(meas_count);
 133              		.loc 1 67 0
 134 0098 6068     		ldr	r0, [r4, #4]
 135 009a FFF7FEFF 		bl	I2c_WriteCount
 136              	.LVL21:
  68:..\..\source/boardmain.c ****         I2c_WriteVelocity(meas_velocity);
 137              		.loc 1 68 0
 138 009e 0823     		mov	r3, #8
 139 00a0 E05E     		ldrsh	r0, [r4, r3]
 140 00a2 FFF7FEFF 		bl	I2c_WriteVelocity
 141              	.LVL22:
  69:..\..\source/boardmain.c **** 
  70:..\..\source/boardmain.c ****         Infrared_Measure();
 142              		.loc 1 70 0
 143 00a6 FFF7FEFF 		bl	Infrared_Measure
 144              	.LVL23:
  71:..\..\source/boardmain.c ****         Ultrasonic_Measure();
 145              		.loc 1 71 0
 146 00aa FFF7FEFF 		bl	Ultrasonic_Measure
 147              	.LVL24:
  72:..\..\source/boardmain.c ****         
  73:..\..\source/boardmain.c ****         Control_Update();
 148              		.loc 1 73 0
 149 00ae FFF7FEFF 		bl	Control_Update
 150              	.LVL25:
  74:..\..\source/boardmain.c ****         
  75:..\..\source/boardmain.c ****         //I2c_WriteTest();
  76:..\..\source/boardmain.c ****     }
 151              		.loc 1 76 0
 152 00b2 C1E7     		b	.L2
ARM GAS  C:\Users\Tim\AppData\Local\Temp\cc99Hu2n.s 			page 5


 153              	.L4:
 154              		.align	2
 155              	.L3:
 156 00b4 00000000 		.word	.LANCHOR0
 157 00b8 00000000 		.word	formatted_string
 158 00bc 00000000 		.word	.LANCHOR1
 159 00c0 00000000 		.word	.LC2
 160 00c4 48000000 		.word	.LC4
 161              		.cfi_endproc
 162              	.LFE36:
 163              		.size	Board_Main, .-Board_Main
 164              		.comm	formatted_string,256,4
 165              		.section	.rodata
 166              		.align	2
 167              		.set	.LANCHOR1,. + 0
 168              		.type	__func__.6957, %object
 169              		.size	__func__.6957, 11
 170              	__func__.6957:
 171 0000 426F6172 		.ascii	"Board_Main\000"
 171      645F4D61 
 171      696E00
 172 000b 00       		.section	.rodata.str1.4,"aMS",%progbits,1
 173              		.align	2
 174              	.LC2:
 175 0000 5B46494C 		.ascii	"[FILE : %s, FUNC : %s, LINE : %d]: CV: %d, EC: %ld,"
 175      45203A20 
 175      25732C20 
 175      46554E43 
 175      203A2025 
 176 0033 204D563A 		.ascii	" MV: %d, LT: %ld\012\015\000"
 176      2025642C 
 176      204C543A 
 176      20256C64 
 176      0A0D00
 177 0046 0000     		.space	2
 178              	.LC4:
 179 0048 2E2E5C2E 		.ascii	"..\\..\\source\\boardmain.c\000"
 179      2E5C736F 
 179      75726365 
 179      5C626F61 
 179      72646D61 
 180 0061 000000   		.bss
 181              		.align	2
 182              		.set	.LANCHOR0,. + 0
 183              		.type	velocity_cmd, %object
 184              		.size	velocity_cmd, 2
 185              	velocity_cmd:
 186 0000 0000     		.space	2
 187 0002 0000     		.space	2
 188              		.type	meas_count, %object
 189              		.size	meas_count, 4
 190              	meas_count:
 191 0004 00000000 		.space	4
 192              		.type	meas_velocity, %object
 193              		.size	meas_velocity, 2
 194              	meas_velocity:
 195 0008 0000     		.space	2
ARM GAS  C:\Users\Tim\AppData\Local\Temp\cc99Hu2n.s 			page 6


 196 000a 0000     		.space	2
 197              		.type	last_time, %object
 198              		.size	last_time, 4
 199              	last_time:
 200 000c 00000000 		.space	4
 201              		.text
 202              	.Letext0:
 203              		.file 2 "c:\\program files (x86)\\cypress\\psoc creator\\3.3\\psoc creator\\import\\gnu\\arm\\4.9.
 204              		.file 3 "Generated_Source\\PSoC4/cytypes.h"
 205              		.file 4 "..\\..\\source\\debug.h"
 206              		.file 5 "..\\..\\source\\control.h"
 207              		.file 6 "..\\..\\source\\time.h"
 208              		.file 7 "..\\..\\source\\i2c.h"
 209              		.file 8 "..\\..\\source\\encoder.h"
 210              		.file 9 "..\\..\\source\\motor.h"
 211              		.file 10 "..\\..\\source\\pid.h"
 212              		.file 11 "Generated_Source\\PSoC4/UARTCOMMS_SPI_UART.h"
 213              		.file 12 "..\\..\\source\\infrared.h"
 214              		.file 13 "..\\..\\source\\ultrasonic.h"
 215              		.file 14 "c:\\program files (x86)\\cypress\\psoc creator\\3.3\\psoc creator\\import\\gnu\\arm\\4.9
 216              		.section	.debug_info,"",%progbits
 217              	.Ldebug_info0:
 218 0000 50040000 		.4byte	0x450
 219 0004 0400     		.2byte	0x4
 220 0006 00000000 		.4byte	.Ldebug_abbrev0
 221 000a 04       		.byte	0x4
 222 000b 01       		.uleb128 0x1
 223 000c 2A020000 		.4byte	.LASF46
 224 0010 01       		.byte	0x1
 225 0011 1E000000 		.4byte	.LASF47
 226 0015 B8020000 		.4byte	.LASF48
 227 0019 00000000 		.4byte	.Ldebug_ranges0+0
 228 001d 00000000 		.4byte	0
 229 0021 00000000 		.4byte	.Ldebug_line0
 230 0025 02       		.uleb128 0x2
 231 0026 01       		.byte	0x1
 232 0027 06       		.byte	0x6
 233 0028 38030000 		.4byte	.LASF0
 234 002c 02       		.uleb128 0x2
 235 002d 01       		.byte	0x1
 236 002e 08       		.byte	0x8
 237 002f C0000000 		.4byte	.LASF1
 238 0033 02       		.uleb128 0x2
 239 0034 02       		.byte	0x2
 240 0035 05       		.byte	0x5
 241 0036 61000000 		.4byte	.LASF2
 242 003a 02       		.uleb128 0x2
 243 003b 02       		.byte	0x2
 244 003c 07       		.byte	0x7
 245 003d 40000000 		.4byte	.LASF3
 246 0041 02       		.uleb128 0x2
 247 0042 04       		.byte	0x4
 248 0043 05       		.byte	0x5
 249 0044 1E030000 		.4byte	.LASF4
 250 0048 02       		.uleb128 0x2
 251 0049 04       		.byte	0x4
 252 004a 07       		.byte	0x7
ARM GAS  C:\Users\Tim\AppData\Local\Temp\cc99Hu2n.s 			page 7


 253 004b F2000000 		.4byte	.LASF5
 254 004f 02       		.uleb128 0x2
 255 0050 08       		.byte	0x8
 256 0051 05       		.byte	0x5
 257 0052 00020000 		.4byte	.LASF6
 258 0056 02       		.uleb128 0x2
 259 0057 08       		.byte	0x8
 260 0058 07       		.byte	0x7
 261 0059 B2010000 		.4byte	.LASF7
 262 005d 03       		.uleb128 0x3
 263 005e 04       		.byte	0x4
 264 005f 05       		.byte	0x5
 265 0060 696E7400 		.ascii	"int\000"
 266 0064 02       		.uleb128 0x2
 267 0065 04       		.byte	0x4
 268 0066 07       		.byte	0x7
 269 0067 9B010000 		.4byte	.LASF8
 270 006b 04       		.uleb128 0x4
 271 006c 09000000 		.4byte	.LASF11
 272 0070 02       		.byte	0x2
 273 0071 D4       		.byte	0xd4
 274 0072 64000000 		.4byte	0x64
 275 0076 02       		.uleb128 0x2
 276 0077 04       		.byte	0x4
 277 0078 07       		.byte	0x7
 278 0079 F1010000 		.4byte	.LASF9
 279 007d 05       		.uleb128 0x5
 280 007e 04       		.byte	0x4
 281 007f 83000000 		.4byte	0x83
 282 0083 02       		.uleb128 0x2
 283 0084 01       		.byte	0x1
 284 0085 08       		.byte	0x8
 285 0086 0E020000 		.4byte	.LASF10
 286 008a 05       		.uleb128 0x5
 287 008b 04       		.byte	0x4
 288 008c 90000000 		.4byte	0x90
 289 0090 06       		.uleb128 0x6
 290 0091 83000000 		.4byte	0x83
 291 0095 07       		.uleb128 0x7
 292 0096 66010000 		.4byte	.LASF12
 293 009a 03       		.byte	0x3
 294 009b 3901     		.2byte	0x139
 295 009d 3A000000 		.4byte	0x3a
 296 00a1 07       		.uleb128 0x7
 297 00a2 78010000 		.4byte	.LASF13
 298 00a6 03       		.byte	0x3
 299 00a7 3A01     		.2byte	0x13a
 300 00a9 48000000 		.4byte	0x48
 301 00ad 07       		.uleb128 0x7
 302 00ae EC000000 		.4byte	.LASF14
 303 00b2 03       		.byte	0x3
 304 00b3 3C01     		.2byte	0x13c
 305 00b5 33000000 		.4byte	0x33
 306 00b9 07       		.uleb128 0x7
 307 00ba 04010000 		.4byte	.LASF15
 308 00be 03       		.byte	0x3
 309 00bf 3D01     		.2byte	0x13d
ARM GAS  C:\Users\Tim\AppData\Local\Temp\cc99Hu2n.s 			page 8


 310 00c1 41000000 		.4byte	0x41
 311 00c5 02       		.uleb128 0x2
 312 00c6 04       		.byte	0x4
 313 00c7 04       		.byte	0x4
 314 00c8 BA000000 		.4byte	.LASF16
 315 00cc 02       		.uleb128 0x2
 316 00cd 08       		.byte	0x8
 317 00ce 04       		.byte	0x4
 318 00cf 55010000 		.4byte	.LASF17
 319 00d3 07       		.uleb128 0x7
 320 00d4 FA010000 		.4byte	.LASF18
 321 00d8 03       		.byte	0x3
 322 00d9 4901     		.2byte	0x149
 323 00db 83000000 		.4byte	0x83
 324 00df 08       		.uleb128 0x8
 325 00e0 4A010000 		.4byte	.LASF49
 326 00e4 01       		.byte	0x1
 327 00e5 20       		.byte	0x20
 328 00e6 5D000000 		.4byte	0x5d
 329 00ea 00000000 		.4byte	.LFB36
 330 00ee C8000000 		.4byte	.LFE36-.LFB36
 331 00f2 01       		.uleb128 0x1
 332 00f3 9C       		.byte	0x9c
 333 00f4 52020000 		.4byte	0x252
 334 00f8 09       		.uleb128 0x9
 335 00f9 00000000 		.4byte	.LASF50
 336 00fd 62020000 		.4byte	0x262
 337 0101 05       		.uleb128 0x5
 338 0102 03       		.byte	0x3
 339 0103 00000000 		.4byte	__func__.6957
 340 0107 0A       		.uleb128 0xa
 341 0108 0C000000 		.4byte	.LVL0
 342 010c CC020000 		.4byte	0x2cc
 343 0110 0A       		.uleb128 0xa
 344 0111 10000000 		.4byte	.LVL1
 345 0115 D9020000 		.4byte	0x2d9
 346 0119 0A       		.uleb128 0xa
 347 011a 14000000 		.4byte	.LVL2
 348 011e E6020000 		.4byte	0x2e6
 349 0122 0A       		.uleb128 0xa
 350 0123 18000000 		.4byte	.LVL3
 351 0127 F3020000 		.4byte	0x2f3
 352 012b 0A       		.uleb128 0xa
 353 012c 1C000000 		.4byte	.LVL4
 354 0130 00030000 		.4byte	0x300
 355 0134 0A       		.uleb128 0xa
 356 0135 20000000 		.4byte	.LVL5
 357 0139 0D030000 		.4byte	0x30d
 358 013d 0A       		.uleb128 0xa
 359 013e 24000000 		.4byte	.LVL6
 360 0142 1A030000 		.4byte	0x31a
 361 0146 0A       		.uleb128 0xa
 362 0147 28000000 		.4byte	.LVL7
 363 014b 27030000 		.4byte	0x327
 364 014f 0A       		.uleb128 0xa
 365 0150 2C000000 		.4byte	.LVL8
 366 0154 34030000 		.4byte	0x334
ARM GAS  C:\Users\Tim\AppData\Local\Temp\cc99Hu2n.s 			page 9


 367 0158 0A       		.uleb128 0xa
 368 0159 30000000 		.4byte	.LVL9
 369 015d 41030000 		.4byte	0x341
 370 0161 0A       		.uleb128 0xa
 371 0162 34000000 		.4byte	.LVL10
 372 0166 4E030000 		.4byte	0x34e
 373 016a 0A       		.uleb128 0xa
 374 016b 38000000 		.4byte	.LVL11
 375 016f 5B030000 		.4byte	0x35b
 376 0173 0B       		.uleb128 0xb
 377 0174 40000000 		.4byte	.LVL12
 378 0178 68030000 		.4byte	0x368
 379 017c 87010000 		.4byte	0x187
 380 0180 0C       		.uleb128 0xc
 381 0181 01       		.uleb128 0x1
 382 0182 50       		.byte	0x50
 383 0183 02       		.uleb128 0x2
 384 0184 74       		.byte	0x74
 385 0185 00       		.sleb128 0
 386 0186 00       		.byte	0
 387 0187 0A       		.uleb128 0xa
 388 0188 48000000 		.4byte	.LVL13
 389 018c 7F030000 		.4byte	0x37f
 390 0190 0A       		.uleb128 0xa
 391 0191 4C000000 		.4byte	.LVL14
 392 0195 90030000 		.4byte	0x390
 393 0199 0A       		.uleb128 0xa
 394 019a 50000000 		.4byte	.LVL15
 395 019e 9D030000 		.4byte	0x39d
 396 01a2 0A       		.uleb128 0xa
 397 01a3 56000000 		.4byte	.LVL16
 398 01a7 AE030000 		.4byte	0x3ae
 399 01ab 0A       		.uleb128 0xa
 400 01ac 66000000 		.4byte	.LVL17
 401 01b0 BF030000 		.4byte	0x3bf
 402 01b4 0B       		.uleb128 0xb
 403 01b5 8C000000 		.4byte	.LVL18
 404 01b9 D0030000 		.4byte	0x3d0
 405 01bd 07020000 		.4byte	0x207
 406 01c1 0C       		.uleb128 0xc
 407 01c2 01       		.uleb128 0x1
 408 01c3 53       		.byte	0x53
 409 01c4 05       		.uleb128 0x5
 410 01c5 03       		.byte	0x3
 411 01c6 48000000 		.4byte	.LC4
 412 01ca 0C       		.uleb128 0xc
 413 01cb 01       		.uleb128 0x1
 414 01cc 52       		.byte	0x52
 415 01cd 05       		.uleb128 0x5
 416 01ce 03       		.byte	0x3
 417 01cf 00000000 		.4byte	.LC2
 418 01d3 0C       		.uleb128 0xc
 419 01d4 01       		.uleb128 0x1
 420 01d5 51       		.byte	0x51
 421 01d6 03       		.uleb128 0x3
 422 01d7 0A       		.byte	0xa
 423 01d8 0001     		.2byte	0x100
ARM GAS  C:\Users\Tim\AppData\Local\Temp\cc99Hu2n.s 			page 10


 424 01da 0C       		.uleb128 0xc
 425 01db 01       		.uleb128 0x1
 426 01dc 50       		.byte	0x50
 427 01dd 02       		.uleb128 0x2
 428 01de 76       		.byte	0x76
 429 01df 00       		.sleb128 0
 430 01e0 0C       		.uleb128 0xc
 431 01e1 02       		.uleb128 0x2
 432 01e2 7D       		.byte	0x7d
 433 01e3 10       		.sleb128 16
 434 01e4 02       		.uleb128 0x2
 435 01e5 75       		.byte	0x75
 436 01e6 00       		.sleb128 0
 437 01e7 0C       		.uleb128 0xc
 438 01e8 02       		.uleb128 0x2
 439 01e9 7D       		.byte	0x7d
 440 01ea 0C       		.sleb128 12
 441 01eb 02       		.uleb128 0x2
 442 01ec 77       		.byte	0x77
 443 01ed 00       		.sleb128 0
 444 01ee 0C       		.uleb128 0xc
 445 01ef 02       		.uleb128 0x2
 446 01f0 7D       		.byte	0x7d
 447 01f1 08       		.sleb128 8
 448 01f2 02       		.uleb128 0x2
 449 01f3 78       		.byte	0x78
 450 01f4 00       		.sleb128 0
 451 01f5 0C       		.uleb128 0xc
 452 01f6 02       		.uleb128 0x2
 453 01f7 7D       		.byte	0x7d
 454 01f8 04       		.sleb128 4
 455 01f9 02       		.uleb128 0x2
 456 01fa 08       		.byte	0x8
 457 01fb 40       		.byte	0x40
 458 01fc 0C       		.uleb128 0xc
 459 01fd 02       		.uleb128 0x2
 460 01fe 7D       		.byte	0x7d
 461 01ff 00       		.sleb128 0
 462 0200 05       		.uleb128 0x5
 463 0201 03       		.byte	0x3
 464 0202 00000000 		.4byte	.LANCHOR1
 465 0206 00       		.byte	0
 466 0207 0B       		.uleb128 0xb
 467 0208 92000000 		.4byte	.LVL19
 468 020c F1030000 		.4byte	0x3f1
 469 0210 1B020000 		.4byte	0x21b
 470 0214 0C       		.uleb128 0xc
 471 0215 01       		.uleb128 0x1
 472 0216 50       		.byte	0x50
 473 0217 02       		.uleb128 0x2
 474 0218 76       		.byte	0x76
 475 0219 00       		.sleb128 0
 476 021a 00       		.byte	0
 477 021b 0A       		.uleb128 0xa
 478 021c 96000000 		.4byte	.LVL20
 479 0220 BF030000 		.4byte	0x3bf
 480 0224 0A       		.uleb128 0xa
ARM GAS  C:\Users\Tim\AppData\Local\Temp\cc99Hu2n.s 			page 11


 481 0225 9E000000 		.4byte	.LVL21
 482 0229 0E040000 		.4byte	0x40e
 483 022d 0A       		.uleb128 0xa
 484 022e A6000000 		.4byte	.LVL22
 485 0232 1F040000 		.4byte	0x41f
 486 0236 0A       		.uleb128 0xa
 487 0237 AA000000 		.4byte	.LVL23
 488 023b 30040000 		.4byte	0x430
 489 023f 0A       		.uleb128 0xa
 490 0240 AE000000 		.4byte	.LVL24
 491 0244 3D040000 		.4byte	0x43d
 492 0248 0A       		.uleb128 0xa
 493 0249 B2000000 		.4byte	.LVL25
 494 024d 4A040000 		.4byte	0x44a
 495 0251 00       		.byte	0
 496 0252 0D       		.uleb128 0xd
 497 0253 83000000 		.4byte	0x83
 498 0257 62020000 		.4byte	0x262
 499 025b 0E       		.uleb128 0xe
 500 025c 76000000 		.4byte	0x76
 501 0260 0A       		.byte	0xa
 502 0261 00       		.byte	0
 503 0262 06       		.uleb128 0x6
 504 0263 52020000 		.4byte	0x252
 505 0267 0F       		.uleb128 0xf
 506 0268 11030000 		.4byte	.LASF19
 507 026c 01       		.byte	0x1
 508 026d 1B       		.byte	0x1b
 509 026e AD000000 		.4byte	0xad
 510 0272 05       		.uleb128 0x5
 511 0273 03       		.byte	0x3
 512 0274 00000000 		.4byte	velocity_cmd
 513 0278 0F       		.uleb128 0xf
 514 0279 7F010000 		.4byte	.LASF20
 515 027d 01       		.byte	0x1
 516 027e 1C       		.byte	0x1c
 517 027f A1000000 		.4byte	0xa1
 518 0283 05       		.uleb128 0x5
 519 0284 03       		.byte	0x3
 520 0285 04000000 		.4byte	meas_count
 521 0289 0F       		.uleb128 0xf
 522 028a 10000000 		.4byte	.LASF21
 523 028e 01       		.byte	0x1
 524 028f 1D       		.byte	0x1d
 525 0290 95000000 		.4byte	0x95
 526 0294 05       		.uleb128 0x5
 527 0295 03       		.byte	0x3
 528 0296 08000000 		.4byte	meas_velocity
 529 029a 0F       		.uleb128 0xf
 530 029b 5C010000 		.4byte	.LASF22
 531 029f 01       		.byte	0x1
 532 02a0 1E       		.byte	0x1e
 533 02a1 A1000000 		.4byte	0xa1
 534 02a5 05       		.uleb128 0x5
 535 02a6 03       		.byte	0x3
 536 02a7 0C000000 		.4byte	last_time
 537 02ab 0D       		.uleb128 0xd
ARM GAS  C:\Users\Tim\AppData\Local\Temp\cc99Hu2n.s 			page 12


 538 02ac 83000000 		.4byte	0x83
 539 02b0 BB020000 		.4byte	0x2bb
 540 02b4 0E       		.uleb128 0xe
 541 02b5 76000000 		.4byte	0x76
 542 02b9 FF       		.byte	0xff
 543 02ba 00       		.byte	0
 544 02bb 10       		.uleb128 0x10
 545 02bc 44030000 		.4byte	.LASF51
 546 02c0 04       		.byte	0x4
 547 02c1 08       		.byte	0x8
 548 02c2 AB020000 		.4byte	0x2ab
 549 02c6 05       		.uleb128 0x5
 550 02c7 03       		.byte	0x3
 551 02c8 00000000 		.4byte	formatted_string
 552 02cc 11       		.uleb128 0x11
 553 02cd 6D010000 		.4byte	.LASF23
 554 02d1 04       		.byte	0x4
 555 02d2 21       		.byte	0x21
 556 02d3 D9020000 		.4byte	0x2d9
 557 02d7 12       		.uleb128 0x12
 558 02d8 00       		.byte	0
 559 02d9 11       		.uleb128 0x11
 560 02da 1E020000 		.4byte	.LASF24
 561 02de 04       		.byte	0x4
 562 02df 22       		.byte	0x22
 563 02e0 E6020000 		.4byte	0x2e6
 564 02e4 12       		.uleb128 0x12
 565 02e5 00       		.byte	0
 566 02e6 11       		.uleb128 0x11
 567 02e7 F3020000 		.4byte	.LASF25
 568 02eb 05       		.byte	0x5
 569 02ec 12       		.byte	0x12
 570 02ed F3020000 		.4byte	0x2f3
 571 02f1 12       		.uleb128 0x12
 572 02f2 00       		.byte	0
 573 02f3 11       		.uleb128 0x11
 574 02f4 A8010000 		.4byte	.LASF26
 575 02f8 06       		.byte	0x6
 576 02f9 14       		.byte	0x14
 577 02fa 00030000 		.4byte	0x300
 578 02fe 12       		.uleb128 0x12
 579 02ff 00       		.byte	0
 580 0300 11       		.uleb128 0x11
 581 0301 D5010000 		.4byte	.LASF27
 582 0305 07       		.byte	0x7
 583 0306 12       		.byte	0x12
 584 0307 0D030000 		.4byte	0x30d
 585 030b 12       		.uleb128 0x12
 586 030c 00       		.byte	0
 587 030d 11       		.uleb128 0x11
 588 030e A2000000 		.4byte	.LASF28
 589 0312 08       		.byte	0x8
 590 0313 12       		.byte	0x12
 591 0314 1A030000 		.4byte	0x31a
 592 0318 12       		.uleb128 0x12
 593 0319 00       		.byte	0
 594 031a 11       		.uleb128 0x11
ARM GAS  C:\Users\Tim\AppData\Local\Temp\cc99Hu2n.s 			page 13


 595 031b 13020000 		.4byte	.LASF29
 596 031f 09       		.byte	0x9
 597 0320 12       		.byte	0x12
 598 0321 27030000 		.4byte	0x327
 599 0325 12       		.uleb128 0x12
 600 0326 00       		.byte	0
 601 0327 11       		.uleb128 0x11
 602 0328 0A010000 		.4byte	.LASF30
 603 032c 06       		.byte	0x6
 604 032d 15       		.byte	0x15
 605 032e 34030000 		.4byte	0x334
 606 0332 12       		.uleb128 0x12
 607 0333 00       		.byte	0
 608 0334 11       		.uleb128 0x11
 609 0335 2E030000 		.4byte	.LASF31
 610 0339 07       		.byte	0x7
 611 033a 13       		.byte	0x13
 612 033b 41030000 		.4byte	0x341
 613 033f 12       		.uleb128 0x12
 614 0340 00       		.byte	0
 615 0341 11       		.uleb128 0x11
 616 0342 53000000 		.4byte	.LASF32
 617 0346 08       		.byte	0x8
 618 0347 13       		.byte	0x13
 619 0348 4E030000 		.4byte	0x34e
 620 034c 12       		.uleb128 0x12
 621 034d 00       		.byte	0
 622 034e 11       		.uleb128 0x11
 623 034f C9010000 		.4byte	.LASF33
 624 0353 09       		.byte	0x9
 625 0354 13       		.byte	0x13
 626 0355 5B030000 		.4byte	0x35b
 627 0359 12       		.uleb128 0x12
 628 035a 00       		.byte	0
 629 035b 11       		.uleb128 0x11
 630 035c 24010000 		.4byte	.LASF34
 631 0360 05       		.byte	0x5
 632 0361 13       		.byte	0x13
 633 0362 68030000 		.4byte	0x368
 634 0366 12       		.uleb128 0x12
 635 0367 00       		.byte	0
 636 0368 13       		.uleb128 0x13
 637 0369 00030000 		.4byte	.LASF35
 638 036d 07       		.byte	0x7
 639 036e 16       		.byte	0x16
 640 036f 79030000 		.4byte	0x379
 641 0373 14       		.uleb128 0x14
 642 0374 79030000 		.4byte	0x379
 643 0378 00       		.byte	0
 644 0379 05       		.uleb128 0x5
 645 037a 04       		.byte	0x4
 646 037b AD000000 		.4byte	0xad
 647 037f 13       		.uleb128 0x13
 648 0380 AF000000 		.4byte	.LASF36
 649 0384 0A       		.byte	0xa
 650 0385 28       		.byte	0x28
 651 0386 90030000 		.4byte	0x390
ARM GAS  C:\Users\Tim\AppData\Local\Temp\cc99Hu2n.s 			page 14


 652 038a 14       		.uleb128 0x14
 653 038b AD000000 		.4byte	0xad
 654 038f 00       		.byte	0
 655 0390 11       		.uleb128 0x11
 656 0391 CE000000 		.4byte	.LASF37
 657 0395 08       		.byte	0x8
 658 0396 15       		.byte	0x15
 659 0397 9D030000 		.4byte	0x39d
 660 039b 12       		.uleb128 0x12
 661 039c 00       		.byte	0
 662 039d 15       		.uleb128 0x15
 663 039e 6B000000 		.4byte	.LASF38
 664 03a2 08       		.byte	0x8
 665 03a3 14       		.byte	0x14
 666 03a4 B9000000 		.4byte	0xb9
 667 03a8 AE030000 		.4byte	0x3ae
 668 03ac 12       		.uleb128 0x12
 669 03ad 00       		.byte	0
 670 03ae 15       		.uleb128 0x15
 671 03af 7C000000 		.4byte	.LASF39
 672 03b3 08       		.byte	0x8
 673 03b4 16       		.byte	0x16
 674 03b5 AD000000 		.4byte	0xad
 675 03b9 BF030000 		.4byte	0x3bf
 676 03bd 12       		.uleb128 0x12
 677 03be 00       		.byte	0
 678 03bf 15       		.uleb128 0x15
 679 03c0 27030000 		.4byte	.LASF40
 680 03c4 06       		.byte	0x6
 681 03c5 16       		.byte	0x16
 682 03c6 A1000000 		.4byte	0xa1
 683 03ca D0030000 		.4byte	0x3d0
 684 03ce 12       		.uleb128 0x12
 685 03cf 00       		.byte	0
 686 03d0 16       		.uleb128 0x16
 687 03d1 37000000 		.4byte	.LASF52
 688 03d5 0E       		.byte	0xe
 689 03d6 0C01     		.2byte	0x10c
 690 03d8 5D000000 		.4byte	0x5d
 691 03dc F1030000 		.4byte	0x3f1
 692 03e0 14       		.uleb128 0x14
 693 03e1 7D000000 		.4byte	0x7d
 694 03e5 14       		.uleb128 0x14
 695 03e6 6B000000 		.4byte	0x6b
 696 03ea 14       		.uleb128 0x14
 697 03eb 8A000000 		.4byte	0x8a
 698 03ef 12       		.uleb128 0x12
 699 03f0 00       		.byte	0
 700 03f1 17       		.uleb128 0x17
 701 03f2 32010000 		.4byte	.LASF41
 702 03f6 0B       		.byte	0xb
 703 03f7 7701     		.2byte	0x177
 704 03f9 03040000 		.4byte	0x403
 705 03fd 14       		.uleb128 0x14
 706 03fe 03040000 		.4byte	0x403
 707 0402 00       		.byte	0
 708 0403 05       		.uleb128 0x5
ARM GAS  C:\Users\Tim\AppData\Local\Temp\cc99Hu2n.s 			page 15


 709 0404 04       		.byte	0x4
 710 0405 09040000 		.4byte	0x409
 711 0409 06       		.uleb128 0x6
 712 040a D3000000 		.4byte	0xd3
 713 040e 13       		.uleb128 0x13
 714 040f 15010000 		.4byte	.LASF42
 715 0413 07       		.byte	0x7
 716 0414 19       		.byte	0x19
 717 0415 1F040000 		.4byte	0x41f
 718 0419 14       		.uleb128 0x14
 719 041a A1000000 		.4byte	0xa1
 720 041e 00       		.byte	0
 721 041f 13       		.uleb128 0x13
 722 0420 90000000 		.4byte	.LASF43
 723 0424 07       		.byte	0x7
 724 0425 1A       		.byte	0x1a
 725 0426 30040000 		.4byte	0x430
 726 042a 14       		.uleb128 0x14
 727 042b AD000000 		.4byte	0xad
 728 042f 00       		.byte	0
 729 0430 11       		.uleb128 0x11
 730 0431 8A010000 		.4byte	.LASF44
 731 0435 0C       		.byte	0xc
 732 0436 14       		.byte	0x14
 733 0437 3D040000 		.4byte	0x43d
 734 043b 12       		.uleb128 0x12
 735 043c 00       		.byte	0
 736 043d 11       		.uleb128 0x11
 737 043e DE010000 		.4byte	.LASF45
 738 0442 0D       		.byte	0xd
 739 0443 14       		.byte	0x14
 740 0444 4A040000 		.4byte	0x44a
 741 0448 12       		.uleb128 0x12
 742 0449 00       		.byte	0
 743 044a 18       		.uleb128 0x18
 744 044b DD000000 		.4byte	.LASF53
 745 044f 05       		.byte	0x5
 746 0450 14       		.byte	0x14
 747 0451 12       		.uleb128 0x12
 748 0452 00       		.byte	0
 749 0453 00       		.byte	0
 750              		.section	.debug_abbrev,"",%progbits
 751              	.Ldebug_abbrev0:
 752 0000 01       		.uleb128 0x1
 753 0001 11       		.uleb128 0x11
 754 0002 01       		.byte	0x1
 755 0003 25       		.uleb128 0x25
 756 0004 0E       		.uleb128 0xe
 757 0005 13       		.uleb128 0x13
 758 0006 0B       		.uleb128 0xb
 759 0007 03       		.uleb128 0x3
 760 0008 0E       		.uleb128 0xe
 761 0009 1B       		.uleb128 0x1b
 762 000a 0E       		.uleb128 0xe
 763 000b 55       		.uleb128 0x55
 764 000c 17       		.uleb128 0x17
 765 000d 11       		.uleb128 0x11
ARM GAS  C:\Users\Tim\AppData\Local\Temp\cc99Hu2n.s 			page 16


 766 000e 01       		.uleb128 0x1
 767 000f 10       		.uleb128 0x10
 768 0010 17       		.uleb128 0x17
 769 0011 00       		.byte	0
 770 0012 00       		.byte	0
 771 0013 02       		.uleb128 0x2
 772 0014 24       		.uleb128 0x24
 773 0015 00       		.byte	0
 774 0016 0B       		.uleb128 0xb
 775 0017 0B       		.uleb128 0xb
 776 0018 3E       		.uleb128 0x3e
 777 0019 0B       		.uleb128 0xb
 778 001a 03       		.uleb128 0x3
 779 001b 0E       		.uleb128 0xe
 780 001c 00       		.byte	0
 781 001d 00       		.byte	0
 782 001e 03       		.uleb128 0x3
 783 001f 24       		.uleb128 0x24
 784 0020 00       		.byte	0
 785 0021 0B       		.uleb128 0xb
 786 0022 0B       		.uleb128 0xb
 787 0023 3E       		.uleb128 0x3e
 788 0024 0B       		.uleb128 0xb
 789 0025 03       		.uleb128 0x3
 790 0026 08       		.uleb128 0x8
 791 0027 00       		.byte	0
 792 0028 00       		.byte	0
 793 0029 04       		.uleb128 0x4
 794 002a 16       		.uleb128 0x16
 795 002b 00       		.byte	0
 796 002c 03       		.uleb128 0x3
 797 002d 0E       		.uleb128 0xe
 798 002e 3A       		.uleb128 0x3a
 799 002f 0B       		.uleb128 0xb
 800 0030 3B       		.uleb128 0x3b
 801 0031 0B       		.uleb128 0xb
 802 0032 49       		.uleb128 0x49
 803 0033 13       		.uleb128 0x13
 804 0034 00       		.byte	0
 805 0035 00       		.byte	0
 806 0036 05       		.uleb128 0x5
 807 0037 0F       		.uleb128 0xf
 808 0038 00       		.byte	0
 809 0039 0B       		.uleb128 0xb
 810 003a 0B       		.uleb128 0xb
 811 003b 49       		.uleb128 0x49
 812 003c 13       		.uleb128 0x13
 813 003d 00       		.byte	0
 814 003e 00       		.byte	0
 815 003f 06       		.uleb128 0x6
 816 0040 26       		.uleb128 0x26
 817 0041 00       		.byte	0
 818 0042 49       		.uleb128 0x49
 819 0043 13       		.uleb128 0x13
 820 0044 00       		.byte	0
 821 0045 00       		.byte	0
 822 0046 07       		.uleb128 0x7
ARM GAS  C:\Users\Tim\AppData\Local\Temp\cc99Hu2n.s 			page 17


 823 0047 16       		.uleb128 0x16
 824 0048 00       		.byte	0
 825 0049 03       		.uleb128 0x3
 826 004a 0E       		.uleb128 0xe
 827 004b 3A       		.uleb128 0x3a
 828 004c 0B       		.uleb128 0xb
 829 004d 3B       		.uleb128 0x3b
 830 004e 05       		.uleb128 0x5
 831 004f 49       		.uleb128 0x49
 832 0050 13       		.uleb128 0x13
 833 0051 00       		.byte	0
 834 0052 00       		.byte	0
 835 0053 08       		.uleb128 0x8
 836 0054 2E       		.uleb128 0x2e
 837 0055 01       		.byte	0x1
 838 0056 3F       		.uleb128 0x3f
 839 0057 19       		.uleb128 0x19
 840 0058 03       		.uleb128 0x3
 841 0059 0E       		.uleb128 0xe
 842 005a 3A       		.uleb128 0x3a
 843 005b 0B       		.uleb128 0xb
 844 005c 3B       		.uleb128 0x3b
 845 005d 0B       		.uleb128 0xb
 846 005e 49       		.uleb128 0x49
 847 005f 13       		.uleb128 0x13
 848 0060 11       		.uleb128 0x11
 849 0061 01       		.uleb128 0x1
 850 0062 12       		.uleb128 0x12
 851 0063 06       		.uleb128 0x6
 852 0064 40       		.uleb128 0x40
 853 0065 18       		.uleb128 0x18
 854 0066 9742     		.uleb128 0x2117
 855 0068 19       		.uleb128 0x19
 856 0069 01       		.uleb128 0x1
 857 006a 13       		.uleb128 0x13
 858 006b 00       		.byte	0
 859 006c 00       		.byte	0
 860 006d 09       		.uleb128 0x9
 861 006e 34       		.uleb128 0x34
 862 006f 00       		.byte	0
 863 0070 03       		.uleb128 0x3
 864 0071 0E       		.uleb128 0xe
 865 0072 49       		.uleb128 0x49
 866 0073 13       		.uleb128 0x13
 867 0074 34       		.uleb128 0x34
 868 0075 19       		.uleb128 0x19
 869 0076 02       		.uleb128 0x2
 870 0077 18       		.uleb128 0x18
 871 0078 00       		.byte	0
 872 0079 00       		.byte	0
 873 007a 0A       		.uleb128 0xa
 874 007b 898201   		.uleb128 0x4109
 875 007e 00       		.byte	0
 876 007f 11       		.uleb128 0x11
 877 0080 01       		.uleb128 0x1
 878 0081 31       		.uleb128 0x31
 879 0082 13       		.uleb128 0x13
ARM GAS  C:\Users\Tim\AppData\Local\Temp\cc99Hu2n.s 			page 18


 880 0083 00       		.byte	0
 881 0084 00       		.byte	0
 882 0085 0B       		.uleb128 0xb
 883 0086 898201   		.uleb128 0x4109
 884 0089 01       		.byte	0x1
 885 008a 11       		.uleb128 0x11
 886 008b 01       		.uleb128 0x1
 887 008c 31       		.uleb128 0x31
 888 008d 13       		.uleb128 0x13
 889 008e 01       		.uleb128 0x1
 890 008f 13       		.uleb128 0x13
 891 0090 00       		.byte	0
 892 0091 00       		.byte	0
 893 0092 0C       		.uleb128 0xc
 894 0093 8A8201   		.uleb128 0x410a
 895 0096 00       		.byte	0
 896 0097 02       		.uleb128 0x2
 897 0098 18       		.uleb128 0x18
 898 0099 9142     		.uleb128 0x2111
 899 009b 18       		.uleb128 0x18
 900 009c 00       		.byte	0
 901 009d 00       		.byte	0
 902 009e 0D       		.uleb128 0xd
 903 009f 01       		.uleb128 0x1
 904 00a0 01       		.byte	0x1
 905 00a1 49       		.uleb128 0x49
 906 00a2 13       		.uleb128 0x13
 907 00a3 01       		.uleb128 0x1
 908 00a4 13       		.uleb128 0x13
 909 00a5 00       		.byte	0
 910 00a6 00       		.byte	0
 911 00a7 0E       		.uleb128 0xe
 912 00a8 21       		.uleb128 0x21
 913 00a9 00       		.byte	0
 914 00aa 49       		.uleb128 0x49
 915 00ab 13       		.uleb128 0x13
 916 00ac 2F       		.uleb128 0x2f
 917 00ad 0B       		.uleb128 0xb
 918 00ae 00       		.byte	0
 919 00af 00       		.byte	0
 920 00b0 0F       		.uleb128 0xf
 921 00b1 34       		.uleb128 0x34
 922 00b2 00       		.byte	0
 923 00b3 03       		.uleb128 0x3
 924 00b4 0E       		.uleb128 0xe
 925 00b5 3A       		.uleb128 0x3a
 926 00b6 0B       		.uleb128 0xb
 927 00b7 3B       		.uleb128 0x3b
 928 00b8 0B       		.uleb128 0xb
 929 00b9 49       		.uleb128 0x49
 930 00ba 13       		.uleb128 0x13
 931 00bb 02       		.uleb128 0x2
 932 00bc 18       		.uleb128 0x18
 933 00bd 00       		.byte	0
 934 00be 00       		.byte	0
 935 00bf 10       		.uleb128 0x10
 936 00c0 34       		.uleb128 0x34
ARM GAS  C:\Users\Tim\AppData\Local\Temp\cc99Hu2n.s 			page 19


 937 00c1 00       		.byte	0
 938 00c2 03       		.uleb128 0x3
 939 00c3 0E       		.uleb128 0xe
 940 00c4 3A       		.uleb128 0x3a
 941 00c5 0B       		.uleb128 0xb
 942 00c6 3B       		.uleb128 0x3b
 943 00c7 0B       		.uleb128 0xb
 944 00c8 49       		.uleb128 0x49
 945 00c9 13       		.uleb128 0x13
 946 00ca 3F       		.uleb128 0x3f
 947 00cb 19       		.uleb128 0x19
 948 00cc 02       		.uleb128 0x2
 949 00cd 18       		.uleb128 0x18
 950 00ce 00       		.byte	0
 951 00cf 00       		.byte	0
 952 00d0 11       		.uleb128 0x11
 953 00d1 2E       		.uleb128 0x2e
 954 00d2 01       		.byte	0x1
 955 00d3 3F       		.uleb128 0x3f
 956 00d4 19       		.uleb128 0x19
 957 00d5 03       		.uleb128 0x3
 958 00d6 0E       		.uleb128 0xe
 959 00d7 3A       		.uleb128 0x3a
 960 00d8 0B       		.uleb128 0xb
 961 00d9 3B       		.uleb128 0x3b
 962 00da 0B       		.uleb128 0xb
 963 00db 3C       		.uleb128 0x3c
 964 00dc 19       		.uleb128 0x19
 965 00dd 01       		.uleb128 0x1
 966 00de 13       		.uleb128 0x13
 967 00df 00       		.byte	0
 968 00e0 00       		.byte	0
 969 00e1 12       		.uleb128 0x12
 970 00e2 18       		.uleb128 0x18
 971 00e3 00       		.byte	0
 972 00e4 00       		.byte	0
 973 00e5 00       		.byte	0
 974 00e6 13       		.uleb128 0x13
 975 00e7 2E       		.uleb128 0x2e
 976 00e8 01       		.byte	0x1
 977 00e9 3F       		.uleb128 0x3f
 978 00ea 19       		.uleb128 0x19
 979 00eb 03       		.uleb128 0x3
 980 00ec 0E       		.uleb128 0xe
 981 00ed 3A       		.uleb128 0x3a
 982 00ee 0B       		.uleb128 0xb
 983 00ef 3B       		.uleb128 0x3b
 984 00f0 0B       		.uleb128 0xb
 985 00f1 27       		.uleb128 0x27
 986 00f2 19       		.uleb128 0x19
 987 00f3 3C       		.uleb128 0x3c
 988 00f4 19       		.uleb128 0x19
 989 00f5 01       		.uleb128 0x1
 990 00f6 13       		.uleb128 0x13
 991 00f7 00       		.byte	0
 992 00f8 00       		.byte	0
 993 00f9 14       		.uleb128 0x14
ARM GAS  C:\Users\Tim\AppData\Local\Temp\cc99Hu2n.s 			page 20


 994 00fa 05       		.uleb128 0x5
 995 00fb 00       		.byte	0
 996 00fc 49       		.uleb128 0x49
 997 00fd 13       		.uleb128 0x13
 998 00fe 00       		.byte	0
 999 00ff 00       		.byte	0
 1000 0100 15       		.uleb128 0x15
 1001 0101 2E       		.uleb128 0x2e
 1002 0102 01       		.byte	0x1
 1003 0103 3F       		.uleb128 0x3f
 1004 0104 19       		.uleb128 0x19
 1005 0105 03       		.uleb128 0x3
 1006 0106 0E       		.uleb128 0xe
 1007 0107 3A       		.uleb128 0x3a
 1008 0108 0B       		.uleb128 0xb
 1009 0109 3B       		.uleb128 0x3b
 1010 010a 0B       		.uleb128 0xb
 1011 010b 49       		.uleb128 0x49
 1012 010c 13       		.uleb128 0x13
 1013 010d 3C       		.uleb128 0x3c
 1014 010e 19       		.uleb128 0x19
 1015 010f 01       		.uleb128 0x1
 1016 0110 13       		.uleb128 0x13
 1017 0111 00       		.byte	0
 1018 0112 00       		.byte	0
 1019 0113 16       		.uleb128 0x16
 1020 0114 2E       		.uleb128 0x2e
 1021 0115 01       		.byte	0x1
 1022 0116 3F       		.uleb128 0x3f
 1023 0117 19       		.uleb128 0x19
 1024 0118 03       		.uleb128 0x3
 1025 0119 0E       		.uleb128 0xe
 1026 011a 3A       		.uleb128 0x3a
 1027 011b 0B       		.uleb128 0xb
 1028 011c 3B       		.uleb128 0x3b
 1029 011d 05       		.uleb128 0x5
 1030 011e 27       		.uleb128 0x27
 1031 011f 19       		.uleb128 0x19
 1032 0120 49       		.uleb128 0x49
 1033 0121 13       		.uleb128 0x13
 1034 0122 3C       		.uleb128 0x3c
 1035 0123 19       		.uleb128 0x19
 1036 0124 01       		.uleb128 0x1
 1037 0125 13       		.uleb128 0x13
 1038 0126 00       		.byte	0
 1039 0127 00       		.byte	0
 1040 0128 17       		.uleb128 0x17
 1041 0129 2E       		.uleb128 0x2e
 1042 012a 01       		.byte	0x1
 1043 012b 3F       		.uleb128 0x3f
 1044 012c 19       		.uleb128 0x19
 1045 012d 03       		.uleb128 0x3
 1046 012e 0E       		.uleb128 0xe
 1047 012f 3A       		.uleb128 0x3a
 1048 0130 0B       		.uleb128 0xb
 1049 0131 3B       		.uleb128 0x3b
 1050 0132 05       		.uleb128 0x5
ARM GAS  C:\Users\Tim\AppData\Local\Temp\cc99Hu2n.s 			page 21


 1051 0133 27       		.uleb128 0x27
 1052 0134 19       		.uleb128 0x19
 1053 0135 3C       		.uleb128 0x3c
 1054 0136 19       		.uleb128 0x19
 1055 0137 01       		.uleb128 0x1
 1056 0138 13       		.uleb128 0x13
 1057 0139 00       		.byte	0
 1058 013a 00       		.byte	0
 1059 013b 18       		.uleb128 0x18
 1060 013c 2E       		.uleb128 0x2e
 1061 013d 01       		.byte	0x1
 1062 013e 3F       		.uleb128 0x3f
 1063 013f 19       		.uleb128 0x19
 1064 0140 03       		.uleb128 0x3
 1065 0141 0E       		.uleb128 0xe
 1066 0142 3A       		.uleb128 0x3a
 1067 0143 0B       		.uleb128 0xb
 1068 0144 3B       		.uleb128 0x3b
 1069 0145 0B       		.uleb128 0xb
 1070 0146 3C       		.uleb128 0x3c
 1071 0147 19       		.uleb128 0x19
 1072 0148 00       		.byte	0
 1073 0149 00       		.byte	0
 1074 014a 00       		.byte	0
 1075              		.section	.debug_aranges,"",%progbits
 1076 0000 1C000000 		.4byte	0x1c
 1077 0004 0200     		.2byte	0x2
 1078 0006 00000000 		.4byte	.Ldebug_info0
 1079 000a 04       		.byte	0x4
 1080 000b 00       		.byte	0
 1081 000c 0000     		.2byte	0
 1082 000e 0000     		.2byte	0
 1083 0010 00000000 		.4byte	.LFB36
 1084 0014 C8000000 		.4byte	.LFE36-.LFB36
 1085 0018 00000000 		.4byte	0
 1086 001c 00000000 		.4byte	0
 1087              		.section	.debug_ranges,"",%progbits
 1088              	.Ldebug_ranges0:
 1089 0000 00000000 		.4byte	.LFB36
 1090 0004 C8000000 		.4byte	.LFE36
 1091 0008 00000000 		.4byte	0
 1092 000c 00000000 		.4byte	0
 1093              		.section	.debug_line,"",%progbits
 1094              	.Ldebug_line0:
 1095 0000 F9010000 		.section	.debug_str,"MS",%progbits,1
 1095      0200CA01 
 1095      00000201 
 1095      FB0E0D00 
 1095      01010101 
 1096              	.LASF50:
 1097 0000 5F5F6675 		.ascii	"__func__\000"
 1097      6E635F5F 
 1097      00
 1098              	.LASF11:
 1099 0009 73697A65 		.ascii	"size_t\000"
 1099      5F7400
 1100              	.LASF21:
ARM GAS  C:\Users\Tim\AppData\Local\Temp\cc99Hu2n.s 			page 22


 1101 0010 6D656173 		.ascii	"meas_velocity\000"
 1101      5F76656C 
 1101      6F636974 
 1101      7900
 1102              	.LASF47:
 1103 001e 2E2E5C2E 		.ascii	"..\\..\\source\\boardmain.c\000"
 1103      2E5C736F 
 1103      75726365 
 1103      5C626F61 
 1103      72646D61 
 1104              	.LASF52:
 1105 0037 736E7072 		.ascii	"snprintf\000"
 1105      696E7466 
 1105      00
 1106              	.LASF3:
 1107 0040 73686F72 		.ascii	"short unsigned int\000"
 1107      7420756E 
 1107      7369676E 
 1107      65642069 
 1107      6E7400
 1108              	.LASF32:
 1109 0053 456E636F 		.ascii	"Encoder_Start\000"
 1109      6465725F 
 1109      53746172 
 1109      7400
 1110              	.LASF2:
 1111 0061 73686F72 		.ascii	"short int\000"
 1111      7420696E 
 1111      7400
 1112              	.LASF38:
 1113 006b 456E636F 		.ascii	"Encoder_GetCount\000"
 1113      6465725F 
 1113      47657443 
 1113      6F756E74 
 1113      00
 1114              	.LASF39:
 1115 007c 456E636F 		.ascii	"Encoder_GetVelocity\000"
 1115      6465725F 
 1115      47657456 
 1115      656C6F63 
 1115      69747900 
 1116              	.LASF43:
 1117 0090 4932635F 		.ascii	"I2c_WriteVelocity\000"
 1117      57726974 
 1117      6556656C 
 1117      6F636974 
 1117      7900
 1118              	.LASF28:
 1119 00a2 456E636F 		.ascii	"Encoder_Init\000"
 1119      6465725F 
 1119      496E6974 
 1119      00
 1120              	.LASF36:
 1121 00af 5049445F 		.ascii	"PID_Update\000"
 1121      55706461 
 1121      746500
 1122              	.LASF16:
ARM GAS  C:\Users\Tim\AppData\Local\Temp\cc99Hu2n.s 			page 23


 1123 00ba 666C6F61 		.ascii	"float\000"
 1123      7400
 1124              	.LASF1:
 1125 00c0 756E7369 		.ascii	"unsigned char\000"
 1125      676E6564 
 1125      20636861 
 1125      7200
 1126              	.LASF37:
 1127 00ce 456E636F 		.ascii	"Encoder_Update\000"
 1127      6465725F 
 1127      55706461 
 1127      746500
 1128              	.LASF53:
 1129 00dd 436F6E74 		.ascii	"Control_Update\000"
 1129      726F6C5F 
 1129      55706461 
 1129      746500
 1130              	.LASF14:
 1131 00ec 696E7431 		.ascii	"int16\000"
 1131      3600
 1132              	.LASF5:
 1133 00f2 6C6F6E67 		.ascii	"long unsigned int\000"
 1133      20756E73 
 1133      69676E65 
 1133      6420696E 
 1133      7400
 1134              	.LASF15:
 1135 0104 696E7433 		.ascii	"int32\000"
 1135      3200
 1136              	.LASF30:
 1137 010a 54696D65 		.ascii	"Time_Start\000"
 1137      5F537461 
 1137      727400
 1138              	.LASF42:
 1139 0115 4932635F 		.ascii	"I2c_WriteCount\000"
 1139      57726974 
 1139      65436F75 
 1139      6E7400
 1140              	.LASF34:
 1141 0124 436F6E74 		.ascii	"Control_Start\000"
 1141      726F6C5F 
 1141      53746172 
 1141      7400
 1142              	.LASF41:
 1143 0132 55415254 		.ascii	"UARTCOMMS_UartPutString\000"
 1143      434F4D4D 
 1143      535F5561 
 1143      72745075 
 1143      74537472 
 1144              	.LASF49:
 1145 014a 426F6172 		.ascii	"Board_Main\000"
 1145      645F4D61 
 1145      696E00
 1146              	.LASF17:
 1147 0155 646F7562 		.ascii	"double\000"
 1147      6C6500
 1148              	.LASF22:
ARM GAS  C:\Users\Tim\AppData\Local\Temp\cc99Hu2n.s 			page 24


 1149 015c 6C617374 		.ascii	"last_time\000"
 1149      5F74696D 
 1149      6500
 1150              	.LASF12:
 1151 0166 75696E74 		.ascii	"uint16\000"
 1151      313600
 1152              	.LASF23:
 1153 016d 44656275 		.ascii	"Debug_Init\000"
 1153      675F496E 
 1153      697400
 1154              	.LASF13:
 1155 0178 75696E74 		.ascii	"uint32\000"
 1155      333200
 1156              	.LASF20:
 1157 017f 6D656173 		.ascii	"meas_count\000"
 1157      5F636F75 
 1157      6E7400
 1158              	.LASF44:
 1159 018a 496E6672 		.ascii	"Infrared_Measure\000"
 1159      61726564 
 1159      5F4D6561 
 1159      73757265 
 1159      00
 1160              	.LASF8:
 1161 019b 756E7369 		.ascii	"unsigned int\000"
 1161      676E6564 
 1161      20696E74 
 1161      00
 1162              	.LASF26:
 1163 01a8 54696D65 		.ascii	"Time_Init\000"
 1163      5F496E69 
 1163      7400
 1164              	.LASF7:
 1165 01b2 6C6F6E67 		.ascii	"long long unsigned int\000"
 1165      206C6F6E 
 1165      6720756E 
 1165      7369676E 
 1165      65642069 
 1166              	.LASF33:
 1167 01c9 4D6F746F 		.ascii	"Motor_Start\000"
 1167      725F5374 
 1167      61727400 
 1168              	.LASF27:
 1169 01d5 4932635F 		.ascii	"I2c_Init\000"
 1169      496E6974 
 1169      00
 1170              	.LASF45:
 1171 01de 556C7472 		.ascii	"Ultrasonic_Measure\000"
 1171      61736F6E 
 1171      69635F4D 
 1171      65617375 
 1171      726500
 1172              	.LASF9:
 1173 01f1 73697A65 		.ascii	"sizetype\000"
 1173      74797065 
 1173      00
 1174              	.LASF18:
ARM GAS  C:\Users\Tim\AppData\Local\Temp\cc99Hu2n.s 			page 25


 1175 01fa 63686172 		.ascii	"char8\000"
 1175      3800
 1176              	.LASF6:
 1177 0200 6C6F6E67 		.ascii	"long long int\000"
 1177      206C6F6E 
 1177      6720696E 
 1177      7400
 1178              	.LASF10:
 1179 020e 63686172 		.ascii	"char\000"
 1179      00
 1180              	.LASF29:
 1181 0213 4D6F746F 		.ascii	"Motor_Init\000"
 1181      725F496E 
 1181      697400
 1182              	.LASF24:
 1183 021e 44656275 		.ascii	"Debug_Start\000"
 1183      675F5374 
 1183      61727400 
 1184              	.LASF46:
 1185 022a 474E5520 		.ascii	"GNU C 4.9.3 20150303 (release) [ARM/embedded-4_9-br"
 1185      4320342E 
 1185      392E3320 
 1185      32303135 
 1185      30333033 
 1186 025d 616E6368 		.ascii	"anch revision 221220] -mcpu=cortex-m0 -mthumb -g -O"
 1186      20726576 
 1186      6973696F 
 1186      6E203232 
 1186      31323230 
 1187 0290 67202D66 		.ascii	"g -ffunction-sections -ffat-lto-objects\000"
 1187      66756E63 
 1187      74696F6E 
 1187      2D736563 
 1187      74696F6E 
 1188              	.LASF48:
 1189 02b8 443A5C70 		.ascii	"D:\\projects\\ArloBot\\arlobot_psoc\\arlobot_base\\"
 1189      726F6A65 
 1189      6374735C 
 1189      41726C6F 
 1189      426F745C 
 1190 02e6 626F6172 		.ascii	"board1.cydsn\000"
 1190      64312E63 
 1190      7964736E 
 1190      00
 1191              	.LASF25:
 1192 02f3 436F6E74 		.ascii	"Control_Init\000"
 1192      726F6C5F 
 1192      496E6974 
 1192      00
 1193              	.LASF35:
 1194 0300 4932635F 		.ascii	"I2c_ReadVelocity\000"
 1194      52656164 
 1194      56656C6F 
 1194      63697479 
 1194      00
 1195              	.LASF19:
 1196 0311 76656C6F 		.ascii	"velocity_cmd\000"
ARM GAS  C:\Users\Tim\AppData\Local\Temp\cc99Hu2n.s 			page 26


 1196      63697479 
 1196      5F636D64 
 1196      00
 1197              	.LASF4:
 1198 031e 6C6F6E67 		.ascii	"long int\000"
 1198      20696E74 
 1198      00
 1199              	.LASF40:
 1200 0327 6D696C6C 		.ascii	"millis\000"
 1200      697300
 1201              	.LASF31:
 1202 032e 4932635F 		.ascii	"I2c_Start\000"
 1202      53746172 
 1202      7400
 1203              	.LASF0:
 1204 0338 7369676E 		.ascii	"signed char\000"
 1204      65642063 
 1204      68617200 
 1205              	.LASF51:
 1206 0344 666F726D 		.ascii	"formatted_string\000"
 1206      61747465 
 1206      645F7374 
 1206      72696E67 
 1206      00
 1207              		.ident	"GCC: (GNU Tools for ARM Embedded Processors) 4.9.3 20150303 (release) [ARM/embedded-4_9-br
