ARM GAS  C:\Users\Tim\AppData\Local\Temp\cclThxEd.s 			page 1


   1              		.cpu cortex-m0
   2              		.fpu softvfp
   3              		.eabi_attribute 20, 1
   4              		.eabi_attribute 21, 1
   5              		.eabi_attribute 23, 3
   6              		.eabi_attribute 24, 1
   7              		.eabi_attribute 25, 1
   8              		.eabi_attribute 26, 1
   9              		.eabi_attribute 30, 1
  10              		.eabi_attribute 34, 0
  11              		.eabi_attribute 18, 4
  12              		.code	16
  13              		.file	"control.c"
  14              		.text
  15              	.Ltext0:
  16              		.cfi_sections	.debug_frame
  17              		.section	.text.Control_Init,"ax",%progbits
  18              		.align	2
  19              		.global	Control_Init
  20              		.code	16
  21              		.thumb_func
  22              		.type	Control_Init, %function
  23              	Control_Init:
  24              	.LFB36:
  25              		.file 1 "..\\..\\source\\control.c"
   1:..\..\source/control.c **** /* ========================================
   2:..\..\source/control.c ****  *
   3:..\..\source/control.c ****  * Copyright YOUR COMPANY, THE YEAR
   4:..\..\source/control.c ****  * All Rights Reserved
   5:..\..\source/control.c ****  * UNPUBLISHED, LICENSED SOFTWARE.
   6:..\..\source/control.c ****  *
   7:..\..\source/control.c ****  * CONFIDENTIAL AND PROPRIETARY INFORMATION
   8:..\..\source/control.c ****  * WHICH IS THE PROPERTY OF your company.
   9:..\..\source/control.c ****  *
  10:..\..\source/control.c ****  * ========================================
  11:..\..\source/control.c **** */
  12:..\..\source/control.c **** 
  13:..\..\source/control.c **** #include "control.h"
  14:..\..\source/control.c **** #include "i2c.h"
  15:..\..\source/control.c **** #include "encoder.h"
  16:..\..\source/control.c **** #include "motor.h"
  17:..\..\source/control.c **** #include "time.h"
  18:..\..\source/control.c **** 
  19:..\..\source/control.c **** /* The purpose of this module is to handle control changes to the system.
  20:..\..\source/control.c ****    The only thing considered at this point is shutting down the motors properly.
  21:..\..\source/control.c ****  */
  22:..\..\source/control.c **** 
  23:..\..\source/control.c **** #define POWER_ON_MOTOR (0x0001)
  24:..\..\source/control.c **** #define SPEED_TIMEOUT  (2000) // millisecond
  25:..\..\source/control.c **** 
  26:..\..\source/control.c **** static uint32 last_time;
  27:..\..\source/control.c **** 
  28:..\..\source/control.c **** void Control_Init()
  29:..\..\source/control.c **** {
  26              		.loc 1 29 0
  27              		.cfi_startproc
  28 0000 08B5     		push	{r3, lr}
ARM GAS  C:\Users\Tim\AppData\Local\Temp\cclThxEd.s 			page 2


  29              		.cfi_def_cfa_offset 8
  30              		.cfi_offset 3, -8
  31              		.cfi_offset 14, -4
  30:..\..\source/control.c ****     last_time = millis();
  32              		.loc 1 30 0
  33 0002 FFF7FEFF 		bl	millis
  34              	.LVL0:
  35 0006 014B     		ldr	r3, .L2
  36 0008 1860     		str	r0, [r3]
  31:..\..\source/control.c **** }
  37              		.loc 1 31 0
  38              		@ sp needed
  39 000a 08BD     		pop	{r3, pc}
  40              	.L3:
  41              		.align	2
  42              	.L2:
  43 000c 00000000 		.word	.LANCHOR0
  44              		.cfi_endproc
  45              	.LFE36:
  46              		.size	Control_Init, .-Control_Init
  47              		.section	.text.Control_Start,"ax",%progbits
  48              		.align	2
  49              		.global	Control_Start
  50              		.code	16
  51              		.thumb_func
  52              		.type	Control_Start, %function
  53              	Control_Start:
  54              	.LFB37:
  32:..\..\source/control.c **** 
  33:..\..\source/control.c **** void Control_Start()
  34:..\..\source/control.c **** {    
  55              		.loc 1 34 0
  56              		.cfi_startproc
  57 0000 08B5     		push	{r3, lr}
  58              		.cfi_def_cfa_offset 8
  59              		.cfi_offset 3, -8
  60              		.cfi_offset 14, -4
  35:..\..\source/control.c ****     /* Note: I'm not sure what to do here, was thinking that this could be a way to enabled/disable
  36:..\..\source/control.c ****     uint16 control = I2c_ReadControl();
  61              		.loc 1 36 0
  62 0002 FFF7FEFF 		bl	I2c_ReadControl
  63              	.LVL1:
  37:..\..\source/control.c **** }
  64              		.loc 1 37 0
  65              		@ sp needed
  66 0006 08BD     		pop	{r3, pc}
  67              		.cfi_endproc
  68              	.LFE37:
  69              		.size	Control_Start, .-Control_Start
  70              		.section	.text.Control_Update,"ax",%progbits
  71              		.align	2
  72              		.global	Control_Update
  73              		.code	16
  74              		.thumb_func
  75              		.type	Control_Update, %function
  76              	Control_Update:
  77              	.LFB38:
ARM GAS  C:\Users\Tim\AppData\Local\Temp\cclThxEd.s 			page 3


  38:..\..\source/control.c **** 
  39:..\..\source/control.c **** void Control_Update()
  40:..\..\source/control.c **** {
  78              		.loc 1 40 0
  79              		.cfi_startproc
  80 0000 10B5     		push	{r4, lr}
  81              		.cfi_def_cfa_offset 8
  82              		.cfi_offset 4, -8
  83              		.cfi_offset 14, -4
  41:..\..\source/control.c ****     uint8 motor_state;
  42:..\..\source/control.c ****     uint16 control;
  43:..\..\source/control.c ****     
  44:..\..\source/control.c ****     control = I2c_ReadControl();
  84              		.loc 1 44 0
  85 0002 FFF7FEFF 		bl	I2c_ReadControl
  86              	.LVL2:
  87 0006 041C     		mov	r4, r0
  88              	.LVL3:
  45:..\..\source/control.c ****     
  46:..\..\source/control.c ****     /* If a speed command hasn't been received within the given threshold, stop the motor
  47:..\..\source/control.c ****         
  48:..\..\source/control.c ****        Recommendation from Parallax:
  49:..\..\source/control.c ****         The HB-25 has a selectable Timeout mode. When this mode is enabled, the HB-25 will shut off
  50:..\..\source/control.c ****         after 4 seconds if it does not receive pulses from the microcontroller. Once the motor is s
  51:..\..\source/control.c ****         HB-25 receives a valid pulse again, it will restart the motor. Timeout mode should always b
  52:..\..\source/control.c ****         applications where a failure of your microcontroller could cause a dangerous situation or s
  53:..\..\source/control.c ****         potentially cause damage to your application. 
  54:..\..\source/control.c ****      */
  55:..\..\source/control.c ****     if ((millis() - last_time) > SPEED_TIMEOUT)
  89              		.loc 1 55 0
  90 0008 FFF7FEFF 		bl	millis
  91              	.LVL4:
  92 000c 084B     		ldr	r3, .L9
  93 000e 1B68     		ldr	r3, [r3]
  94 0010 C01A     		sub	r0, r0, r3
  95 0012 FA23     		mov	r3, #250
  96 0014 DB00     		lsl	r3, r3, #3
  97 0016 9842     		cmp	r0, r3
  98 0018 02D9     		bls	.L6
  56:..\..\source/control.c ****     {
  57:..\..\source/control.c ****         Motor_SetOutput(0);
  99              		.loc 1 57 0
 100 001a 0020     		mov	r0, #0
 101 001c FFF7FEFF 		bl	Motor_SetOutput
 102              	.LVL5:
 103              	.L6:
  58:..\..\source/control.c ****     }
  59:..\..\source/control.c ****     
  60:..\..\source/control.c ****     /* Along the same lines as Control_Start() this could be a way to disable or shutdown features,
  61:..\..\source/control.c ****        motor drivers or the motors via a relay */
  62:..\..\source/control.c ****     
  63:..\..\source/control.c ****     motor_state = control & POWER_ON_MOTOR;
  64:..\..\source/control.c ****     if ( motor_state )
 104              		.loc 1 64 0
 105 0020 E307     		lsl	r3, r4, #31
 106 0022 02D5     		bpl	.L7
  65:..\..\source/control.c ****     {
ARM GAS  C:\Users\Tim\AppData\Local\Temp\cclThxEd.s 			page 4


  66:..\..\source/control.c ****         Motor_Start();
 107              		.loc 1 66 0
 108 0024 FFF7FEFF 		bl	Motor_Start
 109              	.LVL6:
 110 0028 01E0     		b	.L5
 111              	.L7:
  67:..\..\source/control.c ****     }
  68:..\..\source/control.c ****     else
  69:..\..\source/control.c ****     {
  70:..\..\source/control.c ****         Motor_Stop();
 112              		.loc 1 70 0
 113 002a FFF7FEFF 		bl	Motor_Stop
 114              	.LVL7:
 115              	.L5:
  71:..\..\source/control.c ****     }
  72:..\..\source/control.c ****     
  73:..\..\source/control.c **** }
 116              		.loc 1 73 0
 117              		@ sp needed
 118              	.LVL8:
 119 002e 10BD     		pop	{r4, pc}
 120              	.L10:
 121              		.align	2
 122              	.L9:
 123 0030 00000000 		.word	.LANCHOR0
 124              		.cfi_endproc
 125              	.LFE38:
 126              		.size	Control_Update, .-Control_Update
 127              		.bss
 128              		.align	2
 129              		.set	.LANCHOR0,. + 0
 130              		.type	last_time, %object
 131              		.size	last_time, 4
 132              	last_time:
 133 0000 00000000 		.space	4
 134              		.text
 135              	.Letext0:
 136              		.file 2 "Generated_Source\\PSoC4/cytypes.h"
 137              		.file 3 "..\\..\\source\\time.h"
 138              		.file 4 "..\\..\\source\\i2c.h"
 139              		.file 5 "..\\..\\source\\motor.h"
 140              		.section	.debug_info,"",%progbits
 141              	.Ldebug_info0:
 142 0000 C2010000 		.4byte	0x1c2
 143 0004 0400     		.2byte	0x4
 144 0006 00000000 		.4byte	.Ldebug_abbrev0
 145 000a 04       		.byte	0x4
 146 000b 01       		.uleb128 0x1
 147 000c 12010000 		.4byte	.LASF26
 148 0010 01       		.byte	0x1
 149 0011 8D000000 		.4byte	.LASF27
 150 0015 A0010000 		.4byte	.LASF28
 151 0019 00000000 		.4byte	.Ldebug_ranges0+0
 152 001d 00000000 		.4byte	0
 153 0021 00000000 		.4byte	.Ldebug_line0
 154 0025 02       		.uleb128 0x2
 155 0026 01       		.byte	0x1
ARM GAS  C:\Users\Tim\AppData\Local\Temp\cclThxEd.s 			page 5


 156 0027 06       		.byte	0x6
 157 0028 12020000 		.4byte	.LASF0
 158 002c 02       		.uleb128 0x2
 159 002d 01       		.byte	0x1
 160 002e 08       		.byte	0x8
 161 002f 31000000 		.4byte	.LASF1
 162 0033 02       		.uleb128 0x2
 163 0034 02       		.byte	0x2
 164 0035 05       		.byte	0x5
 165 0036 EB010000 		.4byte	.LASF2
 166 003a 02       		.uleb128 0x2
 167 003b 02       		.byte	0x2
 168 003c 07       		.byte	0x7
 169 003d 0B000000 		.4byte	.LASF3
 170 0041 02       		.uleb128 0x2
 171 0042 04       		.byte	0x4
 172 0043 05       		.byte	0x5
 173 0044 02020000 		.4byte	.LASF4
 174 0048 02       		.uleb128 0x2
 175 0049 04       		.byte	0x4
 176 004a 07       		.byte	0x7
 177 004b 4E000000 		.4byte	.LASF5
 178 004f 02       		.uleb128 0x2
 179 0050 08       		.byte	0x8
 180 0051 05       		.byte	0x5
 181 0052 FF000000 		.4byte	.LASF6
 182 0056 02       		.uleb128 0x2
 183 0057 08       		.byte	0x8
 184 0058 07       		.byte	0x7
 185 0059 D3000000 		.4byte	.LASF7
 186 005d 03       		.uleb128 0x3
 187 005e 04       		.byte	0x4
 188 005f 05       		.byte	0x5
 189 0060 696E7400 		.ascii	"int\000"
 190 0064 02       		.uleb128 0x2
 191 0065 04       		.byte	0x4
 192 0066 07       		.byte	0x7
 193 0067 1E000000 		.4byte	.LASF8
 194 006b 04       		.uleb128 0x4
 195 006c 60000000 		.4byte	.LASF9
 196 0070 02       		.byte	0x2
 197 0071 3801     		.2byte	0x138
 198 0073 2C000000 		.4byte	0x2c
 199 0077 04       		.uleb128 0x4
 200 0078 A4000000 		.4byte	.LASF10
 201 007c 02       		.byte	0x2
 202 007d 3901     		.2byte	0x139
 203 007f 3A000000 		.4byte	0x3a
 204 0083 04       		.uleb128 0x4
 205 0084 B0000000 		.4byte	.LASF11
 206 0088 02       		.byte	0x2
 207 0089 3A01     		.2byte	0x13a
 208 008b 48000000 		.4byte	0x48
 209 008f 04       		.uleb128 0x4
 210 0090 AB000000 		.4byte	.LASF12
 211 0094 02       		.byte	0x2
 212 0095 3B01     		.2byte	0x13b
ARM GAS  C:\Users\Tim\AppData\Local\Temp\cclThxEd.s 			page 6


 213 0097 25000000 		.4byte	0x25
 214 009b 02       		.uleb128 0x2
 215 009c 04       		.byte	0x4
 216 009d 04       		.byte	0x4
 217 009e 2B000000 		.4byte	.LASF13
 218 00a2 02       		.uleb128 0x2
 219 00a3 08       		.byte	0x8
 220 00a4 04       		.byte	0x4
 221 00a5 7C000000 		.4byte	.LASF14
 222 00a9 02       		.uleb128 0x2
 223 00aa 01       		.byte	0x1
 224 00ab 08       		.byte	0x8
 225 00ac 0D010000 		.4byte	.LASF15
 226 00b0 02       		.uleb128 0x2
 227 00b1 04       		.byte	0x4
 228 00b2 07       		.byte	0x7
 229 00b3 F6000000 		.4byte	.LASF16
 230 00b7 05       		.uleb128 0x5
 231 00b8 F5010000 		.4byte	.LASF17
 232 00bc 01       		.byte	0x1
 233 00bd 1C       		.byte	0x1c
 234 00be 00000000 		.4byte	.LFB36
 235 00c2 10000000 		.4byte	.LFE36-.LFB36
 236 00c6 01       		.uleb128 0x1
 237 00c7 9C       		.byte	0x9c
 238 00c8 D6000000 		.4byte	0xd6
 239 00cc 06       		.uleb128 0x6
 240 00cd 06000000 		.4byte	.LVL0
 241 00d1 7C010000 		.4byte	0x17c
 242 00d5 00       		.byte	0
 243 00d6 05       		.uleb128 0x5
 244 00d7 6E000000 		.4byte	.LASF18
 245 00db 01       		.byte	0x1
 246 00dc 21       		.byte	0x21
 247 00dd 00000000 		.4byte	.LFB37
 248 00e1 08000000 		.4byte	.LFE37-.LFB37
 249 00e5 01       		.uleb128 0x1
 250 00e6 9C       		.byte	0x9c
 251 00e7 00010000 		.4byte	0x100
 252 00eb 07       		.uleb128 0x7
 253 00ec 66000000 		.4byte	.LASF21
 254 00f0 01       		.byte	0x1
 255 00f1 24       		.byte	0x24
 256 00f2 77000000 		.4byte	0x77
 257 00f6 06       		.uleb128 0x6
 258 00f7 06000000 		.4byte	.LVL1
 259 00fb 8D010000 		.4byte	0x18d
 260 00ff 00       		.byte	0
 261 0100 05       		.uleb128 0x5
 262 0101 3F000000 		.4byte	.LASF19
 263 0105 01       		.byte	0x1
 264 0106 27       		.byte	0x27
 265 0107 00000000 		.4byte	.LFB38
 266 010b 34000000 		.4byte	.LFE38-.LFB38
 267 010f 01       		.uleb128 0x1
 268 0110 9C       		.byte	0x9c
 269 0111 6B010000 		.4byte	0x16b
ARM GAS  C:\Users\Tim\AppData\Local\Temp\cclThxEd.s 			page 7


 270 0115 08       		.uleb128 0x8
 271 0116 B7000000 		.4byte	.LASF20
 272 011a 01       		.byte	0x1
 273 011b 29       		.byte	0x29
 274 011c 6B000000 		.4byte	0x6b
 275 0120 00000000 		.4byte	.LLST0
 276 0124 08       		.uleb128 0x8
 277 0125 66000000 		.4byte	.LASF21
 278 0129 01       		.byte	0x1
 279 012a 2A       		.byte	0x2a
 280 012b 77000000 		.4byte	0x77
 281 012f 17000000 		.4byte	.LLST1
 282 0133 06       		.uleb128 0x6
 283 0134 06000000 		.4byte	.LVL2
 284 0138 8D010000 		.4byte	0x18d
 285 013c 06       		.uleb128 0x6
 286 013d 0C000000 		.4byte	.LVL4
 287 0141 7C010000 		.4byte	0x17c
 288 0145 09       		.uleb128 0x9
 289 0146 20000000 		.4byte	.LVL5
 290 014a 9E010000 		.4byte	0x19e
 291 014e 58010000 		.4byte	0x158
 292 0152 0A       		.uleb128 0xa
 293 0153 01       		.uleb128 0x1
 294 0154 50       		.byte	0x50
 295 0155 01       		.uleb128 0x1
 296 0156 30       		.byte	0x30
 297 0157 00       		.byte	0
 298 0158 06       		.uleb128 0x6
 299 0159 28000000 		.4byte	.LVL6
 300 015d AF010000 		.4byte	0x1af
 301 0161 06       		.uleb128 0x6
 302 0162 2E000000 		.4byte	.LVL7
 303 0166 BC010000 		.4byte	0x1bc
 304 016a 00       		.byte	0
 305 016b 0B       		.uleb128 0xb
 306 016c 83000000 		.4byte	.LASF22
 307 0170 01       		.byte	0x1
 308 0171 1A       		.byte	0x1a
 309 0172 83000000 		.4byte	0x83
 310 0176 05       		.uleb128 0x5
 311 0177 03       		.byte	0x3
 312 0178 00000000 		.4byte	last_time
 313 017c 0C       		.uleb128 0xc
 314 017d 0B020000 		.4byte	.LASF23
 315 0181 03       		.byte	0x3
 316 0182 16       		.byte	0x16
 317 0183 83000000 		.4byte	0x83
 318 0187 8D010000 		.4byte	0x18d
 319 018b 0D       		.uleb128 0xd
 320 018c 00       		.byte	0
 321 018d 0C       		.uleb128 0xc
 322 018e C3000000 		.4byte	.LASF24
 323 0192 04       		.byte	0x4
 324 0193 15       		.byte	0x15
 325 0194 77000000 		.4byte	0x77
 326 0198 9E010000 		.4byte	0x19e
ARM GAS  C:\Users\Tim\AppData\Local\Temp\cclThxEd.s 			page 8


 327 019c 0D       		.uleb128 0xd
 328 019d 00       		.byte	0
 329 019e 0E       		.uleb128 0xe
 330 019f DB010000 		.4byte	.LASF25
 331 01a3 05       		.byte	0x5
 332 01a4 14       		.byte	0x14
 333 01a5 AF010000 		.4byte	0x1af
 334 01a9 0F       		.uleb128 0xf
 335 01aa 8F000000 		.4byte	0x8f
 336 01ae 00       		.byte	0
 337 01af 10       		.uleb128 0x10
 338 01b0 EA000000 		.4byte	.LASF29
 339 01b4 05       		.byte	0x5
 340 01b5 13       		.byte	0x13
 341 01b6 BC010000 		.4byte	0x1bc
 342 01ba 0D       		.uleb128 0xd
 343 01bb 00       		.byte	0
 344 01bc 11       		.uleb128 0x11
 345 01bd 00000000 		.4byte	.LASF30
 346 01c1 05       		.byte	0x5
 347 01c2 15       		.byte	0x15
 348 01c3 0D       		.uleb128 0xd
 349 01c4 00       		.byte	0
 350 01c5 00       		.byte	0
 351              		.section	.debug_abbrev,"",%progbits
 352              	.Ldebug_abbrev0:
 353 0000 01       		.uleb128 0x1
 354 0001 11       		.uleb128 0x11
 355 0002 01       		.byte	0x1
 356 0003 25       		.uleb128 0x25
 357 0004 0E       		.uleb128 0xe
 358 0005 13       		.uleb128 0x13
 359 0006 0B       		.uleb128 0xb
 360 0007 03       		.uleb128 0x3
 361 0008 0E       		.uleb128 0xe
 362 0009 1B       		.uleb128 0x1b
 363 000a 0E       		.uleb128 0xe
 364 000b 55       		.uleb128 0x55
 365 000c 17       		.uleb128 0x17
 366 000d 11       		.uleb128 0x11
 367 000e 01       		.uleb128 0x1
 368 000f 10       		.uleb128 0x10
 369 0010 17       		.uleb128 0x17
 370 0011 00       		.byte	0
 371 0012 00       		.byte	0
 372 0013 02       		.uleb128 0x2
 373 0014 24       		.uleb128 0x24
 374 0015 00       		.byte	0
 375 0016 0B       		.uleb128 0xb
 376 0017 0B       		.uleb128 0xb
 377 0018 3E       		.uleb128 0x3e
 378 0019 0B       		.uleb128 0xb
 379 001a 03       		.uleb128 0x3
 380 001b 0E       		.uleb128 0xe
 381 001c 00       		.byte	0
 382 001d 00       		.byte	0
 383 001e 03       		.uleb128 0x3
ARM GAS  C:\Users\Tim\AppData\Local\Temp\cclThxEd.s 			page 9


 384 001f 24       		.uleb128 0x24
 385 0020 00       		.byte	0
 386 0021 0B       		.uleb128 0xb
 387 0022 0B       		.uleb128 0xb
 388 0023 3E       		.uleb128 0x3e
 389 0024 0B       		.uleb128 0xb
 390 0025 03       		.uleb128 0x3
 391 0026 08       		.uleb128 0x8
 392 0027 00       		.byte	0
 393 0028 00       		.byte	0
 394 0029 04       		.uleb128 0x4
 395 002a 16       		.uleb128 0x16
 396 002b 00       		.byte	0
 397 002c 03       		.uleb128 0x3
 398 002d 0E       		.uleb128 0xe
 399 002e 3A       		.uleb128 0x3a
 400 002f 0B       		.uleb128 0xb
 401 0030 3B       		.uleb128 0x3b
 402 0031 05       		.uleb128 0x5
 403 0032 49       		.uleb128 0x49
 404 0033 13       		.uleb128 0x13
 405 0034 00       		.byte	0
 406 0035 00       		.byte	0
 407 0036 05       		.uleb128 0x5
 408 0037 2E       		.uleb128 0x2e
 409 0038 01       		.byte	0x1
 410 0039 3F       		.uleb128 0x3f
 411 003a 19       		.uleb128 0x19
 412 003b 03       		.uleb128 0x3
 413 003c 0E       		.uleb128 0xe
 414 003d 3A       		.uleb128 0x3a
 415 003e 0B       		.uleb128 0xb
 416 003f 3B       		.uleb128 0x3b
 417 0040 0B       		.uleb128 0xb
 418 0041 11       		.uleb128 0x11
 419 0042 01       		.uleb128 0x1
 420 0043 12       		.uleb128 0x12
 421 0044 06       		.uleb128 0x6
 422 0045 40       		.uleb128 0x40
 423 0046 18       		.uleb128 0x18
 424 0047 9742     		.uleb128 0x2117
 425 0049 19       		.uleb128 0x19
 426 004a 01       		.uleb128 0x1
 427 004b 13       		.uleb128 0x13
 428 004c 00       		.byte	0
 429 004d 00       		.byte	0
 430 004e 06       		.uleb128 0x6
 431 004f 898201   		.uleb128 0x4109
 432 0052 00       		.byte	0
 433 0053 11       		.uleb128 0x11
 434 0054 01       		.uleb128 0x1
 435 0055 31       		.uleb128 0x31
 436 0056 13       		.uleb128 0x13
 437 0057 00       		.byte	0
 438 0058 00       		.byte	0
 439 0059 07       		.uleb128 0x7
 440 005a 34       		.uleb128 0x34
ARM GAS  C:\Users\Tim\AppData\Local\Temp\cclThxEd.s 			page 10


 441 005b 00       		.byte	0
 442 005c 03       		.uleb128 0x3
 443 005d 0E       		.uleb128 0xe
 444 005e 3A       		.uleb128 0x3a
 445 005f 0B       		.uleb128 0xb
 446 0060 3B       		.uleb128 0x3b
 447 0061 0B       		.uleb128 0xb
 448 0062 49       		.uleb128 0x49
 449 0063 13       		.uleb128 0x13
 450 0064 00       		.byte	0
 451 0065 00       		.byte	0
 452 0066 08       		.uleb128 0x8
 453 0067 34       		.uleb128 0x34
 454 0068 00       		.byte	0
 455 0069 03       		.uleb128 0x3
 456 006a 0E       		.uleb128 0xe
 457 006b 3A       		.uleb128 0x3a
 458 006c 0B       		.uleb128 0xb
 459 006d 3B       		.uleb128 0x3b
 460 006e 0B       		.uleb128 0xb
 461 006f 49       		.uleb128 0x49
 462 0070 13       		.uleb128 0x13
 463 0071 02       		.uleb128 0x2
 464 0072 17       		.uleb128 0x17
 465 0073 00       		.byte	0
 466 0074 00       		.byte	0
 467 0075 09       		.uleb128 0x9
 468 0076 898201   		.uleb128 0x4109
 469 0079 01       		.byte	0x1
 470 007a 11       		.uleb128 0x11
 471 007b 01       		.uleb128 0x1
 472 007c 31       		.uleb128 0x31
 473 007d 13       		.uleb128 0x13
 474 007e 01       		.uleb128 0x1
 475 007f 13       		.uleb128 0x13
 476 0080 00       		.byte	0
 477 0081 00       		.byte	0
 478 0082 0A       		.uleb128 0xa
 479 0083 8A8201   		.uleb128 0x410a
 480 0086 00       		.byte	0
 481 0087 02       		.uleb128 0x2
 482 0088 18       		.uleb128 0x18
 483 0089 9142     		.uleb128 0x2111
 484 008b 18       		.uleb128 0x18
 485 008c 00       		.byte	0
 486 008d 00       		.byte	0
 487 008e 0B       		.uleb128 0xb
 488 008f 34       		.uleb128 0x34
 489 0090 00       		.byte	0
 490 0091 03       		.uleb128 0x3
 491 0092 0E       		.uleb128 0xe
 492 0093 3A       		.uleb128 0x3a
 493 0094 0B       		.uleb128 0xb
 494 0095 3B       		.uleb128 0x3b
 495 0096 0B       		.uleb128 0xb
 496 0097 49       		.uleb128 0x49
 497 0098 13       		.uleb128 0x13
ARM GAS  C:\Users\Tim\AppData\Local\Temp\cclThxEd.s 			page 11


 498 0099 02       		.uleb128 0x2
 499 009a 18       		.uleb128 0x18
 500 009b 00       		.byte	0
 501 009c 00       		.byte	0
 502 009d 0C       		.uleb128 0xc
 503 009e 2E       		.uleb128 0x2e
 504 009f 01       		.byte	0x1
 505 00a0 3F       		.uleb128 0x3f
 506 00a1 19       		.uleb128 0x19
 507 00a2 03       		.uleb128 0x3
 508 00a3 0E       		.uleb128 0xe
 509 00a4 3A       		.uleb128 0x3a
 510 00a5 0B       		.uleb128 0xb
 511 00a6 3B       		.uleb128 0x3b
 512 00a7 0B       		.uleb128 0xb
 513 00a8 49       		.uleb128 0x49
 514 00a9 13       		.uleb128 0x13
 515 00aa 3C       		.uleb128 0x3c
 516 00ab 19       		.uleb128 0x19
 517 00ac 01       		.uleb128 0x1
 518 00ad 13       		.uleb128 0x13
 519 00ae 00       		.byte	0
 520 00af 00       		.byte	0
 521 00b0 0D       		.uleb128 0xd
 522 00b1 18       		.uleb128 0x18
 523 00b2 00       		.byte	0
 524 00b3 00       		.byte	0
 525 00b4 00       		.byte	0
 526 00b5 0E       		.uleb128 0xe
 527 00b6 2E       		.uleb128 0x2e
 528 00b7 01       		.byte	0x1
 529 00b8 3F       		.uleb128 0x3f
 530 00b9 19       		.uleb128 0x19
 531 00ba 03       		.uleb128 0x3
 532 00bb 0E       		.uleb128 0xe
 533 00bc 3A       		.uleb128 0x3a
 534 00bd 0B       		.uleb128 0xb
 535 00be 3B       		.uleb128 0x3b
 536 00bf 0B       		.uleb128 0xb
 537 00c0 27       		.uleb128 0x27
 538 00c1 19       		.uleb128 0x19
 539 00c2 3C       		.uleb128 0x3c
 540 00c3 19       		.uleb128 0x19
 541 00c4 01       		.uleb128 0x1
 542 00c5 13       		.uleb128 0x13
 543 00c6 00       		.byte	0
 544 00c7 00       		.byte	0
 545 00c8 0F       		.uleb128 0xf
 546 00c9 05       		.uleb128 0x5
 547 00ca 00       		.byte	0
 548 00cb 49       		.uleb128 0x49
 549 00cc 13       		.uleb128 0x13
 550 00cd 00       		.byte	0
 551 00ce 00       		.byte	0
 552 00cf 10       		.uleb128 0x10
 553 00d0 2E       		.uleb128 0x2e
 554 00d1 01       		.byte	0x1
ARM GAS  C:\Users\Tim\AppData\Local\Temp\cclThxEd.s 			page 12


 555 00d2 3F       		.uleb128 0x3f
 556 00d3 19       		.uleb128 0x19
 557 00d4 03       		.uleb128 0x3
 558 00d5 0E       		.uleb128 0xe
 559 00d6 3A       		.uleb128 0x3a
 560 00d7 0B       		.uleb128 0xb
 561 00d8 3B       		.uleb128 0x3b
 562 00d9 0B       		.uleb128 0xb
 563 00da 3C       		.uleb128 0x3c
 564 00db 19       		.uleb128 0x19
 565 00dc 01       		.uleb128 0x1
 566 00dd 13       		.uleb128 0x13
 567 00de 00       		.byte	0
 568 00df 00       		.byte	0
 569 00e0 11       		.uleb128 0x11
 570 00e1 2E       		.uleb128 0x2e
 571 00e2 01       		.byte	0x1
 572 00e3 3F       		.uleb128 0x3f
 573 00e4 19       		.uleb128 0x19
 574 00e5 03       		.uleb128 0x3
 575 00e6 0E       		.uleb128 0xe
 576 00e7 3A       		.uleb128 0x3a
 577 00e8 0B       		.uleb128 0xb
 578 00e9 3B       		.uleb128 0x3b
 579 00ea 0B       		.uleb128 0xb
 580 00eb 3C       		.uleb128 0x3c
 581 00ec 19       		.uleb128 0x19
 582 00ed 00       		.byte	0
 583 00ee 00       		.byte	0
 584 00ef 00       		.byte	0
 585              		.section	.debug_loc,"",%progbits
 586              	.Ldebug_loc0:
 587              	.LLST0:
 588 0000 20000000 		.4byte	.LVL5
 589 0004 2E000000 		.4byte	.LVL8
 590 0008 0500     		.2byte	0x5
 591 000a 74       		.byte	0x74
 592 000b 00       		.sleb128 0
 593 000c 31       		.byte	0x31
 594 000d 1A       		.byte	0x1a
 595 000e 9F       		.byte	0x9f
 596 000f 00000000 		.4byte	0
 597 0013 00000000 		.4byte	0
 598              	.LLST1:
 599 0017 08000000 		.4byte	.LVL3
 600 001b 2E000000 		.4byte	.LVL8
 601 001f 0100     		.2byte	0x1
 602 0021 54       		.byte	0x54
 603 0022 00000000 		.4byte	0
 604 0026 00000000 		.4byte	0
 605              		.section	.debug_aranges,"",%progbits
 606 0000 2C000000 		.4byte	0x2c
 607 0004 0200     		.2byte	0x2
 608 0006 00000000 		.4byte	.Ldebug_info0
 609 000a 04       		.byte	0x4
 610 000b 00       		.byte	0
 611 000c 0000     		.2byte	0
ARM GAS  C:\Users\Tim\AppData\Local\Temp\cclThxEd.s 			page 13


 612 000e 0000     		.2byte	0
 613 0010 00000000 		.4byte	.LFB36
 614 0014 10000000 		.4byte	.LFE36-.LFB36
 615 0018 00000000 		.4byte	.LFB37
 616 001c 08000000 		.4byte	.LFE37-.LFB37
 617 0020 00000000 		.4byte	.LFB38
 618 0024 34000000 		.4byte	.LFE38-.LFB38
 619 0028 00000000 		.4byte	0
 620 002c 00000000 		.4byte	0
 621              		.section	.debug_ranges,"",%progbits
 622              	.Ldebug_ranges0:
 623 0000 00000000 		.4byte	.LFB36
 624 0004 10000000 		.4byte	.LFE36
 625 0008 00000000 		.4byte	.LFB37
 626 000c 08000000 		.4byte	.LFE37
 627 0010 00000000 		.4byte	.LFB38
 628 0014 34000000 		.4byte	.LFE38
 629 0018 00000000 		.4byte	0
 630 001c 00000000 		.4byte	0
 631              		.section	.debug_line,"",%progbits
 632              	.Ldebug_line0:
 633 0000 AF000000 		.section	.debug_str,"MS",%progbits,1
 633      02006F00 
 633      00000201 
 633      FB0E0D00 
 633      01010101 
 634              	.LASF30:
 635 0000 4D6F746F 		.ascii	"Motor_Stop\000"
 635      725F5374 
 635      6F7000
 636              	.LASF3:
 637 000b 73686F72 		.ascii	"short unsigned int\000"
 637      7420756E 
 637      7369676E 
 637      65642069 
 637      6E7400
 638              	.LASF8:
 639 001e 756E7369 		.ascii	"unsigned int\000"
 639      676E6564 
 639      20696E74 
 639      00
 640              	.LASF13:
 641 002b 666C6F61 		.ascii	"float\000"
 641      7400
 642              	.LASF1:
 643 0031 756E7369 		.ascii	"unsigned char\000"
 643      676E6564 
 643      20636861 
 643      7200
 644              	.LASF19:
 645 003f 436F6E74 		.ascii	"Control_Update\000"
 645      726F6C5F 
 645      55706461 
 645      746500
 646              	.LASF5:
 647 004e 6C6F6E67 		.ascii	"long unsigned int\000"
 647      20756E73 
ARM GAS  C:\Users\Tim\AppData\Local\Temp\cclThxEd.s 			page 14


 647      69676E65 
 647      6420696E 
 647      7400
 648              	.LASF9:
 649 0060 75696E74 		.ascii	"uint8\000"
 649      3800
 650              	.LASF21:
 651 0066 636F6E74 		.ascii	"control\000"
 651      726F6C00 
 652              	.LASF18:
 653 006e 436F6E74 		.ascii	"Control_Start\000"
 653      726F6C5F 
 653      53746172 
 653      7400
 654              	.LASF14:
 655 007c 646F7562 		.ascii	"double\000"
 655      6C6500
 656              	.LASF22:
 657 0083 6C617374 		.ascii	"last_time\000"
 657      5F74696D 
 657      6500
 658              	.LASF27:
 659 008d 2E2E5C2E 		.ascii	"..\\..\\source\\control.c\000"
 659      2E5C736F 
 659      75726365 
 659      5C636F6E 
 659      74726F6C 
 660              	.LASF10:
 661 00a4 75696E74 		.ascii	"uint16\000"
 661      313600
 662              	.LASF12:
 663 00ab 696E7438 		.ascii	"int8\000"
 663      00
 664              	.LASF11:
 665 00b0 75696E74 		.ascii	"uint32\000"
 665      333200
 666              	.LASF20:
 667 00b7 6D6F746F 		.ascii	"motor_state\000"
 667      725F7374 
 667      61746500 
 668              	.LASF24:
 669 00c3 4932635F 		.ascii	"I2c_ReadControl\000"
 669      52656164 
 669      436F6E74 
 669      726F6C00 
 670              	.LASF7:
 671 00d3 6C6F6E67 		.ascii	"long long unsigned int\000"
 671      206C6F6E 
 671      6720756E 
 671      7369676E 
 671      65642069 
 672              	.LASF29:
 673 00ea 4D6F746F 		.ascii	"Motor_Start\000"
 673      725F5374 
 673      61727400 
 674              	.LASF16:
 675 00f6 73697A65 		.ascii	"sizetype\000"
ARM GAS  C:\Users\Tim\AppData\Local\Temp\cclThxEd.s 			page 15


 675      74797065 
 675      00
 676              	.LASF6:
 677 00ff 6C6F6E67 		.ascii	"long long int\000"
 677      206C6F6E 
 677      6720696E 
 677      7400
 678              	.LASF15:
 679 010d 63686172 		.ascii	"char\000"
 679      00
 680              	.LASF26:
 681 0112 474E5520 		.ascii	"GNU C 4.9.3 20150303 (release) [ARM/embedded-4_9-br"
 681      4320342E 
 681      392E3320 
 681      32303135 
 681      30333033 
 682 0145 616E6368 		.ascii	"anch revision 221220] -mcpu=cortex-m0 -mthumb -g -O"
 682      20726576 
 682      6973696F 
 682      6E203232 
 682      31323230 
 683 0178 67202D66 		.ascii	"g -ffunction-sections -ffat-lto-objects\000"
 683      66756E63 
 683      74696F6E 
 683      2D736563 
 683      74696F6E 
 684              	.LASF28:
 685 01a0 443A5C70 		.ascii	"D:\\projects\\ArloBot\\arlobot_psoc\\arlobot_base\\"
 685      726F6A65 
 685      6374735C 
 685      41726C6F 
 685      426F745C 
 686 01ce 626F6172 		.ascii	"board1.cydsn\000"
 686      64312E63 
 686      7964736E 
 686      00
 687              	.LASF25:
 688 01db 4D6F746F 		.ascii	"Motor_SetOutput\000"
 688      725F5365 
 688      744F7574 
 688      70757400 
 689              	.LASF2:
 690 01eb 73686F72 		.ascii	"short int\000"
 690      7420696E 
 690      7400
 691              	.LASF17:
 692 01f5 436F6E74 		.ascii	"Control_Init\000"
 692      726F6C5F 
 692      496E6974 
 692      00
 693              	.LASF4:
 694 0202 6C6F6E67 		.ascii	"long int\000"
 694      20696E74 
 694      00
 695              	.LASF23:
 696 020b 6D696C6C 		.ascii	"millis\000"
 696      697300
ARM GAS  C:\Users\Tim\AppData\Local\Temp\cclThxEd.s 			page 16


 697              	.LASF0:
 698 0212 7369676E 		.ascii	"signed char\000"
 698      65642063 
 698      68617200 
 699              		.ident	"GCC: (GNU Tools for ARM Embedded Processors) 4.9.3 20150303 (release) [ARM/embedded-4_9-br
