ARM GAS  C:\Users\Tim\AppData\Local\Temp\ccm9qm4d.s 			page 1


   1              		.cpu cortex-m0
   2              		.fpu softvfp
   3              		.eabi_attribute 20, 1
   4              		.eabi_attribute 21, 1
   5              		.eabi_attribute 23, 3
   6              		.eabi_attribute 24, 1
   7              		.eabi_attribute 25, 1
   8              		.eabi_attribute 26, 1
   9              		.eabi_attribute 30, 1
  10              		.eabi_attribute 34, 0
  11              		.eabi_attribute 18, 4
  12              		.code	16
  13              		.file	"debug.c"
  14              		.text
  15              	.Ltext0:
  16              		.cfi_sections	.debug_frame
  17              		.section	.text.Debug_Init,"ax",%progbits
  18              		.align	2
  19              		.global	Debug_Init
  20              		.code	16
  21              		.thumb_func
  22              		.type	Debug_Init, %function
  23              	Debug_Init:
  24              	.LFB36:
  25              		.file 1 "..\\..\\source\\debug.c"
   1:..\..\source/debug.c **** #include "debug.h"
   2:..\..\source/debug.c **** 
   3:..\..\source/debug.c **** void Debug_Init()
   4:..\..\source/debug.c **** {
  26              		.loc 1 4 0
  27              		.cfi_startproc
  28 0000 08B5     		push	{r3, lr}
  29              		.cfi_def_cfa_offset 8
  30              		.cfi_offset 3, -8
  31              		.cfi_offset 14, -4
   5:..\..\source/debug.c ****     memset(formatted_string, 0, sizeof(formatted_string));
  32              		.loc 1 5 0
  33 0002 0348     		ldr	r0, .L2
  34 0004 0021     		mov	r1, #0
  35 0006 8022     		mov	r2, #128
  36 0008 5200     		lsl	r2, r2, #1
  37 000a FFF7FEFF 		bl	memset
  38              	.LVL0:
   6:..\..\source/debug.c **** }
  39              		.loc 1 6 0
  40              		@ sp needed
  41 000e 08BD     		pop	{r3, pc}
  42              	.L3:
  43              		.align	2
  44              	.L2:
  45 0010 00000000 		.word	formatted_string
  46              		.cfi_endproc
  47              	.LFE36:
  48              		.size	Debug_Init, .-Debug_Init
  49              		.section	.text.Debug_Start,"ax",%progbits
  50              		.align	2
  51              		.global	Debug_Start
ARM GAS  C:\Users\Tim\AppData\Local\Temp\ccm9qm4d.s 			page 2


  52              		.code	16
  53              		.thumb_func
  54              		.type	Debug_Start, %function
  55              	Debug_Start:
  56              	.LFB37:
   7:..\..\source/debug.c **** 
   8:..\..\source/debug.c **** void Debug_Start()
   9:..\..\source/debug.c **** {
  57              		.loc 1 9 0
  58              		.cfi_startproc
  59 0000 08B5     		push	{r3, lr}
  60              		.cfi_def_cfa_offset 8
  61              		.cfi_offset 3, -8
  62              		.cfi_offset 14, -4
  10:..\..\source/debug.c **** #ifdef COMMS_DEBUG_ENABLED
  11:..\..\source/debug.c ****     UARTCOMMS_Start();
  63              		.loc 1 11 0
  64 0002 FFF7FEFF 		bl	UARTCOMMS_Start
  65              	.LVL1:
  12:..\..\source/debug.c **** #endif
  13:..\..\source/debug.c **** }...
  66              		.loc 1 13 0
  67              		@ sp needed
  68 0006 08BD     		pop	{r3, pc}
  69              		.cfi_endproc
  70              	.LFE37:
  71              		.size	Debug_Start, .-Debug_Start
  72              		.comm	formatted_string,256,4
  73              		.text
  74              	.Letext0:
  75              		.file 2 "..\\..\\source\\debug.h"
  76              		.file 3 "Generated_Source\\PSoC4/UARTCOMMS.h"
  77              		.section	.debug_info,"",%progbits
  78              	.Ldebug_info0:
  79 0000 1F010000 		.4byte	0x11f
  80 0004 0400     		.2byte	0x4
  81 0006 00000000 		.4byte	.Ldebug_abbrev0
  82 000a 04       		.byte	0x4
  83 000b 01       		.uleb128 0x1
  84 000c 9B000000 		.4byte	.LASF15
  85 0010 01       		.byte	0x1
  86 0011 29010000 		.4byte	.LASF16
  87 0015 1B000000 		.4byte	.LASF17
  88 0019 00000000 		.4byte	.Ldebug_ranges0+0
  89 001d 00000000 		.4byte	0
  90 0021 00000000 		.4byte	.Ldebug_line0
  91 0025 02       		.uleb128 0x2
  92 0026 01       		.byte	0x1
  93 0027 06       		.byte	0x6
  94 0028 80010000 		.4byte	.LASF0
  95 002c 02       		.uleb128 0x2
  96 002d 01       		.byte	0x1
  97 002e 08       		.byte	0x8
  98 002f 3E010000 		.4byte	.LASF1
  99 0033 02       		.uleb128 0x2
 100 0034 02       		.byte	0x2
 101 0035 05       		.byte	0x5
ARM GAS  C:\Users\Tim\AppData\Local\Temp\ccm9qm4d.s 			page 3


 102 0036 A2010000 		.4byte	.LASF2
 103 003a 02       		.uleb128 0x2
 104 003b 02       		.byte	0x2
 105 003c 07       		.byte	0x7
 106 003d 6D010000 		.4byte	.LASF3
 107 0041 02       		.uleb128 0x2
 108 0042 04       		.byte	0x4
 109 0043 05       		.byte	0x5
 110 0044 5D010000 		.4byte	.LASF4
 111 0048 02       		.uleb128 0x2
 112 0049 04       		.byte	0x4
 113 004a 07       		.byte	0x7
 114 004b 61000000 		.4byte	.LASF5
 115 004f 02       		.uleb128 0x2
 116 0050 08       		.byte	0x8
 117 0051 05       		.byte	0x5
 118 0052 00000000 		.4byte	.LASF6
 119 0056 02       		.uleb128 0x2
 120 0057 08       		.byte	0x8
 121 0058 07       		.byte	0x7
 122 0059 73000000 		.4byte	.LASF7
 123 005d 03       		.uleb128 0x3
 124 005e 04       		.byte	0x4
 125 005f 05       		.byte	0x5
 126 0060 696E7400 		.ascii	"int\000"
 127 0064 02       		.uleb128 0x2
 128 0065 04       		.byte	0x4
 129 0066 07       		.byte	0x7
 130 0067 0E000000 		.4byte	.LASF8
 131 006b 02       		.uleb128 0x2
 132 006c 04       		.byte	0x4
 133 006d 04       		.byte	0x4
 134 006e 9C010000 		.4byte	.LASF9
 135 0072 02       		.uleb128 0x2
 136 0073 08       		.byte	0x8
 137 0074 04       		.byte	0x4
 138 0075 66010000 		.4byte	.LASF10
 139 0079 02       		.uleb128 0x2
 140 007a 01       		.byte	0x1
 141 007b 08       		.byte	0x8
 142 007c 58010000 		.4byte	.LASF11
 143 0080 02       		.uleb128 0x2
 144 0081 04       		.byte	0x4
 145 0082 07       		.byte	0x7
 146 0083 B3010000 		.4byte	.LASF12
 147 0087 04       		.uleb128 0x4
 148 0088 04       		.byte	0x4
 149 0089 05       		.uleb128 0x5
 150 008a 56000000 		.4byte	.LASF13
 151 008e 01       		.byte	0x1
 152 008f 03       		.byte	0x3
 153 0090 00000000 		.4byte	.LFB36
 154 0094 14000000 		.4byte	.LFE36-.LFB36
 155 0098 01       		.uleb128 0x1
 156 0099 9C       		.byte	0x9c
 157 009a BE000000 		.4byte	0xbe
 158 009e 06       		.uleb128 0x6
ARM GAS  C:\Users\Tim\AppData\Local\Temp\ccm9qm4d.s 			page 4


 159 009f 0E000000 		.4byte	.LVL0
 160 00a3 FE000000 		.4byte	0xfe
 161 00a7 07       		.uleb128 0x7
 162 00a8 01       		.uleb128 0x1
 163 00a9 52       		.byte	0x52
 164 00aa 03       		.uleb128 0x3
 165 00ab 0A       		.byte	0xa
 166 00ac 0001     		.2byte	0x100
 167 00ae 07       		.uleb128 0x7
 168 00af 01       		.uleb128 0x1
 169 00b0 51       		.byte	0x51
 170 00b1 01       		.uleb128 0x1
 171 00b2 30       		.byte	0x30
 172 00b3 07       		.uleb128 0x7
 173 00b4 01       		.uleb128 0x1
 174 00b5 50       		.byte	0x50
 175 00b6 05       		.uleb128 0x5
 176 00b7 03       		.byte	0x3
 177 00b8 00000000 		.4byte	formatted_string
 178 00bc 00       		.byte	0
 179 00bd 00       		.byte	0
 180 00be 05       		.uleb128 0x5
 181 00bf 4C010000 		.4byte	.LASF14
 182 00c3 01       		.byte	0x1
 183 00c4 08       		.byte	0x8
 184 00c5 00000000 		.4byte	.LFB37
 185 00c9 08000000 		.4byte	.LFE37-.LFB37
 186 00cd 01       		.uleb128 0x1
 187 00ce 9C       		.byte	0x9c
 188 00cf DD000000 		.4byte	0xdd
 189 00d3 08       		.uleb128 0x8
 190 00d4 06000000 		.4byte	.LVL1
 191 00d8 1B010000 		.4byte	0x11b
 192 00dc 00       		.byte	0
 193 00dd 09       		.uleb128 0x9
 194 00de 79000000 		.4byte	0x79
 195 00e2 ED000000 		.4byte	0xed
 196 00e6 0A       		.uleb128 0xa
 197 00e7 80000000 		.4byte	0x80
 198 00eb FF       		.byte	0xff
 199 00ec 00       		.byte	0
 200 00ed 0B       		.uleb128 0xb
 201 00ee 8A000000 		.4byte	.LASF18
 202 00f2 02       		.byte	0x2
 203 00f3 08       		.byte	0x8
 204 00f4 DD000000 		.4byte	0xdd
 205 00f8 05       		.uleb128 0x5
 206 00f9 03       		.byte	0x3
 207 00fa 00000000 		.4byte	formatted_string
 208 00fe 0C       		.uleb128 0xc
 209 00ff AC010000 		.4byte	.LASF19
 210 0103 87000000 		.4byte	0x87
 211 0107 1B010000 		.4byte	0x11b
 212 010b 0D       		.uleb128 0xd
 213 010c 87000000 		.4byte	0x87
 214 0110 0D       		.uleb128 0xd
 215 0111 5D000000 		.4byte	0x5d
ARM GAS  C:\Users\Tim\AppData\Local\Temp\ccm9qm4d.s 			page 5


 216 0115 0D       		.uleb128 0xd
 217 0116 80000000 		.4byte	0x80
 218 011a 00       		.byte	0
 219 011b 0E       		.uleb128 0xe
 220 011c 8C010000 		.4byte	.LASF20
 221 0120 03       		.byte	0x3
 222 0121 68       		.byte	0x68
 223 0122 00       		.byte	0
 224              		.section	.debug_abbrev,"",%progbits
 225              	.Ldebug_abbrev0:
 226 0000 01       		.uleb128 0x1
 227 0001 11       		.uleb128 0x11
 228 0002 01       		.byte	0x1
 229 0003 25       		.uleb128 0x25
 230 0004 0E       		.uleb128 0xe
 231 0005 13       		.uleb128 0x13
 232 0006 0B       		.uleb128 0xb
 233 0007 03       		.uleb128 0x3
 234 0008 0E       		.uleb128 0xe
 235 0009 1B       		.uleb128 0x1b
 236 000a 0E       		.uleb128 0xe
 237 000b 55       		.uleb128 0x55
 238 000c 17       		.uleb128 0x17
 239 000d 11       		.uleb128 0x11
 240 000e 01       		.uleb128 0x1
 241 000f 10       		.uleb128 0x10
 242 0010 17       		.uleb128 0x17
 243 0011 00       		.byte	0
 244 0012 00       		.byte	0
 245 0013 02       		.uleb128 0x2
 246 0014 24       		.uleb128 0x24
 247 0015 00       		.byte	0
 248 0016 0B       		.uleb128 0xb
 249 0017 0B       		.uleb128 0xb
 250 0018 3E       		.uleb128 0x3e
 251 0019 0B       		.uleb128 0xb
 252 001a 03       		.uleb128 0x3
 253 001b 0E       		.uleb128 0xe
 254 001c 00       		.byte	0
 255 001d 00       		.byte	0
 256 001e 03       		.uleb128 0x3
 257 001f 24       		.uleb128 0x24
 258 0020 00       		.byte	0
 259 0021 0B       		.uleb128 0xb
 260 0022 0B       		.uleb128 0xb
 261 0023 3E       		.uleb128 0x3e
 262 0024 0B       		.uleb128 0xb
 263 0025 03       		.uleb128 0x3
 264 0026 08       		.uleb128 0x8
 265 0027 00       		.byte	0
 266 0028 00       		.byte	0
 267 0029 04       		.uleb128 0x4
 268 002a 0F       		.uleb128 0xf
 269 002b 00       		.byte	0
 270 002c 0B       		.uleb128 0xb
 271 002d 0B       		.uleb128 0xb
 272 002e 00       		.byte	0
ARM GAS  C:\Users\Tim\AppData\Local\Temp\ccm9qm4d.s 			page 6


 273 002f 00       		.byte	0
 274 0030 05       		.uleb128 0x5
 275 0031 2E       		.uleb128 0x2e
 276 0032 01       		.byte	0x1
 277 0033 3F       		.uleb128 0x3f
 278 0034 19       		.uleb128 0x19
 279 0035 03       		.uleb128 0x3
 280 0036 0E       		.uleb128 0xe
 281 0037 3A       		.uleb128 0x3a
 282 0038 0B       		.uleb128 0xb
 283 0039 3B       		.uleb128 0x3b
 284 003a 0B       		.uleb128 0xb
 285 003b 11       		.uleb128 0x11
 286 003c 01       		.uleb128 0x1
 287 003d 12       		.uleb128 0x12
 288 003e 06       		.uleb128 0x6
 289 003f 40       		.uleb128 0x40
 290 0040 18       		.uleb128 0x18
 291 0041 9742     		.uleb128 0x2117
 292 0043 19       		.uleb128 0x19
 293 0044 01       		.uleb128 0x1
 294 0045 13       		.uleb128 0x13
 295 0046 00       		.byte	0
 296 0047 00       		.byte	0
 297 0048 06       		.uleb128 0x6
 298 0049 898201   		.uleb128 0x4109
 299 004c 01       		.byte	0x1
 300 004d 11       		.uleb128 0x11
 301 004e 01       		.uleb128 0x1
 302 004f 31       		.uleb128 0x31
 303 0050 13       		.uleb128 0x13
 304 0051 00       		.byte	0
 305 0052 00       		.byte	0
 306 0053 07       		.uleb128 0x7
 307 0054 8A8201   		.uleb128 0x410a
 308 0057 00       		.byte	0
 309 0058 02       		.uleb128 0x2
 310 0059 18       		.uleb128 0x18
 311 005a 9142     		.uleb128 0x2111
 312 005c 18       		.uleb128 0x18
 313 005d 00       		.byte	0
 314 005e 00       		.byte	0
 315 005f 08       		.uleb128 0x8
 316 0060 898201   		.uleb128 0x4109
 317 0063 00       		.byte	0
 318 0064 11       		.uleb128 0x11
 319 0065 01       		.uleb128 0x1
 320 0066 31       		.uleb128 0x31
 321 0067 13       		.uleb128 0x13
 322 0068 00       		.byte	0
 323 0069 00       		.byte	0
 324 006a 09       		.uleb128 0x9
 325 006b 01       		.uleb128 0x1
 326 006c 01       		.byte	0x1
 327 006d 49       		.uleb128 0x49
 328 006e 13       		.uleb128 0x13
 329 006f 01       		.uleb128 0x1
ARM GAS  C:\Users\Tim\AppData\Local\Temp\ccm9qm4d.s 			page 7


 330 0070 13       		.uleb128 0x13
 331 0071 00       		.byte	0
 332 0072 00       		.byte	0
 333 0073 0A       		.uleb128 0xa
 334 0074 21       		.uleb128 0x21
 335 0075 00       		.byte	0
 336 0076 49       		.uleb128 0x49
 337 0077 13       		.uleb128 0x13
 338 0078 2F       		.uleb128 0x2f
 339 0079 0B       		.uleb128 0xb
 340 007a 00       		.byte	0
 341 007b 00       		.byte	0
 342 007c 0B       		.uleb128 0xb
 343 007d 34       		.uleb128 0x34
 344 007e 00       		.byte	0
 345 007f 03       		.uleb128 0x3
 346 0080 0E       		.uleb128 0xe
 347 0081 3A       		.uleb128 0x3a
 348 0082 0B       		.uleb128 0xb
 349 0083 3B       		.uleb128 0x3b
 350 0084 0B       		.uleb128 0xb
 351 0085 49       		.uleb128 0x49
 352 0086 13       		.uleb128 0x13
 353 0087 3F       		.uleb128 0x3f
 354 0088 19       		.uleb128 0x19
 355 0089 02       		.uleb128 0x2
 356 008a 18       		.uleb128 0x18
 357 008b 00       		.byte	0
 358 008c 00       		.byte	0
 359 008d 0C       		.uleb128 0xc
 360 008e 2E       		.uleb128 0x2e
 361 008f 01       		.byte	0x1
 362 0090 3F       		.uleb128 0x3f
 363 0091 19       		.uleb128 0x19
 364 0092 03       		.uleb128 0x3
 365 0093 0E       		.uleb128 0xe
 366 0094 27       		.uleb128 0x27
 367 0095 19       		.uleb128 0x19
 368 0096 49       		.uleb128 0x49
 369 0097 13       		.uleb128 0x13
 370 0098 34       		.uleb128 0x34
 371 0099 19       		.uleb128 0x19
 372 009a 3C       		.uleb128 0x3c
 373 009b 19       		.uleb128 0x19
 374 009c 01       		.uleb128 0x1
 375 009d 13       		.uleb128 0x13
 376 009e 00       		.byte	0
 377 009f 00       		.byte	0
 378 00a0 0D       		.uleb128 0xd
 379 00a1 05       		.uleb128 0x5
 380 00a2 00       		.byte	0
 381 00a3 49       		.uleb128 0x49
 382 00a4 13       		.uleb128 0x13
 383 00a5 00       		.byte	0
 384 00a6 00       		.byte	0
 385 00a7 0E       		.uleb128 0xe
 386 00a8 2E       		.uleb128 0x2e
ARM GAS  C:\Users\Tim\AppData\Local\Temp\ccm9qm4d.s 			page 8


 387 00a9 00       		.byte	0
 388 00aa 3F       		.uleb128 0x3f
 389 00ab 19       		.uleb128 0x19
 390 00ac 03       		.uleb128 0x3
 391 00ad 0E       		.uleb128 0xe
 392 00ae 3A       		.uleb128 0x3a
 393 00af 0B       		.uleb128 0xb
 394 00b0 3B       		.uleb128 0x3b
 395 00b1 0B       		.uleb128 0xb
 396 00b2 27       		.uleb128 0x27
 397 00b3 19       		.uleb128 0x19
 398 00b4 3C       		.uleb128 0x3c
 399 00b5 19       		.uleb128 0x19
 400 00b6 00       		.byte	0
 401 00b7 00       		.byte	0
 402 00b8 00       		.byte	0
 403              		.section	.debug_aranges,"",%progbits
 404 0000 24000000 		.4byte	0x24
 405 0004 0200     		.2byte	0x2
 406 0006 00000000 		.4byte	.Ldebug_info0
 407 000a 04       		.byte	0x4
 408 000b 00       		.byte	0
 409 000c 0000     		.2byte	0
 410 000e 0000     		.2byte	0
 411 0010 00000000 		.4byte	.LFB36
 412 0014 14000000 		.4byte	.LFE36-.LFB36
 413 0018 00000000 		.4byte	.LFB37
 414 001c 08000000 		.4byte	.LFE37-.LFB37
 415 0020 00000000 		.4byte	0
 416 0024 00000000 		.4byte	0
 417              		.section	.debug_ranges,"",%progbits
 418              	.Ldebug_ranges0:
 419 0000 00000000 		.4byte	.LFB36
 420 0004 14000000 		.4byte	.LFE36
 421 0008 00000000 		.4byte	.LFB37
 422 000c 08000000 		.4byte	.LFE37
 423 0010 00000000 		.4byte	0
 424 0014 00000000 		.4byte	0
 425              		.section	.debug_line,"",%progbits
 426              	.Ldebug_line0:
 427 0000 80000000 		.section	.debug_str,"MS",%progbits,1
 427      02005C00 
 427      00000201 
 427      FB0E0D00 
 427      01010101 
 428              	.LASF6:
 429 0000 6C6F6E67 		.ascii	"long long int\000"
 429      206C6F6E 
 429      6720696E 
 429      7400
 430              	.LASF8:
 431 000e 756E7369 		.ascii	"unsigned int\000"
 431      676E6564 
 431      20696E74 
 431      00
 432              	.LASF17:
 433 001b 443A5C70 		.ascii	"D:\\projects\\ArloBot\\arlobot_psoc\\arlobot_base\\"
ARM GAS  C:\Users\Tim\AppData\Local\Temp\ccm9qm4d.s 			page 9


 433      726F6A65 
 433      6374735C 
 433      41726C6F 
 433      426F745C 
 434 0049 626F6172 		.ascii	"board1.cydsn\000"
 434      64312E63 
 434      7964736E 
 434      00
 435              	.LASF13:
 436 0056 44656275 		.ascii	"Debug_Init\000"
 436      675F496E 
 436      697400
 437              	.LASF5:
 438 0061 6C6F6E67 		.ascii	"long unsigned int\000"
 438      20756E73 
 438      69676E65 
 438      6420696E 
 438      7400
 439              	.LASF7:
 440 0073 6C6F6E67 		.ascii	"long long unsigned int\000"
 440      206C6F6E 
 440      6720756E 
 440      7369676E 
 440      65642069 
 441              	.LASF18:
 442 008a 666F726D 		.ascii	"formatted_string\000"
 442      61747465 
 442      645F7374 
 442      72696E67 
 442      00
 443              	.LASF15:
 444 009b 474E5520 		.ascii	"GNU C 4.9.3 20150303 (release) [ARM/embedded-4_9-br"
 444      4320342E 
 444      392E3320 
 444      32303135 
 444      30333033 
 445 00ce 616E6368 		.ascii	"anch revision 221220] -mcpu=cortex-m0 -mthumb -g -O"
 445      20726576 
 445      6973696F 
 445      6E203232 
 445      31323230 
 446 0101 67202D66 		.ascii	"g -ffunction-sections -ffat-lto-objects\000"
 446      66756E63 
 446      74696F6E 
 446      2D736563 
 446      74696F6E 
 447              	.LASF16:
 448 0129 2E2E5C2E 		.ascii	"..\\..\\source\\debug.c\000"
 448      2E5C736F 
 448      75726365 
 448      5C646562 
 448      75672E63 
 449              	.LASF1:
 450 013e 756E7369 		.ascii	"unsigned char\000"
 450      676E6564 
 450      20636861 
 450      7200
ARM GAS  C:\Users\Tim\AppData\Local\Temp\ccm9qm4d.s 			page 10


 451              	.LASF14:
 452 014c 44656275 		.ascii	"Debug_Start\000"
 452      675F5374 
 452      61727400 
 453              	.LASF11:
 454 0158 63686172 		.ascii	"char\000"
 454      00
 455              	.LASF4:
 456 015d 6C6F6E67 		.ascii	"long int\000"
 456      20696E74 
 456      00
 457              	.LASF10:
 458 0166 646F7562 		.ascii	"double\000"
 458      6C6500
 459              	.LASF3:
 460 016d 73686F72 		.ascii	"short unsigned int\000"
 460      7420756E 
 460      7369676E 
 460      65642069 
 460      6E7400
 461              	.LASF0:
 462 0180 7369676E 		.ascii	"signed char\000"
 462      65642063 
 462      68617200 
 463              	.LASF20:
 464 018c 55415254 		.ascii	"UARTCOMMS_Start\000"
 464      434F4D4D 
 464      535F5374 
 464      61727400 
 465              	.LASF9:
 466 019c 666C6F61 		.ascii	"float\000"
 466      7400
 467              	.LASF2:
 468 01a2 73686F72 		.ascii	"short int\000"
 468      7420696E 
 468      7400
 469              	.LASF19:
 470 01ac 6D656D73 		.ascii	"memset\000"
 470      657400
 471              	.LASF12:
 472 01b3 73697A65 		.ascii	"sizetype\000"
 472      74797065 
 472      00
 473              		.ident	"GCC: (GNU Tools for ARM Embedded Processors) 4.9.3 20150303 (release) [ARM/embedded-4_9-br
