ARM GAS  C:\Users\Tim\AppData\Local\Temp\ccsPwBgV.s 			page 1


   1              		.cpu cortex-m0
   2              		.fpu softvfp
   3              		.eabi_attribute 20, 1
   4              		.eabi_attribute 21, 1
   5              		.eabi_attribute 23, 3
   6              		.eabi_attribute 24, 1
   7              		.eabi_attribute 25, 1
   8              		.eabi_attribute 26, 1
   9              		.eabi_attribute 30, 1
  10              		.eabi_attribute 34, 0
  11              		.eabi_attribute 18, 4
  12              		.code	16
  13              		.file	"Encoder_Pins.c"
  14              		.text
  15              	.Ltext0:
  16              		.cfi_sections	.debug_frame
  17              		.section	.text.Encoder_Pins_SetDriveMode,"ax",%progbits
  18              		.align	2
  19              		.global	Encoder_Pins_SetDriveMode
  20              		.code	16
  21              		.thumb_func
  22              		.type	Encoder_Pins_SetDriveMode, %function
  23              	Encoder_Pins_SetDriveMode:
  24              	.LFB0:
  25              		.file 1 ".\\Generated_Source\\PSoC4\\Encoder_Pins.c"
   1:.\Generated_Source\PSoC4/Encoder_Pins.c **** /*******************************************************************************
   2:.\Generated_Source\PSoC4/Encoder_Pins.c **** * File Name: Encoder_Pins.c  
   3:.\Generated_Source\PSoC4/Encoder_Pins.c **** * Version 2.20
   4:.\Generated_Source\PSoC4/Encoder_Pins.c **** *
   5:.\Generated_Source\PSoC4/Encoder_Pins.c **** * Description:
   6:.\Generated_Source\PSoC4/Encoder_Pins.c **** *  This file contains API to enable firmware control of a Pins component.
   7:.\Generated_Source\PSoC4/Encoder_Pins.c **** *
   8:.\Generated_Source\PSoC4/Encoder_Pins.c **** ********************************************************************************
   9:.\Generated_Source\PSoC4/Encoder_Pins.c **** * Copyright 2008-2015, Cypress Semiconductor Corporation.  All rights reserved.
  10:.\Generated_Source\PSoC4/Encoder_Pins.c **** * You may use this file only in accordance with the license, terms, conditions, 
  11:.\Generated_Source\PSoC4/Encoder_Pins.c **** * disclaimers, and limitations in the end user license agreement accompanying 
  12:.\Generated_Source\PSoC4/Encoder_Pins.c **** * the software package with which this file was provided.
  13:.\Generated_Source\PSoC4/Encoder_Pins.c **** *******************************************************************************/
  14:.\Generated_Source\PSoC4/Encoder_Pins.c **** 
  15:.\Generated_Source\PSoC4/Encoder_Pins.c **** #include "cytypes.h"
  16:.\Generated_Source\PSoC4/Encoder_Pins.c **** #include "Encoder_Pins.h"
  17:.\Generated_Source\PSoC4/Encoder_Pins.c **** 
  18:.\Generated_Source\PSoC4/Encoder_Pins.c **** 
  19:.\Generated_Source\PSoC4/Encoder_Pins.c **** #if defined(Encoder_Pins__PC)
  20:.\Generated_Source\PSoC4/Encoder_Pins.c ****     #define Encoder_Pins_SetP4PinDriveMode(shift, mode)  \
  21:.\Generated_Source\PSoC4/Encoder_Pins.c ****     do { \
  22:.\Generated_Source\PSoC4/Encoder_Pins.c ****         Encoder_Pins_PC =   (Encoder_Pins_PC & \
  23:.\Generated_Source\PSoC4/Encoder_Pins.c ****                                 (uint32)(~(uint32)(Encoder_Pins_DRIVE_MODE_IND_MASK << \
  24:.\Generated_Source\PSoC4/Encoder_Pins.c ****                                 (Encoder_Pins_DRIVE_MODE_BITS * (shift))))) | \
  25:.\Generated_Source\PSoC4/Encoder_Pins.c ****                                 (uint32)((uint32)(mode) << \
  26:.\Generated_Source\PSoC4/Encoder_Pins.c ****                                 (Encoder_Pins_DRIVE_MODE_BITS * (shift))); \
  27:.\Generated_Source\PSoC4/Encoder_Pins.c ****     } while (0)
  28:.\Generated_Source\PSoC4/Encoder_Pins.c **** #else
  29:.\Generated_Source\PSoC4/Encoder_Pins.c ****     #if (CY_PSOC4_4200L)
  30:.\Generated_Source\PSoC4/Encoder_Pins.c ****         #define Encoder_Pins_SetP4PinDriveMode(shift, mode)  \
  31:.\Generated_Source\PSoC4/Encoder_Pins.c ****         do { \
  32:.\Generated_Source\PSoC4/Encoder_Pins.c ****             Encoder_Pins_USBIO_CTRL_REG = (Encoder_Pins_USBIO_CTRL_REG & \
ARM GAS  C:\Users\Tim\AppData\Local\Temp\ccsPwBgV.s 			page 2


  33:.\Generated_Source\PSoC4/Encoder_Pins.c ****                                     (uint32)(~(uint32)(Encoder_Pins_DRIVE_MODE_IND_MASK << \
  34:.\Generated_Source\PSoC4/Encoder_Pins.c ****                                     (Encoder_Pins_DRIVE_MODE_BITS * (shift))))) | \
  35:.\Generated_Source\PSoC4/Encoder_Pins.c ****                                     (uint32)((uint32)(mode) << \
  36:.\Generated_Source\PSoC4/Encoder_Pins.c ****                                     (Encoder_Pins_DRIVE_MODE_BITS * (shift))); \
  37:.\Generated_Source\PSoC4/Encoder_Pins.c ****         } while (0)
  38:.\Generated_Source\PSoC4/Encoder_Pins.c ****     #endif
  39:.\Generated_Source\PSoC4/Encoder_Pins.c **** #endif
  40:.\Generated_Source\PSoC4/Encoder_Pins.c ****   
  41:.\Generated_Source\PSoC4/Encoder_Pins.c **** 
  42:.\Generated_Source\PSoC4/Encoder_Pins.c **** #if defined(Encoder_Pins__PC) || (CY_PSOC4_4200L) 
  43:.\Generated_Source\PSoC4/Encoder_Pins.c ****     /*******************************************************************************
  44:.\Generated_Source\PSoC4/Encoder_Pins.c ****     * Function Name: Encoder_Pins_SetDriveMode
  45:.\Generated_Source\PSoC4/Encoder_Pins.c ****     ****************************************************************************//**
  46:.\Generated_Source\PSoC4/Encoder_Pins.c ****     *
  47:.\Generated_Source\PSoC4/Encoder_Pins.c ****     * \brief Sets the drive mode for each of the Pins component's pins.
  48:.\Generated_Source\PSoC4/Encoder_Pins.c ****     * 
  49:.\Generated_Source\PSoC4/Encoder_Pins.c ****     * <b>Note</b> This affects all pins in the Pins component instance. Use the
  50:.\Generated_Source\PSoC4/Encoder_Pins.c ****     * Per-Pin APIs if you wish to control individual pin's drive modes.
  51:.\Generated_Source\PSoC4/Encoder_Pins.c ****     *
  52:.\Generated_Source\PSoC4/Encoder_Pins.c ****     * <b>Note</b> USBIOs have limited drive functionality. Refer to the Drive Mode
  53:.\Generated_Source\PSoC4/Encoder_Pins.c ****     * parameter for more information.
  54:.\Generated_Source\PSoC4/Encoder_Pins.c ****     *
  55:.\Generated_Source\PSoC4/Encoder_Pins.c ****     * \param mode
  56:.\Generated_Source\PSoC4/Encoder_Pins.c ****     *  Mode for the selected signals. Valid options are documented in 
  57:.\Generated_Source\PSoC4/Encoder_Pins.c ****     *  \ref driveMode.
  58:.\Generated_Source\PSoC4/Encoder_Pins.c ****     *
  59:.\Generated_Source\PSoC4/Encoder_Pins.c ****     * \return
  60:.\Generated_Source\PSoC4/Encoder_Pins.c ****     *  None
  61:.\Generated_Source\PSoC4/Encoder_Pins.c ****     *
  62:.\Generated_Source\PSoC4/Encoder_Pins.c ****     * \sideeffect
  63:.\Generated_Source\PSoC4/Encoder_Pins.c ****     *  If you use read-modify-write operations that are not atomic, the ISR can
  64:.\Generated_Source\PSoC4/Encoder_Pins.c ****     *  cause corruption of this function. An ISR that interrupts this function 
  65:.\Generated_Source\PSoC4/Encoder_Pins.c ****     *  and performs writes to the Pins component Drive Mode registers can cause 
  66:.\Generated_Source\PSoC4/Encoder_Pins.c ****     *  corrupted port data. To avoid this issue, you should either use the Per-Pin
  67:.\Generated_Source\PSoC4/Encoder_Pins.c ****     *  APIs (primary method) or disable interrupts around this function.
  68:.\Generated_Source\PSoC4/Encoder_Pins.c ****     *
  69:.\Generated_Source\PSoC4/Encoder_Pins.c ****     * \funcusage
  70:.\Generated_Source\PSoC4/Encoder_Pins.c ****     *  \snippet Encoder_Pins_SUT.c usage_Encoder_Pins_SetDriveMode
  71:.\Generated_Source\PSoC4/Encoder_Pins.c ****     *******************************************************************************/
  72:.\Generated_Source\PSoC4/Encoder_Pins.c ****     void Encoder_Pins_SetDriveMode(uint8 mode)
  73:.\Generated_Source\PSoC4/Encoder_Pins.c ****     {
  26              		.loc 1 73 0
  27              		.cfi_startproc
  28              	.LVL0:
  74:.\Generated_Source\PSoC4/Encoder_Pins.c **** 		Encoder_Pins_SetP4PinDriveMode(Encoder_Pins__0__SHIFT, mode);
  29              		.loc 1 74 0
  30 0000 064B     		ldr	r3, .L2
  31 0002 1968     		ldr	r1, [r3]
  32 0004 064A     		ldr	r2, .L2+4
  33 0006 0A40     		and	r2, r1
  34 0008 0103     		lsl	r1, r0, #12
  35 000a 0A43     		orr	r2, r1
  36 000c 1A60     		str	r2, [r3]
  75:.\Generated_Source\PSoC4/Encoder_Pins.c **** 		Encoder_Pins_SetP4PinDriveMode(Encoder_Pins__1__SHIFT, mode);
  37              		.loc 1 75 0
  38 000e 1968     		ldr	r1, [r3]
  39 0010 044A     		ldr	r2, .L2+8
ARM GAS  C:\Users\Tim\AppData\Local\Temp\ccsPwBgV.s 			page 3


  40 0012 0A40     		and	r2, r1
  41 0014 C003     		lsl	r0, r0, #15
  42              	.LVL1:
  43 0016 1043     		orr	r0, r2
  44 0018 1860     		str	r0, [r3]
  76:.\Generated_Source\PSoC4/Encoder_Pins.c ****     }
  45              		.loc 1 76 0
  46              		@ sp needed
  47 001a 7047     		bx	lr
  48              	.L3:
  49              		.align	2
  50              	.L2:
  51 001c 08030440 		.word	1074004744
  52 0020 FF8FFFFF 		.word	-28673
  53 0024 FF7FFCFF 		.word	-229377
  54              		.cfi_endproc
  55              	.LFE0:
  56              		.size	Encoder_Pins_SetDriveMode, .-Encoder_Pins_SetDriveMode
  57              		.section	.text.Encoder_Pins_Write,"ax",%progbits
  58              		.align	2
  59              		.global	Encoder_Pins_Write
  60              		.code	16
  61              		.thumb_func
  62              		.type	Encoder_Pins_Write, %function
  63              	Encoder_Pins_Write:
  64              	.LFB1:
  77:.\Generated_Source\PSoC4/Encoder_Pins.c **** #endif
  78:.\Generated_Source\PSoC4/Encoder_Pins.c **** 
  79:.\Generated_Source\PSoC4/Encoder_Pins.c **** 
  80:.\Generated_Source\PSoC4/Encoder_Pins.c **** /*******************************************************************************
  81:.\Generated_Source\PSoC4/Encoder_Pins.c **** * Function Name: Encoder_Pins_Write
  82:.\Generated_Source\PSoC4/Encoder_Pins.c **** ****************************************************************************//**
  83:.\Generated_Source\PSoC4/Encoder_Pins.c **** *
  84:.\Generated_Source\PSoC4/Encoder_Pins.c **** * \brief Writes the value to the physical port (data output register), masking
  85:.\Generated_Source\PSoC4/Encoder_Pins.c **** *  and shifting the bits appropriately. 
  86:.\Generated_Source\PSoC4/Encoder_Pins.c **** *
  87:.\Generated_Source\PSoC4/Encoder_Pins.c **** * The data output register controls the signal applied to the physical pin in 
  88:.\Generated_Source\PSoC4/Encoder_Pins.c **** * conjunction with the drive mode parameter. This function avoids changing 
  89:.\Generated_Source\PSoC4/Encoder_Pins.c **** * other bits in the port by using the appropriate method (read-modify-write or
  90:.\Generated_Source\PSoC4/Encoder_Pins.c **** * bit banding).
  91:.\Generated_Source\PSoC4/Encoder_Pins.c **** *
  92:.\Generated_Source\PSoC4/Encoder_Pins.c **** * <b>Note</b> This function should not be used on a hardware digital output pin 
  93:.\Generated_Source\PSoC4/Encoder_Pins.c **** * as it is driven by the hardware signal attached to it.
  94:.\Generated_Source\PSoC4/Encoder_Pins.c **** *
  95:.\Generated_Source\PSoC4/Encoder_Pins.c **** * \param value
  96:.\Generated_Source\PSoC4/Encoder_Pins.c **** *  Value to write to the component instance.
  97:.\Generated_Source\PSoC4/Encoder_Pins.c **** *
  98:.\Generated_Source\PSoC4/Encoder_Pins.c **** * \return 
  99:.\Generated_Source\PSoC4/Encoder_Pins.c **** *  None 
 100:.\Generated_Source\PSoC4/Encoder_Pins.c **** *
 101:.\Generated_Source\PSoC4/Encoder_Pins.c **** * \sideeffect
 102:.\Generated_Source\PSoC4/Encoder_Pins.c **** *  If you use read-modify-write operations that are not atomic; the Interrupt 
 103:.\Generated_Source\PSoC4/Encoder_Pins.c **** *  Service Routines (ISR) can cause corruption of this function. An ISR that 
 104:.\Generated_Source\PSoC4/Encoder_Pins.c **** *  interrupts this function and performs writes to the Pins component data 
 105:.\Generated_Source\PSoC4/Encoder_Pins.c **** *  register can cause corrupted port data. To avoid this issue, you should 
 106:.\Generated_Source\PSoC4/Encoder_Pins.c **** *  either use the Per-Pin APIs (primary method) or disable interrupts around 
 107:.\Generated_Source\PSoC4/Encoder_Pins.c **** *  this function.
ARM GAS  C:\Users\Tim\AppData\Local\Temp\ccsPwBgV.s 			page 4


 108:.\Generated_Source\PSoC4/Encoder_Pins.c **** *
 109:.\Generated_Source\PSoC4/Encoder_Pins.c **** * \funcusage
 110:.\Generated_Source\PSoC4/Encoder_Pins.c **** *  \snippet Encoder_Pins_SUT.c usage_Encoder_Pins_Write
 111:.\Generated_Source\PSoC4/Encoder_Pins.c **** *******************************************************************************/
 112:.\Generated_Source\PSoC4/Encoder_Pins.c **** void Encoder_Pins_Write(uint8 value)
 113:.\Generated_Source\PSoC4/Encoder_Pins.c **** {
  65              		.loc 1 113 0
  66              		.cfi_startproc
  67              	.LVL2:
 114:.\Generated_Source\PSoC4/Encoder_Pins.c ****     uint8 drVal = (uint8)(Encoder_Pins_DR & (uint8)(~Encoder_Pins_MASK));
  68              		.loc 1 114 0
  69 0000 0449     		ldr	r1, .L5
  70 0002 0A68     		ldr	r2, [r1]
  71 0004 CF23     		mov	r3, #207
  72 0006 1A40     		and	r2, r3
  73              	.LVL3:
 115:.\Generated_Source\PSoC4/Encoder_Pins.c ****     drVal = (drVal | ((uint8)(value << Encoder_Pins_SHIFT) & Encoder_Pins_MASK));
  74              		.loc 1 115 0
  75 0008 0001     		lsl	r0, r0, #4
  76              	.LVL4:
  77 000a 9F3B     		sub	r3, r3, #159
  78 000c 1840     		and	r0, r3
  79 000e 1043     		orr	r0, r2
  80              	.LVL5:
 116:.\Generated_Source\PSoC4/Encoder_Pins.c ****     Encoder_Pins_DR = (uint32)drVal;
  81              		.loc 1 116 0
  82 0010 0860     		str	r0, [r1]
 117:.\Generated_Source\PSoC4/Encoder_Pins.c **** }
  83              		.loc 1 117 0
  84              		@ sp needed
  85 0012 7047     		bx	lr
  86              	.L6:
  87              		.align	2
  88              	.L5:
  89 0014 00030440 		.word	1074004736
  90              		.cfi_endproc
  91              	.LFE1:
  92              		.size	Encoder_Pins_Write, .-Encoder_Pins_Write
  93              		.section	.text.Encoder_Pins_Read,"ax",%progbits
  94              		.align	2
  95              		.global	Encoder_Pins_Read
  96              		.code	16
  97              		.thumb_func
  98              		.type	Encoder_Pins_Read, %function
  99              	Encoder_Pins_Read:
 100              	.LFB2:
 118:.\Generated_Source\PSoC4/Encoder_Pins.c **** 
 119:.\Generated_Source\PSoC4/Encoder_Pins.c **** 
 120:.\Generated_Source\PSoC4/Encoder_Pins.c **** /*******************************************************************************
 121:.\Generated_Source\PSoC4/Encoder_Pins.c **** * Function Name: Encoder_Pins_Read
 122:.\Generated_Source\PSoC4/Encoder_Pins.c **** ****************************************************************************//**
 123:.\Generated_Source\PSoC4/Encoder_Pins.c **** *
 124:.\Generated_Source\PSoC4/Encoder_Pins.c **** * \brief Reads the associated physical port (pin status register) and masks 
 125:.\Generated_Source\PSoC4/Encoder_Pins.c **** *  the required bits according to the width and bit position of the component
 126:.\Generated_Source\PSoC4/Encoder_Pins.c **** *  instance. 
 127:.\Generated_Source\PSoC4/Encoder_Pins.c **** *
 128:.\Generated_Source\PSoC4/Encoder_Pins.c **** * The pin's status register returns the current logic level present on the 
ARM GAS  C:\Users\Tim\AppData\Local\Temp\ccsPwBgV.s 			page 5


 129:.\Generated_Source\PSoC4/Encoder_Pins.c **** * physical pin.
 130:.\Generated_Source\PSoC4/Encoder_Pins.c **** *
 131:.\Generated_Source\PSoC4/Encoder_Pins.c **** * \return 
 132:.\Generated_Source\PSoC4/Encoder_Pins.c **** *  The current value for the pins in the component as a right justified number.
 133:.\Generated_Source\PSoC4/Encoder_Pins.c **** *
 134:.\Generated_Source\PSoC4/Encoder_Pins.c **** * \funcusage
 135:.\Generated_Source\PSoC4/Encoder_Pins.c **** *  \snippet Encoder_Pins_SUT.c usage_Encoder_Pins_Read  
 136:.\Generated_Source\PSoC4/Encoder_Pins.c **** *******************************************************************************/
 137:.\Generated_Source\PSoC4/Encoder_Pins.c **** uint8 Encoder_Pins_Read(void)
 138:.\Generated_Source\PSoC4/Encoder_Pins.c **** {
 101              		.loc 1 138 0
 102              		.cfi_startproc
 139:.\Generated_Source\PSoC4/Encoder_Pins.c ****     return (uint8)((Encoder_Pins_PS & Encoder_Pins_MASK) >> Encoder_Pins_SHIFT);
 103              		.loc 1 139 0
 104 0000 024B     		ldr	r3, .L8
 105 0002 1868     		ldr	r0, [r3]
 106 0004 8006     		lsl	r0, r0, #26
 107 0006 800F     		lsr	r0, r0, #30
 140:.\Generated_Source\PSoC4/Encoder_Pins.c **** }
 108              		.loc 1 140 0
 109              		@ sp needed
 110 0008 7047     		bx	lr
 111              	.L9:
 112 000a C046     		.align	2
 113              	.L8:
 114 000c 04030440 		.word	1074004740
 115              		.cfi_endproc
 116              	.LFE2:
 117              		.size	Encoder_Pins_Read, .-Encoder_Pins_Read
 118              		.section	.text.Encoder_Pins_ReadDataReg,"ax",%progbits
 119              		.align	2
 120              		.global	Encoder_Pins_ReadDataReg
 121              		.code	16
 122              		.thumb_func
 123              		.type	Encoder_Pins_ReadDataReg, %function
 124              	Encoder_Pins_ReadDataReg:
 125              	.LFB3:
 141:.\Generated_Source\PSoC4/Encoder_Pins.c **** 
 142:.\Generated_Source\PSoC4/Encoder_Pins.c **** 
 143:.\Generated_Source\PSoC4/Encoder_Pins.c **** /*******************************************************************************
 144:.\Generated_Source\PSoC4/Encoder_Pins.c **** * Function Name: Encoder_Pins_ReadDataReg
 145:.\Generated_Source\PSoC4/Encoder_Pins.c **** ****************************************************************************//**
 146:.\Generated_Source\PSoC4/Encoder_Pins.c **** *
 147:.\Generated_Source\PSoC4/Encoder_Pins.c **** * \brief Reads the associated physical port's data output register and masks 
 148:.\Generated_Source\PSoC4/Encoder_Pins.c **** *  the correct bits according to the width and bit position of the component 
 149:.\Generated_Source\PSoC4/Encoder_Pins.c **** *  instance. 
 150:.\Generated_Source\PSoC4/Encoder_Pins.c **** *
 151:.\Generated_Source\PSoC4/Encoder_Pins.c **** * The data output register controls the signal applied to the physical pin in 
 152:.\Generated_Source\PSoC4/Encoder_Pins.c **** * conjunction with the drive mode parameter. This is not the same as the 
 153:.\Generated_Source\PSoC4/Encoder_Pins.c **** * preferred Encoder_Pins_Read() API because the 
 154:.\Generated_Source\PSoC4/Encoder_Pins.c **** * Encoder_Pins_ReadDataReg() reads the data register instead of the status 
 155:.\Generated_Source\PSoC4/Encoder_Pins.c **** * register. For output pins this is a useful function to determine the value 
 156:.\Generated_Source\PSoC4/Encoder_Pins.c **** * just written to the pin.
 157:.\Generated_Source\PSoC4/Encoder_Pins.c **** *
 158:.\Generated_Source\PSoC4/Encoder_Pins.c **** * \return 
 159:.\Generated_Source\PSoC4/Encoder_Pins.c **** *  The current value of the data register masked and shifted into a right 
 160:.\Generated_Source\PSoC4/Encoder_Pins.c **** *  justified number for the component instance.
ARM GAS  C:\Users\Tim\AppData\Local\Temp\ccsPwBgV.s 			page 6


 161:.\Generated_Source\PSoC4/Encoder_Pins.c **** *
 162:.\Generated_Source\PSoC4/Encoder_Pins.c **** * \funcusage
 163:.\Generated_Source\PSoC4/Encoder_Pins.c **** *  \snippet Encoder_Pins_SUT.c usage_Encoder_Pins_ReadDataReg 
 164:.\Generated_Source\PSoC4/Encoder_Pins.c **** *******************************************************************************/
 165:.\Generated_Source\PSoC4/Encoder_Pins.c **** uint8 Encoder_Pins_ReadDataReg(void)
 166:.\Generated_Source\PSoC4/Encoder_Pins.c **** {
 126              		.loc 1 166 0
 127              		.cfi_startproc
 167:.\Generated_Source\PSoC4/Encoder_Pins.c ****     return (uint8)((Encoder_Pins_DR & Encoder_Pins_MASK) >> Encoder_Pins_SHIFT);
 128              		.loc 1 167 0
 129 0000 024B     		ldr	r3, .L11
 130 0002 1868     		ldr	r0, [r3]
 131 0004 8006     		lsl	r0, r0, #26
 132 0006 800F     		lsr	r0, r0, #30
 168:.\Generated_Source\PSoC4/Encoder_Pins.c **** }
 133              		.loc 1 168 0
 134              		@ sp needed
 135 0008 7047     		bx	lr
 136              	.L12:
 137 000a C046     		.align	2
 138              	.L11:
 139 000c 00030440 		.word	1074004736
 140              		.cfi_endproc
 141              	.LFE3:
 142              		.size	Encoder_Pins_ReadDataReg, .-Encoder_Pins_ReadDataReg
 143              		.section	.text.Encoder_Pins_SetInterruptMode,"ax",%progbits
 144              		.align	2
 145              		.global	Encoder_Pins_SetInterruptMode
 146              		.code	16
 147              		.thumb_func
 148              		.type	Encoder_Pins_SetInterruptMode, %function
 149              	Encoder_Pins_SetInterruptMode:
 150              	.LFB4:
 169:.\Generated_Source\PSoC4/Encoder_Pins.c **** 
 170:.\Generated_Source\PSoC4/Encoder_Pins.c **** 
 171:.\Generated_Source\PSoC4/Encoder_Pins.c **** /*******************************************************************************
 172:.\Generated_Source\PSoC4/Encoder_Pins.c **** * Function Name: Encoder_Pins_SetInterruptMode
 173:.\Generated_Source\PSoC4/Encoder_Pins.c **** ****************************************************************************//**
 174:.\Generated_Source\PSoC4/Encoder_Pins.c **** *
 175:.\Generated_Source\PSoC4/Encoder_Pins.c **** * \brief Configures the interrupt mode for each of the Pins component's
 176:.\Generated_Source\PSoC4/Encoder_Pins.c **** *  pins. Alternatively you may set the interrupt mode for all the pins
 177:.\Generated_Source\PSoC4/Encoder_Pins.c **** *  specified in the Pins component.
 178:.\Generated_Source\PSoC4/Encoder_Pins.c **** *
 179:.\Generated_Source\PSoC4/Encoder_Pins.c **** *  <b>Note</b> The interrupt is port-wide and therefore any enabled pin
 180:.\Generated_Source\PSoC4/Encoder_Pins.c **** *  interrupt may trigger it.
 181:.\Generated_Source\PSoC4/Encoder_Pins.c **** *
 182:.\Generated_Source\PSoC4/Encoder_Pins.c **** * \param position
 183:.\Generated_Source\PSoC4/Encoder_Pins.c **** *  The pin position as listed in the Pins component. You may OR these to be 
 184:.\Generated_Source\PSoC4/Encoder_Pins.c **** *  able to configure the interrupt mode of multiple pins within a Pins 
 185:.\Generated_Source\PSoC4/Encoder_Pins.c **** *  component. Or you may use Encoder_Pins_INTR_ALL to configure the
 186:.\Generated_Source\PSoC4/Encoder_Pins.c **** *  interrupt mode of all the pins in the Pins component.       
 187:.\Generated_Source\PSoC4/Encoder_Pins.c **** *  - Encoder_Pins_0_INTR       (First pin in the list)
 188:.\Generated_Source\PSoC4/Encoder_Pins.c **** *  - Encoder_Pins_1_INTR       (Second pin in the list)
 189:.\Generated_Source\PSoC4/Encoder_Pins.c **** *  - ...
 190:.\Generated_Source\PSoC4/Encoder_Pins.c **** *  - Encoder_Pins_INTR_ALL     (All pins in Pins component)
 191:.\Generated_Source\PSoC4/Encoder_Pins.c **** *
 192:.\Generated_Source\PSoC4/Encoder_Pins.c **** * \param mode
ARM GAS  C:\Users\Tim\AppData\Local\Temp\ccsPwBgV.s 			page 7


 193:.\Generated_Source\PSoC4/Encoder_Pins.c **** *  Interrupt mode for the selected pins. Valid options are documented in
 194:.\Generated_Source\PSoC4/Encoder_Pins.c **** *  \ref intrMode.
 195:.\Generated_Source\PSoC4/Encoder_Pins.c **** *
 196:.\Generated_Source\PSoC4/Encoder_Pins.c **** * \return 
 197:.\Generated_Source\PSoC4/Encoder_Pins.c **** *  None
 198:.\Generated_Source\PSoC4/Encoder_Pins.c **** *  
 199:.\Generated_Source\PSoC4/Encoder_Pins.c **** * \sideeffect
 200:.\Generated_Source\PSoC4/Encoder_Pins.c **** *  It is recommended that the interrupt be disabled before calling this 
 201:.\Generated_Source\PSoC4/Encoder_Pins.c **** *  function to avoid unintended interrupt requests. Note that the interrupt
 202:.\Generated_Source\PSoC4/Encoder_Pins.c **** *  type is port wide, and therefore will trigger for any enabled pin on the 
 203:.\Generated_Source\PSoC4/Encoder_Pins.c **** *  port.
 204:.\Generated_Source\PSoC4/Encoder_Pins.c **** *
 205:.\Generated_Source\PSoC4/Encoder_Pins.c **** * \funcusage
 206:.\Generated_Source\PSoC4/Encoder_Pins.c **** *  \snippet Encoder_Pins_SUT.c usage_Encoder_Pins_SetInterruptMode
 207:.\Generated_Source\PSoC4/Encoder_Pins.c **** *******************************************************************************/
 208:.\Generated_Source\PSoC4/Encoder_Pins.c **** void Encoder_Pins_SetInterruptMode(uint16 position, uint16 mode)
 209:.\Generated_Source\PSoC4/Encoder_Pins.c **** {
 151              		.loc 1 209 0
 152              		.cfi_startproc
 153              	.LVL6:
 210:.\Generated_Source\PSoC4/Encoder_Pins.c ****     uint32 intrCfg;
 211:.\Generated_Source\PSoC4/Encoder_Pins.c ****     
 212:.\Generated_Source\PSoC4/Encoder_Pins.c ****     intrCfg =  Encoder_Pins_INTCFG & (uint32)(~(uint32)position);
 154              		.loc 1 212 0
 155 0000 034A     		ldr	r2, .L14
 156 0002 1368     		ldr	r3, [r2]
 157 0004 8343     		bic	r3, r0
 158              	.LVL7:
 213:.\Generated_Source\PSoC4/Encoder_Pins.c ****     Encoder_Pins_INTCFG = intrCfg | ((uint32)position & (uint32)mode);
 159              		.loc 1 213 0
 160 0006 0140     		and	r1, r0
 161              	.LVL8:
 162 0008 1943     		orr	r1, r3
 163 000a 1160     		str	r1, [r2]
 214:.\Generated_Source\PSoC4/Encoder_Pins.c **** }
 164              		.loc 1 214 0
 165              		@ sp needed
 166 000c 7047     		bx	lr
 167              	.L15:
 168 000e C046     		.align	2
 169              	.L14:
 170 0010 0C030440 		.word	1074004748
 171              		.cfi_endproc
 172              	.LFE4:
 173              		.size	Encoder_Pins_SetInterruptMode, .-Encoder_Pins_SetInterruptMode
 174              		.section	.text.Encoder_Pins_ClearInterrupt,"ax",%progbits
 175              		.align	2
 176              		.global	Encoder_Pins_ClearInterrupt
 177              		.code	16
 178              		.thumb_func
 179              		.type	Encoder_Pins_ClearInterrupt, %function
 180              	Encoder_Pins_ClearInterrupt:
 181              	.LFB5:
 215:.\Generated_Source\PSoC4/Encoder_Pins.c **** 
 216:.\Generated_Source\PSoC4/Encoder_Pins.c **** 
 217:.\Generated_Source\PSoC4/Encoder_Pins.c **** /*******************************************************************************
 218:.\Generated_Source\PSoC4/Encoder_Pins.c **** * Function Name: Encoder_Pins_ClearInterrupt
ARM GAS  C:\Users\Tim\AppData\Local\Temp\ccsPwBgV.s 			page 8


 219:.\Generated_Source\PSoC4/Encoder_Pins.c **** ****************************************************************************//**
 220:.\Generated_Source\PSoC4/Encoder_Pins.c **** *
 221:.\Generated_Source\PSoC4/Encoder_Pins.c **** * \brief Clears any active interrupts attached with the component and returns 
 222:.\Generated_Source\PSoC4/Encoder_Pins.c **** *  the value of the interrupt status register allowing determination of which
 223:.\Generated_Source\PSoC4/Encoder_Pins.c **** *  pins generated an interrupt event.
 224:.\Generated_Source\PSoC4/Encoder_Pins.c **** *
 225:.\Generated_Source\PSoC4/Encoder_Pins.c **** * \return 
 226:.\Generated_Source\PSoC4/Encoder_Pins.c **** *  The right-shifted current value of the interrupt status register. Each pin 
 227:.\Generated_Source\PSoC4/Encoder_Pins.c **** *  has one bit set if it generated an interrupt event. For example, bit 0 is 
 228:.\Generated_Source\PSoC4/Encoder_Pins.c **** *  for pin 0 and bit 1 is for pin 1 of the Pins component.
 229:.\Generated_Source\PSoC4/Encoder_Pins.c **** *  
 230:.\Generated_Source\PSoC4/Encoder_Pins.c **** * \sideeffect
 231:.\Generated_Source\PSoC4/Encoder_Pins.c **** *  Clears all bits of the physical port's interrupt status register, not just
 232:.\Generated_Source\PSoC4/Encoder_Pins.c **** *  those associated with the Pins component.
 233:.\Generated_Source\PSoC4/Encoder_Pins.c **** *
 234:.\Generated_Source\PSoC4/Encoder_Pins.c **** * \funcusage
 235:.\Generated_Source\PSoC4/Encoder_Pins.c **** *  \snippet Encoder_Pins_SUT.c usage_Encoder_Pins_ClearInterrupt
 236:.\Generated_Source\PSoC4/Encoder_Pins.c **** *******************************************************************************/
 237:.\Generated_Source\PSoC4/Encoder_Pins.c **** uint8 Encoder_Pins_ClearInterrupt(void)
 238:.\Generated_Source\PSoC4/Encoder_Pins.c **** {
 182              		.loc 1 238 0
 183              		.cfi_startproc
 239:.\Generated_Source\PSoC4/Encoder_Pins.c **** 	uint8 maskedStatus = (uint8)(Encoder_Pins_INTSTAT & Encoder_Pins_MASK);
 184              		.loc 1 239 0
 185 0000 034A     		ldr	r2, .L17
 186 0002 1068     		ldr	r0, [r2]
 187 0004 3023     		mov	r3, #48
 188 0006 1840     		and	r0, r3
 189              	.LVL9:
 240:.\Generated_Source\PSoC4/Encoder_Pins.c **** 	Encoder_Pins_INTSTAT = maskedStatus;
 190              		.loc 1 240 0
 191 0008 1060     		str	r0, [r2]
 241:.\Generated_Source\PSoC4/Encoder_Pins.c ****     return maskedStatus >> Encoder_Pins_SHIFT;
 192              		.loc 1 241 0
 193 000a 0009     		lsr	r0, r0, #4
 194              	.LVL10:
 242:.\Generated_Source\PSoC4/Encoder_Pins.c **** }
 195              		.loc 1 242 0
 196              		@ sp needed
 197 000c 7047     		bx	lr
 198              	.L18:
 199 000e C046     		.align	2
 200              	.L17:
 201 0010 10030440 		.word	1074004752
 202              		.cfi_endproc
 203              	.LFE5:
 204              		.size	Encoder_Pins_ClearInterrupt, .-Encoder_Pins_ClearInterrupt
 205              		.text
 206              	.Letext0:
 207              		.file 2 ".\\Generated_Source\\PSoC4\\cytypes.h"
 208              		.section	.debug_info,"",%progbits
 209              	.Ldebug_info0:
 210 0000 99010000 		.4byte	0x199
 211 0004 0400     		.2byte	0x4
 212 0006 00000000 		.4byte	.Ldebug_abbrev0
 213 000a 04       		.byte	0x4
 214 000b 01       		.uleb128 0x1
ARM GAS  C:\Users\Tim\AppData\Local\Temp\ccsPwBgV.s 			page 9


 215 000c 1B010000 		.4byte	.LASF28
 216 0010 01       		.byte	0x1
 217 0011 EE010000 		.4byte	.LASF29
 218 0015 A9010000 		.4byte	.LASF30
 219 0019 00000000 		.4byte	.Ldebug_ranges0+0
 220 001d 00000000 		.4byte	0
 221 0021 00000000 		.4byte	.Ldebug_line0
 222 0025 02       		.uleb128 0x2
 223 0026 01       		.byte	0x1
 224 0027 06       		.byte	0x6
 225 0028 25020000 		.4byte	.LASF0
 226 002c 02       		.uleb128 0x2
 227 002d 01       		.byte	0x1
 228 002e 08       		.byte	0x8
 229 002f 3E000000 		.4byte	.LASF1
 230 0033 02       		.uleb128 0x2
 231 0034 02       		.byte	0x2
 232 0035 05       		.byte	0x5
 233 0036 E4010000 		.4byte	.LASF2
 234 003a 02       		.uleb128 0x2
 235 003b 02       		.byte	0x2
 236 003c 07       		.byte	0x7
 237 003d 64000000 		.4byte	.LASF3
 238 0041 02       		.uleb128 0x2
 239 0042 04       		.byte	0x4
 240 0043 05       		.byte	0x5
 241 0044 1C020000 		.4byte	.LASF4
 242 0048 02       		.uleb128 0x2
 243 0049 04       		.byte	0x4
 244 004a 07       		.byte	0x7
 245 004b 52000000 		.4byte	.LASF5
 246 004f 02       		.uleb128 0x2
 247 0050 08       		.byte	0x8
 248 0051 05       		.byte	0x5
 249 0052 E2000000 		.4byte	.LASF6
 250 0056 02       		.uleb128 0x2
 251 0057 08       		.byte	0x8
 252 0058 07       		.byte	0x7
 253 0059 C6000000 		.4byte	.LASF7
 254 005d 03       		.uleb128 0x3
 255 005e 04       		.byte	0x4
 256 005f 05       		.byte	0x5
 257 0060 696E7400 		.ascii	"int\000"
 258 0064 02       		.uleb128 0x2
 259 0065 04       		.byte	0x4
 260 0066 07       		.byte	0x7
 261 0067 B9000000 		.4byte	.LASF8
 262 006b 04       		.uleb128 0x4
 263 006c 16020000 		.4byte	.LASF9
 264 0070 02       		.byte	0x2
 265 0071 3801     		.2byte	0x138
 266 0073 2C000000 		.4byte	0x2c
 267 0077 04       		.uleb128 0x4
 268 0078 9A000000 		.4byte	.LASF10
 269 007c 02       		.byte	0x2
 270 007d 3901     		.2byte	0x139
 271 007f 3A000000 		.4byte	0x3a
ARM GAS  C:\Users\Tim\AppData\Local\Temp\ccsPwBgV.s 			page 10


 272 0083 04       		.uleb128 0x4
 273 0084 AA000000 		.4byte	.LASF11
 274 0088 02       		.byte	0x2
 275 0089 3A01     		.2byte	0x13a
 276 008b 48000000 		.4byte	0x48
 277 008f 02       		.uleb128 0x2
 278 0090 04       		.byte	0x4
 279 0091 04       		.byte	0x4
 280 0092 1E000000 		.4byte	.LASF12
 281 0096 02       		.uleb128 0x2
 282 0097 08       		.byte	0x8
 283 0098 04       		.byte	0x4
 284 0099 93000000 		.4byte	.LASF13
 285 009d 02       		.uleb128 0x2
 286 009e 01       		.byte	0x1
 287 009f 08       		.byte	0x8
 288 00a0 16010000 		.4byte	.LASF14
 289 00a4 04       		.uleb128 0x4
 290 00a5 00000000 		.4byte	.LASF15
 291 00a9 02       		.byte	0x2
 292 00aa E401     		.2byte	0x1e4
 293 00ac B0000000 		.4byte	0xb0
 294 00b0 05       		.uleb128 0x5
 295 00b1 83000000 		.4byte	0x83
 296 00b5 06       		.uleb128 0x6
 297 00b6 24000000 		.4byte	.LASF16
 298 00ba 01       		.byte	0x1
 299 00bb 48       		.byte	0x48
 300 00bc 00000000 		.4byte	.LFB0
 301 00c0 28000000 		.4byte	.LFE0-.LFB0
 302 00c4 01       		.uleb128 0x1
 303 00c5 9C       		.byte	0x9c
 304 00c6 DA000000 		.4byte	0xda
 305 00ca 07       		.uleb128 0x7
 306 00cb DD000000 		.4byte	.LASF18
 307 00cf 01       		.byte	0x1
 308 00d0 48       		.byte	0x48
 309 00d1 6B000000 		.4byte	0x6b
 310 00d5 00000000 		.4byte	.LLST0
 311 00d9 00       		.byte	0
 312 00da 06       		.uleb128 0x6
 313 00db 4F020000 		.4byte	.LASF17
 314 00df 01       		.byte	0x1
 315 00e0 70       		.byte	0x70
 316 00e1 00000000 		.4byte	.LFB1
 317 00e5 18000000 		.4byte	.LFE1-.LFB1
 318 00e9 01       		.uleb128 0x1
 319 00ea 9C       		.byte	0x9c
 320 00eb 0E010000 		.4byte	0x10e
 321 00ef 07       		.uleb128 0x7
 322 00f0 06000000 		.4byte	.LASF19
 323 00f4 01       		.byte	0x1
 324 00f5 70       		.byte	0x70
 325 00f6 6B000000 		.4byte	0x6b
 326 00fa 21000000 		.4byte	.LLST1
 327 00fe 08       		.uleb128 0x8
 328 00ff 4C000000 		.4byte	.LASF24
ARM GAS  C:\Users\Tim\AppData\Local\Temp\ccsPwBgV.s 			page 11


 329 0103 01       		.byte	0x1
 330 0104 72       		.byte	0x72
 331 0105 6B000000 		.4byte	0x6b
 332 0109 42000000 		.4byte	.LLST2
 333 010d 00       		.byte	0
 334 010e 09       		.uleb128 0x9
 335 010f 0C000000 		.4byte	.LASF20
 336 0113 01       		.byte	0x1
 337 0114 89       		.byte	0x89
 338 0115 6B000000 		.4byte	0x6b
 339 0119 00000000 		.4byte	.LFB2
 340 011d 10000000 		.4byte	.LFE2-.LFB2
 341 0121 01       		.uleb128 0x1
 342 0122 9C       		.byte	0x9c
 343 0123 09       		.uleb128 0x9
 344 0124 F0000000 		.4byte	.LASF21
 345 0128 01       		.byte	0x1
 346 0129 A5       		.byte	0xa5
 347 012a 6B000000 		.4byte	0x6b
 348 012e 00000000 		.4byte	.LFB3
 349 0132 10000000 		.4byte	.LFE3-.LFB3
 350 0136 01       		.uleb128 0x1
 351 0137 9C       		.byte	0x9c
 352 0138 06       		.uleb128 0x6
 353 0139 31020000 		.4byte	.LASF22
 354 013d 01       		.byte	0x1
 355 013e D0       		.byte	0xd0
 356 013f 00000000 		.4byte	.LFB4
 357 0143 14000000 		.4byte	.LFE4-.LFB4
 358 0147 01       		.uleb128 0x1
 359 0148 9C       		.byte	0x9c
 360 0149 77010000 		.4byte	0x177
 361 014d 0A       		.uleb128 0xa
 362 014e A1000000 		.4byte	.LASF23
 363 0152 01       		.byte	0x1
 364 0153 D0       		.byte	0xd0
 365 0154 77000000 		.4byte	0x77
 366 0158 01       		.uleb128 0x1
 367 0159 50       		.byte	0x50
 368 015a 07       		.uleb128 0x7
 369 015b DD000000 		.4byte	.LASF18
 370 015f 01       		.byte	0x1
 371 0160 D0       		.byte	0xd0
 372 0161 77000000 		.4byte	0x77
 373 0165 60000000 		.4byte	.LLST3
 374 0169 0B       		.uleb128 0xb
 375 016a B1000000 		.4byte	.LASF25
 376 016e 01       		.byte	0x1
 377 016f D2       		.byte	0xd2
 378 0170 83000000 		.4byte	0x83
 379 0174 01       		.uleb128 0x1
 380 0175 53       		.byte	0x53
 381 0176 00       		.byte	0
 382 0177 0C       		.uleb128 0xc
 383 0178 77000000 		.4byte	.LASF26
 384 017c 01       		.byte	0x1
 385 017d ED       		.byte	0xed
ARM GAS  C:\Users\Tim\AppData\Local\Temp\ccsPwBgV.s 			page 12


 386 017e 6B000000 		.4byte	0x6b
 387 0182 00000000 		.4byte	.LFB5
 388 0186 14000000 		.4byte	.LFE5-.LFB5
 389 018a 01       		.uleb128 0x1
 390 018b 9C       		.byte	0x9c
 391 018c 08       		.uleb128 0x8
 392 018d 09010000 		.4byte	.LASF27
 393 0191 01       		.byte	0x1
 394 0192 EF       		.byte	0xef
 395 0193 6B000000 		.4byte	0x6b
 396 0197 81000000 		.4byte	.LLST4
 397 019b 00       		.byte	0
 398 019c 00       		.byte	0
 399              		.section	.debug_abbrev,"",%progbits
 400              	.Ldebug_abbrev0:
 401 0000 01       		.uleb128 0x1
 402 0001 11       		.uleb128 0x11
 403 0002 01       		.byte	0x1
 404 0003 25       		.uleb128 0x25
 405 0004 0E       		.uleb128 0xe
 406 0005 13       		.uleb128 0x13
 407 0006 0B       		.uleb128 0xb
 408 0007 03       		.uleb128 0x3
 409 0008 0E       		.uleb128 0xe
 410 0009 1B       		.uleb128 0x1b
 411 000a 0E       		.uleb128 0xe
 412 000b 55       		.uleb128 0x55
 413 000c 17       		.uleb128 0x17
 414 000d 11       		.uleb128 0x11
 415 000e 01       		.uleb128 0x1
 416 000f 10       		.uleb128 0x10
 417 0010 17       		.uleb128 0x17
 418 0011 00       		.byte	0
 419 0012 00       		.byte	0
 420 0013 02       		.uleb128 0x2
 421 0014 24       		.uleb128 0x24
 422 0015 00       		.byte	0
 423 0016 0B       		.uleb128 0xb
 424 0017 0B       		.uleb128 0xb
 425 0018 3E       		.uleb128 0x3e
 426 0019 0B       		.uleb128 0xb
 427 001a 03       		.uleb128 0x3
 428 001b 0E       		.uleb128 0xe
 429 001c 00       		.byte	0
 430 001d 00       		.byte	0
 431 001e 03       		.uleb128 0x3
 432 001f 24       		.uleb128 0x24
 433 0020 00       		.byte	0
 434 0021 0B       		.uleb128 0xb
 435 0022 0B       		.uleb128 0xb
 436 0023 3E       		.uleb128 0x3e
 437 0024 0B       		.uleb128 0xb
 438 0025 03       		.uleb128 0x3
 439 0026 08       		.uleb128 0x8
 440 0027 00       		.byte	0
 441 0028 00       		.byte	0
 442 0029 04       		.uleb128 0x4
ARM GAS  C:\Users\Tim\AppData\Local\Temp\ccsPwBgV.s 			page 13


 443 002a 16       		.uleb128 0x16
 444 002b 00       		.byte	0
 445 002c 03       		.uleb128 0x3
 446 002d 0E       		.uleb128 0xe
 447 002e 3A       		.uleb128 0x3a
 448 002f 0B       		.uleb128 0xb
 449 0030 3B       		.uleb128 0x3b
 450 0031 05       		.uleb128 0x5
 451 0032 49       		.uleb128 0x49
 452 0033 13       		.uleb128 0x13
 453 0034 00       		.byte	0
 454 0035 00       		.byte	0
 455 0036 05       		.uleb128 0x5
 456 0037 35       		.uleb128 0x35
 457 0038 00       		.byte	0
 458 0039 49       		.uleb128 0x49
 459 003a 13       		.uleb128 0x13
 460 003b 00       		.byte	0
 461 003c 00       		.byte	0
 462 003d 06       		.uleb128 0x6
 463 003e 2E       		.uleb128 0x2e
 464 003f 01       		.byte	0x1
 465 0040 3F       		.uleb128 0x3f
 466 0041 19       		.uleb128 0x19
 467 0042 03       		.uleb128 0x3
 468 0043 0E       		.uleb128 0xe
 469 0044 3A       		.uleb128 0x3a
 470 0045 0B       		.uleb128 0xb
 471 0046 3B       		.uleb128 0x3b
 472 0047 0B       		.uleb128 0xb
 473 0048 27       		.uleb128 0x27
 474 0049 19       		.uleb128 0x19
 475 004a 11       		.uleb128 0x11
 476 004b 01       		.uleb128 0x1
 477 004c 12       		.uleb128 0x12
 478 004d 06       		.uleb128 0x6
 479 004e 40       		.uleb128 0x40
 480 004f 18       		.uleb128 0x18
 481 0050 9742     		.uleb128 0x2117
 482 0052 19       		.uleb128 0x19
 483 0053 01       		.uleb128 0x1
 484 0054 13       		.uleb128 0x13
 485 0055 00       		.byte	0
 486 0056 00       		.byte	0
 487 0057 07       		.uleb128 0x7
 488 0058 05       		.uleb128 0x5
 489 0059 00       		.byte	0
 490 005a 03       		.uleb128 0x3
 491 005b 0E       		.uleb128 0xe
 492 005c 3A       		.uleb128 0x3a
 493 005d 0B       		.uleb128 0xb
 494 005e 3B       		.uleb128 0x3b
 495 005f 0B       		.uleb128 0xb
 496 0060 49       		.uleb128 0x49
 497 0061 13       		.uleb128 0x13
 498 0062 02       		.uleb128 0x2
 499 0063 17       		.uleb128 0x17
ARM GAS  C:\Users\Tim\AppData\Local\Temp\ccsPwBgV.s 			page 14


 500 0064 00       		.byte	0
 501 0065 00       		.byte	0
 502 0066 08       		.uleb128 0x8
 503 0067 34       		.uleb128 0x34
 504 0068 00       		.byte	0
 505 0069 03       		.uleb128 0x3
 506 006a 0E       		.uleb128 0xe
 507 006b 3A       		.uleb128 0x3a
 508 006c 0B       		.uleb128 0xb
 509 006d 3B       		.uleb128 0x3b
 510 006e 0B       		.uleb128 0xb
 511 006f 49       		.uleb128 0x49
 512 0070 13       		.uleb128 0x13
 513 0071 02       		.uleb128 0x2
 514 0072 17       		.uleb128 0x17
 515 0073 00       		.byte	0
 516 0074 00       		.byte	0
 517 0075 09       		.uleb128 0x9
 518 0076 2E       		.uleb128 0x2e
 519 0077 00       		.byte	0
 520 0078 3F       		.uleb128 0x3f
 521 0079 19       		.uleb128 0x19
 522 007a 03       		.uleb128 0x3
 523 007b 0E       		.uleb128 0xe
 524 007c 3A       		.uleb128 0x3a
 525 007d 0B       		.uleb128 0xb
 526 007e 3B       		.uleb128 0x3b
 527 007f 0B       		.uleb128 0xb
 528 0080 27       		.uleb128 0x27
 529 0081 19       		.uleb128 0x19
 530 0082 49       		.uleb128 0x49
 531 0083 13       		.uleb128 0x13
 532 0084 11       		.uleb128 0x11
 533 0085 01       		.uleb128 0x1
 534 0086 12       		.uleb128 0x12
 535 0087 06       		.uleb128 0x6
 536 0088 40       		.uleb128 0x40
 537 0089 18       		.uleb128 0x18
 538 008a 9742     		.uleb128 0x2117
 539 008c 19       		.uleb128 0x19
 540 008d 00       		.byte	0
 541 008e 00       		.byte	0
 542 008f 0A       		.uleb128 0xa
 543 0090 05       		.uleb128 0x5
 544 0091 00       		.byte	0
 545 0092 03       		.uleb128 0x3
 546 0093 0E       		.uleb128 0xe
 547 0094 3A       		.uleb128 0x3a
 548 0095 0B       		.uleb128 0xb
 549 0096 3B       		.uleb128 0x3b
 550 0097 0B       		.uleb128 0xb
 551 0098 49       		.uleb128 0x49
 552 0099 13       		.uleb128 0x13
 553 009a 02       		.uleb128 0x2
 554 009b 18       		.uleb128 0x18
 555 009c 00       		.byte	0
 556 009d 00       		.byte	0
ARM GAS  C:\Users\Tim\AppData\Local\Temp\ccsPwBgV.s 			page 15


 557 009e 0B       		.uleb128 0xb
 558 009f 34       		.uleb128 0x34
 559 00a0 00       		.byte	0
 560 00a1 03       		.uleb128 0x3
 561 00a2 0E       		.uleb128 0xe
 562 00a3 3A       		.uleb128 0x3a
 563 00a4 0B       		.uleb128 0xb
 564 00a5 3B       		.uleb128 0x3b
 565 00a6 0B       		.uleb128 0xb
 566 00a7 49       		.uleb128 0x49
 567 00a8 13       		.uleb128 0x13
 568 00a9 02       		.uleb128 0x2
 569 00aa 18       		.uleb128 0x18
 570 00ab 00       		.byte	0
 571 00ac 00       		.byte	0
 572 00ad 0C       		.uleb128 0xc
 573 00ae 2E       		.uleb128 0x2e
 574 00af 01       		.byte	0x1
 575 00b0 3F       		.uleb128 0x3f
 576 00b1 19       		.uleb128 0x19
 577 00b2 03       		.uleb128 0x3
 578 00b3 0E       		.uleb128 0xe
 579 00b4 3A       		.uleb128 0x3a
 580 00b5 0B       		.uleb128 0xb
 581 00b6 3B       		.uleb128 0x3b
 582 00b7 0B       		.uleb128 0xb
 583 00b8 27       		.uleb128 0x27
 584 00b9 19       		.uleb128 0x19
 585 00ba 49       		.uleb128 0x49
 586 00bb 13       		.uleb128 0x13
 587 00bc 11       		.uleb128 0x11
 588 00bd 01       		.uleb128 0x1
 589 00be 12       		.uleb128 0x12
 590 00bf 06       		.uleb128 0x6
 591 00c0 40       		.uleb128 0x40
 592 00c1 18       		.uleb128 0x18
 593 00c2 9742     		.uleb128 0x2117
 594 00c4 19       		.uleb128 0x19
 595 00c5 00       		.byte	0
 596 00c6 00       		.byte	0
 597 00c7 00       		.byte	0
 598              		.section	.debug_loc,"",%progbits
 599              	.Ldebug_loc0:
 600              	.LLST0:
 601 0000 00000000 		.4byte	.LVL0
 602 0004 16000000 		.4byte	.LVL1
 603 0008 0100     		.2byte	0x1
 604 000a 50       		.byte	0x50
 605 000b 16000000 		.4byte	.LVL1
 606 000f 28000000 		.4byte	.LFE0
 607 0013 0400     		.2byte	0x4
 608 0015 F3       		.byte	0xf3
 609 0016 01       		.uleb128 0x1
 610 0017 50       		.byte	0x50
 611 0018 9F       		.byte	0x9f
 612 0019 00000000 		.4byte	0
 613 001d 00000000 		.4byte	0
ARM GAS  C:\Users\Tim\AppData\Local\Temp\ccsPwBgV.s 			page 16


 614              	.LLST1:
 615 0021 00000000 		.4byte	.LVL2
 616 0025 0A000000 		.4byte	.LVL4
 617 0029 0100     		.2byte	0x1
 618 002b 50       		.byte	0x50
 619 002c 0A000000 		.4byte	.LVL4
 620 0030 18000000 		.4byte	.LFE1
 621 0034 0400     		.2byte	0x4
 622 0036 F3       		.byte	0xf3
 623 0037 01       		.uleb128 0x1
 624 0038 50       		.byte	0x50
 625 0039 9F       		.byte	0x9f
 626 003a 00000000 		.4byte	0
 627 003e 00000000 		.4byte	0
 628              	.LLST2:
 629 0042 08000000 		.4byte	.LVL3
 630 0046 10000000 		.4byte	.LVL5
 631 004a 0100     		.2byte	0x1
 632 004c 52       		.byte	0x52
 633 004d 10000000 		.4byte	.LVL5
 634 0051 18000000 		.4byte	.LFE1
 635 0055 0100     		.2byte	0x1
 636 0057 50       		.byte	0x50
 637 0058 00000000 		.4byte	0
 638 005c 00000000 		.4byte	0
 639              	.LLST3:
 640 0060 00000000 		.4byte	.LVL6
 641 0064 08000000 		.4byte	.LVL8
 642 0068 0100     		.2byte	0x1
 643 006a 51       		.byte	0x51
 644 006b 08000000 		.4byte	.LVL8
 645 006f 14000000 		.4byte	.LFE4
 646 0073 0400     		.2byte	0x4
 647 0075 F3       		.byte	0xf3
 648 0076 01       		.uleb128 0x1
 649 0077 51       		.byte	0x51
 650 0078 9F       		.byte	0x9f
 651 0079 00000000 		.4byte	0
 652 007d 00000000 		.4byte	0
 653              	.LLST4:
 654 0081 08000000 		.4byte	.LVL9
 655 0085 0C000000 		.4byte	.LVL10
 656 0089 0100     		.2byte	0x1
 657 008b 50       		.byte	0x50
 658 008c 0C000000 		.4byte	.LVL10
 659 0090 14000000 		.4byte	.LFE5
 660 0094 0400     		.2byte	0x4
 661 0096 72       		.byte	0x72
 662 0097 00       		.sleb128 0
 663 0098 06       		.byte	0x6
 664 0099 9F       		.byte	0x9f
 665 009a 00000000 		.4byte	0
 666 009e 00000000 		.4byte	0
 667              		.section	.debug_aranges,"",%progbits
 668 0000 44000000 		.4byte	0x44
 669 0004 0200     		.2byte	0x2
 670 0006 00000000 		.4byte	.Ldebug_info0
ARM GAS  C:\Users\Tim\AppData\Local\Temp\ccsPwBgV.s 			page 17


 671 000a 04       		.byte	0x4
 672 000b 00       		.byte	0
 673 000c 0000     		.2byte	0
 674 000e 0000     		.2byte	0
 675 0010 00000000 		.4byte	.LFB0
 676 0014 28000000 		.4byte	.LFE0-.LFB0
 677 0018 00000000 		.4byte	.LFB1
 678 001c 18000000 		.4byte	.LFE1-.LFB1
 679 0020 00000000 		.4byte	.LFB2
 680 0024 10000000 		.4byte	.LFE2-.LFB2
 681 0028 00000000 		.4byte	.LFB3
 682 002c 10000000 		.4byte	.LFE3-.LFB3
 683 0030 00000000 		.4byte	.LFB4
 684 0034 14000000 		.4byte	.LFE4-.LFB4
 685 0038 00000000 		.4byte	.LFB5
 686 003c 14000000 		.4byte	.LFE5-.LFB5
 687 0040 00000000 		.4byte	0
 688 0044 00000000 		.4byte	0
 689              		.section	.debug_ranges,"",%progbits
 690              	.Ldebug_ranges0:
 691 0000 00000000 		.4byte	.LFB0
 692 0004 28000000 		.4byte	.LFE0
 693 0008 00000000 		.4byte	.LFB1
 694 000c 18000000 		.4byte	.LFE1
 695 0010 00000000 		.4byte	.LFB2
 696 0014 10000000 		.4byte	.LFE2
 697 0018 00000000 		.4byte	.LFB3
 698 001c 10000000 		.4byte	.LFE3
 699 0020 00000000 		.4byte	.LFB4
 700 0024 14000000 		.4byte	.LFE4
 701 0028 00000000 		.4byte	.LFB5
 702 002c 14000000 		.4byte	.LFE5
 703 0030 00000000 		.4byte	0
 704 0034 00000000 		.4byte	0
 705              		.section	.debug_line,"",%progbits
 706              	.Ldebug_line0:
 707 0000 C3000000 		.section	.debug_str,"MS",%progbits,1
 707      02004B00 
 707      00000201 
 707      FB0E0D00 
 707      01010101 
 708              	.LASF15:
 709 0000 72656733 		.ascii	"reg32\000"
 709      3200
 710              	.LASF19:
 711 0006 76616C75 		.ascii	"value\000"
 711      6500
 712              	.LASF20:
 713 000c 456E636F 		.ascii	"Encoder_Pins_Read\000"
 713      6465725F 
 713      50696E73 
 713      5F526561 
 713      6400
 714              	.LASF12:
 715 001e 666C6F61 		.ascii	"float\000"
 715      7400
 716              	.LASF16:
ARM GAS  C:\Users\Tim\AppData\Local\Temp\ccsPwBgV.s 			page 18


 717 0024 456E636F 		.ascii	"Encoder_Pins_SetDriveMode\000"
 717      6465725F 
 717      50696E73 
 717      5F536574 
 717      44726976 
 718              	.LASF1:
 719 003e 756E7369 		.ascii	"unsigned char\000"
 719      676E6564 
 719      20636861 
 719      7200
 720              	.LASF24:
 721 004c 64725661 		.ascii	"drVal\000"
 721      6C00
 722              	.LASF5:
 723 0052 6C6F6E67 		.ascii	"long unsigned int\000"
 723      20756E73 
 723      69676E65 
 723      6420696E 
 723      7400
 724              	.LASF3:
 725 0064 73686F72 		.ascii	"short unsigned int\000"
 725      7420756E 
 725      7369676E 
 725      65642069 
 725      6E7400
 726              	.LASF26:
 727 0077 456E636F 		.ascii	"Encoder_Pins_ClearInterrupt\000"
 727      6465725F 
 727      50696E73 
 727      5F436C65 
 727      6172496E 
 728              	.LASF13:
 729 0093 646F7562 		.ascii	"double\000"
 729      6C6500
 730              	.LASF10:
 731 009a 75696E74 		.ascii	"uint16\000"
 731      313600
 732              	.LASF23:
 733 00a1 706F7369 		.ascii	"position\000"
 733      74696F6E 
 733      00
 734              	.LASF11:
 735 00aa 75696E74 		.ascii	"uint32\000"
 735      333200
 736              	.LASF25:
 737 00b1 696E7472 		.ascii	"intrCfg\000"
 737      43666700 
 738              	.LASF8:
 739 00b9 756E7369 		.ascii	"unsigned int\000"
 739      676E6564 
 739      20696E74 
 739      00
 740              	.LASF7:
 741 00c6 6C6F6E67 		.ascii	"long long unsigned int\000"
 741      206C6F6E 
 741      6720756E 
 741      7369676E 
ARM GAS  C:\Users\Tim\AppData\Local\Temp\ccsPwBgV.s 			page 19


 741      65642069 
 742              	.LASF18:
 743 00dd 6D6F6465 		.ascii	"mode\000"
 743      00
 744              	.LASF6:
 745 00e2 6C6F6E67 		.ascii	"long long int\000"
 745      206C6F6E 
 745      6720696E 
 745      7400
 746              	.LASF21:
 747 00f0 456E636F 		.ascii	"Encoder_Pins_ReadDataReg\000"
 747      6465725F 
 747      50696E73 
 747      5F526561 
 747      64446174 
 748              	.LASF27:
 749 0109 6D61736B 		.ascii	"maskedStatus\000"
 749      65645374 
 749      61747573 
 749      00
 750              	.LASF14:
 751 0116 63686172 		.ascii	"char\000"
 751      00
 752              	.LASF28:
 753 011b 474E5520 		.ascii	"GNU C 4.9.3 20150303 (release) [ARM/embedded-4_9-br"
 753      4320342E 
 753      392E3320 
 753      32303135 
 753      30333033 
 754 014e 616E6368 		.ascii	"anch revision 221220] -mcpu=cortex-m0 -mthumb -g -O"
 754      20726576 
 754      6973696F 
 754      6E203232 
 754      31323230 
 755 0181 67202D66 		.ascii	"g -ffunction-sections -ffat-lto-objects\000"
 755      66756E63 
 755      74696F6E 
 755      2D736563 
 755      74696F6E 
 756              	.LASF30:
 757 01a9 443A5C70 		.ascii	"D:\\projects\\ArloBot\\arlobot_psoc\\arlobot_base\\"
 757      726F6A65 
 757      6374735C 
 757      41726C6F 
 757      426F745C 
 758 01d7 626F6172 		.ascii	"board1.cydsn\000"
 758      64312E63 
 758      7964736E 
 758      00
 759              	.LASF2:
 760 01e4 73686F72 		.ascii	"short int\000"
 760      7420696E 
 760      7400
 761              	.LASF29:
 762 01ee 2E5C4765 		.ascii	".\\Generated_Source\\PSoC4\\Encoder_Pins.c\000"
 762      6E657261 
 762      7465645F 
ARM GAS  C:\Users\Tim\AppData\Local\Temp\ccsPwBgV.s 			page 20


 762      536F7572 
 762      63655C50 
 763              	.LASF9:
 764 0216 75696E74 		.ascii	"uint8\000"
 764      3800
 765              	.LASF4:
 766 021c 6C6F6E67 		.ascii	"long int\000"
 766      20696E74 
 766      00
 767              	.LASF0:
 768 0225 7369676E 		.ascii	"signed char\000"
 768      65642063 
 768      68617200 
 769              	.LASF22:
 770 0231 456E636F 		.ascii	"Encoder_Pins_SetInterruptMode\000"
 770      6465725F 
 770      50696E73 
 770      5F536574 
 770      496E7465 
 771              	.LASF17:
 772 024f 456E636F 		.ascii	"Encoder_Pins_Write\000"
 772      6465725F 
 772      50696E73 
 772      5F577269 
 772      746500
 773              		.ident	"GCC: (GNU Tools for ARM Embedded Processors) 4.9.3 20150303 (release) [ARM/embedded-4_9-br
