ARM GAS  C:\Users\Tim\AppData\Local\Temp\ccKsthAj.s 			page 1


   1              		.cpu cortex-m0
   2              		.fpu softvfp
   3              		.eabi_attribute 20, 1
   4              		.eabi_attribute 21, 1
   5              		.eabi_attribute 23, 3
   6              		.eabi_attribute 24, 1
   7              		.eabi_attribute 25, 1
   8              		.eabi_attribute 26, 1
   9              		.eabi_attribute 30, 1
  10              		.eabi_attribute 34, 0
  11              		.eabi_attribute 18, 4
  12              		.code	16
  13              		.file	"EZI2C.c"
  14              		.text
  15              	.Ltext0:
  16              		.cfi_sections	.debug_frame
  17              		.section	.text.EZI2C_ScbEnableIntr,"ax",%progbits
  18              		.align	2
  19              		.code	16
  20              		.thumb_func
  21              		.type	EZI2C_ScbEnableIntr, %function
  22              	EZI2C_ScbEnableIntr:
  23              	.LFB8:
  24              		.file 1 ".\\Generated_Source\\PSoC4\\EZI2C.c"
   1:.\Generated_Source\PSoC4/EZI2C.c **** /*******************************************************************************
   2:.\Generated_Source\PSoC4/EZI2C.c **** * File Name: EZI2C.c
   3:.\Generated_Source\PSoC4/EZI2C.c **** * Version 3.10
   4:.\Generated_Source\PSoC4/EZI2C.c **** *
   5:.\Generated_Source\PSoC4/EZI2C.c **** * Description:
   6:.\Generated_Source\PSoC4/EZI2C.c **** *  This file provides the source code to the API for the SCB Component.
   7:.\Generated_Source\PSoC4/EZI2C.c **** *
   8:.\Generated_Source\PSoC4/EZI2C.c **** * Note:
   9:.\Generated_Source\PSoC4/EZI2C.c **** *
  10:.\Generated_Source\PSoC4/EZI2C.c **** *******************************************************************************
  11:.\Generated_Source\PSoC4/EZI2C.c **** * Copyright 2013-2015, Cypress Semiconductor Corporation.  All rights reserved.
  12:.\Generated_Source\PSoC4/EZI2C.c **** * You may use this file only in accordance with the license, terms, conditions,
  13:.\Generated_Source\PSoC4/EZI2C.c **** * disclaimers, and limitations in the end user license agreement accompanying
  14:.\Generated_Source\PSoC4/EZI2C.c **** * the software package with which this file was provided.
  15:.\Generated_Source\PSoC4/EZI2C.c **** *******************************************************************************/
  16:.\Generated_Source\PSoC4/EZI2C.c **** 
  17:.\Generated_Source\PSoC4/EZI2C.c **** #include "EZI2C_PVT.h"
  18:.\Generated_Source\PSoC4/EZI2C.c **** 
  19:.\Generated_Source\PSoC4/EZI2C.c **** #if (EZI2C_SCB_MODE_I2C_INC)
  20:.\Generated_Source\PSoC4/EZI2C.c ****     #include "EZI2C_I2C_PVT.h"
  21:.\Generated_Source\PSoC4/EZI2C.c **** #endif /* (EZI2C_SCB_MODE_I2C_INC) */
  22:.\Generated_Source\PSoC4/EZI2C.c **** 
  23:.\Generated_Source\PSoC4/EZI2C.c **** #if (EZI2C_SCB_MODE_EZI2C_INC)
  24:.\Generated_Source\PSoC4/EZI2C.c ****     #include "EZI2C_EZI2C_PVT.h"
  25:.\Generated_Source\PSoC4/EZI2C.c **** #endif /* (EZI2C_SCB_MODE_EZI2C_INC) */
  26:.\Generated_Source\PSoC4/EZI2C.c **** 
  27:.\Generated_Source\PSoC4/EZI2C.c **** #if (EZI2C_SCB_MODE_SPI_INC || EZI2C_SCB_MODE_UART_INC)
  28:.\Generated_Source\PSoC4/EZI2C.c ****     #include "EZI2C_SPI_UART_PVT.h"
  29:.\Generated_Source\PSoC4/EZI2C.c **** #endif /* (EZI2C_SCB_MODE_SPI_INC || EZI2C_SCB_MODE_UART_INC) */
  30:.\Generated_Source\PSoC4/EZI2C.c **** 
  31:.\Generated_Source\PSoC4/EZI2C.c **** 
  32:.\Generated_Source\PSoC4/EZI2C.c **** /***************************************
  33:.\Generated_Source\PSoC4/EZI2C.c **** *    Run Time Configuration Vars
ARM GAS  C:\Users\Tim\AppData\Local\Temp\ccKsthAj.s 			page 2


  34:.\Generated_Source\PSoC4/EZI2C.c **** ***************************************/
  35:.\Generated_Source\PSoC4/EZI2C.c **** 
  36:.\Generated_Source\PSoC4/EZI2C.c **** /* Stores internal component configuration for Unconfigured mode */
  37:.\Generated_Source\PSoC4/EZI2C.c **** #if (EZI2C_SCB_MODE_UNCONFIG_CONST_CFG)
  38:.\Generated_Source\PSoC4/EZI2C.c ****     /* Common configuration variables */
  39:.\Generated_Source\PSoC4/EZI2C.c ****     uint8 EZI2C_scbMode = EZI2C_SCB_MODE_UNCONFIG;
  40:.\Generated_Source\PSoC4/EZI2C.c ****     uint8 EZI2C_scbEnableWake;
  41:.\Generated_Source\PSoC4/EZI2C.c ****     uint8 EZI2C_scbEnableIntr;
  42:.\Generated_Source\PSoC4/EZI2C.c **** 
  43:.\Generated_Source\PSoC4/EZI2C.c ****     /* I2C configuration variables */
  44:.\Generated_Source\PSoC4/EZI2C.c ****     uint8 EZI2C_mode;
  45:.\Generated_Source\PSoC4/EZI2C.c ****     uint8 EZI2C_acceptAddr;
  46:.\Generated_Source\PSoC4/EZI2C.c **** 
  47:.\Generated_Source\PSoC4/EZI2C.c ****     /* SPI/UART configuration variables */
  48:.\Generated_Source\PSoC4/EZI2C.c ****     volatile uint8 * EZI2C_rxBuffer;
  49:.\Generated_Source\PSoC4/EZI2C.c ****     uint8  EZI2C_rxDataBits;
  50:.\Generated_Source\PSoC4/EZI2C.c ****     uint32 EZI2C_rxBufferSize;
  51:.\Generated_Source\PSoC4/EZI2C.c **** 
  52:.\Generated_Source\PSoC4/EZI2C.c ****     volatile uint8 * EZI2C_txBuffer;
  53:.\Generated_Source\PSoC4/EZI2C.c ****     uint8  EZI2C_txDataBits;
  54:.\Generated_Source\PSoC4/EZI2C.c ****     uint32 EZI2C_txBufferSize;
  55:.\Generated_Source\PSoC4/EZI2C.c **** 
  56:.\Generated_Source\PSoC4/EZI2C.c ****     /* EZI2C configuration variables */
  57:.\Generated_Source\PSoC4/EZI2C.c ****     uint8 EZI2C_numberOfAddr;
  58:.\Generated_Source\PSoC4/EZI2C.c ****     uint8 EZI2C_subAddrSize;
  59:.\Generated_Source\PSoC4/EZI2C.c **** #endif /* (EZI2C_SCB_MODE_UNCONFIG_CONST_CFG) */
  60:.\Generated_Source\PSoC4/EZI2C.c **** 
  61:.\Generated_Source\PSoC4/EZI2C.c **** 
  62:.\Generated_Source\PSoC4/EZI2C.c **** /***************************************
  63:.\Generated_Source\PSoC4/EZI2C.c **** *     Common SCB Vars
  64:.\Generated_Source\PSoC4/EZI2C.c **** ***************************************/
  65:.\Generated_Source\PSoC4/EZI2C.c **** 
  66:.\Generated_Source\PSoC4/EZI2C.c **** uint8 EZI2C_initVar = 0u;
  67:.\Generated_Source\PSoC4/EZI2C.c **** 
  68:.\Generated_Source\PSoC4/EZI2C.c **** #if (EZI2C_SCB_IRQ_INTERNAL)
  69:.\Generated_Source\PSoC4/EZI2C.c **** #if !defined (CY_REMOVE_EZI2C_CUSTOM_INTR_HANDLER)
  70:.\Generated_Source\PSoC4/EZI2C.c ****     void (*EZI2C_customIntrHandler)(void) = NULL;
  71:.\Generated_Source\PSoC4/EZI2C.c **** #endif /* !defined (CY_REMOVE_EZI2C_CUSTOM_INTR_HANDLER) */
  72:.\Generated_Source\PSoC4/EZI2C.c **** #endif /* (EZI2C_SCB_IRQ_INTERNAL) */
  73:.\Generated_Source\PSoC4/EZI2C.c **** 
  74:.\Generated_Source\PSoC4/EZI2C.c **** 
  75:.\Generated_Source\PSoC4/EZI2C.c **** /***************************************
  76:.\Generated_Source\PSoC4/EZI2C.c **** *    Private Function Prototypes
  77:.\Generated_Source\PSoC4/EZI2C.c **** ***************************************/
  78:.\Generated_Source\PSoC4/EZI2C.c **** 
  79:.\Generated_Source\PSoC4/EZI2C.c **** static void EZI2C_ScbEnableIntr(void);
  80:.\Generated_Source\PSoC4/EZI2C.c **** static void EZI2C_ScbModeStop(void);
  81:.\Generated_Source\PSoC4/EZI2C.c **** static void EZI2C_ScbModePostEnable(void);
  82:.\Generated_Source\PSoC4/EZI2C.c **** 
  83:.\Generated_Source\PSoC4/EZI2C.c **** 
  84:.\Generated_Source\PSoC4/EZI2C.c **** /*******************************************************************************
  85:.\Generated_Source\PSoC4/EZI2C.c **** * Function Name: EZI2C_Init
  86:.\Generated_Source\PSoC4/EZI2C.c **** ********************************************************************************
  87:.\Generated_Source\PSoC4/EZI2C.c **** *
  88:.\Generated_Source\PSoC4/EZI2C.c **** * Summary:
  89:.\Generated_Source\PSoC4/EZI2C.c **** *  Initializes the SCB component to operate in one of the selected
  90:.\Generated_Source\PSoC4/EZI2C.c **** *  configurations: I2C, SPI, UART or EZI2C.
ARM GAS  C:\Users\Tim\AppData\Local\Temp\ccKsthAj.s 			page 3


  91:.\Generated_Source\PSoC4/EZI2C.c **** *  When the configuration is set to "Unconfigured SCB", this function does
  92:.\Generated_Source\PSoC4/EZI2C.c **** *  not do any initialization. Use mode-specific initialization APIs instead:
  93:.\Generated_Source\PSoC4/EZI2C.c **** *  SCB_I2CInit, SCB_SpiInit, SCB_UartInit or SCB_EzI2CInit.
  94:.\Generated_Source\PSoC4/EZI2C.c **** *
  95:.\Generated_Source\PSoC4/EZI2C.c **** * Parameters:
  96:.\Generated_Source\PSoC4/EZI2C.c **** *  None
  97:.\Generated_Source\PSoC4/EZI2C.c **** *
  98:.\Generated_Source\PSoC4/EZI2C.c **** * Return:
  99:.\Generated_Source\PSoC4/EZI2C.c **** *  None
 100:.\Generated_Source\PSoC4/EZI2C.c **** *
 101:.\Generated_Source\PSoC4/EZI2C.c **** *******************************************************************************/
 102:.\Generated_Source\PSoC4/EZI2C.c **** void EZI2C_Init(void)
 103:.\Generated_Source\PSoC4/EZI2C.c **** {
 104:.\Generated_Source\PSoC4/EZI2C.c **** #if (EZI2C_SCB_MODE_UNCONFIG_CONST_CFG)
 105:.\Generated_Source\PSoC4/EZI2C.c ****     if (EZI2C_SCB_MODE_UNCONFIG_RUNTM_CFG)
 106:.\Generated_Source\PSoC4/EZI2C.c ****     {
 107:.\Generated_Source\PSoC4/EZI2C.c ****         EZI2C_initVar = 0u;
 108:.\Generated_Source\PSoC4/EZI2C.c ****     }
 109:.\Generated_Source\PSoC4/EZI2C.c ****     else
 110:.\Generated_Source\PSoC4/EZI2C.c ****     {
 111:.\Generated_Source\PSoC4/EZI2C.c ****         /* Initialization was done before this function call */
 112:.\Generated_Source\PSoC4/EZI2C.c ****     }
 113:.\Generated_Source\PSoC4/EZI2C.c **** 
 114:.\Generated_Source\PSoC4/EZI2C.c **** #elif (EZI2C_SCB_MODE_I2C_CONST_CFG)
 115:.\Generated_Source\PSoC4/EZI2C.c ****     EZI2C_I2CInit();
 116:.\Generated_Source\PSoC4/EZI2C.c **** 
 117:.\Generated_Source\PSoC4/EZI2C.c **** #elif (EZI2C_SCB_MODE_SPI_CONST_CFG)
 118:.\Generated_Source\PSoC4/EZI2C.c ****     EZI2C_SpiInit();
 119:.\Generated_Source\PSoC4/EZI2C.c **** 
 120:.\Generated_Source\PSoC4/EZI2C.c **** #elif (EZI2C_SCB_MODE_UART_CONST_CFG)
 121:.\Generated_Source\PSoC4/EZI2C.c ****     EZI2C_UartInit();
 122:.\Generated_Source\PSoC4/EZI2C.c **** 
 123:.\Generated_Source\PSoC4/EZI2C.c **** #elif (EZI2C_SCB_MODE_EZI2C_CONST_CFG)
 124:.\Generated_Source\PSoC4/EZI2C.c ****     EZI2C_EzI2CInit();
 125:.\Generated_Source\PSoC4/EZI2C.c **** 
 126:.\Generated_Source\PSoC4/EZI2C.c **** #endif /* (EZI2C_SCB_MODE_UNCONFIG_CONST_CFG) */
 127:.\Generated_Source\PSoC4/EZI2C.c **** }
 128:.\Generated_Source\PSoC4/EZI2C.c **** 
 129:.\Generated_Source\PSoC4/EZI2C.c **** 
 130:.\Generated_Source\PSoC4/EZI2C.c **** /*******************************************************************************
 131:.\Generated_Source\PSoC4/EZI2C.c **** * Function Name: EZI2C_Enable
 132:.\Generated_Source\PSoC4/EZI2C.c **** ********************************************************************************
 133:.\Generated_Source\PSoC4/EZI2C.c **** *
 134:.\Generated_Source\PSoC4/EZI2C.c **** * Summary:
 135:.\Generated_Source\PSoC4/EZI2C.c **** *  Enables the SCB component operation.
 136:.\Generated_Source\PSoC4/EZI2C.c **** *  The SCB configuration should be not changed when the component is enabled.
 137:.\Generated_Source\PSoC4/EZI2C.c **** *  Any configuration changes should be made after disabling the component.
 138:.\Generated_Source\PSoC4/EZI2C.c **** *
 139:.\Generated_Source\PSoC4/EZI2C.c **** * Parameters:
 140:.\Generated_Source\PSoC4/EZI2C.c **** *  None
 141:.\Generated_Source\PSoC4/EZI2C.c **** *
 142:.\Generated_Source\PSoC4/EZI2C.c **** * Return:
 143:.\Generated_Source\PSoC4/EZI2C.c **** *  None
 144:.\Generated_Source\PSoC4/EZI2C.c **** *
 145:.\Generated_Source\PSoC4/EZI2C.c **** *******************************************************************************/
 146:.\Generated_Source\PSoC4/EZI2C.c **** void EZI2C_Enable(void)
 147:.\Generated_Source\PSoC4/EZI2C.c **** {
ARM GAS  C:\Users\Tim\AppData\Local\Temp\ccKsthAj.s 			page 4


 148:.\Generated_Source\PSoC4/EZI2C.c **** #if (EZI2C_SCB_MODE_UNCONFIG_CONST_CFG)
 149:.\Generated_Source\PSoC4/EZI2C.c ****     /* Enable SCB block, only if it is already configured */
 150:.\Generated_Source\PSoC4/EZI2C.c ****     if (!EZI2C_SCB_MODE_UNCONFIG_RUNTM_CFG)
 151:.\Generated_Source\PSoC4/EZI2C.c ****     {
 152:.\Generated_Source\PSoC4/EZI2C.c ****         EZI2C_CTRL_REG |= EZI2C_CTRL_ENABLED;
 153:.\Generated_Source\PSoC4/EZI2C.c **** 
 154:.\Generated_Source\PSoC4/EZI2C.c ****         EZI2C_ScbEnableIntr();
 155:.\Generated_Source\PSoC4/EZI2C.c **** 
 156:.\Generated_Source\PSoC4/EZI2C.c ****         /* Call PostEnable function specific to current operation mode */
 157:.\Generated_Source\PSoC4/EZI2C.c ****         EZI2C_ScbModePostEnable();
 158:.\Generated_Source\PSoC4/EZI2C.c ****     }
 159:.\Generated_Source\PSoC4/EZI2C.c **** #else
 160:.\Generated_Source\PSoC4/EZI2C.c ****     EZI2C_CTRL_REG |= EZI2C_CTRL_ENABLED;
 161:.\Generated_Source\PSoC4/EZI2C.c **** 
 162:.\Generated_Source\PSoC4/EZI2C.c ****     EZI2C_ScbEnableIntr();
 163:.\Generated_Source\PSoC4/EZI2C.c **** 
 164:.\Generated_Source\PSoC4/EZI2C.c ****     /* Call PostEnable function specific to current operation mode */
 165:.\Generated_Source\PSoC4/EZI2C.c ****     EZI2C_ScbModePostEnable();
 166:.\Generated_Source\PSoC4/EZI2C.c **** #endif /* (EZI2C_SCB_MODE_UNCONFIG_CONST_CFG) */
 167:.\Generated_Source\PSoC4/EZI2C.c **** }
 168:.\Generated_Source\PSoC4/EZI2C.c **** 
 169:.\Generated_Source\PSoC4/EZI2C.c **** 
 170:.\Generated_Source\PSoC4/EZI2C.c **** /*******************************************************************************
 171:.\Generated_Source\PSoC4/EZI2C.c **** * Function Name: EZI2C_Start
 172:.\Generated_Source\PSoC4/EZI2C.c **** ********************************************************************************
 173:.\Generated_Source\PSoC4/EZI2C.c **** *
 174:.\Generated_Source\PSoC4/EZI2C.c **** * Summary:
 175:.\Generated_Source\PSoC4/EZI2C.c **** *  Invokes SCB_Init() and SCB_Enable().
 176:.\Generated_Source\PSoC4/EZI2C.c **** *  After this function call, the component is enabled and ready for operation.
 177:.\Generated_Source\PSoC4/EZI2C.c **** *  When configuration is set to "Unconfigured SCB", the component must first be
 178:.\Generated_Source\PSoC4/EZI2C.c **** *  initialized to operate in one of the following configurations: I2C, SPI, UART
 179:.\Generated_Source\PSoC4/EZI2C.c **** *  or EZ I2C. Otherwise this function does not enable the component.
 180:.\Generated_Source\PSoC4/EZI2C.c **** *
 181:.\Generated_Source\PSoC4/EZI2C.c **** * Parameters:
 182:.\Generated_Source\PSoC4/EZI2C.c **** *  None
 183:.\Generated_Source\PSoC4/EZI2C.c **** *
 184:.\Generated_Source\PSoC4/EZI2C.c **** * Return:
 185:.\Generated_Source\PSoC4/EZI2C.c **** *  None
 186:.\Generated_Source\PSoC4/EZI2C.c **** *
 187:.\Generated_Source\PSoC4/EZI2C.c **** * Global variables:
 188:.\Generated_Source\PSoC4/EZI2C.c **** *  EZI2C_initVar - used to check initial configuration, modified
 189:.\Generated_Source\PSoC4/EZI2C.c **** *  on first function call.
 190:.\Generated_Source\PSoC4/EZI2C.c **** *
 191:.\Generated_Source\PSoC4/EZI2C.c **** *******************************************************************************/
 192:.\Generated_Source\PSoC4/EZI2C.c **** void EZI2C_Start(void)
 193:.\Generated_Source\PSoC4/EZI2C.c **** {
 194:.\Generated_Source\PSoC4/EZI2C.c ****     if (0u == EZI2C_initVar)
 195:.\Generated_Source\PSoC4/EZI2C.c ****     {
 196:.\Generated_Source\PSoC4/EZI2C.c ****         EZI2C_Init();
 197:.\Generated_Source\PSoC4/EZI2C.c ****         EZI2C_initVar = 1u; /* Component was initialized */
 198:.\Generated_Source\PSoC4/EZI2C.c ****     }
 199:.\Generated_Source\PSoC4/EZI2C.c **** 
 200:.\Generated_Source\PSoC4/EZI2C.c ****     EZI2C_Enable();
 201:.\Generated_Source\PSoC4/EZI2C.c **** }
 202:.\Generated_Source\PSoC4/EZI2C.c **** 
 203:.\Generated_Source\PSoC4/EZI2C.c **** 
 204:.\Generated_Source\PSoC4/EZI2C.c **** /*******************************************************************************
ARM GAS  C:\Users\Tim\AppData\Local\Temp\ccKsthAj.s 			page 5


 205:.\Generated_Source\PSoC4/EZI2C.c **** * Function Name: EZI2C_Stop
 206:.\Generated_Source\PSoC4/EZI2C.c **** ********************************************************************************
 207:.\Generated_Source\PSoC4/EZI2C.c **** *
 208:.\Generated_Source\PSoC4/EZI2C.c **** * Summary:
 209:.\Generated_Source\PSoC4/EZI2C.c **** *  Disables the SCB component and its interrupt.
 210:.\Generated_Source\PSoC4/EZI2C.c **** *  It also disables all TX interrupt sources so as not to cause an unexpected
 211:.\Generated_Source\PSoC4/EZI2C.c **** *  interrupt trigger because after the component is enabled, the TX FIFO 
 212:.\Generated_Source\PSoC4/EZI2C.c **** *  is empty.
 213:.\Generated_Source\PSoC4/EZI2C.c **** *
 214:.\Generated_Source\PSoC4/EZI2C.c **** * Parameters:
 215:.\Generated_Source\PSoC4/EZI2C.c **** *  None
 216:.\Generated_Source\PSoC4/EZI2C.c **** *
 217:.\Generated_Source\PSoC4/EZI2C.c **** * Return:
 218:.\Generated_Source\PSoC4/EZI2C.c **** *  None
 219:.\Generated_Source\PSoC4/EZI2C.c **** * 
 220:.\Generated_Source\PSoC4/EZI2C.c **** *******************************************************************************/
 221:.\Generated_Source\PSoC4/EZI2C.c **** void EZI2C_Stop(void)
 222:.\Generated_Source\PSoC4/EZI2C.c **** {
 223:.\Generated_Source\PSoC4/EZI2C.c **** #if (EZI2C_SCB_IRQ_INTERNAL)
 224:.\Generated_Source\PSoC4/EZI2C.c ****     EZI2C_DisableInt();
 225:.\Generated_Source\PSoC4/EZI2C.c **** #endif /* (EZI2C_SCB_IRQ_INTERNAL) */
 226:.\Generated_Source\PSoC4/EZI2C.c **** 
 227:.\Generated_Source\PSoC4/EZI2C.c ****     /* Call Stop function specific to current operation mode */
 228:.\Generated_Source\PSoC4/EZI2C.c ****     EZI2C_ScbModeStop();
 229:.\Generated_Source\PSoC4/EZI2C.c **** 
 230:.\Generated_Source\PSoC4/EZI2C.c ****     /* Disable SCB IP */
 231:.\Generated_Source\PSoC4/EZI2C.c ****     EZI2C_CTRL_REG &= (uint32) ~EZI2C_CTRL_ENABLED;
 232:.\Generated_Source\PSoC4/EZI2C.c **** 
 233:.\Generated_Source\PSoC4/EZI2C.c ****     /* Disable all TX interrupt sources so as not to cause an unexpected
 234:.\Generated_Source\PSoC4/EZI2C.c ****     * interrupt trigger because after the component is enabled, the TX FIFO
 235:.\Generated_Source\PSoC4/EZI2C.c ****     * is empty.
 236:.\Generated_Source\PSoC4/EZI2C.c ****     * For SCB IP v0, it is critical as it does not mask-out interrupt
 237:.\Generated_Source\PSoC4/EZI2C.c ****     * sources when they are disabled. This can cause a code lock-up in the
 238:.\Generated_Source\PSoC4/EZI2C.c ****     * interrupt handler because TX FIFO cannot be loaded after the block
 239:.\Generated_Source\PSoC4/EZI2C.c ****     * is disabled.
 240:.\Generated_Source\PSoC4/EZI2C.c ****     */
 241:.\Generated_Source\PSoC4/EZI2C.c ****     EZI2C_SetTxInterruptMode(EZI2C_NO_INTR_SOURCES);
 242:.\Generated_Source\PSoC4/EZI2C.c **** 
 243:.\Generated_Source\PSoC4/EZI2C.c **** #if (EZI2C_SCB_IRQ_INTERNAL)
 244:.\Generated_Source\PSoC4/EZI2C.c ****     EZI2C_ClearPendingInt();
 245:.\Generated_Source\PSoC4/EZI2C.c **** #endif /* (EZI2C_SCB_IRQ_INTERNAL) */
 246:.\Generated_Source\PSoC4/EZI2C.c **** }
 247:.\Generated_Source\PSoC4/EZI2C.c **** 
 248:.\Generated_Source\PSoC4/EZI2C.c **** 
 249:.\Generated_Source\PSoC4/EZI2C.c **** /*******************************************************************************
 250:.\Generated_Source\PSoC4/EZI2C.c **** * Function Name: EZI2C_SetRxFifoLevel
 251:.\Generated_Source\PSoC4/EZI2C.c **** ********************************************************************************
 252:.\Generated_Source\PSoC4/EZI2C.c **** *
 253:.\Generated_Source\PSoC4/EZI2C.c **** * Summary:
 254:.\Generated_Source\PSoC4/EZI2C.c **** *  Sets level in the RX FIFO to generate a RX level interrupt.
 255:.\Generated_Source\PSoC4/EZI2C.c **** *  When the RX FIFO has more entries than the RX FIFO level an RX level
 256:.\Generated_Source\PSoC4/EZI2C.c **** *  interrupt request is generated.
 257:.\Generated_Source\PSoC4/EZI2C.c **** *
 258:.\Generated_Source\PSoC4/EZI2C.c **** * Parameters:
 259:.\Generated_Source\PSoC4/EZI2C.c **** *  level: Level in the RX FIFO to generate RX level interrupt.
 260:.\Generated_Source\PSoC4/EZI2C.c **** *         The range of valid level values is between 0 and RX FIFO depth - 1.
 261:.\Generated_Source\PSoC4/EZI2C.c **** *
ARM GAS  C:\Users\Tim\AppData\Local\Temp\ccKsthAj.s 			page 6


 262:.\Generated_Source\PSoC4/EZI2C.c **** * Return:
 263:.\Generated_Source\PSoC4/EZI2C.c **** *  None
 264:.\Generated_Source\PSoC4/EZI2C.c **** *
 265:.\Generated_Source\PSoC4/EZI2C.c **** *******************************************************************************/
 266:.\Generated_Source\PSoC4/EZI2C.c **** void EZI2C_SetRxFifoLevel(uint32 level)
 267:.\Generated_Source\PSoC4/EZI2C.c **** {
 268:.\Generated_Source\PSoC4/EZI2C.c ****     uint32 rxFifoCtrl;
 269:.\Generated_Source\PSoC4/EZI2C.c **** 
 270:.\Generated_Source\PSoC4/EZI2C.c ****     rxFifoCtrl = EZI2C_RX_FIFO_CTRL_REG;
 271:.\Generated_Source\PSoC4/EZI2C.c **** 
 272:.\Generated_Source\PSoC4/EZI2C.c ****     rxFifoCtrl &= ((uint32) ~EZI2C_RX_FIFO_CTRL_TRIGGER_LEVEL_MASK); /* Clear level mask bits */
 273:.\Generated_Source\PSoC4/EZI2C.c ****     rxFifoCtrl |= ((uint32) (EZI2C_RX_FIFO_CTRL_TRIGGER_LEVEL_MASK & level));
 274:.\Generated_Source\PSoC4/EZI2C.c **** 
 275:.\Generated_Source\PSoC4/EZI2C.c ****     EZI2C_RX_FIFO_CTRL_REG = rxFifoCtrl;
 276:.\Generated_Source\PSoC4/EZI2C.c **** }
 277:.\Generated_Source\PSoC4/EZI2C.c **** 
 278:.\Generated_Source\PSoC4/EZI2C.c **** 
 279:.\Generated_Source\PSoC4/EZI2C.c **** /*******************************************************************************
 280:.\Generated_Source\PSoC4/EZI2C.c **** * Function Name: EZI2C_SetTxFifoLevel
 281:.\Generated_Source\PSoC4/EZI2C.c **** ********************************************************************************
 282:.\Generated_Source\PSoC4/EZI2C.c **** *
 283:.\Generated_Source\PSoC4/EZI2C.c **** * Summary:
 284:.\Generated_Source\PSoC4/EZI2C.c **** *  Sets level in the TX FIFO to generate a TX level interrupt.
 285:.\Generated_Source\PSoC4/EZI2C.c **** *  When the TX FIFO has more entries than the TX FIFO level an TX level
 286:.\Generated_Source\PSoC4/EZI2C.c **** *  interrupt request is generated.
 287:.\Generated_Source\PSoC4/EZI2C.c **** *
 288:.\Generated_Source\PSoC4/EZI2C.c **** * Parameters:
 289:.\Generated_Source\PSoC4/EZI2C.c **** *  level: Level in the TX FIFO to generate TX level interrupt.
 290:.\Generated_Source\PSoC4/EZI2C.c **** *         The range of valid level values is between 0 and TX FIFO depth - 1.
 291:.\Generated_Source\PSoC4/EZI2C.c **** *
 292:.\Generated_Source\PSoC4/EZI2C.c **** * Return:
 293:.\Generated_Source\PSoC4/EZI2C.c **** *  None
 294:.\Generated_Source\PSoC4/EZI2C.c **** *
 295:.\Generated_Source\PSoC4/EZI2C.c **** *******************************************************************************/
 296:.\Generated_Source\PSoC4/EZI2C.c **** void EZI2C_SetTxFifoLevel(uint32 level)
 297:.\Generated_Source\PSoC4/EZI2C.c **** {
 298:.\Generated_Source\PSoC4/EZI2C.c ****     uint32 txFifoCtrl;
 299:.\Generated_Source\PSoC4/EZI2C.c **** 
 300:.\Generated_Source\PSoC4/EZI2C.c ****     txFifoCtrl = EZI2C_TX_FIFO_CTRL_REG;
 301:.\Generated_Source\PSoC4/EZI2C.c **** 
 302:.\Generated_Source\PSoC4/EZI2C.c ****     txFifoCtrl &= ((uint32) ~EZI2C_TX_FIFO_CTRL_TRIGGER_LEVEL_MASK); /* Clear level mask bits */
 303:.\Generated_Source\PSoC4/EZI2C.c ****     txFifoCtrl |= ((uint32) (EZI2C_TX_FIFO_CTRL_TRIGGER_LEVEL_MASK & level));
 304:.\Generated_Source\PSoC4/EZI2C.c **** 
 305:.\Generated_Source\PSoC4/EZI2C.c ****     EZI2C_TX_FIFO_CTRL_REG = txFifoCtrl;
 306:.\Generated_Source\PSoC4/EZI2C.c **** }
 307:.\Generated_Source\PSoC4/EZI2C.c **** 
 308:.\Generated_Source\PSoC4/EZI2C.c **** 
 309:.\Generated_Source\PSoC4/EZI2C.c **** #if (EZI2C_SCB_IRQ_INTERNAL)
 310:.\Generated_Source\PSoC4/EZI2C.c ****     /*******************************************************************************
 311:.\Generated_Source\PSoC4/EZI2C.c ****     * Function Name: EZI2C_SetCustomInterruptHandler
 312:.\Generated_Source\PSoC4/EZI2C.c ****     ********************************************************************************
 313:.\Generated_Source\PSoC4/EZI2C.c ****     *
 314:.\Generated_Source\PSoC4/EZI2C.c ****     * Summary:
 315:.\Generated_Source\PSoC4/EZI2C.c ****     *  Registers a function to be called by the internal interrupt handler.
 316:.\Generated_Source\PSoC4/EZI2C.c ****     *  First the function that is registered is called, then the internal interrupt
 317:.\Generated_Source\PSoC4/EZI2C.c ****     *  handler performs any operation such as software buffer management functions
 318:.\Generated_Source\PSoC4/EZI2C.c ****     *  before the interrupt returns.  It is the user's responsibility not to break
ARM GAS  C:\Users\Tim\AppData\Local\Temp\ccKsthAj.s 			page 7


 319:.\Generated_Source\PSoC4/EZI2C.c ****     *  the software buffer operations. Only one custom handler is supported, which
 320:.\Generated_Source\PSoC4/EZI2C.c ****     *  is the function provided by the most recent call.
 321:.\Generated_Source\PSoC4/EZI2C.c ****     *  At the initialization time no custom handler is registered.
 322:.\Generated_Source\PSoC4/EZI2C.c ****     *
 323:.\Generated_Source\PSoC4/EZI2C.c ****     * Parameters:
 324:.\Generated_Source\PSoC4/EZI2C.c ****     *  func: Pointer to the function to register.
 325:.\Generated_Source\PSoC4/EZI2C.c ****     *        The value NULL indicates to remove the current custom interrupt
 326:.\Generated_Source\PSoC4/EZI2C.c ****     *        handler.
 327:.\Generated_Source\PSoC4/EZI2C.c ****     *
 328:.\Generated_Source\PSoC4/EZI2C.c ****     * Return:
 329:.\Generated_Source\PSoC4/EZI2C.c ****     *  None
 330:.\Generated_Source\PSoC4/EZI2C.c ****     *
 331:.\Generated_Source\PSoC4/EZI2C.c ****     *******************************************************************************/
 332:.\Generated_Source\PSoC4/EZI2C.c ****     void EZI2C_SetCustomInterruptHandler(void (*func)(void))
 333:.\Generated_Source\PSoC4/EZI2C.c ****     {
 334:.\Generated_Source\PSoC4/EZI2C.c ****     #if !defined (CY_REMOVE_EZI2C_CUSTOM_INTR_HANDLER)
 335:.\Generated_Source\PSoC4/EZI2C.c ****         EZI2C_customIntrHandler = func; /* Register interrupt handler */
 336:.\Generated_Source\PSoC4/EZI2C.c ****     #else
 337:.\Generated_Source\PSoC4/EZI2C.c ****         if (NULL != func)
 338:.\Generated_Source\PSoC4/EZI2C.c ****         {
 339:.\Generated_Source\PSoC4/EZI2C.c ****             /* Suppress compiler warning */
 340:.\Generated_Source\PSoC4/EZI2C.c ****         }
 341:.\Generated_Source\PSoC4/EZI2C.c ****     #endif /* !defined (CY_REMOVE_EZI2C_CUSTOM_INTR_HANDLER) */
 342:.\Generated_Source\PSoC4/EZI2C.c ****     }
 343:.\Generated_Source\PSoC4/EZI2C.c **** #endif /* (EZI2C_SCB_IRQ_INTERNAL) */
 344:.\Generated_Source\PSoC4/EZI2C.c **** 
 345:.\Generated_Source\PSoC4/EZI2C.c **** 
 346:.\Generated_Source\PSoC4/EZI2C.c **** /*******************************************************************************
 347:.\Generated_Source\PSoC4/EZI2C.c **** * Function Name: EZI2C_ScbModeEnableIntr
 348:.\Generated_Source\PSoC4/EZI2C.c **** ********************************************************************************
 349:.\Generated_Source\PSoC4/EZI2C.c **** *
 350:.\Generated_Source\PSoC4/EZI2C.c **** * Summary:
 351:.\Generated_Source\PSoC4/EZI2C.c **** *  Enables an interrupt for a specific mode.
 352:.\Generated_Source\PSoC4/EZI2C.c **** *
 353:.\Generated_Source\PSoC4/EZI2C.c **** * Parameters:
 354:.\Generated_Source\PSoC4/EZI2C.c **** *  None
 355:.\Generated_Source\PSoC4/EZI2C.c **** *
 356:.\Generated_Source\PSoC4/EZI2C.c **** * Return:
 357:.\Generated_Source\PSoC4/EZI2C.c **** *  None
 358:.\Generated_Source\PSoC4/EZI2C.c **** *
 359:.\Generated_Source\PSoC4/EZI2C.c **** *******************************************************************************/
 360:.\Generated_Source\PSoC4/EZI2C.c **** static void EZI2C_ScbEnableIntr(void)
 361:.\Generated_Source\PSoC4/EZI2C.c **** {
  25              		.loc 1 361 0
  26              		.cfi_startproc
  27 0000 08B5     		push	{r3, lr}
  28              		.cfi_def_cfa_offset 8
  29              		.cfi_offset 3, -8
  30              		.cfi_offset 14, -4
 362:.\Generated_Source\PSoC4/EZI2C.c **** #if (EZI2C_SCB_IRQ_INTERNAL)
 363:.\Generated_Source\PSoC4/EZI2C.c ****     /* Enable interrupt in NVIC */
 364:.\Generated_Source\PSoC4/EZI2C.c ****     #if (EZI2C_SCB_MODE_UNCONFIG_CONST_CFG)
 365:.\Generated_Source\PSoC4/EZI2C.c ****         if (0u != EZI2C_scbEnableIntr)
 366:.\Generated_Source\PSoC4/EZI2C.c ****         {
 367:.\Generated_Source\PSoC4/EZI2C.c ****             EZI2C_EnableInt();
 368:.\Generated_Source\PSoC4/EZI2C.c ****         }
 369:.\Generated_Source\PSoC4/EZI2C.c **** 
ARM GAS  C:\Users\Tim\AppData\Local\Temp\ccKsthAj.s 			page 8


 370:.\Generated_Source\PSoC4/EZI2C.c ****     #else
 371:.\Generated_Source\PSoC4/EZI2C.c ****         EZI2C_EnableInt();
  31              		.loc 1 371 0
  32 0002 0820     		mov	r0, #8
  33 0004 FFF7FEFF 		bl	CyIntEnable
  34              	.LVL0:
 372:.\Generated_Source\PSoC4/EZI2C.c **** 
 373:.\Generated_Source\PSoC4/EZI2C.c ****     #endif /* (EZI2C_SCB_MODE_UNCONFIG_CONST_CFG) */
 374:.\Generated_Source\PSoC4/EZI2C.c **** #endif /* (EZI2C_SCB_IRQ_INTERNAL) */
 375:.\Generated_Source\PSoC4/EZI2C.c **** }
  35              		.loc 1 375 0
  36              		@ sp needed
  37 0008 08BD     		pop	{r3, pc}
  38              		.cfi_endproc
  39              	.LFE8:
  40              		.size	EZI2C_ScbEnableIntr, .-EZI2C_ScbEnableIntr
  41 000a C046     		.section	.text.EZI2C_ScbModeStop,"ax",%progbits
  42              		.align	2
  43              		.code	16
  44              		.thumb_func
  45              		.type	EZI2C_ScbModeStop, %function
  46              	EZI2C_ScbModeStop:
  47              	.LFB10:
 376:.\Generated_Source\PSoC4/EZI2C.c **** 
 377:.\Generated_Source\PSoC4/EZI2C.c **** 
 378:.\Generated_Source\PSoC4/EZI2C.c **** /*******************************************************************************
 379:.\Generated_Source\PSoC4/EZI2C.c **** * Function Name: EZI2C_ScbModePostEnable
 380:.\Generated_Source\PSoC4/EZI2C.c **** ********************************************************************************
 381:.\Generated_Source\PSoC4/EZI2C.c **** *
 382:.\Generated_Source\PSoC4/EZI2C.c **** * Summary:
 383:.\Generated_Source\PSoC4/EZI2C.c **** *  Calls the PostEnable function for a specific operation mode.
 384:.\Generated_Source\PSoC4/EZI2C.c **** *
 385:.\Generated_Source\PSoC4/EZI2C.c **** * Parameters:
 386:.\Generated_Source\PSoC4/EZI2C.c **** *  None
 387:.\Generated_Source\PSoC4/EZI2C.c **** *
 388:.\Generated_Source\PSoC4/EZI2C.c **** * Return:
 389:.\Generated_Source\PSoC4/EZI2C.c **** *  None
 390:.\Generated_Source\PSoC4/EZI2C.c **** *
 391:.\Generated_Source\PSoC4/EZI2C.c **** *******************************************************************************/
 392:.\Generated_Source\PSoC4/EZI2C.c **** static void EZI2C_ScbModePostEnable(void)
 393:.\Generated_Source\PSoC4/EZI2C.c **** {
 394:.\Generated_Source\PSoC4/EZI2C.c **** #if (EZI2C_SCB_MODE_UNCONFIG_CONST_CFG)
 395:.\Generated_Source\PSoC4/EZI2C.c **** #if (!EZI2C_CY_SCBIP_V1)
 396:.\Generated_Source\PSoC4/EZI2C.c ****     if (EZI2C_SCB_MODE_SPI_RUNTM_CFG)
 397:.\Generated_Source\PSoC4/EZI2C.c ****     {
 398:.\Generated_Source\PSoC4/EZI2C.c ****         EZI2C_SpiPostEnable();
 399:.\Generated_Source\PSoC4/EZI2C.c ****     }
 400:.\Generated_Source\PSoC4/EZI2C.c ****     else if (EZI2C_SCB_MODE_UART_RUNTM_CFG)
 401:.\Generated_Source\PSoC4/EZI2C.c ****     {
 402:.\Generated_Source\PSoC4/EZI2C.c ****         EZI2C_UartPostEnable();
 403:.\Generated_Source\PSoC4/EZI2C.c ****     }
 404:.\Generated_Source\PSoC4/EZI2C.c ****     else
 405:.\Generated_Source\PSoC4/EZI2C.c ****     {
 406:.\Generated_Source\PSoC4/EZI2C.c ****         /* Unknown mode: do nothing */
 407:.\Generated_Source\PSoC4/EZI2C.c ****     }
 408:.\Generated_Source\PSoC4/EZI2C.c **** #endif /* (!EZI2C_CY_SCBIP_V1) */
 409:.\Generated_Source\PSoC4/EZI2C.c **** 
ARM GAS  C:\Users\Tim\AppData\Local\Temp\ccKsthAj.s 			page 9


 410:.\Generated_Source\PSoC4/EZI2C.c **** #elif (EZI2C_SCB_MODE_SPI_CONST_CFG)
 411:.\Generated_Source\PSoC4/EZI2C.c ****     EZI2C_SpiPostEnable();
 412:.\Generated_Source\PSoC4/EZI2C.c **** 
 413:.\Generated_Source\PSoC4/EZI2C.c **** #elif (EZI2C_SCB_MODE_UART_CONST_CFG)
 414:.\Generated_Source\PSoC4/EZI2C.c ****     EZI2C_UartPostEnable();
 415:.\Generated_Source\PSoC4/EZI2C.c **** 
 416:.\Generated_Source\PSoC4/EZI2C.c **** #else
 417:.\Generated_Source\PSoC4/EZI2C.c ****     /* Unknown mode: do nothing */
 418:.\Generated_Source\PSoC4/EZI2C.c **** #endif /* (EZI2C_SCB_MODE_UNCONFIG_CONST_CFG) */
 419:.\Generated_Source\PSoC4/EZI2C.c **** }
 420:.\Generated_Source\PSoC4/EZI2C.c **** 
 421:.\Generated_Source\PSoC4/EZI2C.c **** 
 422:.\Generated_Source\PSoC4/EZI2C.c **** /*******************************************************************************
 423:.\Generated_Source\PSoC4/EZI2C.c **** * Function Name: EZI2C_ScbModeStop
 424:.\Generated_Source\PSoC4/EZI2C.c **** ********************************************************************************
 425:.\Generated_Source\PSoC4/EZI2C.c **** *
 426:.\Generated_Source\PSoC4/EZI2C.c **** * Summary:
 427:.\Generated_Source\PSoC4/EZI2C.c **** *  Calls the Stop function for a specific operation mode.
 428:.\Generated_Source\PSoC4/EZI2C.c **** *
 429:.\Generated_Source\PSoC4/EZI2C.c **** * Parameters:
 430:.\Generated_Source\PSoC4/EZI2C.c **** *  None
 431:.\Generated_Source\PSoC4/EZI2C.c **** *
 432:.\Generated_Source\PSoC4/EZI2C.c **** * Return:
 433:.\Generated_Source\PSoC4/EZI2C.c **** *  None
 434:.\Generated_Source\PSoC4/EZI2C.c **** *
 435:.\Generated_Source\PSoC4/EZI2C.c **** *******************************************************************************/
 436:.\Generated_Source\PSoC4/EZI2C.c **** static void EZI2C_ScbModeStop(void)
 437:.\Generated_Source\PSoC4/EZI2C.c **** {
  48              		.loc 1 437 0
  49              		.cfi_startproc
  50 0000 08B5     		push	{r3, lr}
  51              		.cfi_def_cfa_offset 8
  52              		.cfi_offset 3, -8
  53              		.cfi_offset 14, -4
 438:.\Generated_Source\PSoC4/EZI2C.c **** #if (EZI2C_SCB_MODE_UNCONFIG_CONST_CFG)
 439:.\Generated_Source\PSoC4/EZI2C.c ****     if (EZI2C_SCB_MODE_I2C_RUNTM_CFG)
 440:.\Generated_Source\PSoC4/EZI2C.c ****     {
 441:.\Generated_Source\PSoC4/EZI2C.c ****         EZI2C_I2CStop();
 442:.\Generated_Source\PSoC4/EZI2C.c ****     }
 443:.\Generated_Source\PSoC4/EZI2C.c ****     else if (EZI2C_SCB_MODE_EZI2C_RUNTM_CFG)
 444:.\Generated_Source\PSoC4/EZI2C.c ****     {
 445:.\Generated_Source\PSoC4/EZI2C.c ****         EZI2C_EzI2CStop();
 446:.\Generated_Source\PSoC4/EZI2C.c ****     }
 447:.\Generated_Source\PSoC4/EZI2C.c **** #if (!EZI2C_CY_SCBIP_V1)
 448:.\Generated_Source\PSoC4/EZI2C.c ****     else if (EZI2C_SCB_MODE_SPI_RUNTM_CFG)
 449:.\Generated_Source\PSoC4/EZI2C.c ****     {
 450:.\Generated_Source\PSoC4/EZI2C.c ****         EZI2C_SpiStop();
 451:.\Generated_Source\PSoC4/EZI2C.c ****     }
 452:.\Generated_Source\PSoC4/EZI2C.c ****     else if (EZI2C_SCB_MODE_UART_RUNTM_CFG)
 453:.\Generated_Source\PSoC4/EZI2C.c ****     {
 454:.\Generated_Source\PSoC4/EZI2C.c ****         EZI2C_UartStop();
 455:.\Generated_Source\PSoC4/EZI2C.c ****     }
 456:.\Generated_Source\PSoC4/EZI2C.c **** #endif /* (!EZI2C_CY_SCBIP_V1) */
 457:.\Generated_Source\PSoC4/EZI2C.c ****     else
 458:.\Generated_Source\PSoC4/EZI2C.c ****     {
 459:.\Generated_Source\PSoC4/EZI2C.c ****         /* Unknown mode: do nothing */
 460:.\Generated_Source\PSoC4/EZI2C.c ****     }
ARM GAS  C:\Users\Tim\AppData\Local\Temp\ccKsthAj.s 			page 10


 461:.\Generated_Source\PSoC4/EZI2C.c **** #elif (EZI2C_SCB_MODE_I2C_CONST_CFG)
 462:.\Generated_Source\PSoC4/EZI2C.c ****     EZI2C_I2CStop();
 463:.\Generated_Source\PSoC4/EZI2C.c **** 
 464:.\Generated_Source\PSoC4/EZI2C.c **** #elif (EZI2C_SCB_MODE_EZI2C_CONST_CFG)
 465:.\Generated_Source\PSoC4/EZI2C.c ****     EZI2C_EzI2CStop();
  54              		.loc 1 465 0
  55 0002 FFF7FEFF 		bl	EZI2C_EzI2CStop
  56              	.LVL1:
 466:.\Generated_Source\PSoC4/EZI2C.c **** 
 467:.\Generated_Source\PSoC4/EZI2C.c **** #elif (EZI2C_SCB_MODE_SPI_CONST_CFG)
 468:.\Generated_Source\PSoC4/EZI2C.c ****     EZI2C_SpiStop();
 469:.\Generated_Source\PSoC4/EZI2C.c **** 
 470:.\Generated_Source\PSoC4/EZI2C.c **** #elif (EZI2C_SCB_MODE_UART_CONST_CFG)
 471:.\Generated_Source\PSoC4/EZI2C.c ****     EZI2C_UartStop();
 472:.\Generated_Source\PSoC4/EZI2C.c **** 
 473:.\Generated_Source\PSoC4/EZI2C.c **** #else
 474:.\Generated_Source\PSoC4/EZI2C.c ****     /* Unknown mode: do nothing */
 475:.\Generated_Source\PSoC4/EZI2C.c **** #endif /* (EZI2C_SCB_MODE_UNCONFIG_CONST_CFG) */
 476:.\Generated_Source\PSoC4/EZI2C.c **** }
  57              		.loc 1 476 0
  58              		@ sp needed
  59 0006 08BD     		pop	{r3, pc}
  60              		.cfi_endproc
  61              	.LFE10:
  62              		.size	EZI2C_ScbModeStop, .-EZI2C_ScbModeStop
  63              		.section	.text.EZI2C_Init,"ax",%progbits
  64              		.align	2
  65              		.global	EZI2C_Init
  66              		.code	16
  67              		.thumb_func
  68              		.type	EZI2C_Init, %function
  69              	EZI2C_Init:
  70              	.LFB1:
 103:.\Generated_Source\PSoC4/EZI2C.c **** #if (EZI2C_SCB_MODE_UNCONFIG_CONST_CFG)
  71              		.loc 1 103 0
  72              		.cfi_startproc
  73 0000 08B5     		push	{r3, lr}
  74              		.cfi_def_cfa_offset 8
  75              		.cfi_offset 3, -8
  76              		.cfi_offset 14, -4
 124:.\Generated_Source\PSoC4/EZI2C.c **** 
  77              		.loc 1 124 0
  78 0002 FFF7FEFF 		bl	EZI2C_EzI2CInit
  79              	.LVL2:
 127:.\Generated_Source\PSoC4/EZI2C.c **** 
  80              		.loc 1 127 0
  81              		@ sp needed
  82 0006 08BD     		pop	{r3, pc}
  83              		.cfi_endproc
  84              	.LFE1:
  85              		.size	EZI2C_Init, .-EZI2C_Init
  86              		.section	.text.EZI2C_Enable,"ax",%progbits
  87              		.align	2
  88              		.global	EZI2C_Enable
  89              		.code	16
  90              		.thumb_func
  91              		.type	EZI2C_Enable, %function
ARM GAS  C:\Users\Tim\AppData\Local\Temp\ccKsthAj.s 			page 11


  92              	EZI2C_Enable:
  93              	.LFB2:
 147:.\Generated_Source\PSoC4/EZI2C.c **** #if (EZI2C_SCB_MODE_UNCONFIG_CONST_CFG)
  94              		.loc 1 147 0
  95              		.cfi_startproc
  96 0000 08B5     		push	{r3, lr}
  97              		.cfi_def_cfa_offset 8
  98              		.cfi_offset 3, -8
  99              		.cfi_offset 14, -4
 160:.\Generated_Source\PSoC4/EZI2C.c **** 
 100              		.loc 1 160 0
 101 0002 044A     		ldr	r2, .L5
 102 0004 1368     		ldr	r3, [r2]
 103 0006 8021     		mov	r1, #128
 104 0008 0906     		lsl	r1, r1, #24
 105 000a 0B43     		orr	r3, r1
 106 000c 1360     		str	r3, [r2]
 162:.\Generated_Source\PSoC4/EZI2C.c **** 
 107              		.loc 1 162 0
 108 000e FFF7FEFF 		bl	EZI2C_ScbEnableIntr
 109              	.LVL3:
 167:.\Generated_Source\PSoC4/EZI2C.c **** 
 110              		.loc 1 167 0
 111              		@ sp needed
 112 0012 08BD     		pop	{r3, pc}
 113              	.L6:
 114              		.align	2
 115              	.L5:
 116 0014 00002440 		.word	1076101120
 117              		.cfi_endproc
 118              	.LFE2:
 119              		.size	EZI2C_Enable, .-EZI2C_Enable
 120              		.section	.text.EZI2C_Start,"ax",%progbits
 121              		.align	2
 122              		.global	EZI2C_Start
 123              		.code	16
 124              		.thumb_func
 125              		.type	EZI2C_Start, %function
 126              	EZI2C_Start:
 127              	.LFB3:
 193:.\Generated_Source\PSoC4/EZI2C.c ****     if (0u == EZI2C_initVar)
 128              		.loc 1 193 0
 129              		.cfi_startproc
 130 0000 08B5     		push	{r3, lr}
 131              		.cfi_def_cfa_offset 8
 132              		.cfi_offset 3, -8
 133              		.cfi_offset 14, -4
 194:.\Generated_Source\PSoC4/EZI2C.c ****     {
 134              		.loc 1 194 0
 135 0002 064B     		ldr	r3, .L9
 136 0004 1B78     		ldrb	r3, [r3]
 137 0006 002B     		cmp	r3, #0
 138 0008 04D1     		bne	.L8
 196:.\Generated_Source\PSoC4/EZI2C.c ****         EZI2C_initVar = 1u; /* Component was initialized */
 139              		.loc 1 196 0
 140 000a FFF7FEFF 		bl	EZI2C_Init
 141              	.LVL4:
ARM GAS  C:\Users\Tim\AppData\Local\Temp\ccKsthAj.s 			page 12


 197:.\Generated_Source\PSoC4/EZI2C.c ****     }
 142              		.loc 1 197 0
 143 000e 0122     		mov	r2, #1
 144 0010 024B     		ldr	r3, .L9
 145 0012 1A70     		strb	r2, [r3]
 146              	.L8:
 200:.\Generated_Source\PSoC4/EZI2C.c **** }
 147              		.loc 1 200 0
 148 0014 FFF7FEFF 		bl	EZI2C_Enable
 149              	.LVL5:
 201:.\Generated_Source\PSoC4/EZI2C.c **** 
 150              		.loc 1 201 0
 151              		@ sp needed
 152 0018 08BD     		pop	{r3, pc}
 153              	.L10:
 154 001a C046     		.align	2
 155              	.L9:
 156 001c 00000000 		.word	.LANCHOR0
 157              		.cfi_endproc
 158              	.LFE3:
 159              		.size	EZI2C_Start, .-EZI2C_Start
 160              		.section	.text.EZI2C_Stop,"ax",%progbits
 161              		.align	2
 162              		.global	EZI2C_Stop
 163              		.code	16
 164              		.thumb_func
 165              		.type	EZI2C_Stop, %function
 166              	EZI2C_Stop:
 167              	.LFB4:
 222:.\Generated_Source\PSoC4/EZI2C.c **** #if (EZI2C_SCB_IRQ_INTERNAL)
 168              		.loc 1 222 0
 169              		.cfi_startproc
 170 0000 08B5     		push	{r3, lr}
 171              		.cfi_def_cfa_offset 8
 172              		.cfi_offset 3, -8
 173              		.cfi_offset 14, -4
 224:.\Generated_Source\PSoC4/EZI2C.c **** #endif /* (EZI2C_SCB_IRQ_INTERNAL) */
 174              		.loc 1 224 0
 175 0002 0820     		mov	r0, #8
 176 0004 FFF7FEFF 		bl	CyIntDisable
 177              	.LVL6:
 228:.\Generated_Source\PSoC4/EZI2C.c **** 
 178              		.loc 1 228 0
 179 0008 FFF7FEFF 		bl	EZI2C_ScbModeStop
 180              	.LVL7:
 231:.\Generated_Source\PSoC4/EZI2C.c **** 
 181              		.loc 1 231 0
 182 000c 054A     		ldr	r2, .L12
 183 000e 1368     		ldr	r3, [r2]
 184 0010 5B00     		lsl	r3, r3, #1
 185 0012 5B08     		lsr	r3, r3, #1
 186 0014 1360     		str	r3, [r2]
 241:.\Generated_Source\PSoC4/EZI2C.c **** 
 187              		.loc 1 241 0
 188 0016 0022     		mov	r2, #0
 189 0018 034B     		ldr	r3, .L12+4
 190 001a 1A60     		str	r2, [r3]
ARM GAS  C:\Users\Tim\AppData\Local\Temp\ccKsthAj.s 			page 13


 244:.\Generated_Source\PSoC4/EZI2C.c **** #endif /* (EZI2C_SCB_IRQ_INTERNAL) */
 191              		.loc 1 244 0
 192 001c 0820     		mov	r0, #8
 193 001e FFF7FEFF 		bl	CyIntClearPending
 194              	.LVL8:
 246:.\Generated_Source\PSoC4/EZI2C.c **** 
 195              		.loc 1 246 0
 196              		@ sp needed
 197 0022 08BD     		pop	{r3, pc}
 198              	.L13:
 199              		.align	2
 200              	.L12:
 201 0024 00002440 		.word	1076101120
 202 0028 880F2440 		.word	1076105096
 203              		.cfi_endproc
 204              	.LFE4:
 205              		.size	EZI2C_Stop, .-EZI2C_Stop
 206              		.section	.text.EZI2C_SetRxFifoLevel,"ax",%progbits
 207              		.align	2
 208              		.global	EZI2C_SetRxFifoLevel
 209              		.code	16
 210              		.thumb_func
 211              		.type	EZI2C_SetRxFifoLevel, %function
 212              	EZI2C_SetRxFifoLevel:
 213              	.LFB5:
 267:.\Generated_Source\PSoC4/EZI2C.c ****     uint32 rxFifoCtrl;
 214              		.loc 1 267 0
 215              		.cfi_startproc
 216              	.LVL9:
 270:.\Generated_Source\PSoC4/EZI2C.c **** 
 217              		.loc 1 270 0
 218 0000 034A     		ldr	r2, .L15
 219 0002 1368     		ldr	r3, [r2]
 220              	.LVL10:
 272:.\Generated_Source\PSoC4/EZI2C.c ****     rxFifoCtrl |= ((uint32) (EZI2C_RX_FIFO_CTRL_TRIGGER_LEVEL_MASK & level));
 221              		.loc 1 272 0
 222 0004 0F21     		mov	r1, #15
 223 0006 8B43     		bic	r3, r1
 224              	.LVL11:
 273:.\Generated_Source\PSoC4/EZI2C.c **** 
 225              		.loc 1 273 0
 226 0008 0840     		and	r0, r1
 227              	.LVL12:
 228 000a 1843     		orr	r0, r3
 229              	.LVL13:
 275:.\Generated_Source\PSoC4/EZI2C.c **** }
 230              		.loc 1 275 0
 231 000c 1060     		str	r0, [r2]
 276:.\Generated_Source\PSoC4/EZI2C.c **** 
 232              		.loc 1 276 0
 233              		@ sp needed
 234 000e 7047     		bx	lr
 235              	.L16:
 236              		.align	2
 237              	.L15:
 238 0010 04032440 		.word	1076101892
 239              		.cfi_endproc
ARM GAS  C:\Users\Tim\AppData\Local\Temp\ccKsthAj.s 			page 14


 240              	.LFE5:
 241              		.size	EZI2C_SetRxFifoLevel, .-EZI2C_SetRxFifoLevel
 242              		.section	.text.EZI2C_SetTxFifoLevel,"ax",%progbits
 243              		.align	2
 244              		.global	EZI2C_SetTxFifoLevel
 245              		.code	16
 246              		.thumb_func
 247              		.type	EZI2C_SetTxFifoLevel, %function
 248              	EZI2C_SetTxFifoLevel:
 249              	.LFB6:
 297:.\Generated_Source\PSoC4/EZI2C.c ****     uint32 txFifoCtrl;
 250              		.loc 1 297 0
 251              		.cfi_startproc
 252              	.LVL14:
 300:.\Generated_Source\PSoC4/EZI2C.c **** 
 253              		.loc 1 300 0
 254 0000 034A     		ldr	r2, .L18
 255 0002 1368     		ldr	r3, [r2]
 256              	.LVL15:
 302:.\Generated_Source\PSoC4/EZI2C.c ****     txFifoCtrl |= ((uint32) (EZI2C_TX_FIFO_CTRL_TRIGGER_LEVEL_MASK & level));
 257              		.loc 1 302 0
 258 0004 0F21     		mov	r1, #15
 259 0006 8B43     		bic	r3, r1
 260              	.LVL16:
 303:.\Generated_Source\PSoC4/EZI2C.c **** 
 261              		.loc 1 303 0
 262 0008 0840     		and	r0, r1
 263              	.LVL17:
 264 000a 1843     		orr	r0, r3
 265              	.LVL18:
 305:.\Generated_Source\PSoC4/EZI2C.c **** }
 266              		.loc 1 305 0
 267 000c 1060     		str	r0, [r2]
 306:.\Generated_Source\PSoC4/EZI2C.c **** 
 268              		.loc 1 306 0
 269              		@ sp needed
 270 000e 7047     		bx	lr
 271              	.L19:
 272              		.align	2
 273              	.L18:
 274 0010 04022440 		.word	1076101636
 275              		.cfi_endproc
 276              	.LFE6:
 277              		.size	EZI2C_SetTxFifoLevel, .-EZI2C_SetTxFifoLevel
 278              		.section	.text.EZI2C_SetCustomInterruptHandler,"ax",%progbits
 279              		.align	2
 280              		.global	EZI2C_SetCustomInterruptHandler
 281              		.code	16
 282              		.thumb_func
 283              		.type	EZI2C_SetCustomInterruptHandler, %function
 284              	EZI2C_SetCustomInterruptHandler:
 285              	.LFB7:
 333:.\Generated_Source\PSoC4/EZI2C.c ****     #if !defined (CY_REMOVE_EZI2C_CUSTOM_INTR_HANDLER)
 286              		.loc 1 333 0
 287              		.cfi_startproc
 288              	.LVL19:
 335:.\Generated_Source\PSoC4/EZI2C.c ****     #else
ARM GAS  C:\Users\Tim\AppData\Local\Temp\ccKsthAj.s 			page 15


 289              		.loc 1 335 0
 290 0000 014B     		ldr	r3, .L21
 291 0002 5860     		str	r0, [r3, #4]
 342:.\Generated_Source\PSoC4/EZI2C.c **** #endif /* (EZI2C_SCB_IRQ_INTERNAL) */
 292              		.loc 1 342 0
 293              		@ sp needed
 294 0004 7047     		bx	lr
 295              	.L22:
 296 0006 C046     		.align	2
 297              	.L21:
 298 0008 00000000 		.word	.LANCHOR0
 299              		.cfi_endproc
 300              	.LFE7:
 301              		.size	EZI2C_SetCustomInterruptHandler, .-EZI2C_SetCustomInterruptHandler
 302              		.global	EZI2C_customIntrHandler
 303              		.global	EZI2C_initVar
 304              		.bss
 305              		.align	2
 306              		.set	.LANCHOR0,. + 0
 307              		.type	EZI2C_initVar, %object
 308              		.size	EZI2C_initVar, 1
 309              	EZI2C_initVar:
 310 0000 00       		.space	1
 311 0001 000000   		.space	3
 312              		.type	EZI2C_customIntrHandler, %object
 313              		.size	EZI2C_customIntrHandler, 4
 314              	EZI2C_customIntrHandler:
 315 0004 00000000 		.space	4
 316              		.text
 317              	.Letext0:
 318              		.file 2 "Generated_Source\\PSoC4/cytypes.h"
 319              		.file 3 ".\\Generated_Source\\PSoC4\\EZI2C_EZI2C_PVT.h"
 320              		.file 4 "Generated_Source\\PSoC4/CyLib.h"
 321              		.section	.debug_info,"",%progbits
 322              	.Ldebug_info0:
 323 0000 93020000 		.4byte	0x293
 324 0004 0400     		.2byte	0x4
 325 0006 00000000 		.4byte	.Ldebug_abbrev0
 326 000a 04       		.byte	0x4
 327 000b 01       		.uleb128 0x1
 328 000c 96010000 		.4byte	.LASF35
 329 0010 01       		.byte	0x1
 330 0011 C1000000 		.4byte	.LASF36
 331 0015 31020000 		.4byte	.LASF37
 332 0019 00000000 		.4byte	.Ldebug_ranges0+0
 333 001d 00000000 		.4byte	0
 334 0021 00000000 		.4byte	.Ldebug_line0
 335 0025 02       		.uleb128 0x2
 336 0026 01       		.byte	0x1
 337 0027 06       		.byte	0x6
 338 0028 C1020000 		.4byte	.LASF0
 339 002c 02       		.uleb128 0x2
 340 002d 01       		.byte	0x1
 341 002e 08       		.byte	0x8
 342 002f A1000000 		.4byte	.LASF1
 343 0033 02       		.uleb128 0x2
 344 0034 02       		.byte	0x2
ARM GAS  C:\Users\Tim\AppData\Local\Temp\ccKsthAj.s 			page 16


 345 0035 05       		.byte	0x5
 346 0036 6C020000 		.4byte	.LASF2
 347 003a 02       		.uleb128 0x2
 348 003b 02       		.byte	0x2
 349 003c 07       		.byte	0x7
 350 003d 63000000 		.4byte	.LASF3
 351 0041 02       		.uleb128 0x2
 352 0042 04       		.byte	0x4
 353 0043 05       		.byte	0x5
 354 0044 9F020000 		.4byte	.LASF4
 355 0048 02       		.uleb128 0x2
 356 0049 04       		.byte	0x4
 357 004a 07       		.byte	0x7
 358 004b AF000000 		.4byte	.LASF5
 359 004f 02       		.uleb128 0x2
 360 0050 08       		.byte	0x8
 361 0051 05       		.byte	0x5
 362 0052 83010000 		.4byte	.LASF6
 363 0056 02       		.uleb128 0x2
 364 0057 08       		.byte	0x8
 365 0058 07       		.byte	0x7
 366 0059 3C010000 		.4byte	.LASF7
 367 005d 03       		.uleb128 0x3
 368 005e 04       		.byte	0x4
 369 005f 05       		.byte	0x5
 370 0060 696E7400 		.ascii	"int\000"
 371 0064 02       		.uleb128 0x2
 372 0065 04       		.byte	0x4
 373 0066 07       		.byte	0x7
 374 0067 2F010000 		.4byte	.LASF8
 375 006b 04       		.uleb128 0x4
 376 006c E2000000 		.4byte	.LASF9
 377 0070 02       		.byte	0x2
 378 0071 3801     		.2byte	0x138
 379 0073 2C000000 		.4byte	0x2c
 380 0077 04       		.uleb128 0x4
 381 0078 28010000 		.4byte	.LASF10
 382 007c 02       		.byte	0x2
 383 007d 3A01     		.2byte	0x13a
 384 007f 48000000 		.4byte	0x48
 385 0083 02       		.uleb128 0x2
 386 0084 04       		.byte	0x4
 387 0085 04       		.byte	0x4
 388 0086 9B000000 		.4byte	.LASF11
 389 008a 02       		.uleb128 0x2
 390 008b 08       		.byte	0x8
 391 008c 04       		.byte	0x4
 392 008d 10010000 		.4byte	.LASF12
 393 0091 02       		.uleb128 0x2
 394 0092 01       		.byte	0x1
 395 0093 08       		.byte	0x8
 396 0094 91010000 		.4byte	.LASF13
 397 0098 04       		.uleb128 0x4
 398 0099 00000000 		.4byte	.LASF14
 399 009d 02       		.byte	0x2
 400 009e E401     		.2byte	0x1e4
 401 00a0 A4000000 		.4byte	0xa4
ARM GAS  C:\Users\Tim\AppData\Local\Temp\ccKsthAj.s 			page 17


 402 00a4 05       		.uleb128 0x5
 403 00a5 77000000 		.4byte	0x77
 404 00a9 06       		.uleb128 0x6
 405 00aa 04       		.byte	0x4
 406 00ab AF000000 		.4byte	0xaf
 407 00af 07       		.uleb128 0x7
 408 00b0 02       		.uleb128 0x2
 409 00b1 04       		.byte	0x4
 410 00b2 07       		.byte	0x7
 411 00b3 7A010000 		.4byte	.LASF15
 412 00b7 08       		.uleb128 0x8
 413 00b8 11000000 		.4byte	.LASF16
 414 00bc 01       		.byte	0x1
 415 00bd 6801     		.2byte	0x168
 416 00bf 00000000 		.4byte	.LFB8
 417 00c3 0A000000 		.4byte	.LFE8-.LFB8
 418 00c7 01       		.uleb128 0x1
 419 00c8 9C       		.byte	0x9c
 420 00c9 DD000000 		.4byte	0xdd
 421 00cd 09       		.uleb128 0x9
 422 00ce 08000000 		.4byte	.LVL0
 423 00d2 59020000 		.4byte	0x259
 424 00d6 0A       		.uleb128 0xa
 425 00d7 01       		.uleb128 0x1
 426 00d8 50       		.byte	0x50
 427 00d9 01       		.uleb128 0x1
 428 00da 38       		.byte	0x38
 429 00db 00       		.byte	0
 430 00dc 00       		.byte	0
 431 00dd 08       		.uleb128 0x8
 432 00de 82020000 		.4byte	.LASF17
 433 00e2 01       		.byte	0x1
 434 00e3 B401     		.2byte	0x1b4
 435 00e5 00000000 		.4byte	.LFB10
 436 00e9 08000000 		.4byte	.LFE10-.LFB10
 437 00ed 01       		.uleb128 0x1
 438 00ee 9C       		.byte	0x9c
 439 00ef FD000000 		.4byte	0xfd
 440 00f3 0B       		.uleb128 0xb
 441 00f4 06000000 		.4byte	.LVL1
 442 00f8 6A020000 		.4byte	0x26a
 443 00fc 00       		.byte	0
 444 00fd 0C       		.uleb128 0xc
 445 00fe B6020000 		.4byte	.LASF18
 446 0102 01       		.byte	0x1
 447 0103 66       		.byte	0x66
 448 0104 00000000 		.4byte	.LFB1
 449 0108 08000000 		.4byte	.LFE1-.LFB1
 450 010c 01       		.uleb128 0x1
 451 010d 9C       		.byte	0x9c
 452 010e 1C010000 		.4byte	0x11c
 453 0112 0B       		.uleb128 0xb
 454 0113 06000000 		.4byte	.LVL2
 455 0117 71020000 		.4byte	0x271
 456 011b 00       		.byte	0
 457 011c 0C       		.uleb128 0xc
 458 011d 2B000000 		.4byte	.LASF19
ARM GAS  C:\Users\Tim\AppData\Local\Temp\ccKsthAj.s 			page 18


 459 0121 01       		.byte	0x1
 460 0122 92       		.byte	0x92
 461 0123 00000000 		.4byte	.LFB2
 462 0127 18000000 		.4byte	.LFE2-.LFB2
 463 012b 01       		.uleb128 0x1
 464 012c 9C       		.byte	0x9c
 465 012d 3B010000 		.4byte	0x13b
 466 0131 0B       		.uleb128 0xb
 467 0132 12000000 		.4byte	.LVL3
 468 0136 B7000000 		.4byte	0xb7
 469 013a 00       		.byte	0
 470 013b 0C       		.uleb128 0xc
 471 013c 76020000 		.4byte	.LASF20
 472 0140 01       		.byte	0x1
 473 0141 C0       		.byte	0xc0
 474 0142 00000000 		.4byte	.LFB3
 475 0146 20000000 		.4byte	.LFE3-.LFB3
 476 014a 01       		.uleb128 0x1
 477 014b 9C       		.byte	0x9c
 478 014c 63010000 		.4byte	0x163
 479 0150 0B       		.uleb128 0xb
 480 0151 0E000000 		.4byte	.LVL4
 481 0155 FD000000 		.4byte	0xfd
 482 0159 0B       		.uleb128 0xb
 483 015a 18000000 		.4byte	.LVL5
 484 015e 1C010000 		.4byte	0x11c
 485 0162 00       		.byte	0
 486 0163 0C       		.uleb128 0xc
 487 0164 38000000 		.4byte	.LASF21
 488 0168 01       		.byte	0x1
 489 0169 DD       		.byte	0xdd
 490 016a 00000000 		.4byte	.LFB4
 491 016e 2C000000 		.4byte	.LFE4-.LFB4
 492 0172 01       		.uleb128 0x1
 493 0173 9C       		.byte	0x9c
 494 0174 A4010000 		.4byte	0x1a4
 495 0178 0D       		.uleb128 0xd
 496 0179 08000000 		.4byte	.LVL6
 497 017d 78020000 		.4byte	0x278
 498 0181 8B010000 		.4byte	0x18b
 499 0185 0A       		.uleb128 0xa
 500 0186 01       		.uleb128 0x1
 501 0187 50       		.byte	0x50
 502 0188 01       		.uleb128 0x1
 503 0189 38       		.byte	0x38
 504 018a 00       		.byte	0
 505 018b 0B       		.uleb128 0xb
 506 018c 0C000000 		.4byte	.LVL7
 507 0190 DD000000 		.4byte	0xdd
 508 0194 09       		.uleb128 0x9
 509 0195 22000000 		.4byte	.LVL8
 510 0199 89020000 		.4byte	0x289
 511 019d 0A       		.uleb128 0xa
 512 019e 01       		.uleb128 0x1
 513 019f 50       		.byte	0x50
 514 01a0 01       		.uleb128 0x1
 515 01a1 38       		.byte	0x38
ARM GAS  C:\Users\Tim\AppData\Local\Temp\ccKsthAj.s 			page 19


 516 01a2 00       		.byte	0
 517 01a3 00       		.byte	0
 518 01a4 0E       		.uleb128 0xe
 519 01a5 86000000 		.4byte	.LASF22
 520 01a9 01       		.byte	0x1
 521 01aa 0A01     		.2byte	0x10a
 522 01ac 00000000 		.4byte	.LFB5
 523 01b0 14000000 		.4byte	.LFE5-.LFB5
 524 01b4 01       		.uleb128 0x1
 525 01b5 9C       		.byte	0x9c
 526 01b6 DB010000 		.4byte	0x1db
 527 01ba 0F       		.uleb128 0xf
 528 01bb 25000000 		.4byte	.LASF24
 529 01bf 01       		.byte	0x1
 530 01c0 0A01     		.2byte	0x10a
 531 01c2 77000000 		.4byte	0x77
 532 01c6 00000000 		.4byte	.LLST0
 533 01ca 10       		.uleb128 0x10
 534 01cb 94020000 		.4byte	.LASF25
 535 01cf 01       		.byte	0x1
 536 01d0 0C01     		.2byte	0x10c
 537 01d2 77000000 		.4byte	0x77
 538 01d6 21000000 		.4byte	.LLST1
 539 01da 00       		.byte	0
 540 01db 0E       		.uleb128 0xe
 541 01dc 53010000 		.4byte	.LASF23
 542 01e0 01       		.byte	0x1
 543 01e1 2801     		.2byte	0x128
 544 01e3 00000000 		.4byte	.LFB6
 545 01e7 14000000 		.4byte	.LFE6-.LFB6
 546 01eb 01       		.uleb128 0x1
 547 01ec 9C       		.byte	0x9c
 548 01ed 12020000 		.4byte	0x212
 549 01f1 0F       		.uleb128 0xf
 550 01f2 25000000 		.4byte	.LASF24
 551 01f6 01       		.byte	0x1
 552 01f7 2801     		.2byte	0x128
 553 01f9 77000000 		.4byte	0x77
 554 01fd 3F000000 		.4byte	.LLST2
 555 0201 10       		.uleb128 0x10
 556 0202 06000000 		.4byte	.LASF26
 557 0206 01       		.byte	0x1
 558 0207 2A01     		.2byte	0x12a
 559 0209 77000000 		.4byte	0x77
 560 020d 60000000 		.4byte	.LLST3
 561 0211 00       		.byte	0
 562 0212 0E       		.uleb128 0xe
 563 0213 43000000 		.4byte	.LASF27
 564 0217 01       		.byte	0x1
 565 0218 4C01     		.2byte	0x14c
 566 021a 00000000 		.4byte	.LFB7
 567 021e 0C000000 		.4byte	.LFE7-.LFB7
 568 0222 01       		.uleb128 0x1
 569 0223 9C       		.byte	0x9c
 570 0224 37020000 		.4byte	0x237
 571 0228 11       		.uleb128 0x11
 572 0229 17010000 		.4byte	.LASF28
ARM GAS  C:\Users\Tim\AppData\Local\Temp\ccKsthAj.s 			page 20


 573 022d 01       		.byte	0x1
 574 022e 4C01     		.2byte	0x14c
 575 0230 A9000000 		.4byte	0xa9
 576 0234 01       		.uleb128 0x1
 577 0235 50       		.byte	0x50
 578 0236 00       		.byte	0
 579 0237 12       		.uleb128 0x12
 580 0238 A8020000 		.4byte	.LASF29
 581 023c 01       		.byte	0x1
 582 023d 42       		.byte	0x42
 583 023e 6B000000 		.4byte	0x6b
 584 0242 05       		.uleb128 0x5
 585 0243 03       		.byte	0x3
 586 0244 00000000 		.4byte	EZI2C_initVar
 587 0248 12       		.uleb128 0x12
 588 0249 E8000000 		.4byte	.LASF30
 589 024d 01       		.byte	0x1
 590 024e 46       		.byte	0x46
 591 024f A9000000 		.4byte	0xa9
 592 0253 05       		.uleb128 0x5
 593 0254 03       		.byte	0x3
 594 0255 00000000 		.4byte	EZI2C_customIntrHandler
 595 0259 13       		.uleb128 0x13
 596 025a 1C010000 		.4byte	.LASF33
 597 025e 04       		.byte	0x4
 598 025f 4F       		.byte	0x4f
 599 0260 6A020000 		.4byte	0x26a
 600 0264 14       		.uleb128 0x14
 601 0265 6B000000 		.4byte	0x6b
 602 0269 00       		.byte	0
 603 026a 15       		.uleb128 0x15
 604 026b 00010000 		.4byte	.LASF31
 605 026f 03       		.byte	0x3
 606 0270 3C       		.byte	0x3c
 607 0271 15       		.uleb128 0x15
 608 0272 76000000 		.4byte	.LASF32
 609 0276 03       		.byte	0x3
 610 0277 39       		.byte	0x39
 611 0278 13       		.uleb128 0x13
 612 0279 24020000 		.4byte	.LASF34
 613 027d 04       		.byte	0x4
 614 027e 51       		.byte	0x51
 615 027f 89020000 		.4byte	0x289
 616 0283 14       		.uleb128 0x14
 617 0284 6B000000 		.4byte	0x6b
 618 0288 00       		.byte	0
 619 0289 16       		.uleb128 0x16
 620 028a 68010000 		.4byte	.LASF38
 621 028e 04       		.byte	0x4
 622 028f 54       		.byte	0x54
 623 0290 14       		.uleb128 0x14
 624 0291 6B000000 		.4byte	0x6b
 625 0295 00       		.byte	0
 626 0296 00       		.byte	0
 627              		.section	.debug_abbrev,"",%progbits
 628              	.Ldebug_abbrev0:
 629 0000 01       		.uleb128 0x1
ARM GAS  C:\Users\Tim\AppData\Local\Temp\ccKsthAj.s 			page 21


 630 0001 11       		.uleb128 0x11
 631 0002 01       		.byte	0x1
 632 0003 25       		.uleb128 0x25
 633 0004 0E       		.uleb128 0xe
 634 0005 13       		.uleb128 0x13
 635 0006 0B       		.uleb128 0xb
 636 0007 03       		.uleb128 0x3
 637 0008 0E       		.uleb128 0xe
 638 0009 1B       		.uleb128 0x1b
 639 000a 0E       		.uleb128 0xe
 640 000b 55       		.uleb128 0x55
 641 000c 17       		.uleb128 0x17
 642 000d 11       		.uleb128 0x11
 643 000e 01       		.uleb128 0x1
 644 000f 10       		.uleb128 0x10
 645 0010 17       		.uleb128 0x17
 646 0011 00       		.byte	0
 647 0012 00       		.byte	0
 648 0013 02       		.uleb128 0x2
 649 0014 24       		.uleb128 0x24
 650 0015 00       		.byte	0
 651 0016 0B       		.uleb128 0xb
 652 0017 0B       		.uleb128 0xb
 653 0018 3E       		.uleb128 0x3e
 654 0019 0B       		.uleb128 0xb
 655 001a 03       		.uleb128 0x3
 656 001b 0E       		.uleb128 0xe
 657 001c 00       		.byte	0
 658 001d 00       		.byte	0
 659 001e 03       		.uleb128 0x3
 660 001f 24       		.uleb128 0x24
 661 0020 00       		.byte	0
 662 0021 0B       		.uleb128 0xb
 663 0022 0B       		.uleb128 0xb
 664 0023 3E       		.uleb128 0x3e
 665 0024 0B       		.uleb128 0xb
 666 0025 03       		.uleb128 0x3
 667 0026 08       		.uleb128 0x8
 668 0027 00       		.byte	0
 669 0028 00       		.byte	0
 670 0029 04       		.uleb128 0x4
 671 002a 16       		.uleb128 0x16
 672 002b 00       		.byte	0
 673 002c 03       		.uleb128 0x3
 674 002d 0E       		.uleb128 0xe
 675 002e 3A       		.uleb128 0x3a
 676 002f 0B       		.uleb128 0xb
 677 0030 3B       		.uleb128 0x3b
 678 0031 05       		.uleb128 0x5
 679 0032 49       		.uleb128 0x49
 680 0033 13       		.uleb128 0x13
 681 0034 00       		.byte	0
 682 0035 00       		.byte	0
 683 0036 05       		.uleb128 0x5
 684 0037 35       		.uleb128 0x35
 685 0038 00       		.byte	0
 686 0039 49       		.uleb128 0x49
ARM GAS  C:\Users\Tim\AppData\Local\Temp\ccKsthAj.s 			page 22


 687 003a 13       		.uleb128 0x13
 688 003b 00       		.byte	0
 689 003c 00       		.byte	0
 690 003d 06       		.uleb128 0x6
 691 003e 0F       		.uleb128 0xf
 692 003f 00       		.byte	0
 693 0040 0B       		.uleb128 0xb
 694 0041 0B       		.uleb128 0xb
 695 0042 49       		.uleb128 0x49
 696 0043 13       		.uleb128 0x13
 697 0044 00       		.byte	0
 698 0045 00       		.byte	0
 699 0046 07       		.uleb128 0x7
 700 0047 15       		.uleb128 0x15
 701 0048 00       		.byte	0
 702 0049 27       		.uleb128 0x27
 703 004a 19       		.uleb128 0x19
 704 004b 00       		.byte	0
 705 004c 00       		.byte	0
 706 004d 08       		.uleb128 0x8
 707 004e 2E       		.uleb128 0x2e
 708 004f 01       		.byte	0x1
 709 0050 03       		.uleb128 0x3
 710 0051 0E       		.uleb128 0xe
 711 0052 3A       		.uleb128 0x3a
 712 0053 0B       		.uleb128 0xb
 713 0054 3B       		.uleb128 0x3b
 714 0055 05       		.uleb128 0x5
 715 0056 27       		.uleb128 0x27
 716 0057 19       		.uleb128 0x19
 717 0058 11       		.uleb128 0x11
 718 0059 01       		.uleb128 0x1
 719 005a 12       		.uleb128 0x12
 720 005b 06       		.uleb128 0x6
 721 005c 40       		.uleb128 0x40
 722 005d 18       		.uleb128 0x18
 723 005e 9742     		.uleb128 0x2117
 724 0060 19       		.uleb128 0x19
 725 0061 01       		.uleb128 0x1
 726 0062 13       		.uleb128 0x13
 727 0063 00       		.byte	0
 728 0064 00       		.byte	0
 729 0065 09       		.uleb128 0x9
 730 0066 898201   		.uleb128 0x4109
 731 0069 01       		.byte	0x1
 732 006a 11       		.uleb128 0x11
 733 006b 01       		.uleb128 0x1
 734 006c 31       		.uleb128 0x31
 735 006d 13       		.uleb128 0x13
 736 006e 00       		.byte	0
 737 006f 00       		.byte	0
 738 0070 0A       		.uleb128 0xa
 739 0071 8A8201   		.uleb128 0x410a
 740 0074 00       		.byte	0
 741 0075 02       		.uleb128 0x2
 742 0076 18       		.uleb128 0x18
 743 0077 9142     		.uleb128 0x2111
ARM GAS  C:\Users\Tim\AppData\Local\Temp\ccKsthAj.s 			page 23


 744 0079 18       		.uleb128 0x18
 745 007a 00       		.byte	0
 746 007b 00       		.byte	0
 747 007c 0B       		.uleb128 0xb
 748 007d 898201   		.uleb128 0x4109
 749 0080 00       		.byte	0
 750 0081 11       		.uleb128 0x11
 751 0082 01       		.uleb128 0x1
 752 0083 31       		.uleb128 0x31
 753 0084 13       		.uleb128 0x13
 754 0085 00       		.byte	0
 755 0086 00       		.byte	0
 756 0087 0C       		.uleb128 0xc
 757 0088 2E       		.uleb128 0x2e
 758 0089 01       		.byte	0x1
 759 008a 3F       		.uleb128 0x3f
 760 008b 19       		.uleb128 0x19
 761 008c 03       		.uleb128 0x3
 762 008d 0E       		.uleb128 0xe
 763 008e 3A       		.uleb128 0x3a
 764 008f 0B       		.uleb128 0xb
 765 0090 3B       		.uleb128 0x3b
 766 0091 0B       		.uleb128 0xb
 767 0092 27       		.uleb128 0x27
 768 0093 19       		.uleb128 0x19
 769 0094 11       		.uleb128 0x11
 770 0095 01       		.uleb128 0x1
 771 0096 12       		.uleb128 0x12
 772 0097 06       		.uleb128 0x6
 773 0098 40       		.uleb128 0x40
 774 0099 18       		.uleb128 0x18
 775 009a 9742     		.uleb128 0x2117
 776 009c 19       		.uleb128 0x19
 777 009d 01       		.uleb128 0x1
 778 009e 13       		.uleb128 0x13
 779 009f 00       		.byte	0
 780 00a0 00       		.byte	0
 781 00a1 0D       		.uleb128 0xd
 782 00a2 898201   		.uleb128 0x4109
 783 00a5 01       		.byte	0x1
 784 00a6 11       		.uleb128 0x11
 785 00a7 01       		.uleb128 0x1
 786 00a8 31       		.uleb128 0x31
 787 00a9 13       		.uleb128 0x13
 788 00aa 01       		.uleb128 0x1
 789 00ab 13       		.uleb128 0x13
 790 00ac 00       		.byte	0
 791 00ad 00       		.byte	0
 792 00ae 0E       		.uleb128 0xe
 793 00af 2E       		.uleb128 0x2e
 794 00b0 01       		.byte	0x1
 795 00b1 3F       		.uleb128 0x3f
 796 00b2 19       		.uleb128 0x19
 797 00b3 03       		.uleb128 0x3
 798 00b4 0E       		.uleb128 0xe
 799 00b5 3A       		.uleb128 0x3a
 800 00b6 0B       		.uleb128 0xb
ARM GAS  C:\Users\Tim\AppData\Local\Temp\ccKsthAj.s 			page 24


 801 00b7 3B       		.uleb128 0x3b
 802 00b8 05       		.uleb128 0x5
 803 00b9 27       		.uleb128 0x27
 804 00ba 19       		.uleb128 0x19
 805 00bb 11       		.uleb128 0x11
 806 00bc 01       		.uleb128 0x1
 807 00bd 12       		.uleb128 0x12
 808 00be 06       		.uleb128 0x6
 809 00bf 40       		.uleb128 0x40
 810 00c0 18       		.uleb128 0x18
 811 00c1 9742     		.uleb128 0x2117
 812 00c3 19       		.uleb128 0x19
 813 00c4 01       		.uleb128 0x1
 814 00c5 13       		.uleb128 0x13
 815 00c6 00       		.byte	0
 816 00c7 00       		.byte	0
 817 00c8 0F       		.uleb128 0xf
 818 00c9 05       		.uleb128 0x5
 819 00ca 00       		.byte	0
 820 00cb 03       		.uleb128 0x3
 821 00cc 0E       		.uleb128 0xe
 822 00cd 3A       		.uleb128 0x3a
 823 00ce 0B       		.uleb128 0xb
 824 00cf 3B       		.uleb128 0x3b
 825 00d0 05       		.uleb128 0x5
 826 00d1 49       		.uleb128 0x49
 827 00d2 13       		.uleb128 0x13
 828 00d3 02       		.uleb128 0x2
 829 00d4 17       		.uleb128 0x17
 830 00d5 00       		.byte	0
 831 00d6 00       		.byte	0
 832 00d7 10       		.uleb128 0x10
 833 00d8 34       		.uleb128 0x34
 834 00d9 00       		.byte	0
 835 00da 03       		.uleb128 0x3
 836 00db 0E       		.uleb128 0xe
 837 00dc 3A       		.uleb128 0x3a
 838 00dd 0B       		.uleb128 0xb
 839 00de 3B       		.uleb128 0x3b
 840 00df 05       		.uleb128 0x5
 841 00e0 49       		.uleb128 0x49
 842 00e1 13       		.uleb128 0x13
 843 00e2 02       		.uleb128 0x2
 844 00e3 17       		.uleb128 0x17
 845 00e4 00       		.byte	0
 846 00e5 00       		.byte	0
 847 00e6 11       		.uleb128 0x11
 848 00e7 05       		.uleb128 0x5
 849 00e8 00       		.byte	0
 850 00e9 03       		.uleb128 0x3
 851 00ea 0E       		.uleb128 0xe
 852 00eb 3A       		.uleb128 0x3a
 853 00ec 0B       		.uleb128 0xb
 854 00ed 3B       		.uleb128 0x3b
 855 00ee 05       		.uleb128 0x5
 856 00ef 49       		.uleb128 0x49
 857 00f0 13       		.uleb128 0x13
ARM GAS  C:\Users\Tim\AppData\Local\Temp\ccKsthAj.s 			page 25


 858 00f1 02       		.uleb128 0x2
 859 00f2 18       		.uleb128 0x18
 860 00f3 00       		.byte	0
 861 00f4 00       		.byte	0
 862 00f5 12       		.uleb128 0x12
 863 00f6 34       		.uleb128 0x34
 864 00f7 00       		.byte	0
 865 00f8 03       		.uleb128 0x3
 866 00f9 0E       		.uleb128 0xe
 867 00fa 3A       		.uleb128 0x3a
 868 00fb 0B       		.uleb128 0xb
 869 00fc 3B       		.uleb128 0x3b
 870 00fd 0B       		.uleb128 0xb
 871 00fe 49       		.uleb128 0x49
 872 00ff 13       		.uleb128 0x13
 873 0100 3F       		.uleb128 0x3f
 874 0101 19       		.uleb128 0x19
 875 0102 02       		.uleb128 0x2
 876 0103 18       		.uleb128 0x18
 877 0104 00       		.byte	0
 878 0105 00       		.byte	0
 879 0106 13       		.uleb128 0x13
 880 0107 2E       		.uleb128 0x2e
 881 0108 01       		.byte	0x1
 882 0109 3F       		.uleb128 0x3f
 883 010a 19       		.uleb128 0x19
 884 010b 03       		.uleb128 0x3
 885 010c 0E       		.uleb128 0xe
 886 010d 3A       		.uleb128 0x3a
 887 010e 0B       		.uleb128 0xb
 888 010f 3B       		.uleb128 0x3b
 889 0110 0B       		.uleb128 0xb
 890 0111 27       		.uleb128 0x27
 891 0112 19       		.uleb128 0x19
 892 0113 3C       		.uleb128 0x3c
 893 0114 19       		.uleb128 0x19
 894 0115 01       		.uleb128 0x1
 895 0116 13       		.uleb128 0x13
 896 0117 00       		.byte	0
 897 0118 00       		.byte	0
 898 0119 14       		.uleb128 0x14
 899 011a 05       		.uleb128 0x5
 900 011b 00       		.byte	0
 901 011c 49       		.uleb128 0x49
 902 011d 13       		.uleb128 0x13
 903 011e 00       		.byte	0
 904 011f 00       		.byte	0
 905 0120 15       		.uleb128 0x15
 906 0121 2E       		.uleb128 0x2e
 907 0122 00       		.byte	0
 908 0123 3F       		.uleb128 0x3f
 909 0124 19       		.uleb128 0x19
 910 0125 03       		.uleb128 0x3
 911 0126 0E       		.uleb128 0xe
 912 0127 3A       		.uleb128 0x3a
 913 0128 0B       		.uleb128 0xb
 914 0129 3B       		.uleb128 0x3b
ARM GAS  C:\Users\Tim\AppData\Local\Temp\ccKsthAj.s 			page 26


 915 012a 0B       		.uleb128 0xb
 916 012b 27       		.uleb128 0x27
 917 012c 19       		.uleb128 0x19
 918 012d 3C       		.uleb128 0x3c
 919 012e 19       		.uleb128 0x19
 920 012f 00       		.byte	0
 921 0130 00       		.byte	0
 922 0131 16       		.uleb128 0x16
 923 0132 2E       		.uleb128 0x2e
 924 0133 01       		.byte	0x1
 925 0134 3F       		.uleb128 0x3f
 926 0135 19       		.uleb128 0x19
 927 0136 03       		.uleb128 0x3
 928 0137 0E       		.uleb128 0xe
 929 0138 3A       		.uleb128 0x3a
 930 0139 0B       		.uleb128 0xb
 931 013a 3B       		.uleb128 0x3b
 932 013b 0B       		.uleb128 0xb
 933 013c 27       		.uleb128 0x27
 934 013d 19       		.uleb128 0x19
 935 013e 3C       		.uleb128 0x3c
 936 013f 19       		.uleb128 0x19
 937 0140 00       		.byte	0
 938 0141 00       		.byte	0
 939 0142 00       		.byte	0
 940              		.section	.debug_loc,"",%progbits
 941              	.Ldebug_loc0:
 942              	.LLST0:
 943 0000 00000000 		.4byte	.LVL9
 944 0004 0A000000 		.4byte	.LVL12
 945 0008 0100     		.2byte	0x1
 946 000a 50       		.byte	0x50
 947 000b 0A000000 		.4byte	.LVL12
 948 000f 14000000 		.4byte	.LFE5
 949 0013 0400     		.2byte	0x4
 950 0015 F3       		.byte	0xf3
 951 0016 01       		.uleb128 0x1
 952 0017 50       		.byte	0x50
 953 0018 9F       		.byte	0x9f
 954 0019 00000000 		.4byte	0
 955 001d 00000000 		.4byte	0
 956              	.LLST1:
 957 0021 04000000 		.4byte	.LVL10
 958 0025 0C000000 		.4byte	.LVL13
 959 0029 0100     		.2byte	0x1
 960 002b 53       		.byte	0x53
 961 002c 0C000000 		.4byte	.LVL13
 962 0030 14000000 		.4byte	.LFE5
 963 0034 0100     		.2byte	0x1
 964 0036 50       		.byte	0x50
 965 0037 00000000 		.4byte	0
 966 003b 00000000 		.4byte	0
 967              	.LLST2:
 968 003f 00000000 		.4byte	.LVL14
 969 0043 0A000000 		.4byte	.LVL17
 970 0047 0100     		.2byte	0x1
 971 0049 50       		.byte	0x50
ARM GAS  C:\Users\Tim\AppData\Local\Temp\ccKsthAj.s 			page 27


 972 004a 0A000000 		.4byte	.LVL17
 973 004e 14000000 		.4byte	.LFE6
 974 0052 0400     		.2byte	0x4
 975 0054 F3       		.byte	0xf3
 976 0055 01       		.uleb128 0x1
 977 0056 50       		.byte	0x50
 978 0057 9F       		.byte	0x9f
 979 0058 00000000 		.4byte	0
 980 005c 00000000 		.4byte	0
 981              	.LLST3:
 982 0060 04000000 		.4byte	.LVL15
 983 0064 0C000000 		.4byte	.LVL18
 984 0068 0100     		.2byte	0x1
 985 006a 53       		.byte	0x53
 986 006b 0C000000 		.4byte	.LVL18
 987 006f 14000000 		.4byte	.LFE6
 988 0073 0100     		.2byte	0x1
 989 0075 50       		.byte	0x50
 990 0076 00000000 		.4byte	0
 991 007a 00000000 		.4byte	0
 992              		.section	.debug_aranges,"",%progbits
 993 0000 5C000000 		.4byte	0x5c
 994 0004 0200     		.2byte	0x2
 995 0006 00000000 		.4byte	.Ldebug_info0
 996 000a 04       		.byte	0x4
 997 000b 00       		.byte	0
 998 000c 0000     		.2byte	0
 999 000e 0000     		.2byte	0
 1000 0010 00000000 		.4byte	.LFB8
 1001 0014 0A000000 		.4byte	.LFE8-.LFB8
 1002 0018 00000000 		.4byte	.LFB10
 1003 001c 08000000 		.4byte	.LFE10-.LFB10
 1004 0020 00000000 		.4byte	.LFB1
 1005 0024 08000000 		.4byte	.LFE1-.LFB1
 1006 0028 00000000 		.4byte	.LFB2
 1007 002c 18000000 		.4byte	.LFE2-.LFB2
 1008 0030 00000000 		.4byte	.LFB3
 1009 0034 20000000 		.4byte	.LFE3-.LFB3
 1010 0038 00000000 		.4byte	.LFB4
 1011 003c 2C000000 		.4byte	.LFE4-.LFB4
 1012 0040 00000000 		.4byte	.LFB5
 1013 0044 14000000 		.4byte	.LFE5-.LFB5
 1014 0048 00000000 		.4byte	.LFB6
 1015 004c 14000000 		.4byte	.LFE6-.LFB6
 1016 0050 00000000 		.4byte	.LFB7
 1017 0054 0C000000 		.4byte	.LFE7-.LFB7
 1018 0058 00000000 		.4byte	0
 1019 005c 00000000 		.4byte	0
 1020              		.section	.debug_ranges,"",%progbits
 1021              	.Ldebug_ranges0:
 1022 0000 00000000 		.4byte	.LFB8
 1023 0004 0A000000 		.4byte	.LFE8
 1024 0008 00000000 		.4byte	.LFB10
 1025 000c 08000000 		.4byte	.LFE10
 1026 0010 00000000 		.4byte	.LFB1
 1027 0014 08000000 		.4byte	.LFE1
 1028 0018 00000000 		.4byte	.LFB2
ARM GAS  C:\Users\Tim\AppData\Local\Temp\ccKsthAj.s 			page 28


 1029 001c 18000000 		.4byte	.LFE2
 1030 0020 00000000 		.4byte	.LFB3
 1031 0024 20000000 		.4byte	.LFE3
 1032 0028 00000000 		.4byte	.LFB4
 1033 002c 2C000000 		.4byte	.LFE4
 1034 0030 00000000 		.4byte	.LFB5
 1035 0034 14000000 		.4byte	.LFE5
 1036 0038 00000000 		.4byte	.LFB6
 1037 003c 14000000 		.4byte	.LFE6
 1038 0040 00000000 		.4byte	.LFB7
 1039 0044 0C000000 		.4byte	.LFE7
 1040 0048 00000000 		.4byte	0
 1041 004c 00000000 		.4byte	0
 1042              		.section	.debug_line,"",%progbits
 1043              	.Ldebug_line0:
 1044 0000 3D010000 		.section	.debug_str,"MS",%progbits,1
 1044      02007B00 
 1044      00000201 
 1044      FB0E0D00 
 1044      01010101 
 1045              	.LASF14:
 1046 0000 72656733 		.ascii	"reg32\000"
 1046      3200
 1047              	.LASF26:
 1048 0006 74784669 		.ascii	"txFifoCtrl\000"
 1048      666F4374 
 1048      726C00
 1049              	.LASF16:
 1050 0011 455A4932 		.ascii	"EZI2C_ScbEnableIntr\000"
 1050      435F5363 
 1050      62456E61 
 1050      626C6549 
 1050      6E747200 
 1051              	.LASF24:
 1052 0025 6C657665 		.ascii	"level\000"
 1052      6C00
 1053              	.LASF19:
 1054 002b 455A4932 		.ascii	"EZI2C_Enable\000"
 1054      435F456E 
 1054      61626C65 
 1054      00
 1055              	.LASF21:
 1056 0038 455A4932 		.ascii	"EZI2C_Stop\000"
 1056      435F5374 
 1056      6F7000
 1057              	.LASF27:
 1058 0043 455A4932 		.ascii	"EZI2C_SetCustomInterruptHandler\000"
 1058      435F5365 
 1058      74437573 
 1058      746F6D49 
 1058      6E746572 
 1059              	.LASF3:
 1060 0063 73686F72 		.ascii	"short unsigned int\000"
 1060      7420756E 
 1060      7369676E 
 1060      65642069 
 1060      6E7400
ARM GAS  C:\Users\Tim\AppData\Local\Temp\ccKsthAj.s 			page 29


 1061              	.LASF32:
 1062 0076 455A4932 		.ascii	"EZI2C_EzI2CInit\000"
 1062      435F457A 
 1062      49324349 
 1062      6E697400 
 1063              	.LASF22:
 1064 0086 455A4932 		.ascii	"EZI2C_SetRxFifoLevel\000"
 1064      435F5365 
 1064      74527846 
 1064      69666F4C 
 1064      6576656C 
 1065              	.LASF11:
 1066 009b 666C6F61 		.ascii	"float\000"
 1066      7400
 1067              	.LASF1:
 1068 00a1 756E7369 		.ascii	"unsigned char\000"
 1068      676E6564 
 1068      20636861 
 1068      7200
 1069              	.LASF5:
 1070 00af 6C6F6E67 		.ascii	"long unsigned int\000"
 1070      20756E73 
 1070      69676E65 
 1070      6420696E 
 1070      7400
 1071              	.LASF36:
 1072 00c1 2E5C4765 		.ascii	".\\Generated_Source\\PSoC4\\EZI2C.c\000"
 1072      6E657261 
 1072      7465645F 
 1072      536F7572 
 1072      63655C50 
 1073              	.LASF9:
 1074 00e2 75696E74 		.ascii	"uint8\000"
 1074      3800
 1075              	.LASF30:
 1076 00e8 455A4932 		.ascii	"EZI2C_customIntrHandler\000"
 1076      435F6375 
 1076      73746F6D 
 1076      496E7472 
 1076      48616E64 
 1077              	.LASF31:
 1078 0100 455A4932 		.ascii	"EZI2C_EzI2CStop\000"
 1078      435F457A 
 1078      49324353 
 1078      746F7000 
 1079              	.LASF12:
 1080 0110 646F7562 		.ascii	"double\000"
 1080      6C6500
 1081              	.LASF28:
 1082 0117 66756E63 		.ascii	"func\000"
 1082      00
 1083              	.LASF33:
 1084 011c 4379496E 		.ascii	"CyIntEnable\000"
 1084      74456E61 
 1084      626C6500 
 1085              	.LASF10:
 1086 0128 75696E74 		.ascii	"uint32\000"
ARM GAS  C:\Users\Tim\AppData\Local\Temp\ccKsthAj.s 			page 30


 1086      333200
 1087              	.LASF8:
 1088 012f 756E7369 		.ascii	"unsigned int\000"
 1088      676E6564 
 1088      20696E74 
 1088      00
 1089              	.LASF7:
 1090 013c 6C6F6E67 		.ascii	"long long unsigned int\000"
 1090      206C6F6E 
 1090      6720756E 
 1090      7369676E 
 1090      65642069 
 1091              	.LASF23:
 1092 0153 455A4932 		.ascii	"EZI2C_SetTxFifoLevel\000"
 1092      435F5365 
 1092      74547846 
 1092      69666F4C 
 1092      6576656C 
 1093              	.LASF38:
 1094 0168 4379496E 		.ascii	"CyIntClearPending\000"
 1094      74436C65 
 1094      61725065 
 1094      6E64696E 
 1094      6700
 1095              	.LASF15:
 1096 017a 73697A65 		.ascii	"sizetype\000"
 1096      74797065 
 1096      00
 1097              	.LASF6:
 1098 0183 6C6F6E67 		.ascii	"long long int\000"
 1098      206C6F6E 
 1098      6720696E 
 1098      7400
 1099              	.LASF13:
 1100 0191 63686172 		.ascii	"char\000"
 1100      00
 1101              	.LASF35:
 1102 0196 474E5520 		.ascii	"GNU C 4.9.3 20150303 (release) [ARM/embedded-4_9-br"
 1102      4320342E 
 1102      392E3320 
 1102      32303135 
 1102      30333033 
 1103 01c9 616E6368 		.ascii	"anch revision 221220] -mcpu=cortex-m0 -mthumb -g -O"
 1103      20726576 
 1103      6973696F 
 1103      6E203232 
 1103      31323230 
 1104 01fc 67202D66 		.ascii	"g -ffunction-sections -ffat-lto-objects\000"
 1104      66756E63 
 1104      74696F6E 
 1104      2D736563 
 1104      74696F6E 
 1105              	.LASF34:
 1106 0224 4379496E 		.ascii	"CyIntDisable\000"
 1106      74446973 
 1106      61626C65 
 1106      00
ARM GAS  C:\Users\Tim\AppData\Local\Temp\ccKsthAj.s 			page 31


 1107              	.LASF37:
 1108 0231 443A5C70 		.ascii	"D:\\projects\\ArloBot\\arlobot_psoc\\arlobot_base\\"
 1108      726F6A65 
 1108      6374735C 
 1108      41726C6F 
 1108      426F745C 
 1109 025f 626F6172 		.ascii	"board1.cydsn\000"
 1109      64312E63 
 1109      7964736E 
 1109      00
 1110              	.LASF2:
 1111 026c 73686F72 		.ascii	"short int\000"
 1111      7420696E 
 1111      7400
 1112              	.LASF20:
 1113 0276 455A4932 		.ascii	"EZI2C_Start\000"
 1113      435F5374 
 1113      61727400 
 1114              	.LASF17:
 1115 0282 455A4932 		.ascii	"EZI2C_ScbModeStop\000"
 1115      435F5363 
 1115      624D6F64 
 1115      6553746F 
 1115      7000
 1116              	.LASF25:
 1117 0294 72784669 		.ascii	"rxFifoCtrl\000"
 1117      666F4374 
 1117      726C00
 1118              	.LASF4:
 1119 029f 6C6F6E67 		.ascii	"long int\000"
 1119      20696E74 
 1119      00
 1120              	.LASF29:
 1121 02a8 455A4932 		.ascii	"EZI2C_initVar\000"
 1121      435F696E 
 1121      69745661 
 1121      7200
 1122              	.LASF18:
 1123 02b6 455A4932 		.ascii	"EZI2C_Init\000"
 1123      435F496E 
 1123      697400
 1124              	.LASF0:
 1125 02c1 7369676E 		.ascii	"signed char\000"
 1125      65642063 
 1125      68617200 
 1126              		.ident	"GCC: (GNU Tools for ARM Embedded Processors) 4.9.3 20150303 (release) [ARM/embedded-4_9-br
