ARM GAS  C:\Users\Tim\AppData\Local\Temp\ccbf2Uuw.s 			page 1


   1              		.cpu cortex-m0
   2              		.fpu softvfp
   3              		.eabi_attribute 20, 1
   4              		.eabi_attribute 21, 1
   5              		.eabi_attribute 23, 3
   6              		.eabi_attribute 24, 1
   7              		.eabi_attribute 25, 1
   8              		.eabi_attribute 26, 1
   9              		.eabi_attribute 30, 1
  10              		.eabi_attribute 34, 0
  11              		.eabi_attribute 18, 4
  12              		.code	16
  13              		.file	"EZI2C_EZI2C.c"
  14              		.text
  15              	.Ltext0:
  16              		.cfi_sections	.debug_frame
  17              		.section	.text.EZI2C_EzI2CInit,"ax",%progbits
  18              		.align	2
  19              		.global	EZI2C_EzI2CInit
  20              		.code	16
  21              		.thumb_func
  22              		.type	EZI2C_EzI2CInit, %function
  23              	EZI2C_EzI2CInit:
  24              	.LFB1:
  25              		.file 1 ".\\Generated_Source\\PSoC4\\EZI2C_EZI2C.c"
   1:.\Generated_Source\PSoC4/EZI2C_EZI2C.c **** /*******************************************************************************
   2:.\Generated_Source\PSoC4/EZI2C_EZI2C.c **** * File Name: EZI2C_EZI2C.c
   3:.\Generated_Source\PSoC4/EZI2C_EZI2C.c **** * Version 3.10
   4:.\Generated_Source\PSoC4/EZI2C_EZI2C.c **** *
   5:.\Generated_Source\PSoC4/EZI2C_EZI2C.c **** * Description:
   6:.\Generated_Source\PSoC4/EZI2C_EZI2C.c **** *  This file provides the source code to the API for the SCB Component in
   7:.\Generated_Source\PSoC4/EZI2C_EZI2C.c **** *  EZI2C mode.
   8:.\Generated_Source\PSoC4/EZI2C_EZI2C.c **** *
   9:.\Generated_Source\PSoC4/EZI2C_EZI2C.c **** * Note:
  10:.\Generated_Source\PSoC4/EZI2C_EZI2C.c **** *
  11:.\Generated_Source\PSoC4/EZI2C_EZI2C.c **** *******************************************************************************
  12:.\Generated_Source\PSoC4/EZI2C_EZI2C.c **** * Copyright 2013-2015, Cypress Semiconductor Corporation.  All rights reserved.
  13:.\Generated_Source\PSoC4/EZI2C_EZI2C.c **** * You may use this file only in accordance with the license, terms, conditions,
  14:.\Generated_Source\PSoC4/EZI2C_EZI2C.c **** * disclaimers, and limitations in the end user license agreement accompanying
  15:.\Generated_Source\PSoC4/EZI2C_EZI2C.c **** * the software package with which this file was provided.
  16:.\Generated_Source\PSoC4/EZI2C_EZI2C.c **** *******************************************************************************/
  17:.\Generated_Source\PSoC4/EZI2C_EZI2C.c **** 
  18:.\Generated_Source\PSoC4/EZI2C_EZI2C.c **** #include "EZI2C_PVT.h"
  19:.\Generated_Source\PSoC4/EZI2C_EZI2C.c **** #include "EZI2C_EZI2C_PVT.h"
  20:.\Generated_Source\PSoC4/EZI2C_EZI2C.c **** 
  21:.\Generated_Source\PSoC4/EZI2C_EZI2C.c **** 
  22:.\Generated_Source\PSoC4/EZI2C_EZI2C.c **** /***************************************
  23:.\Generated_Source\PSoC4/EZI2C_EZI2C.c **** *      EZI2C Private Vars
  24:.\Generated_Source\PSoC4/EZI2C_EZI2C.c **** ***************************************/
  25:.\Generated_Source\PSoC4/EZI2C_EZI2C.c **** 
  26:.\Generated_Source\PSoC4/EZI2C_EZI2C.c **** volatile uint8 EZI2C_curStatus; /* Status byte */
  27:.\Generated_Source\PSoC4/EZI2C_EZI2C.c **** uint8 EZI2C_fsmState;           /* FSM state   */
  28:.\Generated_Source\PSoC4/EZI2C_EZI2C.c **** 
  29:.\Generated_Source\PSoC4/EZI2C_EZI2C.c **** /* Variables intended to be used with Buffer 1: Primary slave address */
  30:.\Generated_Source\PSoC4/EZI2C_EZI2C.c **** volatile uint8 * EZI2C_dataBuffer1; /* Pointer to data buffer 1 */
  31:.\Generated_Source\PSoC4/EZI2C_EZI2C.c **** uint16 EZI2C_bufSizeBuf1; /* Size of buffer 1 in bytes      */
  32:.\Generated_Source\PSoC4/EZI2C_EZI2C.c **** uint16 EZI2C_protectBuf1; /* Start index of write protected area buffer 1 */
ARM GAS  C:\Users\Tim\AppData\Local\Temp\ccbf2Uuw.s 			page 2


  33:.\Generated_Source\PSoC4/EZI2C_EZI2C.c **** uint8 EZI2C_offsetBuf1; /* Current offset within buffer 1 */
  34:.\Generated_Source\PSoC4/EZI2C_EZI2C.c **** uint16 EZI2C_indexBuf1;  /* Current index within buffer 1  */
  35:.\Generated_Source\PSoC4/EZI2C_EZI2C.c **** 
  36:.\Generated_Source\PSoC4/EZI2C_EZI2C.c **** #if(EZI2C_SECONDARY_ADDRESS_ENABLE_CONST)
  37:.\Generated_Source\PSoC4/EZI2C_EZI2C.c ****     uint8 EZI2C_addrBuf1; /* Primary slave address. Used for software comparison   */
  38:.\Generated_Source\PSoC4/EZI2C_EZI2C.c ****     uint8 EZI2C_addrBuf2; /* Secondary slave address. Used for software comparison */
  39:.\Generated_Source\PSoC4/EZI2C_EZI2C.c **** 
  40:.\Generated_Source\PSoC4/EZI2C_EZI2C.c ****     /* Variables intended to be used with Buffer 2: Primary slave address */
  41:.\Generated_Source\PSoC4/EZI2C_EZI2C.c ****     volatile uint8 * EZI2C_dataBuffer2; /* Pointer to data buffer 2 */
  42:.\Generated_Source\PSoC4/EZI2C_EZI2C.c ****     uint16 EZI2C_bufSizeBuf2; /* Size of buffer 2 in bytes      */
  43:.\Generated_Source\PSoC4/EZI2C_EZI2C.c ****     uint16 EZI2C_protectBuf2; /* Start index of write protected area buffer 2 */
  44:.\Generated_Source\PSoC4/EZI2C_EZI2C.c ****     uint8 EZI2C_offsetBuf2; /* Current offset within buffer 2 */
  45:.\Generated_Source\PSoC4/EZI2C_EZI2C.c ****     uint16 EZI2C_indexBuf2;  /* Current index within buffer 2  */
  46:.\Generated_Source\PSoC4/EZI2C_EZI2C.c **** #endif /* (EZI2C_SECONDARY_ADDRESS_ENABLE_CONST) */
  47:.\Generated_Source\PSoC4/EZI2C_EZI2C.c **** 
  48:.\Generated_Source\PSoC4/EZI2C_EZI2C.c **** 
  49:.\Generated_Source\PSoC4/EZI2C_EZI2C.c **** /***************************************
  50:.\Generated_Source\PSoC4/EZI2C_EZI2C.c **** *      EZI2C Private Functions
  51:.\Generated_Source\PSoC4/EZI2C_EZI2C.c **** ***************************************/
  52:.\Generated_Source\PSoC4/EZI2C_EZI2C.c **** 
  53:.\Generated_Source\PSoC4/EZI2C_EZI2C.c **** #if(EZI2C_SECONDARY_ADDRESS_ENABLE_CONST)
  54:.\Generated_Source\PSoC4/EZI2C_EZI2C.c ****     static uint32 EZI2C_EzI2CUpdateRxMatchReg(uint32 addr1, uint32 addr2);
  55:.\Generated_Source\PSoC4/EZI2C_EZI2C.c **** #endif /* (EZI2C_SECONDARY_ADDRESS_ENABLE_CONST) */
  56:.\Generated_Source\PSoC4/EZI2C_EZI2C.c **** 
  57:.\Generated_Source\PSoC4/EZI2C_EZI2C.c **** #if(EZI2C_SCB_MODE_UNCONFIG_CONST_CFG)
  58:.\Generated_Source\PSoC4/EZI2C_EZI2C.c **** 
  59:.\Generated_Source\PSoC4/EZI2C_EZI2C.c ****     /***************************************
  60:.\Generated_Source\PSoC4/EZI2C_EZI2C.c ****     *  Configuration Structure Initialization
  61:.\Generated_Source\PSoC4/EZI2C_EZI2C.c ****     ***************************************/
  62:.\Generated_Source\PSoC4/EZI2C_EZI2C.c **** 
  63:.\Generated_Source\PSoC4/EZI2C_EZI2C.c ****     /* Constant configuration of EZI2C */
  64:.\Generated_Source\PSoC4/EZI2C_EZI2C.c ****     const EZI2C_EZI2C_INIT_STRUCT EZI2C_configEzI2C =
  65:.\Generated_Source\PSoC4/EZI2C_EZI2C.c ****     {
  66:.\Generated_Source\PSoC4/EZI2C_EZI2C.c ****         EZI2C_EZI2C_CLOCK_STRETCHING,
  67:.\Generated_Source\PSoC4/EZI2C_EZI2C.c ****         EZI2C_EZI2C_MEDIAN_FILTER_ENABLE,
  68:.\Generated_Source\PSoC4/EZI2C_EZI2C.c ****         EZI2C_EZI2C_NUMBER_OF_ADDRESSES,
  69:.\Generated_Source\PSoC4/EZI2C_EZI2C.c ****         EZI2C_EZI2C_PRIMARY_SLAVE_ADDRESS,
  70:.\Generated_Source\PSoC4/EZI2C_EZI2C.c ****         EZI2C_EZI2C_SECONDARY_SLAVE_ADDRESS,
  71:.\Generated_Source\PSoC4/EZI2C_EZI2C.c ****         EZI2C_EZI2C_SUB_ADDRESS_SIZE,
  72:.\Generated_Source\PSoC4/EZI2C_EZI2C.c ****         EZI2C_EZI2C_WAKE_ENABLE,
  73:.\Generated_Source\PSoC4/EZI2C_EZI2C.c ****         EZI2C_EZI2C_BYTE_MODE_ENABLE
  74:.\Generated_Source\PSoC4/EZI2C_EZI2C.c ****     };
  75:.\Generated_Source\PSoC4/EZI2C_EZI2C.c **** 
  76:.\Generated_Source\PSoC4/EZI2C_EZI2C.c ****     /*******************************************************************************
  77:.\Generated_Source\PSoC4/EZI2C_EZI2C.c ****     * Function Name: EZI2C_EzI2CInit
  78:.\Generated_Source\PSoC4/EZI2C_EZI2C.c ****     ********************************************************************************
  79:.\Generated_Source\PSoC4/EZI2C_EZI2C.c ****     *
  80:.\Generated_Source\PSoC4/EZI2C_EZI2C.c ****     * Summary:
  81:.\Generated_Source\PSoC4/EZI2C_EZI2C.c ****     *  Configures the SCB for the EZI2C operation.
  82:.\Generated_Source\PSoC4/EZI2C_EZI2C.c ****     *
  83:.\Generated_Source\PSoC4/EZI2C_EZI2C.c ****     * Parameters:
  84:.\Generated_Source\PSoC4/EZI2C_EZI2C.c ****     *  config:  Pointer to a structure that contains the following ordered list of
  85:.\Generated_Source\PSoC4/EZI2C_EZI2C.c ****     *           fields. These fields match the selections available in the
  86:.\Generated_Source\PSoC4/EZI2C_EZI2C.c ****     *           customizer.
  87:.\Generated_Source\PSoC4/EZI2C_EZI2C.c ****     *
  88:.\Generated_Source\PSoC4/EZI2C_EZI2C.c ****     * Return:
  89:.\Generated_Source\PSoC4/EZI2C_EZI2C.c ****     *  None
ARM GAS  C:\Users\Tim\AppData\Local\Temp\ccbf2Uuw.s 			page 3


  90:.\Generated_Source\PSoC4/EZI2C_EZI2C.c ****     *
  91:.\Generated_Source\PSoC4/EZI2C_EZI2C.c ****     *******************************************************************************/
  92:.\Generated_Source\PSoC4/EZI2C_EZI2C.c ****     void EZI2C_EzI2CInit(const EZI2C_EZI2C_INIT_STRUCT *config)
  93:.\Generated_Source\PSoC4/EZI2C_EZI2C.c ****     {
  94:.\Generated_Source\PSoC4/EZI2C_EZI2C.c ****         if(NULL == config)
  95:.\Generated_Source\PSoC4/EZI2C_EZI2C.c ****         {
  96:.\Generated_Source\PSoC4/EZI2C_EZI2C.c ****             CYASSERT(0u != 0u); /* Halt execution due to bad function parameter */
  97:.\Generated_Source\PSoC4/EZI2C_EZI2C.c ****         }
  98:.\Generated_Source\PSoC4/EZI2C_EZI2C.c ****         else
  99:.\Generated_Source\PSoC4/EZI2C_EZI2C.c ****         {
 100:.\Generated_Source\PSoC4/EZI2C_EZI2C.c ****             /* Configure pins */
 101:.\Generated_Source\PSoC4/EZI2C_EZI2C.c ****             EZI2C_SetPins(EZI2C_SCB_MODE_EZI2C, EZI2C_DUMMY_PARAM,
 102:.\Generated_Source\PSoC4/EZI2C_EZI2C.c ****                                                                       EZI2C_DUMMY_PARAM);
 103:.\Generated_Source\PSoC4/EZI2C_EZI2C.c **** 
 104:.\Generated_Source\PSoC4/EZI2C_EZI2C.c ****             /* Store internal configuration */
 105:.\Generated_Source\PSoC4/EZI2C_EZI2C.c ****             EZI2C_scbMode       = (uint8) EZI2C_SCB_MODE_EZI2C;
 106:.\Generated_Source\PSoC4/EZI2C_EZI2C.c ****             EZI2C_scbEnableWake = (uint8) config->enableWake;
 107:.\Generated_Source\PSoC4/EZI2C_EZI2C.c ****             EZI2C_scbEnableIntr = (uint8) EZI2C_SCB_IRQ_INTERNAL;
 108:.\Generated_Source\PSoC4/EZI2C_EZI2C.c **** 
 109:.\Generated_Source\PSoC4/EZI2C_EZI2C.c ****             EZI2C_numberOfAddr  = (uint8) config->numberOfAddresses;
 110:.\Generated_Source\PSoC4/EZI2C_EZI2C.c ****             EZI2C_subAddrSize   = (uint8) config->subAddrSize;
 111:.\Generated_Source\PSoC4/EZI2C_EZI2C.c **** 
 112:.\Generated_Source\PSoC4/EZI2C_EZI2C.c ****         #if (EZI2C_CY_SCBIP_V0)
 113:.\Generated_Source\PSoC4/EZI2C_EZI2C.c ****             /* Adjust SDA filter settings. Ticket ID#150521 */
 114:.\Generated_Source\PSoC4/EZI2C_EZI2C.c ****             EZI2C_SET_I2C_CFG_SDA_FILT_TRIM(EZI2C_EC_AM_I2C_CFG_SDA_FILT_TRIM);
 115:.\Generated_Source\PSoC4/EZI2C_EZI2C.c ****         #endif /* (EZI2C_CY_SCBIP_V0) */
 116:.\Generated_Source\PSoC4/EZI2C_EZI2C.c **** 
 117:.\Generated_Source\PSoC4/EZI2C_EZI2C.c ****             /* Adjust AF and DF filter settings, AF = 1, DF = 0. Ticket ID#176179 */
 118:.\Generated_Source\PSoC4/EZI2C_EZI2C.c ****             EZI2C_I2C_CFG_ANALOG_FITER_ENABLE;
 119:.\Generated_Source\PSoC4/EZI2C_EZI2C.c **** 
 120:.\Generated_Source\PSoC4/EZI2C_EZI2C.c ****             /* Configure I2C interface */
 121:.\Generated_Source\PSoC4/EZI2C_EZI2C.c ****             EZI2C_CTRL_REG     = EZI2C_GET_CTRL_BYTE_MODE  (config->enableByteMode)    |
 122:.\Generated_Source\PSoC4/EZI2C_EZI2C.c ****                                             EZI2C_GET_CTRL_ADDR_ACCEPT(config->numberOfAddresses) |
 123:.\Generated_Source\PSoC4/EZI2C_EZI2C.c ****                                             EZI2C_GET_CTRL_EC_AM_MODE (config->enableWake);
 124:.\Generated_Source\PSoC4/EZI2C_EZI2C.c **** 
 125:.\Generated_Source\PSoC4/EZI2C_EZI2C.c ****             EZI2C_I2C_CTRL_REG = EZI2C_EZI2C_CTRL;
 126:.\Generated_Source\PSoC4/EZI2C_EZI2C.c **** 
 127:.\Generated_Source\PSoC4/EZI2C_EZI2C.c ****             /* Configure RX direction */
 128:.\Generated_Source\PSoC4/EZI2C_EZI2C.c ****             EZI2C_RX_CTRL_REG = EZI2C_EZI2C_RX_CTRL |
 129:.\Generated_Source\PSoC4/EZI2C_EZI2C.c ****                                         EZI2C_GET_RX_CTRL_MEDIAN(EZI2C_DIGITAL_FILTER_DISABLE);
 130:.\Generated_Source\PSoC4/EZI2C_EZI2C.c ****                                                 ;
 131:.\Generated_Source\PSoC4/EZI2C_EZI2C.c ****             EZI2C_RX_FIFO_CTRL_REG = EZI2C_CLEAR_REG;
 132:.\Generated_Source\PSoC4/EZI2C_EZI2C.c **** 
 133:.\Generated_Source\PSoC4/EZI2C_EZI2C.c ****             /* Set default address and mask */
 134:.\Generated_Source\PSoC4/EZI2C_EZI2C.c ****             if(EZI2C_EZI2C_PRIMARY_ADDRESS == config->numberOfAddresses)
 135:.\Generated_Source\PSoC4/EZI2C_EZI2C.c ****             {
 136:.\Generated_Source\PSoC4/EZI2C_EZI2C.c ****                 EZI2C_RX_MATCH_REG = EZI2C_EzI2CUpdateRxMatchReg(config->primarySlaveAddr,
 137:.\Generated_Source\PSoC4/EZI2C_EZI2C.c ****                                                                                        config->prim
 138:.\Generated_Source\PSoC4/EZI2C_EZI2C.c ****             }
 139:.\Generated_Source\PSoC4/EZI2C_EZI2C.c ****             else
 140:.\Generated_Source\PSoC4/EZI2C_EZI2C.c ****             {
 141:.\Generated_Source\PSoC4/EZI2C_EZI2C.c ****                 EZI2C_RX_MATCH_REG = EZI2C_EzI2CUpdateRxMatchReg(config->primarySlaveAddr,
 142:.\Generated_Source\PSoC4/EZI2C_EZI2C.c ****                                                                                        config->seco
 143:.\Generated_Source\PSoC4/EZI2C_EZI2C.c ****             }
 144:.\Generated_Source\PSoC4/EZI2C_EZI2C.c **** 
 145:.\Generated_Source\PSoC4/EZI2C_EZI2C.c ****             /* Configure TX direction */
 146:.\Generated_Source\PSoC4/EZI2C_EZI2C.c ****             EZI2C_TX_CTRL_REG      = EZI2C_EZI2C_TX_CTRL;
ARM GAS  C:\Users\Tim\AppData\Local\Temp\ccbf2Uuw.s 			page 4


 147:.\Generated_Source\PSoC4/EZI2C_EZI2C.c ****             EZI2C_TX_FIFO_CTRL_REG = ((0u != (config->enableClockStretch)) ?
 148:.\Generated_Source\PSoC4/EZI2C_EZI2C.c ****                                                  EZI2C_CLEAR_REG : EZI2C_EZI2C_TX_FIFO_CTRL);
 149:.\Generated_Source\PSoC4/EZI2C_EZI2C.c **** 
 150:.\Generated_Source\PSoC4/EZI2C_EZI2C.c ****             /* Configure interrupt sources */
 151:.\Generated_Source\PSoC4/EZI2C_EZI2C.c ****         #if (!EZI2C_CY_SCBIP_V1)
 152:.\Generated_Source\PSoC4/EZI2C_EZI2C.c ****            EZI2C_INTR_SPI_EC_MASK_REG = EZI2C_NO_INTR_SOURCES;
 153:.\Generated_Source\PSoC4/EZI2C_EZI2C.c ****         #endif /* (!EZI2C_CY_SCBIP_V1) */
 154:.\Generated_Source\PSoC4/EZI2C_EZI2C.c **** 
 155:.\Generated_Source\PSoC4/EZI2C_EZI2C.c ****             EZI2C_INTR_I2C_EC_MASK_REG = EZI2C_NO_INTR_SOURCES;
 156:.\Generated_Source\PSoC4/EZI2C_EZI2C.c ****             EZI2C_INTR_MASTER_MASK_REG = EZI2C_NO_INTR_SOURCES;
 157:.\Generated_Source\PSoC4/EZI2C_EZI2C.c ****             EZI2C_INTR_SLAVE_MASK_REG  = EZI2C_EZI2C_INTR_SLAVE_MASK;
 158:.\Generated_Source\PSoC4/EZI2C_EZI2C.c ****             EZI2C_INTR_TX_MASK_REG     = EZI2C_NO_INTR_SOURCES;
 159:.\Generated_Source\PSoC4/EZI2C_EZI2C.c **** 
 160:.\Generated_Source\PSoC4/EZI2C_EZI2C.c ****             /* Configure interrupt with EZI2C handler but do not enable it */
 161:.\Generated_Source\PSoC4/EZI2C_EZI2C.c ****             CyIntDisable    (EZI2C_ISR_NUMBER);
 162:.\Generated_Source\PSoC4/EZI2C_EZI2C.c ****             CyIntSetPriority(EZI2C_ISR_NUMBER, EZI2C_ISR_PRIORITY);
 163:.\Generated_Source\PSoC4/EZI2C_EZI2C.c ****             (void) CyIntSetVector(EZI2C_ISR_NUMBER, (0u != (config->enableClockStretch)) ?
 164:.\Generated_Source\PSoC4/EZI2C_EZI2C.c ****                                                                       (&EZI2C_EZI2C_STRETCH_ISR) :
 165:.\Generated_Source\PSoC4/EZI2C_EZI2C.c ****                                                                       (&EZI2C_EZI2C_NO_STRETCH_ISR)
 166:.\Generated_Source\PSoC4/EZI2C_EZI2C.c **** 
 167:.\Generated_Source\PSoC4/EZI2C_EZI2C.c ****             if(0u != (config->enableClockStretch))
 168:.\Generated_Source\PSoC4/EZI2C_EZI2C.c ****             {
 169:.\Generated_Source\PSoC4/EZI2C_EZI2C.c ****                 /* Configure interrupt sources */
 170:.\Generated_Source\PSoC4/EZI2C_EZI2C.c ****                 EZI2C_INTR_SLAVE_MASK_REG |= EZI2C_INTR_SLAVE_I2C_ADDR_MATCH;
 171:.\Generated_Source\PSoC4/EZI2C_EZI2C.c ****                 EZI2C_INTR_RX_MASK_REG     = EZI2C_NO_INTR_SOURCES;
 172:.\Generated_Source\PSoC4/EZI2C_EZI2C.c ****             }
 173:.\Generated_Source\PSoC4/EZI2C_EZI2C.c ****             else
 174:.\Generated_Source\PSoC4/EZI2C_EZI2C.c ****             {
 175:.\Generated_Source\PSoC4/EZI2C_EZI2C.c ****                 /* Enable Auto ACK/NACK features */
 176:.\Generated_Source\PSoC4/EZI2C_EZI2C.c ****                 EZI2C_I2C_CTRL_REG |= EZI2C_EZI2C_CTRL_AUTO;
 177:.\Generated_Source\PSoC4/EZI2C_EZI2C.c **** 
 178:.\Generated_Source\PSoC4/EZI2C_EZI2C.c ****                 /* Configure RX interrupt source */
 179:.\Generated_Source\PSoC4/EZI2C_EZI2C.c ****                 EZI2C_INTR_SLAVE_MASK_REG |= EZI2C_INTR_SLAVE_I2C_START;
 180:.\Generated_Source\PSoC4/EZI2C_EZI2C.c ****                 EZI2C_INTR_RX_MASK_REG     = EZI2C_INTR_RX_NOT_EMPTY;
 181:.\Generated_Source\PSoC4/EZI2C_EZI2C.c ****             }
 182:.\Generated_Source\PSoC4/EZI2C_EZI2C.c **** 
 183:.\Generated_Source\PSoC4/EZI2C_EZI2C.c ****             /* Configure global variables */
 184:.\Generated_Source\PSoC4/EZI2C_EZI2C.c ****             EZI2C_fsmState = EZI2C_EZI2C_FSM_IDLE;
 185:.\Generated_Source\PSoC4/EZI2C_EZI2C.c **** 
 186:.\Generated_Source\PSoC4/EZI2C_EZI2C.c ****             EZI2C_curStatus  = 0u;
 187:.\Generated_Source\PSoC4/EZI2C_EZI2C.c ****             EZI2C_indexBuf1  = 0u;
 188:.\Generated_Source\PSoC4/EZI2C_EZI2C.c ****             EZI2C_offsetBuf1 = 0u;
 189:.\Generated_Source\PSoC4/EZI2C_EZI2C.c ****             EZI2C_indexBuf2  = 0u;
 190:.\Generated_Source\PSoC4/EZI2C_EZI2C.c ****             EZI2C_offsetBuf2 = 0u;
 191:.\Generated_Source\PSoC4/EZI2C_EZI2C.c **** 
 192:.\Generated_Source\PSoC4/EZI2C_EZI2C.c ****             EZI2C_addrBuf1 = (uint8) config->primarySlaveAddr;
 193:.\Generated_Source\PSoC4/EZI2C_EZI2C.c ****             EZI2C_addrBuf2 = (uint8) config->secondarySlaveAddr;
 194:.\Generated_Source\PSoC4/EZI2C_EZI2C.c ****         }
 195:.\Generated_Source\PSoC4/EZI2C_EZI2C.c ****     }
 196:.\Generated_Source\PSoC4/EZI2C_EZI2C.c **** 
 197:.\Generated_Source\PSoC4/EZI2C_EZI2C.c **** #else
 198:.\Generated_Source\PSoC4/EZI2C_EZI2C.c **** 
 199:.\Generated_Source\PSoC4/EZI2C_EZI2C.c ****     /*******************************************************************************
 200:.\Generated_Source\PSoC4/EZI2C_EZI2C.c ****     * Function Name: EZI2C_EzI2CInit
 201:.\Generated_Source\PSoC4/EZI2C_EZI2C.c ****     ********************************************************************************
 202:.\Generated_Source\PSoC4/EZI2C_EZI2C.c ****     *
 203:.\Generated_Source\PSoC4/EZI2C_EZI2C.c ****     * Summary:
ARM GAS  C:\Users\Tim\AppData\Local\Temp\ccbf2Uuw.s 			page 5


 204:.\Generated_Source\PSoC4/EZI2C_EZI2C.c ****     *  Configures the SCB for the EZI2C operation.
 205:.\Generated_Source\PSoC4/EZI2C_EZI2C.c ****     *
 206:.\Generated_Source\PSoC4/EZI2C_EZI2C.c ****     * Parameters:
 207:.\Generated_Source\PSoC4/EZI2C_EZI2C.c ****     *  None
 208:.\Generated_Source\PSoC4/EZI2C_EZI2C.c ****     *
 209:.\Generated_Source\PSoC4/EZI2C_EZI2C.c ****     * Return:
 210:.\Generated_Source\PSoC4/EZI2C_EZI2C.c ****     *  None
 211:.\Generated_Source\PSoC4/EZI2C_EZI2C.c ****     *
 212:.\Generated_Source\PSoC4/EZI2C_EZI2C.c ****     *******************************************************************************/
 213:.\Generated_Source\PSoC4/EZI2C_EZI2C.c ****     void EZI2C_EzI2CInit(void)
 214:.\Generated_Source\PSoC4/EZI2C_EZI2C.c ****     {
  26              		.loc 1 214 0
  27              		.cfi_startproc
  28 0000 10B5     		push	{r4, lr}
  29              		.cfi_def_cfa_offset 8
  30              		.cfi_offset 4, -8
  31              		.cfi_offset 14, -4
 215:.\Generated_Source\PSoC4/EZI2C_EZI2C.c ****         /* Configure I2C interface */
 216:.\Generated_Source\PSoC4/EZI2C_EZI2C.c ****         EZI2C_CTRL_REG     = EZI2C_EZI2C_DEFAULT_CTRL;
  32              		.loc 1 216 0
  33 0002 0024     		mov	r4, #0
  34 0004 194B     		ldr	r3, .L2
  35 0006 1C60     		str	r4, [r3]
 217:.\Generated_Source\PSoC4/EZI2C_EZI2C.c ****         EZI2C_I2C_CTRL_REG = EZI2C_EZI2C_DEFAULT_I2C_CTRL;
  36              		.loc 1 217 0
  37 0008 194A     		ldr	r2, .L2+4
  38 000a 1A4B     		ldr	r3, .L2+8
  39 000c 1A60     		str	r2, [r3]
 218:.\Generated_Source\PSoC4/EZI2C_EZI2C.c **** 
 219:.\Generated_Source\PSoC4/EZI2C_EZI2C.c ****     #if (EZI2C_CY_SCBIP_V0)
 220:.\Generated_Source\PSoC4/EZI2C_EZI2C.c ****         /* Adjust SDA filter settings. Ticket ID#150521 */
 221:.\Generated_Source\PSoC4/EZI2C_EZI2C.c ****         EZI2C_SET_I2C_CFG_SDA_FILT_TRIM(EZI2C_EC_AM_I2C_CFG_SDA_FILT_TRIM);
 222:.\Generated_Source\PSoC4/EZI2C_EZI2C.c ****     #endif /* (EZI2C_CY_SCBIP_V0) */
 223:.\Generated_Source\PSoC4/EZI2C_EZI2C.c **** 
 224:.\Generated_Source\PSoC4/EZI2C_EZI2C.c ****         /* Configure RX direction */
 225:.\Generated_Source\PSoC4/EZI2C_EZI2C.c ****         EZI2C_RX_CTRL_REG      = EZI2C_EZI2C_DEFAULT_RX_CTRL;
  40              		.loc 1 225 0
  41 000e 1A4B     		ldr	r3, .L2+12
  42 0010 1A4A     		ldr	r2, .L2+16
  43 0012 1360     		str	r3, [r2]
 226:.\Generated_Source\PSoC4/EZI2C_EZI2C.c ****         EZI2C_RX_FIFO_CTRL_REG = EZI2C_EZI2C_DEFAULT_RX_FIFO_CTRL;
  44              		.loc 1 226 0
  45 0014 1A4A     		ldr	r2, .L2+20
  46 0016 1460     		str	r4, [r2]
 227:.\Generated_Source\PSoC4/EZI2C_EZI2C.c **** 
 228:.\Generated_Source\PSoC4/EZI2C_EZI2C.c ****         /* Set default address and mask */
 229:.\Generated_Source\PSoC4/EZI2C_EZI2C.c ****         EZI2C_RX_MATCH_REG     = EZI2C_EZI2C_DEFAULT_RX_MATCH;
  47              		.loc 1 229 0
  48 0018 1A49     		ldr	r1, .L2+24
  49 001a 1B4A     		ldr	r2, .L2+28
  50 001c 1160     		str	r1, [r2]
 230:.\Generated_Source\PSoC4/EZI2C_EZI2C.c **** 
 231:.\Generated_Source\PSoC4/EZI2C_EZI2C.c ****         /* Configure TX direction */
 232:.\Generated_Source\PSoC4/EZI2C_EZI2C.c ****         EZI2C_TX_CTRL_REG      = EZI2C_EZI2C_DEFAULT_TX_CTRL;
  51              		.loc 1 232 0
  52 001e 1B4A     		ldr	r2, .L2+32
  53 0020 1360     		str	r3, [r2]
ARM GAS  C:\Users\Tim\AppData\Local\Temp\ccbf2Uuw.s 			page 6


 233:.\Generated_Source\PSoC4/EZI2C_EZI2C.c ****         EZI2C_TX_FIFO_CTRL_REG = EZI2C_EZI2C_DEFAULT_TX_FIFO_CTRL;
  54              		.loc 1 233 0
  55 0022 1B4B     		ldr	r3, .L2+36
  56 0024 1C60     		str	r4, [r3]
 234:.\Generated_Source\PSoC4/EZI2C_EZI2C.c **** 
 235:.\Generated_Source\PSoC4/EZI2C_EZI2C.c ****         /* Configure interrupt with EZI2C handler but do not enable it */
 236:.\Generated_Source\PSoC4/EZI2C_EZI2C.c ****     #if !defined (CY_EXTERNAL_INTERRUPT_CONFIG)
 237:.\Generated_Source\PSoC4/EZI2C_EZI2C.c ****         CyIntDisable    (EZI2C_ISR_NUMBER);
  57              		.loc 1 237 0
  58 0026 0820     		mov	r0, #8
  59 0028 FFF7FEFF 		bl	CyIntDisable
  60              	.LVL0:
 238:.\Generated_Source\PSoC4/EZI2C_EZI2C.c ****         CyIntSetPriority(EZI2C_ISR_NUMBER, EZI2C_ISR_PRIORITY);
  61              		.loc 1 238 0
  62 002c 0820     		mov	r0, #8
  63 002e 0321     		mov	r1, #3
  64 0030 FFF7FEFF 		bl	CyIntSetPriority
  65              	.LVL1:
 239:.\Generated_Source\PSoC4/EZI2C_EZI2C.c **** 
 240:.\Generated_Source\PSoC4/EZI2C_EZI2C.c ****     #if (EZI2C_EZI2C_SCL_STRETCH_ENABLE_CONST)
 241:.\Generated_Source\PSoC4/EZI2C_EZI2C.c ****         (void) CyIntSetVector(EZI2C_ISR_NUMBER, &EZI2C_EZI2C_STRETCH_ISR);
  66              		.loc 1 241 0
  67 0034 0820     		mov	r0, #8
  68 0036 1749     		ldr	r1, .L2+40
  69 0038 FFF7FEFF 		bl	CyIntSetVector
  70              	.LVL2:
 242:.\Generated_Source\PSoC4/EZI2C_EZI2C.c ****     #else
 243:.\Generated_Source\PSoC4/EZI2C_EZI2C.c ****         (void) CyIntSetVector(EZI2C_ISR_NUMBER, &EZI2C_EZI2C_NO_STRETCH_ISR);
 244:.\Generated_Source\PSoC4/EZI2C_EZI2C.c ****     #endif /* (EZI2C_EZI2C_SCL_STRETCH_ENABLE_CONST) */
 245:.\Generated_Source\PSoC4/EZI2C_EZI2C.c **** 
 246:.\Generated_Source\PSoC4/EZI2C_EZI2C.c ****     #endif /* !defined (CY_EXTERNAL_INTERRUPT_CONFIG) */
 247:.\Generated_Source\PSoC4/EZI2C_EZI2C.c **** 
 248:.\Generated_Source\PSoC4/EZI2C_EZI2C.c ****         /* Configure interrupt sources */
 249:.\Generated_Source\PSoC4/EZI2C_EZI2C.c ****     #if (!EZI2C_CY_SCBIP_V1)
 250:.\Generated_Source\PSoC4/EZI2C_EZI2C.c ****         EZI2C_INTR_SPI_EC_MASK_REG = EZI2C_EZI2C_DEFAULT_INTR_SPI_EC_MASK;
  71              		.loc 1 250 0
  72 003c 164B     		ldr	r3, .L2+44
  73 003e 1C60     		str	r4, [r3]
 251:.\Generated_Source\PSoC4/EZI2C_EZI2C.c ****     #endif /* (!EZI2C_CY_SCBIP_V1) */
 252:.\Generated_Source\PSoC4/EZI2C_EZI2C.c **** 
 253:.\Generated_Source\PSoC4/EZI2C_EZI2C.c ****         EZI2C_INTR_I2C_EC_MASK_REG = EZI2C_EZI2C_DEFAULT_INTR_I2C_EC_MASK;
  74              		.loc 1 253 0
  75 0040 164B     		ldr	r3, .L2+48
  76 0042 1C60     		str	r4, [r3]
 254:.\Generated_Source\PSoC4/EZI2C_EZI2C.c ****         EZI2C_INTR_SLAVE_MASK_REG  = EZI2C_EZI2C_DEFAULT_INTR_SLAVE_MASK;
  77              		.loc 1 254 0
  78 0044 5222     		mov	r2, #82
  79 0046 FF32     		add	r2, r2, #255
  80 0048 154B     		ldr	r3, .L2+52
  81 004a 1A60     		str	r2, [r3]
 255:.\Generated_Source\PSoC4/EZI2C_EZI2C.c ****         EZI2C_INTR_MASTER_MASK_REG = EZI2C_EZI2C_DEFAULT_INTR_MASTER_MASK;
  82              		.loc 1 255 0
  83 004c 154B     		ldr	r3, .L2+56
  84 004e 1C60     		str	r4, [r3]
 256:.\Generated_Source\PSoC4/EZI2C_EZI2C.c ****         EZI2C_INTR_RX_MASK_REG     = EZI2C_EZI2C_DEFAULT_INTR_RX_MASK;
  85              		.loc 1 256 0
  86 0050 154B     		ldr	r3, .L2+60
ARM GAS  C:\Users\Tim\AppData\Local\Temp\ccbf2Uuw.s 			page 7


  87 0052 1C60     		str	r4, [r3]
 257:.\Generated_Source\PSoC4/EZI2C_EZI2C.c ****         EZI2C_INTR_TX_MASK_REG     = EZI2C_EZI2C_DEFAULT_INTR_TX_MASK;
  88              		.loc 1 257 0
  89 0054 154B     		ldr	r3, .L2+64
  90 0056 1C60     		str	r4, [r3]
 258:.\Generated_Source\PSoC4/EZI2C_EZI2C.c **** 
 259:.\Generated_Source\PSoC4/EZI2C_EZI2C.c ****         /* Configure global variables */
 260:.\Generated_Source\PSoC4/EZI2C_EZI2C.c ****         EZI2C_fsmState = EZI2C_EZI2C_FSM_IDLE;
  91              		.loc 1 260 0
  92 0058 154B     		ldr	r3, .L2+68
  93 005a 1C70     		strb	r4, [r3]
 261:.\Generated_Source\PSoC4/EZI2C_EZI2C.c **** 
 262:.\Generated_Source\PSoC4/EZI2C_EZI2C.c ****         EZI2C_curStatus  = 0u;
  94              		.loc 1 262 0
  95 005c 154B     		ldr	r3, .L2+72
  96 005e 1C70     		strb	r4, [r3]
 263:.\Generated_Source\PSoC4/EZI2C_EZI2C.c ****         EZI2C_indexBuf1  = 0u;
  97              		.loc 1 263 0
  98 0060 154B     		ldr	r3, .L2+76
  99 0062 1C80     		strh	r4, [r3]
 264:.\Generated_Source\PSoC4/EZI2C_EZI2C.c ****         EZI2C_offsetBuf1 = 0u;
 100              		.loc 1 264 0
 101 0064 154B     		ldr	r3, .L2+80
 102 0066 0022     		mov	r2, #0
 103 0068 1A70     		strb	r2, [r3]
 265:.\Generated_Source\PSoC4/EZI2C_EZI2C.c **** 
 266:.\Generated_Source\PSoC4/EZI2C_EZI2C.c ****     #if(EZI2C_SECONDARY_ADDRESS_ENABLE_CONST)
 267:.\Generated_Source\PSoC4/EZI2C_EZI2C.c ****         EZI2C_indexBuf2  = 0u;
 268:.\Generated_Source\PSoC4/EZI2C_EZI2C.c ****         EZI2C_offsetBuf2 = 0u;
 269:.\Generated_Source\PSoC4/EZI2C_EZI2C.c **** 
 270:.\Generated_Source\PSoC4/EZI2C_EZI2C.c ****         EZI2C_addrBuf1 = EZI2C_EZI2C_PRIMARY_SLAVE_ADDRESS;
 271:.\Generated_Source\PSoC4/EZI2C_EZI2C.c ****         EZI2C_addrBuf2 = EZI2C_EZI2C_SECONDARY_SLAVE_ADDRESS;
 272:.\Generated_Source\PSoC4/EZI2C_EZI2C.c ****     #endif /* (EZI2C_SECONDARY_ADDRESS_ENABLE_CONST) */
 273:.\Generated_Source\PSoC4/EZI2C_EZI2C.c ****     }
 104              		.loc 1 273 0
 105              		@ sp needed
 106 006a 10BD     		pop	{r4, pc}
 107              	.L3:
 108              		.align	2
 109              	.L2:
 110 006c 00002440 		.word	1076101120
 111 0070 00080040 		.word	1073743872
 112 0074 60002440 		.word	1076101216
 113 0078 07010080 		.word	-2147483385
 114 007c 00032440 		.word	1076101888
 115 0080 04032440 		.word	1076101892
 116 0084 1000FE00 		.word	16646160
 117 0088 10032440 		.word	1076101904
 118 008c 00022440 		.word	1076101632
 119 0090 04022440 		.word	1076101636
 120 0094 00000000 		.word	EZI2C_EZI2C_STRETCH_ISR
 121 0098 C80E2440 		.word	1076104904
 122 009c 880E2440 		.word	1076104840
 123 00a0 480F2440 		.word	1076105032
 124 00a4 080F2440 		.word	1076104968
 125 00a8 C80F2440 		.word	1076105160
 126 00ac 880F2440 		.word	1076105096
ARM GAS  C:\Users\Tim\AppData\Local\Temp\ccbf2Uuw.s 			page 8


 127 00b0 00000000 		.word	EZI2C_fsmState
 128 00b4 00000000 		.word	EZI2C_curStatus
 129 00b8 00000000 		.word	EZI2C_indexBuf1
 130 00bc 00000000 		.word	EZI2C_offsetBuf1
 131              		.cfi_endproc
 132              	.LFE1:
 133              		.size	EZI2C_EzI2CInit, .-EZI2C_EzI2CInit
 134              		.section	.text.EZI2C_EzI2CStop,"ax",%progbits
 135              		.align	2
 136              		.global	EZI2C_EzI2CStop
 137              		.code	16
 138              		.thumb_func
 139              		.type	EZI2C_EzI2CStop, %function
 140              	EZI2C_EzI2CStop:
 141              	.LFB2:
 274:.\Generated_Source\PSoC4/EZI2C_EZI2C.c **** #endif /* (EZI2C_SCB_MODE_UNCONFIG_CONST_CFG) */
 275:.\Generated_Source\PSoC4/EZI2C_EZI2C.c **** 
 276:.\Generated_Source\PSoC4/EZI2C_EZI2C.c **** 
 277:.\Generated_Source\PSoC4/EZI2C_EZI2C.c **** /*******************************************************************************
 278:.\Generated_Source\PSoC4/EZI2C_EZI2C.c **** * Function Name: EZI2C_EzI2CStop
 279:.\Generated_Source\PSoC4/EZI2C_EZI2C.c **** ********************************************************************************
 280:.\Generated_Source\PSoC4/EZI2C_EZI2C.c **** *
 281:.\Generated_Source\PSoC4/EZI2C_EZI2C.c **** * Summary:
 282:.\Generated_Source\PSoC4/EZI2C_EZI2C.c **** *  Resets the EZI2C FSM into the default state.
 283:.\Generated_Source\PSoC4/EZI2C_EZI2C.c **** *
 284:.\Generated_Source\PSoC4/EZI2C_EZI2C.c **** * Parameters:
 285:.\Generated_Source\PSoC4/EZI2C_EZI2C.c **** *  None
 286:.\Generated_Source\PSoC4/EZI2C_EZI2C.c **** *
 287:.\Generated_Source\PSoC4/EZI2C_EZI2C.c **** * Return:
 288:.\Generated_Source\PSoC4/EZI2C_EZI2C.c **** *  None
 289:.\Generated_Source\PSoC4/EZI2C_EZI2C.c **** *
 290:.\Generated_Source\PSoC4/EZI2C_EZI2C.c **** *******************************************************************************/
 291:.\Generated_Source\PSoC4/EZI2C_EZI2C.c **** void EZI2C_EzI2CStop(void)
 292:.\Generated_Source\PSoC4/EZI2C_EZI2C.c **** {
 142              		.loc 1 292 0
 143              		.cfi_startproc
 293:.\Generated_Source\PSoC4/EZI2C_EZI2C.c ****     EZI2C_fsmState = EZI2C_EZI2C_FSM_IDLE;
 144              		.loc 1 293 0
 145 0000 0022     		mov	r2, #0
 146 0002 014B     		ldr	r3, .L5
 147 0004 1A70     		strb	r2, [r3]
 294:.\Generated_Source\PSoC4/EZI2C_EZI2C.c **** }
 148              		.loc 1 294 0
 149              		@ sp needed
 150 0006 7047     		bx	lr
 151              	.L6:
 152              		.align	2
 153              	.L5:
 154 0008 00000000 		.word	EZI2C_fsmState
 155              		.cfi_endproc
 156              	.LFE2:
 157              		.size	EZI2C_EzI2CStop, .-EZI2C_EzI2CStop
 158              		.section	.text.EZI2C_EzI2CGetActivity,"ax",%progbits
 159              		.align	2
 160              		.global	EZI2C_EzI2CGetActivity
 161              		.code	16
 162              		.thumb_func
ARM GAS  C:\Users\Tim\AppData\Local\Temp\ccbf2Uuw.s 			page 9


 163              		.type	EZI2C_EzI2CGetActivity, %function
 164              	EZI2C_EzI2CGetActivity:
 165              	.LFB3:
 295:.\Generated_Source\PSoC4/EZI2C_EZI2C.c **** 
 296:.\Generated_Source\PSoC4/EZI2C_EZI2C.c **** 
 297:.\Generated_Source\PSoC4/EZI2C_EZI2C.c **** /*******************************************************************************
 298:.\Generated_Source\PSoC4/EZI2C_EZI2C.c **** * Function Name: EZI2C_EzI2CGetActivity
 299:.\Generated_Source\PSoC4/EZI2C_EZI2C.c **** ********************************************************************************
 300:.\Generated_Source\PSoC4/EZI2C_EZI2C.c **** *
 301:.\Generated_Source\PSoC4/EZI2C_EZI2C.c **** * Summary:
 302:.\Generated_Source\PSoC4/EZI2C_EZI2C.c **** *  Returns the EZI2C slave status.
 303:.\Generated_Source\PSoC4/EZI2C_EZI2C.c **** *  The read, write and error status flags reset to zero after this function
 304:.\Generated_Source\PSoC4/EZI2C_EZI2C.c **** *  call. The busy status flag is cleared when the transaction intended for
 305:.\Generated_Source\PSoC4/EZI2C_EZI2C.c **** *  the EZI2C slave completes.
 306:.\Generated_Source\PSoC4/EZI2C_EZI2C.c **** *
 307:.\Generated_Source\PSoC4/EZI2C_EZI2C.c **** * Parameters:
 308:.\Generated_Source\PSoC4/EZI2C_EZI2C.c **** *  None
 309:.\Generated_Source\PSoC4/EZI2C_EZI2C.c **** *
 310:.\Generated_Source\PSoC4/EZI2C_EZI2C.c **** * Return:
 311:.\Generated_Source\PSoC4/EZI2C_EZI2C.c **** *  Returns the status of the EZI2C Slave activity.
 312:.\Generated_Source\PSoC4/EZI2C_EZI2C.c **** *
 313:.\Generated_Source\PSoC4/EZI2C_EZI2C.c **** *******************************************************************************/
 314:.\Generated_Source\PSoC4/EZI2C_EZI2C.c **** uint32 EZI2C_EzI2CGetActivity(void)
 315:.\Generated_Source\PSoC4/EZI2C_EZI2C.c **** {
 166              		.loc 1 315 0
 167              		.cfi_startproc
 168 0000 10B5     		push	{r4, lr}
 169              		.cfi_def_cfa_offset 8
 170              		.cfi_offset 4, -8
 171              		.cfi_offset 14, -4
 316:.\Generated_Source\PSoC4/EZI2C_EZI2C.c ****     uint32 status;
 317:.\Generated_Source\PSoC4/EZI2C_EZI2C.c **** 
 318:.\Generated_Source\PSoC4/EZI2C_EZI2C.c ****     EZI2C_DisableInt();  /* Lock from interruption */
 172              		.loc 1 318 0
 173 0002 0820     		mov	r0, #8
 174 0004 FFF7FEFF 		bl	CyIntDisable
 175              	.LVL3:
 319:.\Generated_Source\PSoC4/EZI2C_EZI2C.c **** 
 320:.\Generated_Source\PSoC4/EZI2C_EZI2C.c ****     status = EZI2C_curStatus;
 176              		.loc 1 320 0
 177 0008 054B     		ldr	r3, .L8
 178 000a 1C78     		ldrb	r4, [r3]
 179 000c E4B2     		uxtb	r4, r4
 180              	.LVL4:
 321:.\Generated_Source\PSoC4/EZI2C_EZI2C.c **** 
 322:.\Generated_Source\PSoC4/EZI2C_EZI2C.c ****     /* Relay on address match event from HW as bus busy status */
 323:.\Generated_Source\PSoC4/EZI2C_EZI2C.c ****     #if(EZI2C_EZI2C_SCL_STRETCH_DISABLE)
 324:.\Generated_Source\PSoC4/EZI2C_EZI2C.c ****     {
 325:.\Generated_Source\PSoC4/EZI2C_EZI2C.c ****         /* For EZI2C_CY_SCBIP_V0 the wake is prohibited by customizer */
 326:.\Generated_Source\PSoC4/EZI2C_EZI2C.c ****         #if(EZI2C_EZI2C_EC_AM_ENABLE)
 327:.\Generated_Source\PSoC4/EZI2C_EZI2C.c ****         {
 328:.\Generated_Source\PSoC4/EZI2C_EZI2C.c ****             status |= EZI2C_CHECK_INTR_I2C_EC(EZI2C_INTR_I2C_EC_WAKE_UP) ?
 329:.\Generated_Source\PSoC4/EZI2C_EZI2C.c ****                         EZI2C_EZI2C_STATUS_BUSY : 0u;
 330:.\Generated_Source\PSoC4/EZI2C_EZI2C.c ****         }
 331:.\Generated_Source\PSoC4/EZI2C_EZI2C.c ****         #else
 332:.\Generated_Source\PSoC4/EZI2C_EZI2C.c ****         {
 333:.\Generated_Source\PSoC4/EZI2C_EZI2C.c ****             status |= EZI2C_CHECK_INTR_SLAVE(EZI2C_INTR_SLAVE_I2C_ADDR_MATCH) ?
ARM GAS  C:\Users\Tim\AppData\Local\Temp\ccbf2Uuw.s 			page 10


 334:.\Generated_Source\PSoC4/EZI2C_EZI2C.c ****                         EZI2C_EZI2C_STATUS_BUSY : 0u;
 335:.\Generated_Source\PSoC4/EZI2C_EZI2C.c ****         }
 336:.\Generated_Source\PSoC4/EZI2C_EZI2C.c ****         #endif
 337:.\Generated_Source\PSoC4/EZI2C_EZI2C.c ****     }
 338:.\Generated_Source\PSoC4/EZI2C_EZI2C.c ****     #endif
 339:.\Generated_Source\PSoC4/EZI2C_EZI2C.c **** 
 340:.\Generated_Source\PSoC4/EZI2C_EZI2C.c ****     EZI2C_curStatus &= ((uint8) ~EZI2C_EZI2C_CLEAR_STATUS);
 181              		.loc 1 340 0
 182 000e 1A78     		ldrb	r2, [r3]
 183 0010 1F21     		mov	r1, #31
 184 0012 8A43     		bic	r2, r1
 185 0014 1A70     		strb	r2, [r3]
 341:.\Generated_Source\PSoC4/EZI2C_EZI2C.c **** 
 342:.\Generated_Source\PSoC4/EZI2C_EZI2C.c ****     EZI2C_EnableInt();   /* Release lock */
 186              		.loc 1 342 0
 187 0016 0820     		mov	r0, #8
 188 0018 FFF7FEFF 		bl	CyIntEnable
 189              	.LVL5:
 343:.\Generated_Source\PSoC4/EZI2C_EZI2C.c **** 
 344:.\Generated_Source\PSoC4/EZI2C_EZI2C.c ****     return(status);
 345:.\Generated_Source\PSoC4/EZI2C_EZI2C.c **** }
 190              		.loc 1 345 0
 191 001c 201C     		mov	r0, r4
 192              		@ sp needed
 193              	.LVL6:
 194 001e 10BD     		pop	{r4, pc}
 195              	.L9:
 196              		.align	2
 197              	.L8:
 198 0020 00000000 		.word	EZI2C_curStatus
 199              		.cfi_endproc
 200              	.LFE3:
 201              		.size	EZI2C_EzI2CGetActivity, .-EZI2C_EzI2CGetActivity
 202              		.section	.text.EZI2C_EzI2CSetAddress1,"ax",%progbits
 203              		.align	2
 204              		.global	EZI2C_EzI2CSetAddress1
 205              		.code	16
 206              		.thumb_func
 207              		.type	EZI2C_EzI2CSetAddress1, %function
 208              	EZI2C_EzI2CSetAddress1:
 209              	.LFB4:
 346:.\Generated_Source\PSoC4/EZI2C_EZI2C.c **** 
 347:.\Generated_Source\PSoC4/EZI2C_EZI2C.c **** 
 348:.\Generated_Source\PSoC4/EZI2C_EZI2C.c **** /*******************************************************************************
 349:.\Generated_Source\PSoC4/EZI2C_EZI2C.c **** * Function Name: EZI2C_EzI2CSetAddress1
 350:.\Generated_Source\PSoC4/EZI2C_EZI2C.c **** ********************************************************************************
 351:.\Generated_Source\PSoC4/EZI2C_EZI2C.c **** *
 352:.\Generated_Source\PSoC4/EZI2C_EZI2C.c **** * Summary:
 353:.\Generated_Source\PSoC4/EZI2C_EZI2C.c **** *  Sets the primary I2C slave address.
 354:.\Generated_Source\PSoC4/EZI2C_EZI2C.c **** *
 355:.\Generated_Source\PSoC4/EZI2C_EZI2C.c **** * Parameters:
 356:.\Generated_Source\PSoC4/EZI2C_EZI2C.c **** *  address: I2C slave address for the secondary device.
 357:.\Generated_Source\PSoC4/EZI2C_EZI2C.c **** *           This address is the 7-bit right-justified slave address and does
 358:.\Generated_Source\PSoC4/EZI2C_EZI2C.c **** *           not include the R/W bit.
 359:.\Generated_Source\PSoC4/EZI2C_EZI2C.c **** *           This value may be any address between 0 and 127 (0x00 to 0x7F).
 360:.\Generated_Source\PSoC4/EZI2C_EZI2C.c **** *
 361:.\Generated_Source\PSoC4/EZI2C_EZI2C.c **** * Return:
ARM GAS  C:\Users\Tim\AppData\Local\Temp\ccbf2Uuw.s 			page 11


 362:.\Generated_Source\PSoC4/EZI2C_EZI2C.c **** *  None
 363:.\Generated_Source\PSoC4/EZI2C_EZI2C.c **** *
 364:.\Generated_Source\PSoC4/EZI2C_EZI2C.c **** *******************************************************************************/
 365:.\Generated_Source\PSoC4/EZI2C_EZI2C.c **** void EZI2C_EzI2CSetAddress1(uint32 address)
 366:.\Generated_Source\PSoC4/EZI2C_EZI2C.c **** {
 210              		.loc 1 366 0
 211              		.cfi_startproc
 212              	.LVL7:
 213              	.LBB2:
 367:.\Generated_Source\PSoC4/EZI2C_EZI2C.c ****     #if(EZI2C_SECONDARY_ADDRESS_ENABLE)
 368:.\Generated_Source\PSoC4/EZI2C_EZI2C.c ****     {
 369:.\Generated_Source\PSoC4/EZI2C_EZI2C.c ****         EZI2C_addrBuf1 = (uint8) address;
 370:.\Generated_Source\PSoC4/EZI2C_EZI2C.c **** 
 371:.\Generated_Source\PSoC4/EZI2C_EZI2C.c ****         EZI2C_RX_MATCH_REG = EZI2C_EzI2CUpdateRxMatchReg(address,
 372:.\Generated_Source\PSoC4/EZI2C_EZI2C.c ****                                                                                (uint32) EZI2C_addrB
 373:.\Generated_Source\PSoC4/EZI2C_EZI2C.c ****     }
 374:.\Generated_Source\PSoC4/EZI2C_EZI2C.c ****     #else
 375:.\Generated_Source\PSoC4/EZI2C_EZI2C.c ****     {
 376:.\Generated_Source\PSoC4/EZI2C_EZI2C.c ****         uint32 matchReg;
 377:.\Generated_Source\PSoC4/EZI2C_EZI2C.c **** 
 378:.\Generated_Source\PSoC4/EZI2C_EZI2C.c ****         matchReg = EZI2C_RX_MATCH_REG;
 214              		.loc 1 378 0
 215 0000 044A     		ldr	r2, .L11
 216 0002 1368     		ldr	r3, [r2]
 217              	.LVL8:
 379:.\Generated_Source\PSoC4/EZI2C_EZI2C.c **** 
 380:.\Generated_Source\PSoC4/EZI2C_EZI2C.c ****         matchReg &= ((uint32) ~EZI2C_RX_MATCH_ADDR_MASK);            /* Clear address bits */
 218              		.loc 1 380 0
 219 0004 FF21     		mov	r1, #255
 220 0006 8B43     		bic	r3, r1
 221              	.LVL9:
 381:.\Generated_Source\PSoC4/EZI2C_EZI2C.c ****         matchReg |= ((uint32)  EZI2C_GET_I2C_8BIT_ADDRESS(address)); /* Set mask */
 222              		.loc 1 381 0
 223 0008 4000     		lsl	r0, r0, #1
 224              	.LVL10:
 225 000a 0840     		and	r0, r1
 226 000c 1843     		orr	r0, r3
 227              	.LVL11:
 382:.\Generated_Source\PSoC4/EZI2C_EZI2C.c **** 
 383:.\Generated_Source\PSoC4/EZI2C_EZI2C.c ****         EZI2C_RX_MATCH_REG = matchReg;
 228              		.loc 1 383 0
 229 000e 1060     		str	r0, [r2]
 230              	.LBE2:
 384:.\Generated_Source\PSoC4/EZI2C_EZI2C.c ****     }
 385:.\Generated_Source\PSoC4/EZI2C_EZI2C.c ****     #endif
 386:.\Generated_Source\PSoC4/EZI2C_EZI2C.c **** }
 231              		.loc 1 386 0
 232              		@ sp needed
 233 0010 7047     		bx	lr
 234              	.L12:
 235 0012 C046     		.align	2
 236              	.L11:
 237 0014 10032440 		.word	1076101904
 238              		.cfi_endproc
 239              	.LFE4:
 240              		.size	EZI2C_EzI2CSetAddress1, .-EZI2C_EzI2CSetAddress1
 241              		.section	.text.EZI2C_EzI2CGetAddress1,"ax",%progbits
ARM GAS  C:\Users\Tim\AppData\Local\Temp\ccbf2Uuw.s 			page 12


 242              		.align	2
 243              		.global	EZI2C_EzI2CGetAddress1
 244              		.code	16
 245              		.thumb_func
 246              		.type	EZI2C_EzI2CGetAddress1, %function
 247              	EZI2C_EzI2CGetAddress1:
 248              	.LFB5:
 387:.\Generated_Source\PSoC4/EZI2C_EZI2C.c **** 
 388:.\Generated_Source\PSoC4/EZI2C_EZI2C.c **** 
 389:.\Generated_Source\PSoC4/EZI2C_EZI2C.c **** /*******************************************************************************
 390:.\Generated_Source\PSoC4/EZI2C_EZI2C.c **** * Function Name: EZI2C_EzI2CGetAddress1
 391:.\Generated_Source\PSoC4/EZI2C_EZI2C.c **** ********************************************************************************
 392:.\Generated_Source\PSoC4/EZI2C_EZI2C.c **** *
 393:.\Generated_Source\PSoC4/EZI2C_EZI2C.c **** * Summary:
 394:.\Generated_Source\PSoC4/EZI2C_EZI2C.c **** *  Gets the primary I2C slave 7-bit address.
 395:.\Generated_Source\PSoC4/EZI2C_EZI2C.c **** *
 396:.\Generated_Source\PSoC4/EZI2C_EZI2C.c **** * Parameters:
 397:.\Generated_Source\PSoC4/EZI2C_EZI2C.c **** *  None
 398:.\Generated_Source\PSoC4/EZI2C_EZI2C.c **** *
 399:.\Generated_Source\PSoC4/EZI2C_EZI2C.c **** * Return:
 400:.\Generated_Source\PSoC4/EZI2C_EZI2C.c **** *  Returns I2C slave address for the primary device.
 401:.\Generated_Source\PSoC4/EZI2C_EZI2C.c **** *  This address is the 7-bit right-justified slave address and does not
 402:.\Generated_Source\PSoC4/EZI2C_EZI2C.c **** *  include the R/W bit.
 403:.\Generated_Source\PSoC4/EZI2C_EZI2C.c **** *  This value may be any address between 0 and 127 (0x00 to 0x7F).
 404:.\Generated_Source\PSoC4/EZI2C_EZI2C.c **** *
 405:.\Generated_Source\PSoC4/EZI2C_EZI2C.c **** *******************************************************************************/
 406:.\Generated_Source\PSoC4/EZI2C_EZI2C.c **** uint32 EZI2C_EzI2CGetAddress1(void)
 407:.\Generated_Source\PSoC4/EZI2C_EZI2C.c **** {
 249              		.loc 1 407 0
 250              		.cfi_startproc
 408:.\Generated_Source\PSoC4/EZI2C_EZI2C.c ****     uint32 address;
 409:.\Generated_Source\PSoC4/EZI2C_EZI2C.c **** 
 410:.\Generated_Source\PSoC4/EZI2C_EZI2C.c ****     #if(EZI2C_SECONDARY_ADDRESS_ENABLE)
 411:.\Generated_Source\PSoC4/EZI2C_EZI2C.c ****     {
 412:.\Generated_Source\PSoC4/EZI2C_EZI2C.c ****         address = (uint32) EZI2C_addrBuf1;
 413:.\Generated_Source\PSoC4/EZI2C_EZI2C.c ****     }
 414:.\Generated_Source\PSoC4/EZI2C_EZI2C.c ****     #else
 415:.\Generated_Source\PSoC4/EZI2C_EZI2C.c ****     {
 416:.\Generated_Source\PSoC4/EZI2C_EZI2C.c ****         address = (EZI2C_GET_RX_MATCH_ADDR(EZI2C_RX_MATCH_REG) >>
 251              		.loc 1 416 0
 252 0000 024B     		ldr	r3, .L14
 253 0002 1868     		ldr	r0, [r3]
 254 0004 0006     		lsl	r0, r0, #24
 255 0006 400E     		lsr	r0, r0, #25
 256              	.LVL12:
 417:.\Generated_Source\PSoC4/EZI2C_EZI2C.c ****                    EZI2C_I2C_SLAVE_ADDR_POS);
 418:.\Generated_Source\PSoC4/EZI2C_EZI2C.c ****     }
 419:.\Generated_Source\PSoC4/EZI2C_EZI2C.c ****     #endif
 420:.\Generated_Source\PSoC4/EZI2C_EZI2C.c **** 
 421:.\Generated_Source\PSoC4/EZI2C_EZI2C.c ****     return(address);
 422:.\Generated_Source\PSoC4/EZI2C_EZI2C.c **** }
 257              		.loc 1 422 0
 258              		@ sp needed
 259 0008 7047     		bx	lr
 260              	.L15:
 261 000a C046     		.align	2
 262              	.L14:
ARM GAS  C:\Users\Tim\AppData\Local\Temp\ccbf2Uuw.s 			page 13


 263 000c 10032440 		.word	1076101904
 264              		.cfi_endproc
 265              	.LFE5:
 266              		.size	EZI2C_EzI2CGetAddress1, .-EZI2C_EzI2CGetAddress1
 267              		.section	.text.EZI2C_EzI2CSetBuffer1,"ax",%progbits
 268              		.align	2
 269              		.global	EZI2C_EzI2CSetBuffer1
 270              		.code	16
 271              		.thumb_func
 272              		.type	EZI2C_EzI2CSetBuffer1, %function
 273              	EZI2C_EzI2CSetBuffer1:
 274              	.LFB6:
 423:.\Generated_Source\PSoC4/EZI2C_EZI2C.c **** 
 424:.\Generated_Source\PSoC4/EZI2C_EZI2C.c **** 
 425:.\Generated_Source\PSoC4/EZI2C_EZI2C.c **** /*******************************************************************************
 426:.\Generated_Source\PSoC4/EZI2C_EZI2C.c **** * Function Name: EZI2C_EzI2CSetBuffer1
 427:.\Generated_Source\PSoC4/EZI2C_EZI2C.c **** ********************************************************************************
 428:.\Generated_Source\PSoC4/EZI2C_EZI2C.c **** *
 429:.\Generated_Source\PSoC4/EZI2C_EZI2C.c **** * Summary:
 430:.\Generated_Source\PSoC4/EZI2C_EZI2C.c **** *  Sets up the data buffer to be exposed to the I2C master on a primary slave
 431:.\Generated_Source\PSoC4/EZI2C_EZI2C.c **** *  address request.
 432:.\Generated_Source\PSoC4/EZI2C_EZI2C.c **** *
 433:.\Generated_Source\PSoC4/EZI2C_EZI2C.c **** * Parameters:
 434:.\Generated_Source\PSoC4/EZI2C_EZI2C.c **** *  bufSize: Size of the buffer in bytes.
 435:.\Generated_Source\PSoC4/EZI2C_EZI2C.c **** *  rwBoundary: Sets how many bytes are writeable in the beginning of the buffer.
 436:.\Generated_Source\PSoC4/EZI2C_EZI2C.c **** *              This value must be less than or equal to the buffer size.
 437:.\Generated_Source\PSoC4/EZI2C_EZI2C.c **** *              Data located at offset rwBoundry and greater are read only.
 438:.\Generated_Source\PSoC4/EZI2C_EZI2C.c **** *  buffer: Pointer to the data buffer.
 439:.\Generated_Source\PSoC4/EZI2C_EZI2C.c **** *
 440:.\Generated_Source\PSoC4/EZI2C_EZI2C.c **** * Return:
 441:.\Generated_Source\PSoC4/EZI2C_EZI2C.c **** *  None
 442:.\Generated_Source\PSoC4/EZI2C_EZI2C.c **** *
 443:.\Generated_Source\PSoC4/EZI2C_EZI2C.c **** *******************************************************************************/
 444:.\Generated_Source\PSoC4/EZI2C_EZI2C.c **** void EZI2C_EzI2CSetBuffer1(uint32 bufSize, uint32 rwBoundary, volatile uint8 * buffer)
 445:.\Generated_Source\PSoC4/EZI2C_EZI2C.c **** {
 275              		.loc 1 445 0
 276              		.cfi_startproc
 277              	.LVL13:
 278 0000 70B5     		push	{r4, r5, r6, lr}
 279              		.cfi_def_cfa_offset 16
 280              		.cfi_offset 4, -16
 281              		.cfi_offset 5, -12
 282              		.cfi_offset 6, -8
 283              		.cfi_offset 14, -4
 284 0002 061C     		mov	r6, r0
 285 0004 0D1C     		mov	r5, r1
 286 0006 141E     		sub	r4, r2, #0
 446:.\Generated_Source\PSoC4/EZI2C_EZI2C.c ****     if (NULL != buffer)
 287              		.loc 1 446 0
 288 0008 0BD0     		beq	.L16
 447:.\Generated_Source\PSoC4/EZI2C_EZI2C.c ****     {
 448:.\Generated_Source\PSoC4/EZI2C_EZI2C.c ****         EZI2C_DisableInt();  /* Lock from interruption */
 289              		.loc 1 448 0
 290 000a 0820     		mov	r0, #8
 291              	.LVL14:
 292 000c FFF7FEFF 		bl	CyIntDisable
 293              	.LVL15:
ARM GAS  C:\Users\Tim\AppData\Local\Temp\ccbf2Uuw.s 			page 14


 449:.\Generated_Source\PSoC4/EZI2C_EZI2C.c **** 
 450:.\Generated_Source\PSoC4/EZI2C_EZI2C.c ****         EZI2C_dataBuffer1 =  buffer;
 294              		.loc 1 450 0
 295 0010 044B     		ldr	r3, .L18
 296 0012 1C60     		str	r4, [r3]
 451:.\Generated_Source\PSoC4/EZI2C_EZI2C.c ****         EZI2C_bufSizeBuf1 = (uint16) bufSize;
 297              		.loc 1 451 0
 298 0014 044B     		ldr	r3, .L18+4
 299 0016 1E80     		strh	r6, [r3]
 452:.\Generated_Source\PSoC4/EZI2C_EZI2C.c ****         EZI2C_protectBuf1 = (uint16) rwBoundary;
 300              		.loc 1 452 0
 301 0018 044B     		ldr	r3, .L18+8
 302 001a 1D80     		strh	r5, [r3]
 453:.\Generated_Source\PSoC4/EZI2C_EZI2C.c **** 
 454:.\Generated_Source\PSoC4/EZI2C_EZI2C.c ****         EZI2C_EnableInt();   /* Release lock */
 303              		.loc 1 454 0
 304 001c 0820     		mov	r0, #8
 305 001e FFF7FEFF 		bl	CyIntEnable
 306              	.LVL16:
 307              	.L16:
 455:.\Generated_Source\PSoC4/EZI2C_EZI2C.c ****     }
 456:.\Generated_Source\PSoC4/EZI2C_EZI2C.c **** }
 308              		.loc 1 456 0
 309              		@ sp needed
 310              	.LVL17:
 311              	.LVL18:
 312              	.LVL19:
 313 0022 70BD     		pop	{r4, r5, r6, pc}
 314              	.L19:
 315              		.align	2
 316              	.L18:
 317 0024 00000000 		.word	EZI2C_dataBuffer1
 318 0028 00000000 		.word	EZI2C_bufSizeBuf1
 319 002c 00000000 		.word	EZI2C_protectBuf1
 320              		.cfi_endproc
 321              	.LFE6:
 322              		.size	EZI2C_EzI2CSetBuffer1, .-EZI2C_EzI2CSetBuffer1
 323              		.section	.text.EZI2C_EzI2CSetReadBoundaryBuffer1,"ax",%progbits
 324              		.align	2
 325              		.global	EZI2C_EzI2CSetReadBoundaryBuffer1
 326              		.code	16
 327              		.thumb_func
 328              		.type	EZI2C_EzI2CSetReadBoundaryBuffer1, %function
 329              	EZI2C_EzI2CSetReadBoundaryBuffer1:
 330              	.LFB7:
 457:.\Generated_Source\PSoC4/EZI2C_EZI2C.c **** 
 458:.\Generated_Source\PSoC4/EZI2C_EZI2C.c **** 
 459:.\Generated_Source\PSoC4/EZI2C_EZI2C.c **** /*******************************************************************************
 460:.\Generated_Source\PSoC4/EZI2C_EZI2C.c **** * Function Name: EZI2C_EzI2CSetReadBoundaryBuffer1
 461:.\Generated_Source\PSoC4/EZI2C_EZI2C.c **** ********************************************************************************
 462:.\Generated_Source\PSoC4/EZI2C_EZI2C.c **** *
 463:.\Generated_Source\PSoC4/EZI2C_EZI2C.c **** * Summary:
 464:.\Generated_Source\PSoC4/EZI2C_EZI2C.c **** *  Sets the read only boundary in the data buffer to be exposed to the I2C
 465:.\Generated_Source\PSoC4/EZI2C_EZI2C.c **** *  master on a primary slave address request.
 466:.\Generated_Source\PSoC4/EZI2C_EZI2C.c **** *
 467:.\Generated_Source\PSoC4/EZI2C_EZI2C.c **** * Parameters:
 468:.\Generated_Source\PSoC4/EZI2C_EZI2C.c **** *  rwBoundry: Sets how many bytes are writeable in the beginning of the buffer.
ARM GAS  C:\Users\Tim\AppData\Local\Temp\ccbf2Uuw.s 			page 15


 469:.\Generated_Source\PSoC4/EZI2C_EZI2C.c **** *             This value must be less than or equal to the buffer size.
 470:.\Generated_Source\PSoC4/EZI2C_EZI2C.c **** *             Data located at offset rwBoundry and greater are read only.
 471:.\Generated_Source\PSoC4/EZI2C_EZI2C.c **** *
 472:.\Generated_Source\PSoC4/EZI2C_EZI2C.c **** * Return:
 473:.\Generated_Source\PSoC4/EZI2C_EZI2C.c **** *  None
 474:.\Generated_Source\PSoC4/EZI2C_EZI2C.c **** *
 475:.\Generated_Source\PSoC4/EZI2C_EZI2C.c **** *******************************************************************************/
 476:.\Generated_Source\PSoC4/EZI2C_EZI2C.c **** void EZI2C_EzI2CSetReadBoundaryBuffer1(uint32 rwBoundary)
 477:.\Generated_Source\PSoC4/EZI2C_EZI2C.c **** {
 331              		.loc 1 477 0
 332              		.cfi_startproc
 333              	.LVL20:
 478:.\Generated_Source\PSoC4/EZI2C_EZI2C.c ****     EZI2C_protectBuf1 = (uint16) rwBoundary;
 334              		.loc 1 478 0
 335 0000 014B     		ldr	r3, .L21
 336 0002 1880     		strh	r0, [r3]
 479:.\Generated_Source\PSoC4/EZI2C_EZI2C.c **** }
 337              		.loc 1 479 0
 338              		@ sp needed
 339 0004 7047     		bx	lr
 340              	.L22:
 341 0006 C046     		.align	2
 342              	.L21:
 343 0008 00000000 		.word	EZI2C_protectBuf1
 344              		.cfi_endproc
 345              	.LFE7:
 346              		.size	EZI2C_EzI2CSetReadBoundaryBuffer1, .-EZI2C_EzI2CSetReadBoundaryBuffer1
 347              		.comm	EZI2C_indexBuf1,2,2
 348              		.comm	EZI2C_offsetBuf1,1,1
 349              		.comm	EZI2C_protectBuf1,2,2
 350              		.comm	EZI2C_bufSizeBuf1,2,2
 351              		.comm	EZI2C_dataBuffer1,4,4
 352              		.comm	EZI2C_fsmState,1,1
 353              		.comm	EZI2C_curStatus,1,1
 354              		.text
 355              	.Letext0:
 356              		.file 2 "Generated_Source\\PSoC4/cytypes.h"
 357              		.file 3 "Generated_Source\\PSoC4/CyLib.h"
 358              		.section	.debug_info,"",%progbits
 359              	.Ldebug_info0:
 360 0000 43030000 		.4byte	0x343
 361 0004 0400     		.2byte	0x4
 362 0006 00000000 		.4byte	.Ldebug_abbrev0
 363 000a 04       		.byte	0x4
 364 000b 01       		.uleb128 0x1
 365 000c E8010000 		.4byte	.LASF39
 366 0010 01       		.byte	0x1
 367 0011 C8000000 		.4byte	.LASF40
 368 0015 83020000 		.4byte	.LASF41
 369 0019 00000000 		.4byte	.Ldebug_ranges0+0
 370 001d 00000000 		.4byte	0
 371 0021 00000000 		.4byte	.Ldebug_line0
 372 0025 02       		.uleb128 0x2
 373 0026 01       		.byte	0x1
 374 0027 06       		.byte	0x6
 375 0028 21030000 		.4byte	.LASF0
 376 002c 02       		.uleb128 0x2
ARM GAS  C:\Users\Tim\AppData\Local\Temp\ccbf2Uuw.s 			page 16


 377 002d 01       		.byte	0x1
 378 002e 08       		.byte	0x8
 379 002f BA000000 		.4byte	.LASF1
 380 0033 02       		.uleb128 0x2
 381 0034 02       		.byte	0x2
 382 0035 05       		.byte	0x5
 383 0036 BE020000 		.4byte	.LASF2
 384 003a 02       		.uleb128 0x2
 385 003b 02       		.byte	0x2
 386 003c 07       		.byte	0x7
 387 003d 56000000 		.4byte	.LASF3
 388 0041 02       		.uleb128 0x2
 389 0042 04       		.byte	0x4
 390 0043 05       		.byte	0x5
 391 0044 E1020000 		.4byte	.LASF4
 392 0048 02       		.uleb128 0x2
 393 0049 04       		.byte	0x4
 394 004a 07       		.byte	0x7
 395 004b FF000000 		.4byte	.LASF5
 396 004f 02       		.uleb128 0x2
 397 0050 08       		.byte	0x8
 398 0051 05       		.byte	0x5
 399 0052 C3010000 		.4byte	.LASF6
 400 0056 02       		.uleb128 0x2
 401 0057 08       		.byte	0x8
 402 0058 07       		.byte	0x7
 403 0059 6F010000 		.4byte	.LASF7
 404 005d 03       		.uleb128 0x3
 405 005e 04       		.byte	0x4
 406 005f 05       		.byte	0x5
 407 0060 696E7400 		.ascii	"int\000"
 408 0064 02       		.uleb128 0x2
 409 0065 04       		.byte	0x4
 410 0066 07       		.byte	0x7
 411 0067 5A010000 		.4byte	.LASF8
 412 006b 04       		.uleb128 0x4
 413 006c 11010000 		.4byte	.LASF9
 414 0070 02       		.byte	0x2
 415 0071 3801     		.2byte	0x138
 416 0073 2C000000 		.4byte	0x2c
 417 0077 04       		.uleb128 0x4
 418 0078 3A010000 		.4byte	.LASF10
 419 007c 02       		.byte	0x2
 420 007d 3901     		.2byte	0x139
 421 007f 3A000000 		.4byte	0x3a
 422 0083 04       		.uleb128 0x4
 423 0084 41010000 		.4byte	.LASF11
 424 0088 02       		.byte	0x2
 425 0089 3A01     		.2byte	0x13a
 426 008b 48000000 		.4byte	0x48
 427 008f 02       		.uleb128 0x2
 428 0090 04       		.byte	0x4
 429 0091 04       		.byte	0x4
 430 0092 B4000000 		.4byte	.LASF12
 431 0096 02       		.uleb128 0x2
 432 0097 08       		.byte	0x8
 433 0098 04       		.byte	0x4
ARM GAS  C:\Users\Tim\AppData\Local\Temp\ccbf2Uuw.s 			page 17


 434 0099 27010000 		.4byte	.LASF13
 435 009d 02       		.uleb128 0x2
 436 009e 01       		.byte	0x1
 437 009f 08       		.byte	0x8
 438 00a0 D1010000 		.4byte	.LASF14
 439 00a4 05       		.uleb128 0x5
 440 00a5 6B000000 		.4byte	0x6b
 441 00a9 04       		.uleb128 0x4
 442 00aa 00000000 		.4byte	.LASF15
 443 00ae 02       		.byte	0x2
 444 00af E401     		.2byte	0x1e4
 445 00b1 B5000000 		.4byte	0xb5
 446 00b5 05       		.uleb128 0x5
 447 00b6 83000000 		.4byte	0x83
 448 00ba 04       		.uleb128 0x4
 449 00bb 97010000 		.4byte	.LASF16
 450 00bf 02       		.byte	0x2
 451 00c0 F401     		.2byte	0x1f4
 452 00c2 C6000000 		.4byte	0xc6
 453 00c6 06       		.uleb128 0x6
 454 00c7 04       		.byte	0x4
 455 00c8 CC000000 		.4byte	0xcc
 456 00cc 07       		.uleb128 0x7
 457 00cd 02       		.uleb128 0x2
 458 00ce 04       		.byte	0x4
 459 00cf 07       		.byte	0x7
 460 00d0 A4010000 		.4byte	.LASF17
 461 00d4 08       		.uleb128 0x8
 462 00d5 37000000 		.4byte	.LASF18
 463 00d9 01       		.byte	0x1
 464 00da D5       		.byte	0xd5
 465 00db 00000000 		.4byte	.LFB1
 466 00df C0000000 		.4byte	.LFE1-.LFB1
 467 00e3 01       		.uleb128 0x1
 468 00e4 9C       		.byte	0x9c
 469 00e5 24010000 		.4byte	0x124
 470 00e9 09       		.uleb128 0x9
 471 00ea 2C000000 		.4byte	.LVL0
 472 00ee F8020000 		.4byte	0x2f8
 473 00f2 FC000000 		.4byte	0xfc
 474 00f6 0A       		.uleb128 0xa
 475 00f7 01       		.uleb128 0x1
 476 00f8 50       		.byte	0x50
 477 00f9 01       		.uleb128 0x1
 478 00fa 38       		.byte	0x38
 479 00fb 00       		.byte	0
 480 00fc 09       		.uleb128 0x9
 481 00fd 34000000 		.4byte	.LVL1
 482 0101 09030000 		.4byte	0x309
 483 0105 14010000 		.4byte	0x114
 484 0109 0A       		.uleb128 0xa
 485 010a 01       		.uleb128 0x1
 486 010b 51       		.byte	0x51
 487 010c 01       		.uleb128 0x1
 488 010d 33       		.byte	0x33
 489 010e 0A       		.uleb128 0xa
 490 010f 01       		.uleb128 0x1
ARM GAS  C:\Users\Tim\AppData\Local\Temp\ccbf2Uuw.s 			page 18


 491 0110 50       		.byte	0x50
 492 0111 01       		.uleb128 0x1
 493 0112 38       		.byte	0x38
 494 0113 00       		.byte	0
 495 0114 0B       		.uleb128 0xb
 496 0115 3C000000 		.4byte	.LVL2
 497 0119 1F030000 		.4byte	0x31f
 498 011d 0A       		.uleb128 0xa
 499 011e 01       		.uleb128 0x1
 500 011f 50       		.byte	0x50
 501 0120 01       		.uleb128 0x1
 502 0121 38       		.byte	0x38
 503 0122 00       		.byte	0
 504 0123 00       		.byte	0
 505 0124 0C       		.uleb128 0xc
 506 0125 17010000 		.4byte	.LASF42
 507 0129 01       		.byte	0x1
 508 012a 2301     		.2byte	0x123
 509 012c 00000000 		.4byte	.LFB2
 510 0130 0C000000 		.4byte	.LFE2-.LFB2
 511 0134 01       		.uleb128 0x1
 512 0135 9C       		.byte	0x9c
 513 0136 0D       		.uleb128 0xd
 514 0137 F3020000 		.4byte	.LASF22
 515 013b 01       		.byte	0x1
 516 013c 3A01     		.2byte	0x13a
 517 013e 83000000 		.4byte	0x83
 518 0142 00000000 		.4byte	.LFB3
 519 0146 24000000 		.4byte	.LFE3-.LFB3
 520 014a 01       		.uleb128 0x1
 521 014b 9C       		.byte	0x9c
 522 014c 83010000 		.4byte	0x183
 523 0150 0E       		.uleb128 0xe
 524 0151 AD000000 		.4byte	.LASF20
 525 0155 01       		.byte	0x1
 526 0156 3C01     		.2byte	0x13c
 527 0158 83000000 		.4byte	0x83
 528 015c 00000000 		.4byte	.LLST0
 529 0160 09       		.uleb128 0x9
 530 0161 08000000 		.4byte	.LVL3
 531 0165 F8020000 		.4byte	0x2f8
 532 0169 73010000 		.4byte	0x173
 533 016d 0A       		.uleb128 0xa
 534 016e 01       		.uleb128 0x1
 535 016f 50       		.byte	0x50
 536 0170 01       		.uleb128 0x1
 537 0171 38       		.byte	0x38
 538 0172 00       		.byte	0
 539 0173 0B       		.uleb128 0xb
 540 0174 1C000000 		.4byte	.LVL5
 541 0178 39030000 		.4byte	0x339
 542 017c 0A       		.uleb128 0xa
 543 017d 01       		.uleb128 0x1
 544 017e 50       		.byte	0x50
 545 017f 01       		.uleb128 0x1
 546 0180 38       		.byte	0x38
 547 0181 00       		.byte	0
ARM GAS  C:\Users\Tim\AppData\Local\Temp\ccbf2Uuw.s 			page 19


 548 0182 00       		.byte	0
 549 0183 0F       		.uleb128 0xf
 550 0184 96000000 		.4byte	.LASF19
 551 0188 01       		.byte	0x1
 552 0189 6D01     		.2byte	0x16d
 553 018b 00000000 		.4byte	.LFB4
 554 018f 18000000 		.4byte	.LFE4-.LFB4
 555 0193 01       		.uleb128 0x1
 556 0194 9C       		.byte	0x9c
 557 0195 C4010000 		.4byte	0x1c4
 558 0199 10       		.uleb128 0x10
 559 019a 67010000 		.4byte	.LASF24
 560 019e 01       		.byte	0x1
 561 019f 6D01     		.2byte	0x16d
 562 01a1 83000000 		.4byte	0x83
 563 01a5 1E000000 		.4byte	.LLST1
 564 01a9 11       		.uleb128 0x11
 565 01aa 00000000 		.4byte	.LBB2
 566 01ae 10000000 		.4byte	.LBE2-.LBB2
 567 01b2 0E       		.uleb128 0xe
 568 01b3 EA020000 		.4byte	.LASF21
 569 01b7 01       		.byte	0x1
 570 01b8 7801     		.2byte	0x178
 571 01ba 83000000 		.4byte	0x83
 572 01be 3F000000 		.4byte	.LLST2
 573 01c2 00       		.byte	0
 574 01c3 00       		.byte	0
 575 01c4 0D       		.uleb128 0xd
 576 01c5 0A030000 		.4byte	.LASF23
 577 01c9 01       		.byte	0x1
 578 01ca 9601     		.2byte	0x196
 579 01cc 83000000 		.4byte	0x83
 580 01d0 00000000 		.4byte	.LFB5
 581 01d4 10000000 		.4byte	.LFE5-.LFB5
 582 01d8 01       		.uleb128 0x1
 583 01d9 9C       		.byte	0x9c
 584 01da ED010000 		.4byte	0x1ed
 585 01de 12       		.uleb128 0x12
 586 01df 67010000 		.4byte	.LASF24
 587 01e3 01       		.byte	0x1
 588 01e4 9801     		.2byte	0x198
 589 01e6 83000000 		.4byte	0x83
 590 01ea 01       		.uleb128 0x1
 591 01eb 50       		.byte	0x50
 592 01ec 00       		.byte	0
 593 01ed 0F       		.uleb128 0xf
 594 01ee AD010000 		.4byte	.LASF25
 595 01f2 01       		.byte	0x1
 596 01f3 BC01     		.2byte	0x1bc
 597 01f5 00000000 		.4byte	.LFB6
 598 01f9 30000000 		.4byte	.LFE6-.LFB6
 599 01fd 01       		.uleb128 0x1
 600 01fe 9C       		.byte	0x9c
 601 01ff 56020000 		.4byte	0x256
 602 0203 10       		.uleb128 0x10
 603 0204 D9020000 		.4byte	.LASF26
 604 0208 01       		.byte	0x1
ARM GAS  C:\Users\Tim\AppData\Local\Temp\ccbf2Uuw.s 			page 20


 605 0209 BC01     		.2byte	0x1bc
 606 020b 83000000 		.4byte	0x83
 607 020f 5D000000 		.4byte	.LLST3
 608 0213 10       		.uleb128 0x10
 609 0214 69000000 		.4byte	.LASF27
 610 0218 01       		.byte	0x1
 611 0219 BC01     		.2byte	0x1bc
 612 021b 83000000 		.4byte	0x83
 613 021f 89000000 		.4byte	.LLST4
 614 0223 10       		.uleb128 0x10
 615 0224 2D030000 		.4byte	.LASF28
 616 0228 01       		.byte	0x1
 617 0229 BC01     		.2byte	0x1bc
 618 022b 56020000 		.4byte	0x256
 619 022f B5000000 		.4byte	.LLST5
 620 0233 09       		.uleb128 0x9
 621 0234 10000000 		.4byte	.LVL15
 622 0238 F8020000 		.4byte	0x2f8
 623 023c 46020000 		.4byte	0x246
 624 0240 0A       		.uleb128 0xa
 625 0241 01       		.uleb128 0x1
 626 0242 50       		.byte	0x50
 627 0243 01       		.uleb128 0x1
 628 0244 38       		.byte	0x38
 629 0245 00       		.byte	0
 630 0246 0B       		.uleb128 0xb
 631 0247 22000000 		.4byte	.LVL16
 632 024b 39030000 		.4byte	0x339
 633 024f 0A       		.uleb128 0xa
 634 0250 01       		.uleb128 0x1
 635 0251 50       		.byte	0x50
 636 0252 01       		.uleb128 0x1
 637 0253 38       		.byte	0x38
 638 0254 00       		.byte	0
 639 0255 00       		.byte	0
 640 0256 06       		.uleb128 0x6
 641 0257 04       		.byte	0x4
 642 0258 A4000000 		.4byte	0xa4
 643 025c 0F       		.uleb128 0xf
 644 025d 74000000 		.4byte	.LASF29
 645 0261 01       		.byte	0x1
 646 0262 DC01     		.2byte	0x1dc
 647 0264 00000000 		.4byte	.LFB7
 648 0268 0C000000 		.4byte	.LFE7-.LFB7
 649 026c 01       		.uleb128 0x1
 650 026d 9C       		.byte	0x9c
 651 026e 81020000 		.4byte	0x281
 652 0272 13       		.uleb128 0x13
 653 0273 69000000 		.4byte	.LASF27
 654 0277 01       		.byte	0x1
 655 0278 DC01     		.2byte	0x1dc
 656 027a 83000000 		.4byte	0x83
 657 027e 01       		.uleb128 0x1
 658 027f 50       		.byte	0x50
 659 0280 00       		.byte	0
 660 0281 14       		.uleb128 0x14
 661 0282 06000000 		.4byte	.LASF30
ARM GAS  C:\Users\Tim\AppData\Local\Temp\ccbf2Uuw.s 			page 21


 662 0286 01       		.byte	0x1
 663 0287 1A       		.byte	0x1a
 664 0288 A4000000 		.4byte	0xa4
 665 028c 05       		.uleb128 0x5
 666 028d 03       		.byte	0x3
 667 028e 00000000 		.4byte	EZI2C_curStatus
 668 0292 14       		.uleb128 0x14
 669 0293 47000000 		.4byte	.LASF31
 670 0297 01       		.byte	0x1
 671 0298 1B       		.byte	0x1b
 672 0299 6B000000 		.4byte	0x6b
 673 029d 05       		.uleb128 0x5
 674 029e 03       		.byte	0x3
 675 029f 00000000 		.4byte	EZI2C_fsmState
 676 02a3 14       		.uleb128 0x14
 677 02a4 D6010000 		.4byte	.LASF32
 678 02a8 01       		.byte	0x1
 679 02a9 1E       		.byte	0x1e
 680 02aa 56020000 		.4byte	0x256
 681 02ae 05       		.uleb128 0x5
 682 02af 03       		.byte	0x3
 683 02b0 00000000 		.4byte	EZI2C_dataBuffer1
 684 02b4 14       		.uleb128 0x14
 685 02b5 25000000 		.4byte	.LASF33
 686 02b9 01       		.byte	0x1
 687 02ba 1F       		.byte	0x1f
 688 02bb 77000000 		.4byte	0x77
 689 02bf 05       		.uleb128 0x5
 690 02c0 03       		.byte	0x3
 691 02c1 00000000 		.4byte	EZI2C_bufSizeBuf1
 692 02c5 14       		.uleb128 0x14
 693 02c6 48010000 		.4byte	.LASF34
 694 02ca 01       		.byte	0x1
 695 02cb 20       		.byte	0x20
 696 02cc 77000000 		.4byte	0x77
 697 02d0 05       		.uleb128 0x5
 698 02d1 03       		.byte	0x3
 699 02d2 00000000 		.4byte	EZI2C_protectBuf1
 700 02d6 14       		.uleb128 0x14
 701 02d7 C8020000 		.4byte	.LASF35
 702 02db 01       		.byte	0x1
 703 02dc 21       		.byte	0x21
 704 02dd 6B000000 		.4byte	0x6b
 705 02e1 05       		.uleb128 0x5
 706 02e2 03       		.byte	0x3
 707 02e3 00000000 		.4byte	EZI2C_offsetBuf1
 708 02e7 14       		.uleb128 0x14
 709 02e8 EF000000 		.4byte	.LASF36
 710 02ec 01       		.byte	0x1
 711 02ed 22       		.byte	0x22
 712 02ee 77000000 		.4byte	0x77
 713 02f2 05       		.uleb128 0x5
 714 02f3 03       		.byte	0x3
 715 02f4 00000000 		.4byte	EZI2C_indexBuf1
 716 02f8 15       		.uleb128 0x15
 717 02f9 76020000 		.4byte	.LASF37
 718 02fd 03       		.byte	0x3
ARM GAS  C:\Users\Tim\AppData\Local\Temp\ccbf2Uuw.s 			page 22


 719 02fe 51       		.byte	0x51
 720 02ff 09030000 		.4byte	0x309
 721 0303 16       		.uleb128 0x16
 722 0304 6B000000 		.4byte	0x6b
 723 0308 00       		.byte	0
 724 0309 15       		.uleb128 0x15
 725 030a 86010000 		.4byte	.LASF38
 726 030e 03       		.byte	0x3
 727 030f 4C       		.byte	0x4c
 728 0310 1F030000 		.4byte	0x31f
 729 0314 16       		.uleb128 0x16
 730 0315 6B000000 		.4byte	0x6b
 731 0319 16       		.uleb128 0x16
 732 031a 6B000000 		.4byte	0x6b
 733 031e 00       		.byte	0
 734 031f 17       		.uleb128 0x17
 735 0320 16000000 		.4byte	.LASF43
 736 0324 03       		.byte	0x3
 737 0325 49       		.byte	0x49
 738 0326 BA000000 		.4byte	0xba
 739 032a 39030000 		.4byte	0x339
 740 032e 16       		.uleb128 0x16
 741 032f 6B000000 		.4byte	0x6b
 742 0333 16       		.uleb128 0x16
 743 0334 BA000000 		.4byte	0xba
 744 0338 00       		.byte	0
 745 0339 18       		.uleb128 0x18
 746 033a 2E010000 		.4byte	.LASF44
 747 033e 03       		.byte	0x3
 748 033f 4F       		.byte	0x4f
 749 0340 16       		.uleb128 0x16
 750 0341 6B000000 		.4byte	0x6b
 751 0345 00       		.byte	0
 752 0346 00       		.byte	0
 753              		.section	.debug_abbrev,"",%progbits
 754              	.Ldebug_abbrev0:
 755 0000 01       		.uleb128 0x1
 756 0001 11       		.uleb128 0x11
 757 0002 01       		.byte	0x1
 758 0003 25       		.uleb128 0x25
 759 0004 0E       		.uleb128 0xe
 760 0005 13       		.uleb128 0x13
 761 0006 0B       		.uleb128 0xb
 762 0007 03       		.uleb128 0x3
 763 0008 0E       		.uleb128 0xe
 764 0009 1B       		.uleb128 0x1b
 765 000a 0E       		.uleb128 0xe
 766 000b 55       		.uleb128 0x55
 767 000c 17       		.uleb128 0x17
 768 000d 11       		.uleb128 0x11
 769 000e 01       		.uleb128 0x1
 770 000f 10       		.uleb128 0x10
 771 0010 17       		.uleb128 0x17
 772 0011 00       		.byte	0
 773 0012 00       		.byte	0
 774 0013 02       		.uleb128 0x2
 775 0014 24       		.uleb128 0x24
ARM GAS  C:\Users\Tim\AppData\Local\Temp\ccbf2Uuw.s 			page 23


 776 0015 00       		.byte	0
 777 0016 0B       		.uleb128 0xb
 778 0017 0B       		.uleb128 0xb
 779 0018 3E       		.uleb128 0x3e
 780 0019 0B       		.uleb128 0xb
 781 001a 03       		.uleb128 0x3
 782 001b 0E       		.uleb128 0xe
 783 001c 00       		.byte	0
 784 001d 00       		.byte	0
 785 001e 03       		.uleb128 0x3
 786 001f 24       		.uleb128 0x24
 787 0020 00       		.byte	0
 788 0021 0B       		.uleb128 0xb
 789 0022 0B       		.uleb128 0xb
 790 0023 3E       		.uleb128 0x3e
 791 0024 0B       		.uleb128 0xb
 792 0025 03       		.uleb128 0x3
 793 0026 08       		.uleb128 0x8
 794 0027 00       		.byte	0
 795 0028 00       		.byte	0
 796 0029 04       		.uleb128 0x4
 797 002a 16       		.uleb128 0x16
 798 002b 00       		.byte	0
 799 002c 03       		.uleb128 0x3
 800 002d 0E       		.uleb128 0xe
 801 002e 3A       		.uleb128 0x3a
 802 002f 0B       		.uleb128 0xb
 803 0030 3B       		.uleb128 0x3b
 804 0031 05       		.uleb128 0x5
 805 0032 49       		.uleb128 0x49
 806 0033 13       		.uleb128 0x13
 807 0034 00       		.byte	0
 808 0035 00       		.byte	0
 809 0036 05       		.uleb128 0x5
 810 0037 35       		.uleb128 0x35
 811 0038 00       		.byte	0
 812 0039 49       		.uleb128 0x49
 813 003a 13       		.uleb128 0x13
 814 003b 00       		.byte	0
 815 003c 00       		.byte	0
 816 003d 06       		.uleb128 0x6
 817 003e 0F       		.uleb128 0xf
 818 003f 00       		.byte	0
 819 0040 0B       		.uleb128 0xb
 820 0041 0B       		.uleb128 0xb
 821 0042 49       		.uleb128 0x49
 822 0043 13       		.uleb128 0x13
 823 0044 00       		.byte	0
 824 0045 00       		.byte	0
 825 0046 07       		.uleb128 0x7
 826 0047 15       		.uleb128 0x15
 827 0048 00       		.byte	0
 828 0049 27       		.uleb128 0x27
 829 004a 19       		.uleb128 0x19
 830 004b 00       		.byte	0
 831 004c 00       		.byte	0
 832 004d 08       		.uleb128 0x8
ARM GAS  C:\Users\Tim\AppData\Local\Temp\ccbf2Uuw.s 			page 24


 833 004e 2E       		.uleb128 0x2e
 834 004f 01       		.byte	0x1
 835 0050 3F       		.uleb128 0x3f
 836 0051 19       		.uleb128 0x19
 837 0052 03       		.uleb128 0x3
 838 0053 0E       		.uleb128 0xe
 839 0054 3A       		.uleb128 0x3a
 840 0055 0B       		.uleb128 0xb
 841 0056 3B       		.uleb128 0x3b
 842 0057 0B       		.uleb128 0xb
 843 0058 27       		.uleb128 0x27
 844 0059 19       		.uleb128 0x19
 845 005a 11       		.uleb128 0x11
 846 005b 01       		.uleb128 0x1
 847 005c 12       		.uleb128 0x12
 848 005d 06       		.uleb128 0x6
 849 005e 40       		.uleb128 0x40
 850 005f 18       		.uleb128 0x18
 851 0060 9742     		.uleb128 0x2117
 852 0062 19       		.uleb128 0x19
 853 0063 01       		.uleb128 0x1
 854 0064 13       		.uleb128 0x13
 855 0065 00       		.byte	0
 856 0066 00       		.byte	0
 857 0067 09       		.uleb128 0x9
 858 0068 898201   		.uleb128 0x4109
 859 006b 01       		.byte	0x1
 860 006c 11       		.uleb128 0x11
 861 006d 01       		.uleb128 0x1
 862 006e 31       		.uleb128 0x31
 863 006f 13       		.uleb128 0x13
 864 0070 01       		.uleb128 0x1
 865 0071 13       		.uleb128 0x13
 866 0072 00       		.byte	0
 867 0073 00       		.byte	0
 868 0074 0A       		.uleb128 0xa
 869 0075 8A8201   		.uleb128 0x410a
 870 0078 00       		.byte	0
 871 0079 02       		.uleb128 0x2
 872 007a 18       		.uleb128 0x18
 873 007b 9142     		.uleb128 0x2111
 874 007d 18       		.uleb128 0x18
 875 007e 00       		.byte	0
 876 007f 00       		.byte	0
 877 0080 0B       		.uleb128 0xb
 878 0081 898201   		.uleb128 0x4109
 879 0084 01       		.byte	0x1
 880 0085 11       		.uleb128 0x11
 881 0086 01       		.uleb128 0x1
 882 0087 31       		.uleb128 0x31
 883 0088 13       		.uleb128 0x13
 884 0089 00       		.byte	0
 885 008a 00       		.byte	0
 886 008b 0C       		.uleb128 0xc
 887 008c 2E       		.uleb128 0x2e
 888 008d 00       		.byte	0
 889 008e 3F       		.uleb128 0x3f
ARM GAS  C:\Users\Tim\AppData\Local\Temp\ccbf2Uuw.s 			page 25


 890 008f 19       		.uleb128 0x19
 891 0090 03       		.uleb128 0x3
 892 0091 0E       		.uleb128 0xe
 893 0092 3A       		.uleb128 0x3a
 894 0093 0B       		.uleb128 0xb
 895 0094 3B       		.uleb128 0x3b
 896 0095 05       		.uleb128 0x5
 897 0096 27       		.uleb128 0x27
 898 0097 19       		.uleb128 0x19
 899 0098 11       		.uleb128 0x11
 900 0099 01       		.uleb128 0x1
 901 009a 12       		.uleb128 0x12
 902 009b 06       		.uleb128 0x6
 903 009c 40       		.uleb128 0x40
 904 009d 18       		.uleb128 0x18
 905 009e 9742     		.uleb128 0x2117
 906 00a0 19       		.uleb128 0x19
 907 00a1 00       		.byte	0
 908 00a2 00       		.byte	0
 909 00a3 0D       		.uleb128 0xd
 910 00a4 2E       		.uleb128 0x2e
 911 00a5 01       		.byte	0x1
 912 00a6 3F       		.uleb128 0x3f
 913 00a7 19       		.uleb128 0x19
 914 00a8 03       		.uleb128 0x3
 915 00a9 0E       		.uleb128 0xe
 916 00aa 3A       		.uleb128 0x3a
 917 00ab 0B       		.uleb128 0xb
 918 00ac 3B       		.uleb128 0x3b
 919 00ad 05       		.uleb128 0x5
 920 00ae 27       		.uleb128 0x27
 921 00af 19       		.uleb128 0x19
 922 00b0 49       		.uleb128 0x49
 923 00b1 13       		.uleb128 0x13
 924 00b2 11       		.uleb128 0x11
 925 00b3 01       		.uleb128 0x1
 926 00b4 12       		.uleb128 0x12
 927 00b5 06       		.uleb128 0x6
 928 00b6 40       		.uleb128 0x40
 929 00b7 18       		.uleb128 0x18
 930 00b8 9742     		.uleb128 0x2117
 931 00ba 19       		.uleb128 0x19
 932 00bb 01       		.uleb128 0x1
 933 00bc 13       		.uleb128 0x13
 934 00bd 00       		.byte	0
 935 00be 00       		.byte	0
 936 00bf 0E       		.uleb128 0xe
 937 00c0 34       		.uleb128 0x34
 938 00c1 00       		.byte	0
 939 00c2 03       		.uleb128 0x3
 940 00c3 0E       		.uleb128 0xe
 941 00c4 3A       		.uleb128 0x3a
 942 00c5 0B       		.uleb128 0xb
 943 00c6 3B       		.uleb128 0x3b
 944 00c7 05       		.uleb128 0x5
 945 00c8 49       		.uleb128 0x49
 946 00c9 13       		.uleb128 0x13
ARM GAS  C:\Users\Tim\AppData\Local\Temp\ccbf2Uuw.s 			page 26


 947 00ca 02       		.uleb128 0x2
 948 00cb 17       		.uleb128 0x17
 949 00cc 00       		.byte	0
 950 00cd 00       		.byte	0
 951 00ce 0F       		.uleb128 0xf
 952 00cf 2E       		.uleb128 0x2e
 953 00d0 01       		.byte	0x1
 954 00d1 3F       		.uleb128 0x3f
 955 00d2 19       		.uleb128 0x19
 956 00d3 03       		.uleb128 0x3
 957 00d4 0E       		.uleb128 0xe
 958 00d5 3A       		.uleb128 0x3a
 959 00d6 0B       		.uleb128 0xb
 960 00d7 3B       		.uleb128 0x3b
 961 00d8 05       		.uleb128 0x5
 962 00d9 27       		.uleb128 0x27
 963 00da 19       		.uleb128 0x19
 964 00db 11       		.uleb128 0x11
 965 00dc 01       		.uleb128 0x1
 966 00dd 12       		.uleb128 0x12
 967 00de 06       		.uleb128 0x6
 968 00df 40       		.uleb128 0x40
 969 00e0 18       		.uleb128 0x18
 970 00e1 9742     		.uleb128 0x2117
 971 00e3 19       		.uleb128 0x19
 972 00e4 01       		.uleb128 0x1
 973 00e5 13       		.uleb128 0x13
 974 00e6 00       		.byte	0
 975 00e7 00       		.byte	0
 976 00e8 10       		.uleb128 0x10
 977 00e9 05       		.uleb128 0x5
 978 00ea 00       		.byte	0
 979 00eb 03       		.uleb128 0x3
 980 00ec 0E       		.uleb128 0xe
 981 00ed 3A       		.uleb128 0x3a
 982 00ee 0B       		.uleb128 0xb
 983 00ef 3B       		.uleb128 0x3b
 984 00f0 05       		.uleb128 0x5
 985 00f1 49       		.uleb128 0x49
 986 00f2 13       		.uleb128 0x13
 987 00f3 02       		.uleb128 0x2
 988 00f4 17       		.uleb128 0x17
 989 00f5 00       		.byte	0
 990 00f6 00       		.byte	0
 991 00f7 11       		.uleb128 0x11
 992 00f8 0B       		.uleb128 0xb
 993 00f9 01       		.byte	0x1
 994 00fa 11       		.uleb128 0x11
 995 00fb 01       		.uleb128 0x1
 996 00fc 12       		.uleb128 0x12
 997 00fd 06       		.uleb128 0x6
 998 00fe 00       		.byte	0
 999 00ff 00       		.byte	0
 1000 0100 12       		.uleb128 0x12
 1001 0101 34       		.uleb128 0x34
 1002 0102 00       		.byte	0
 1003 0103 03       		.uleb128 0x3
ARM GAS  C:\Users\Tim\AppData\Local\Temp\ccbf2Uuw.s 			page 27


 1004 0104 0E       		.uleb128 0xe
 1005 0105 3A       		.uleb128 0x3a
 1006 0106 0B       		.uleb128 0xb
 1007 0107 3B       		.uleb128 0x3b
 1008 0108 05       		.uleb128 0x5
 1009 0109 49       		.uleb128 0x49
 1010 010a 13       		.uleb128 0x13
 1011 010b 02       		.uleb128 0x2
 1012 010c 18       		.uleb128 0x18
 1013 010d 00       		.byte	0
 1014 010e 00       		.byte	0
 1015 010f 13       		.uleb128 0x13
 1016 0110 05       		.uleb128 0x5
 1017 0111 00       		.byte	0
 1018 0112 03       		.uleb128 0x3
 1019 0113 0E       		.uleb128 0xe
 1020 0114 3A       		.uleb128 0x3a
 1021 0115 0B       		.uleb128 0xb
 1022 0116 3B       		.uleb128 0x3b
 1023 0117 05       		.uleb128 0x5
 1024 0118 49       		.uleb128 0x49
 1025 0119 13       		.uleb128 0x13
 1026 011a 02       		.uleb128 0x2
 1027 011b 18       		.uleb128 0x18
 1028 011c 00       		.byte	0
 1029 011d 00       		.byte	0
 1030 011e 14       		.uleb128 0x14
 1031 011f 34       		.uleb128 0x34
 1032 0120 00       		.byte	0
 1033 0121 03       		.uleb128 0x3
 1034 0122 0E       		.uleb128 0xe
 1035 0123 3A       		.uleb128 0x3a
 1036 0124 0B       		.uleb128 0xb
 1037 0125 3B       		.uleb128 0x3b
 1038 0126 0B       		.uleb128 0xb
 1039 0127 49       		.uleb128 0x49
 1040 0128 13       		.uleb128 0x13
 1041 0129 3F       		.uleb128 0x3f
 1042 012a 19       		.uleb128 0x19
 1043 012b 02       		.uleb128 0x2
 1044 012c 18       		.uleb128 0x18
 1045 012d 00       		.byte	0
 1046 012e 00       		.byte	0
 1047 012f 15       		.uleb128 0x15
 1048 0130 2E       		.uleb128 0x2e
 1049 0131 01       		.byte	0x1
 1050 0132 3F       		.uleb128 0x3f
 1051 0133 19       		.uleb128 0x19
 1052 0134 03       		.uleb128 0x3
 1053 0135 0E       		.uleb128 0xe
 1054 0136 3A       		.uleb128 0x3a
 1055 0137 0B       		.uleb128 0xb
 1056 0138 3B       		.uleb128 0x3b
 1057 0139 0B       		.uleb128 0xb
 1058 013a 27       		.uleb128 0x27
 1059 013b 19       		.uleb128 0x19
 1060 013c 3C       		.uleb128 0x3c
ARM GAS  C:\Users\Tim\AppData\Local\Temp\ccbf2Uuw.s 			page 28


 1061 013d 19       		.uleb128 0x19
 1062 013e 01       		.uleb128 0x1
 1063 013f 13       		.uleb128 0x13
 1064 0140 00       		.byte	0
 1065 0141 00       		.byte	0
 1066 0142 16       		.uleb128 0x16
 1067 0143 05       		.uleb128 0x5
 1068 0144 00       		.byte	0
 1069 0145 49       		.uleb128 0x49
 1070 0146 13       		.uleb128 0x13
 1071 0147 00       		.byte	0
 1072 0148 00       		.byte	0
 1073 0149 17       		.uleb128 0x17
 1074 014a 2E       		.uleb128 0x2e
 1075 014b 01       		.byte	0x1
 1076 014c 3F       		.uleb128 0x3f
 1077 014d 19       		.uleb128 0x19
 1078 014e 03       		.uleb128 0x3
 1079 014f 0E       		.uleb128 0xe
 1080 0150 3A       		.uleb128 0x3a
 1081 0151 0B       		.uleb128 0xb
 1082 0152 3B       		.uleb128 0x3b
 1083 0153 0B       		.uleb128 0xb
 1084 0154 27       		.uleb128 0x27
 1085 0155 19       		.uleb128 0x19
 1086 0156 49       		.uleb128 0x49
 1087 0157 13       		.uleb128 0x13
 1088 0158 3C       		.uleb128 0x3c
 1089 0159 19       		.uleb128 0x19
 1090 015a 01       		.uleb128 0x1
 1091 015b 13       		.uleb128 0x13
 1092 015c 00       		.byte	0
 1093 015d 00       		.byte	0
 1094 015e 18       		.uleb128 0x18
 1095 015f 2E       		.uleb128 0x2e
 1096 0160 01       		.byte	0x1
 1097 0161 3F       		.uleb128 0x3f
 1098 0162 19       		.uleb128 0x19
 1099 0163 03       		.uleb128 0x3
 1100 0164 0E       		.uleb128 0xe
 1101 0165 3A       		.uleb128 0x3a
 1102 0166 0B       		.uleb128 0xb
 1103 0167 3B       		.uleb128 0x3b
 1104 0168 0B       		.uleb128 0xb
 1105 0169 27       		.uleb128 0x27
 1106 016a 19       		.uleb128 0x19
 1107 016b 3C       		.uleb128 0x3c
 1108 016c 19       		.uleb128 0x19
 1109 016d 00       		.byte	0
 1110 016e 00       		.byte	0
 1111 016f 00       		.byte	0
 1112              		.section	.debug_loc,"",%progbits
 1113              	.Ldebug_loc0:
 1114              	.LLST0:
 1115 0000 0E000000 		.4byte	.LVL4
 1116 0004 1E000000 		.4byte	.LVL6
 1117 0008 0100     		.2byte	0x1
ARM GAS  C:\Users\Tim\AppData\Local\Temp\ccbf2Uuw.s 			page 29


 1118 000a 54       		.byte	0x54
 1119 000b 1E000000 		.4byte	.LVL6
 1120 000f 24000000 		.4byte	.LFE3
 1121 0013 0100     		.2byte	0x1
 1122 0015 50       		.byte	0x50
 1123 0016 00000000 		.4byte	0
 1124 001a 00000000 		.4byte	0
 1125              	.LLST1:
 1126 001e 00000000 		.4byte	.LVL7
 1127 0022 0A000000 		.4byte	.LVL10
 1128 0026 0100     		.2byte	0x1
 1129 0028 50       		.byte	0x50
 1130 0029 0A000000 		.4byte	.LVL10
 1131 002d 18000000 		.4byte	.LFE4
 1132 0031 0400     		.2byte	0x4
 1133 0033 F3       		.byte	0xf3
 1134 0034 01       		.uleb128 0x1
 1135 0035 50       		.byte	0x50
 1136 0036 9F       		.byte	0x9f
 1137 0037 00000000 		.4byte	0
 1138 003b 00000000 		.4byte	0
 1139              	.LLST2:
 1140 003f 04000000 		.4byte	.LVL8
 1141 0043 0E000000 		.4byte	.LVL11
 1142 0047 0100     		.2byte	0x1
 1143 0049 53       		.byte	0x53
 1144 004a 0E000000 		.4byte	.LVL11
 1145 004e 18000000 		.4byte	.LFE4
 1146 0052 0100     		.2byte	0x1
 1147 0054 50       		.byte	0x50
 1148 0055 00000000 		.4byte	0
 1149 0059 00000000 		.4byte	0
 1150              	.LLST3:
 1151 005d 00000000 		.4byte	.LVL13
 1152 0061 0C000000 		.4byte	.LVL14
 1153 0065 0100     		.2byte	0x1
 1154 0067 50       		.byte	0x50
 1155 0068 0C000000 		.4byte	.LVL14
 1156 006c 22000000 		.4byte	.LVL19
 1157 0070 0100     		.2byte	0x1
 1158 0072 56       		.byte	0x56
 1159 0073 22000000 		.4byte	.LVL19
 1160 0077 30000000 		.4byte	.LFE6
 1161 007b 0400     		.2byte	0x4
 1162 007d F3       		.byte	0xf3
 1163 007e 01       		.uleb128 0x1
 1164 007f 50       		.byte	0x50
 1165 0080 9F       		.byte	0x9f
 1166 0081 00000000 		.4byte	0
 1167 0085 00000000 		.4byte	0
 1168              	.LLST4:
 1169 0089 00000000 		.4byte	.LVL13
 1170 008d 0F000000 		.4byte	.LVL15-1
 1171 0091 0100     		.2byte	0x1
 1172 0093 51       		.byte	0x51
 1173 0094 0F000000 		.4byte	.LVL15-1
 1174 0098 22000000 		.4byte	.LVL18
ARM GAS  C:\Users\Tim\AppData\Local\Temp\ccbf2Uuw.s 			page 30


 1175 009c 0100     		.2byte	0x1
 1176 009e 55       		.byte	0x55
 1177 009f 22000000 		.4byte	.LVL18
 1178 00a3 30000000 		.4byte	.LFE6
 1179 00a7 0400     		.2byte	0x4
 1180 00a9 F3       		.byte	0xf3
 1181 00aa 01       		.uleb128 0x1
 1182 00ab 51       		.byte	0x51
 1183 00ac 9F       		.byte	0x9f
 1184 00ad 00000000 		.4byte	0
 1185 00b1 00000000 		.4byte	0
 1186              	.LLST5:
 1187 00b5 00000000 		.4byte	.LVL13
 1188 00b9 0F000000 		.4byte	.LVL15-1
 1189 00bd 0100     		.2byte	0x1
 1190 00bf 52       		.byte	0x52
 1191 00c0 0F000000 		.4byte	.LVL15-1
 1192 00c4 22000000 		.4byte	.LVL17
 1193 00c8 0100     		.2byte	0x1
 1194 00ca 54       		.byte	0x54
 1195 00cb 22000000 		.4byte	.LVL17
 1196 00cf 30000000 		.4byte	.LFE6
 1197 00d3 0400     		.2byte	0x4
 1198 00d5 F3       		.byte	0xf3
 1199 00d6 01       		.uleb128 0x1
 1200 00d7 52       		.byte	0x52
 1201 00d8 9F       		.byte	0x9f
 1202 00d9 00000000 		.4byte	0
 1203 00dd 00000000 		.4byte	0
 1204              		.section	.debug_aranges,"",%progbits
 1205 0000 4C000000 		.4byte	0x4c
 1206 0004 0200     		.2byte	0x2
 1207 0006 00000000 		.4byte	.Ldebug_info0
 1208 000a 04       		.byte	0x4
 1209 000b 00       		.byte	0
 1210 000c 0000     		.2byte	0
 1211 000e 0000     		.2byte	0
 1212 0010 00000000 		.4byte	.LFB1
 1213 0014 C0000000 		.4byte	.LFE1-.LFB1
 1214 0018 00000000 		.4byte	.LFB2
 1215 001c 0C000000 		.4byte	.LFE2-.LFB2
 1216 0020 00000000 		.4byte	.LFB3
 1217 0024 24000000 		.4byte	.LFE3-.LFB3
 1218 0028 00000000 		.4byte	.LFB4
 1219 002c 18000000 		.4byte	.LFE4-.LFB4
 1220 0030 00000000 		.4byte	.LFB5
 1221 0034 10000000 		.4byte	.LFE5-.LFB5
 1222 0038 00000000 		.4byte	.LFB6
 1223 003c 30000000 		.4byte	.LFE6-.LFB6
 1224 0040 00000000 		.4byte	.LFB7
 1225 0044 0C000000 		.4byte	.LFE7-.LFB7
 1226 0048 00000000 		.4byte	0
 1227 004c 00000000 		.4byte	0
 1228              		.section	.debug_ranges,"",%progbits
 1229              	.Ldebug_ranges0:
 1230 0000 00000000 		.4byte	.LFB1
 1231 0004 C0000000 		.4byte	.LFE1
ARM GAS  C:\Users\Tim\AppData\Local\Temp\ccbf2Uuw.s 			page 31


 1232 0008 00000000 		.4byte	.LFB2
 1233 000c 0C000000 		.4byte	.LFE2
 1234 0010 00000000 		.4byte	.LFB3
 1235 0014 24000000 		.4byte	.LFE3
 1236 0018 00000000 		.4byte	.LFB4
 1237 001c 18000000 		.4byte	.LFE4
 1238 0020 00000000 		.4byte	.LFB5
 1239 0024 10000000 		.4byte	.LFE5
 1240 0028 00000000 		.4byte	.LFB6
 1241 002c 30000000 		.4byte	.LFE6
 1242 0030 00000000 		.4byte	.LFB7
 1243 0034 0C000000 		.4byte	.LFE7
 1244 0038 00000000 		.4byte	0
 1245 003c 00000000 		.4byte	0
 1246              		.section	.debug_line,"",%progbits
 1247              	.Ldebug_line0:
 1248 0000 18010000 		.section	.debug_str,"MS",%progbits,1
 1248      02006C00 
 1248      00000201 
 1248      FB0E0D00 
 1248      01010101 
 1249              	.LASF15:
 1250 0000 72656733 		.ascii	"reg32\000"
 1250      3200
 1251              	.LASF30:
 1252 0006 455A4932 		.ascii	"EZI2C_curStatus\000"
 1252      435F6375 
 1252      72537461 
 1252      74757300 
 1253              	.LASF43:
 1254 0016 4379496E 		.ascii	"CyIntSetVector\000"
 1254      74536574 
 1254      56656374 
 1254      6F7200
 1255              	.LASF33:
 1256 0025 455A4932 		.ascii	"EZI2C_bufSizeBuf1\000"
 1256      435F6275 
 1256      6653697A 
 1256      65427566 
 1256      3100
 1257              	.LASF18:
 1258 0037 455A4932 		.ascii	"EZI2C_EzI2CInit\000"
 1258      435F457A 
 1258      49324349 
 1258      6E697400 
 1259              	.LASF31:
 1260 0047 455A4932 		.ascii	"EZI2C_fsmState\000"
 1260      435F6673 
 1260      6D537461 
 1260      746500
 1261              	.LASF3:
 1262 0056 73686F72 		.ascii	"short unsigned int\000"
 1262      7420756E 
 1262      7369676E 
 1262      65642069 
 1262      6E7400
 1263              	.LASF27:
ARM GAS  C:\Users\Tim\AppData\Local\Temp\ccbf2Uuw.s 			page 32


 1264 0069 7277426F 		.ascii	"rwBoundary\000"
 1264      756E6461 
 1264      727900
 1265              	.LASF29:
 1266 0074 455A4932 		.ascii	"EZI2C_EzI2CSetReadBoundaryBuffer1\000"
 1266      435F457A 
 1266      49324353 
 1266      65745265 
 1266      6164426F 
 1267              	.LASF19:
 1268 0096 455A4932 		.ascii	"EZI2C_EzI2CSetAddress1\000"
 1268      435F457A 
 1268      49324353 
 1268      65744164 
 1268      64726573 
 1269              	.LASF20:
 1270 00ad 73746174 		.ascii	"status\000"
 1270      757300
 1271              	.LASF12:
 1272 00b4 666C6F61 		.ascii	"float\000"
 1272      7400
 1273              	.LASF1:
 1274 00ba 756E7369 		.ascii	"unsigned char\000"
 1274      676E6564 
 1274      20636861 
 1274      7200
 1275              	.LASF40:
 1276 00c8 2E5C4765 		.ascii	".\\Generated_Source\\PSoC4\\EZI2C_EZI2C.c\000"
 1276      6E657261 
 1276      7465645F 
 1276      536F7572 
 1276      63655C50 
 1277              	.LASF36:
 1278 00ef 455A4932 		.ascii	"EZI2C_indexBuf1\000"
 1278      435F696E 
 1278      64657842 
 1278      75663100 
 1279              	.LASF5:
 1280 00ff 6C6F6E67 		.ascii	"long unsigned int\000"
 1280      20756E73 
 1280      69676E65 
 1280      6420696E 
 1280      7400
 1281              	.LASF9:
 1282 0111 75696E74 		.ascii	"uint8\000"
 1282      3800
 1283              	.LASF42:
 1284 0117 455A4932 		.ascii	"EZI2C_EzI2CStop\000"
 1284      435F457A 
 1284      49324353 
 1284      746F7000 
 1285              	.LASF13:
 1286 0127 646F7562 		.ascii	"double\000"
 1286      6C6500
 1287              	.LASF44:
 1288 012e 4379496E 		.ascii	"CyIntEnable\000"
 1288      74456E61 
ARM GAS  C:\Users\Tim\AppData\Local\Temp\ccbf2Uuw.s 			page 33


 1288      626C6500 
 1289              	.LASF10:
 1290 013a 75696E74 		.ascii	"uint16\000"
 1290      313600
 1291              	.LASF11:
 1292 0141 75696E74 		.ascii	"uint32\000"
 1292      333200
 1293              	.LASF34:
 1294 0148 455A4932 		.ascii	"EZI2C_protectBuf1\000"
 1294      435F7072 
 1294      6F746563 
 1294      74427566 
 1294      3100
 1295              	.LASF8:
 1296 015a 756E7369 		.ascii	"unsigned int\000"
 1296      676E6564 
 1296      20696E74 
 1296      00
 1297              	.LASF24:
 1298 0167 61646472 		.ascii	"address\000"
 1298      65737300 
 1299              	.LASF7:
 1300 016f 6C6F6E67 		.ascii	"long long unsigned int\000"
 1300      206C6F6E 
 1300      6720756E 
 1300      7369676E 
 1300      65642069 
 1301              	.LASF38:
 1302 0186 4379496E 		.ascii	"CyIntSetPriority\000"
 1302      74536574 
 1302      5072696F 
 1302      72697479 
 1302      00
 1303              	.LASF16:
 1304 0197 63796973 		.ascii	"cyisraddress\000"
 1304      72616464 
 1304      72657373 
 1304      00
 1305              	.LASF17:
 1306 01a4 73697A65 		.ascii	"sizetype\000"
 1306      74797065 
 1306      00
 1307              	.LASF25:
 1308 01ad 455A4932 		.ascii	"EZI2C_EzI2CSetBuffer1\000"
 1308      435F457A 
 1308      49324353 
 1308      65744275 
 1308      66666572 
 1309              	.LASF6:
 1310 01c3 6C6F6E67 		.ascii	"long long int\000"
 1310      206C6F6E 
 1310      6720696E 
 1310      7400
 1311              	.LASF14:
 1312 01d1 63686172 		.ascii	"char\000"
 1312      00
 1313              	.LASF32:
ARM GAS  C:\Users\Tim\AppData\Local\Temp\ccbf2Uuw.s 			page 34


 1314 01d6 455A4932 		.ascii	"EZI2C_dataBuffer1\000"
 1314      435F6461 
 1314      74614275 
 1314      66666572 
 1314      3100
 1315              	.LASF39:
 1316 01e8 474E5520 		.ascii	"GNU C 4.9.3 20150303 (release) [ARM/embedded-4_9-br"
 1316      4320342E 
 1316      392E3320 
 1316      32303135 
 1316      30333033 
 1317 021b 616E6368 		.ascii	"anch revision 221220] -mcpu=cortex-m0 -mthumb -g -O"
 1317      20726576 
 1317      6973696F 
 1317      6E203232 
 1317      31323230 
 1318 024e 67202D66 		.ascii	"g -ffunction-sections -ffat-lto-objects\000"
 1318      66756E63 
 1318      74696F6E 
 1318      2D736563 
 1318      74696F6E 
 1319              	.LASF37:
 1320 0276 4379496E 		.ascii	"CyIntDisable\000"
 1320      74446973 
 1320      61626C65 
 1320      00
 1321              	.LASF41:
 1322 0283 443A5C70 		.ascii	"D:\\projects\\ArloBot\\arlobot_psoc\\arlobot_base\\"
 1322      726F6A65 
 1322      6374735C 
 1322      41726C6F 
 1322      426F745C 
 1323 02b1 626F6172 		.ascii	"board1.cydsn\000"
 1323      64312E63 
 1323      7964736E 
 1323      00
 1324              	.LASF2:
 1325 02be 73686F72 		.ascii	"short int\000"
 1325      7420696E 
 1325      7400
 1326              	.LASF35:
 1327 02c8 455A4932 		.ascii	"EZI2C_offsetBuf1\000"
 1327      435F6F66 
 1327      66736574 
 1327      42756631 
 1327      00
 1328              	.LASF26:
 1329 02d9 62756653 		.ascii	"bufSize\000"
 1329      697A6500 
 1330              	.LASF4:
 1331 02e1 6C6F6E67 		.ascii	"long int\000"
 1331      20696E74 
 1331      00
 1332              	.LASF21:
 1333 02ea 6D617463 		.ascii	"matchReg\000"
 1333      68526567 
 1333      00
ARM GAS  C:\Users\Tim\AppData\Local\Temp\ccbf2Uuw.s 			page 35


 1334              	.LASF22:
 1335 02f3 455A4932 		.ascii	"EZI2C_EzI2CGetActivity\000"
 1335      435F457A 
 1335      49324347 
 1335      65744163 
 1335      74697669 
 1336              	.LASF23:
 1337 030a 455A4932 		.ascii	"EZI2C_EzI2CGetAddress1\000"
 1337      435F457A 
 1337      49324347 
 1337      65744164 
 1337      64726573 
 1338              	.LASF0:
 1339 0321 7369676E 		.ascii	"signed char\000"
 1339      65642063 
 1339      68617200 
 1340              	.LASF28:
 1341 032d 62756666 		.ascii	"buffer\000"
 1341      657200
 1342              		.ident	"GCC: (GNU Tools for ARM Embedded Processors) 4.9.3 20150303 (release) [ARM/embedded-4_9-br
