--------------- Build Started: 03/10/2016 11:38:11 Project: board1, Configuration: ARM GCC 4.9-2015-q1-update Debug ---------------
cydsfit.exe -.appdatapath "C:\Users\Tim\AppData\Local\Cypress Semiconductor\PSoC Creator\3.3" -.fdsnotice -.fdswarpdepfile=warp_dependencies.txt -.fdselabdepfile=elab_dependencies.txt -.fdsbldfile=generated_files.txt -p D:\projects\ArloBot\arlobot_psoc\arlobot_base\board1.cydsn\board1.cyprj -d CY8C4247AZI-M485 -s D:\projects\ArloBot\arlobot_psoc\arlobot_base\board1.cydsn\Generated_Source\PSoC4 -- -yv2 -q10 -ygs -o2 -v3 -.fftcfgtype=LE
Elaborating Design...
HDL Generation ...
Synthesis ...
Place and Route ...
Tech mapping ...
Warning: mpr.M0021: Control signal "dsrff(clock)" driving signal "tmpOE__bufoe_2_net_0" is always "low". (App=cydsfit)
ADD: pft.M0040: information: The following 1 pin(s) will be assigned a location by the fitter: \ADC_Infrared:ExtVref(0)\
Info: plm.M0038: The pin named HB25_PWM_Pin(0) at location P3[0] prevents usage of special purposes: TCPWM[0].line_out. (App=cydsfit)
Info: plm.M0038: The pin named HB25_PWM_Pin(0) at location P3[0] prevents usage of special purposes: SCB[1].uart_rx. (App=cydsfit)
Info: plm.M0038: The pin named HB25_PWM_Pin(0) at location P3[0] prevents usage of special purposes: SCB[1].i2c_scl. (App=cydsfit)
Info: plm.M0038: The pin named HB25_PWM_Pin(0) at location P3[0] prevents usage of special purposes: SCB[1].spi_mosi. (App=cydsfit)
Analog Placement ...
Analog Routing ...
Analog Code Generation ...
Digital Placement ...
Digital Routing ...
Bitstream Generation ...
Static timing analysis ...
API Generation ...
Dependency Generation ...
Clean Temporary Files ...
--------------- Build Succeeded: 03/10/2016 11:38:23 ---------------
