ARM GAS  C:\Users\Tim\AppData\Local\Temp\ccwPFdCP.s 			page 1


   1              		.cpu cortex-m0
   2              		.fpu softvfp
   3              		.eabi_attribute 20, 1
   4              		.eabi_attribute 21, 1
   5              		.eabi_attribute 23, 3
   6              		.eabi_attribute 24, 1
   7              		.eabi_attribute 25, 1
   8              		.eabi_attribute 26, 1
   9              		.eabi_attribute 30, 1
  10              		.eabi_attribute 34, 0
  11              		.eabi_attribute 18, 4
  12              		.code	16
  13              		.file	"infrared.c"
  14              		.text
  15              	.Ltext0:
  16              		.cfi_sections	.debug_frame
  17              		.section	.text.Infrared_Init,"ax",%progbits
  18              		.align	2
  19              		.global	Infrared_Init
  20              		.code	16
  21              		.thumb_func
  22              		.type	Infrared_Init, %function
  23              	Infrared_Init:
  24              	.LFB36:
  25              		.file 1 "..\\..\\source\\infrared.c"
   1:..\..\source/infrared.c **** /* ========================================
   2:..\..\source/infrared.c ****  *
   3:..\..\source/infrared.c ****  * Copyright YOUR COMPANY, THE YEAR
   4:..\..\source/infrared.c ****  * All Rights Reserved
   5:..\..\source/infrared.c ****  * UNPUBLISHED, LICENSED SOFTWARE.
   6:..\..\source/infrared.c ****  *
   7:..\..\source/infrared.c ****  * CONFIDENTIAL AND PROPRIETARY INFORMATION
   8:..\..\source/infrared.c ****  * WHICH IS THE PROPERTY OF your company.
   9:..\..\source/infrared.c ****  *
  10:..\..\source/infrared.c ****  * ========================================
  11:..\..\source/infrared.c **** */
  12:..\..\source/infrared.c **** 
  13:..\..\source/infrared.c **** #include <math.h>
  14:..\..\source/infrared.c **** #include <stdio.h>
  15:..\..\source/infrared.c **** #include "infrared.h"
  16:..\..\source/infrared.c **** #include "debug.h"
  17:..\..\source/infrared.c **** #include "time.h"
  18:..\..\source/infrared.c **** #include "i2c.h"
  19:..\..\source/infrared.c **** #include "utils.h"
  20:..\..\source/infrared.c **** #include "hwconfig.h"
  21:..\..\source/infrared.c **** 
  22:..\..\source/infrared.c **** /* The Sharp IR sensors have a range of 10 to 80 cm.  Working backward, this limits the ADC values 
  23:..\..\source/infrared.c **** 
  24:..\..\source/infrared.c **** ADC    Voltage        Pow	       cm	        mm
  25:..\..\source/infrared.c **** 327	 0.399169922  2.875203044  80.10315682  801.0315682
  26:..\..\source/infrared.c **** 350	 0.427246094  2.659011307  74.08005503  740.8005503
  27:..\..\source/infrared.c **** 375	 0.457763672  2.456192932  68.42953508  684.2953508
  28:..\..\source/infrared.c **** ...
  29:..\..\source/infrared.c **** 1950 2.380371094  0.368857512  10.27637027  102.7637027
  30:..\..\source/infrared.c **** 1995 2.435302734  0.359305694  10.01025665  100.1025665
  31:..\..\source/infrared.c ****  */
  32:..\..\source/infrared.c **** #define ADC_MIN_VALUE (327)
ARM GAS  C:\Users\Tim\AppData\Local\Temp\ccwPFdCP.s 			page 2


  33:..\..\source/infrared.c **** #define ADC_MAX_VALUE (1995)
  34:..\..\source/infrared.c **** 
  35:..\..\source/infrared.c **** /* External voltage reference */
  36:..\..\source/infrared.c **** #define ADC_REFERENCE (2.5)
  37:..\..\source/infrared.c **** /* ADC range is 2 * Vref */
  38:..\..\source/infrared.c **** #define ADC_FULL_RANGE (ADC_REFERENCE * 2)
  39:..\..\source/infrared.c **** /* ADC 16-bit resolution */
  40:..\..\source/infrared.c **** #define ADC_RESOLUTION (4096.0)
  41:..\..\source/infrared.c **** /* Interpolation equation and constants taken from here: 
  42:..\..\source/infrared.c ****        https://www.tindie.com/products/upgradeindustries/sharp-10-80cm-infrared-distance-sensor-gp2
  43:..\..\source/infrared.c ****  */
  44:..\..\source/infrared.c **** #define SHARP_IR_SENSOR_INTERPOLATION_CONST_1 (27.86)
  45:..\..\source/infrared.c **** #define SHARP_IR_SENSOR_INTERPOLATION_CONST_2 (-1.15)
  46:..\..\source/infrared.c **** 
  47:..\..\source/infrared.c **** /* ADC measurements are taken continuously.  Sampling (or reporting) is done every 100ms */
  48:..\..\source/infrared.c **** #define SAMPLE_PERIOD (100) /* ms */
  49:..\..\source/infrared.c **** 
  50:..\..\source/infrared.c **** static uint32 last_time;
  51:..\..\source/infrared.c **** 
  52:..\..\source/infrared.c **** void Infrared_Init()
  53:..\..\source/infrared.c **** {
  26              		.loc 1 53 0
  27              		.cfi_startproc
  54:..\..\source/infrared.c ****     last_time = 0;
  28              		.loc 1 54 0
  29 0000 0022     		mov	r2, #0
  30 0002 014B     		ldr	r3, .L2
  31 0004 1A60     		str	r2, [r3]
  55:..\..\source/infrared.c **** }
  32              		.loc 1 55 0
  33              		@ sp needed
  34 0006 7047     		bx	lr
  35              	.L3:
  36              		.align	2
  37              	.L2:
  38 0008 00000000 		.word	.LANCHOR0
  39              		.cfi_endproc
  40              	.LFE36:
  41              		.size	Infrared_Init, .-Infrared_Init
  42              		.section	.text.Infrared_Start,"ax",%progbits
  43              		.align	2
  44              		.global	Infrared_Start
  45              		.code	16
  46              		.thumb_func
  47              		.type	Infrared_Start, %function
  48              	Infrared_Start:
  49              	.LFB37:
  56:..\..\source/infrared.c **** 
  57:..\..\source/infrared.c **** void Infrared_Start()
  58:..\..\source/infrared.c **** {
  50              		.loc 1 58 0
  51              		.cfi_startproc
  52 0000 08B5     		push	{r3, lr}
  53              		.cfi_def_cfa_offset 8
  54              		.cfi_offset 3, -8
  55              		.cfi_offset 14, -4
  59:..\..\source/infrared.c ****     ADC_Infrared_Start();
ARM GAS  C:\Users\Tim\AppData\Local\Temp\ccwPFdCP.s 			page 3


  56              		.loc 1 59 0
  57 0002 FFF7FEFF 		bl	ADC_Infrared_Start
  58              	.LVL0:
  60:..\..\source/infrared.c **** }
  59              		.loc 1 60 0
  60              		@ sp needed
  61 0006 08BD     		pop	{r3, pc}
  62              		.cfi_endproc
  63              	.LFE37:
  64              		.size	Infrared_Start, .-Infrared_Start
  65              		.global	__aeabi_i2d
  66              		.global	__aeabi_dmul
  67              		.global	__aeabi_d2f
  68              		.global	__aeabi_f2d
  69              		.section	.rodata.cst2,"aM",%progbits,2
  70              		.align	1
  71              	.LC2:
  72 0000 4701     		.short	327
  73              		.section	.text.Infrared_Measure,"ax",%progbits
  74              		.align	2
  75              		.global	Infrared_Measure
  76              		.code	16
  77              		.thumb_func
  78              		.type	Infrared_Measure, %function
  79              	Infrared_Measure:
  80              	.LFB38:
  61:..\..\source/infrared.c **** 
  62:..\..\source/infrared.c **** void Infrared_Measure()
  63:..\..\source/infrared.c **** {
  81              		.loc 1 63 0
  82              		.cfi_startproc
  83 0000 10B5     		push	{r4, lr}
  84              		.cfi_def_cfa_offset 8
  85              		.cfi_offset 4, -8
  86              		.cfi_offset 14, -4
  64:..\..\source/infrared.c ****     int8 ii;
  65:..\..\source/infrared.c ****     uint16 result;
  66:..\..\source/infrared.c ****     float voltage;
  67:..\..\source/infrared.c ****     float distance;
  68:..\..\source/infrared.c ****     uint32 adc_result;
  69:..\..\source/infrared.c ****     
  70:..\..\source/infrared.c ****     ADC_Infrared_StartConvert();
  87              		.loc 1 70 0
  88 0002 FFF7FEFF 		bl	ADC_Infrared_StartConvert
  89              	.LVL1:
  71:..\..\source/infrared.c ****     /* The way this should work is that the call will block until all channels are read which shoul
  72:..\..\source/infrared.c ****        Running without any connected hardware causes this routine to hang forever, so maybe its bec
  73:..\..\source/infrared.c ****        hardware or there may be something else.  For now, using RETURN_STATUS -- revisit when hardw
  74:..\..\source/infrared.c ****      */
  75:..\..\source/infrared.c ****     //ADC_Infrared_IsEndConversion(ADC_Infrared_WAIT_FOR_RESULT);
  76:..\..\source/infrared.c ****     adc_result = ADC_Infrared_IsEndConversion(ADC_Infrared_RETURN_STATUS);
  90              		.loc 1 76 0
  91 0006 0120     		mov	r0, #1
  92 0008 FFF7FEFF 		bl	ADC_Infrared_IsEndConversion
  93              	.LVL2:
  77:..\..\source/infrared.c ****     if (!adc_result)
  94              		.loc 1 77 0
ARM GAS  C:\Users\Tim\AppData\Local\Temp\ccwPFdCP.s 			page 4


  95 000c 0028     		cmp	r0, #0
  96 000e 37D0     		beq	.L5
  78:..\..\source/infrared.c ****     {
  79:..\..\source/infrared.c ****         return;
  80:..\..\source/infrared.c ****     }
  81:..\..\source/infrared.c ****     
  82:..\..\source/infrared.c ****     if (millis() - last_time > SAMPLE_PERIOD)
  97              		.loc 1 82 0
  98 0010 FFF7FEFF 		bl	millis
  99              	.LVL3:
 100 0014 1B4B     		ldr	r3, .L12
 101 0016 1B68     		ldr	r3, [r3]
 102 0018 C01A     		sub	r0, r0, r3
 103 001a 6428     		cmp	r0, #100
 104 001c 30D9     		bls	.L5
  83:..\..\source/infrared.c ****     {
  84:..\..\source/infrared.c ****         last_time = millis();
 105              		.loc 1 84 0
 106 001e FFF7FEFF 		bl	millis
 107              	.LVL4:
 108 0022 184B     		ldr	r3, .L12
 109 0024 1860     		str	r0, [r3]
 110              	.LVL5:
  85:..\..\source/infrared.c ****         for (ii = 0; ii < NUM_INFRARED_SENSORS; ++ii)
 111              		.loc 1 85 0
 112 0026 0024     		mov	r4, #0
 113 0028 27E0     		b	.L7
 114              	.LVL6:
 115              	.L10:
  86:..\..\source/infrared.c ****         {
  87:..\..\source/infrared.c ****             result = ADC_Infrared_GetResult16(ii);
 116              		.loc 1 87 0
 117 002a 60B2     		sxtb	r0, r4
 118 002c FFF7FEFF 		bl	ADC_Infrared_GetResult16
 119              	.LVL7:
 120 0030 80B2     		uxth	r0, r0
 121              	.LVL8:
  88:..\..\source/infrared.c ****             result = constrain(result, ADC_MIN_VALUE, ADC_MAX_VALUE);
 122              		.loc 1 88 0
 123 0032 154B     		ldr	r3, .L12+4
 124 0034 C318     		add	r3, r0, r3
 125 0036 9BB2     		uxth	r3, r3
 126 0038 144A     		ldr	r2, .L12+8
 127 003a 9342     		cmp	r3, r2
 128 003c 08D9     		bls	.L11
 129              		.loc 1 88 0 is_stmt 0 discriminator 1
 130 003e 031C     		add	r3, r0, #0
 131 0040 4822     		mov	r2, #72
 132 0042 FF32     		add	r2, r2, #255
 133 0044 9042     		cmp	r0, r2
 134 0046 01D2     		bcs	.L9
 135 0048 114B     		ldr	r3, .L12+12
 136 004a 1B88     		ldrh	r3, [r3]
 137              	.L9:
 138 004c 98B2     		uxth	r0, r3
 139              	.LVL9:
 140 004e 00E0     		b	.L8
ARM GAS  C:\Users\Tim\AppData\Local\Temp\ccwPFdCP.s 			page 5


 141              	.LVL10:
 142              	.L11:
 143              		.loc 1 88 0
 144 0050 1048     		ldr	r0, .L12+16
 145              	.LVL11:
 146              	.L8:
  89:..\..\source/infrared.c ****             voltage = (result * ADC_FULL_RANGE) / ADC_RESOLUTION;
 147              		.loc 1 89 0 is_stmt 1 discriminator 4
 148 0052 FFF7FEFF 		bl	__aeabi_i2d
 149              	.LVL12:
 150 0056 0022     		mov	r2, #0
 151 0058 0F4B     		ldr	r3, .L12+20
 152 005a FFF7FEFF 		bl	__aeabi_dmul
 153              	.LVL13:
 154 005e 0022     		mov	r2, #0
 155 0060 0E4B     		ldr	r3, .L12+24
 156 0062 FFF7FEFF 		bl	__aeabi_dmul
 157              	.LVL14:
 158 0066 FFF7FEFF 		bl	__aeabi_d2f
 159              	.LVL15:
  90:..\..\source/infrared.c ****             distance = SHARP_IR_SENSOR_INTERPOLATION_CONST_1 * pow(voltage, SHARP_IR_SENSOR_INTERPO
 160              		.loc 1 90 0 discriminator 4
 161 006a FFF7FEFF 		bl	__aeabi_f2d
 162              	.LVL16:
 163 006e 0C4A     		ldr	r2, .L12+28
 164 0070 0C4B     		ldr	r3, .L12+32
 165 0072 FFF7FEFF 		bl	pow
 166              	.LVL17:
  85:..\..\source/infrared.c ****         {
 167              		.loc 1 85 0 discriminator 4
 168 0076 0134     		add	r4, r4, #1
 169              	.LVL18:
 170 0078 E4B2     		uxtb	r4, r4
 171              	.LVL19:
 172              	.L7:
  85:..\..\source/infrared.c ****         {
 173              		.loc 1 85 0 is_stmt 0 discriminator 2
 174 007a 63B2     		sxtb	r3, r4
 175 007c 032B     		cmp	r3, #3
 176 007e D4DD     		ble	.L10
 177              	.LVL20:
 178              	.L5:
  91:..\..\source/infrared.c ****             //COMMS_DEBUG_PRINT(0, "ir distance %f\n\r", distance);
  92:..\..\source/infrared.c ****             //I2c_WriteInfraredDistance(ii, distance);
  93:..\..\source/infrared.c ****         }
  94:..\..\source/infrared.c ****     }
  95:..\..\source/infrared.c **** }
 179              		.loc 1 95 0 is_stmt 1
 180              		@ sp needed
 181 0080 10BD     		pop	{r4, pc}
 182              	.L13:
 183 0082 C046     		.align	2
 184              	.L12:
 185 0084 00000000 		.word	.LANCHOR0
 186 0088 35F8FFFF 		.word	-1995
 187 008c 34F80000 		.word	63540
 188 0090 00000000 		.word	.LC2
ARM GAS  C:\Users\Tim\AppData\Local\Temp\ccwPFdCP.s 			page 6


 189 0094 CB070000 		.word	1995
 190 0098 00001440 		.word	1075052544
 191 009c 0000303F 		.word	1060110336
 192 00a0 66666666 		.word	1717986918
 193 00a4 6666F2BF 		.word	-1074633114
 194              		.cfi_endproc
 195              	.LFE38:
 196              		.size	Infrared_Measure, .-Infrared_Measure
 197              		.global	__aeabi_f2uiz
 198              		.section	.rodata.cst2
 199              		.align	1
 200              	.LC10:
 201 0002 4701     		.short	327
 202              		.section	.text.Infrared_Test,"ax",%progbits
 203              		.align	2
 204              		.global	Infrared_Test
 205              		.code	16
 206              		.thumb_func
 207              		.type	Infrared_Test, %function
 208              	Infrared_Test:
 209              	.LFB39:
  96:..\..\source/infrared.c **** 
  97:..\..\source/infrared.c **** void Infrared_Test()
  98:..\..\source/infrared.c **** {
 210              		.loc 1 98 0
 211              		.cfi_startproc
 212 0000 F0B5     		push	{r4, r5, r6, r7, lr}
 213              		.cfi_def_cfa_offset 20
 214              		.cfi_offset 4, -20
 215              		.cfi_offset 5, -16
 216              		.cfi_offset 6, -12
 217              		.cfi_offset 7, -8
 218              		.cfi_offset 14, -4
 219 0002 87B0     		sub	sp, sp, #28
 220              		.cfi_def_cfa_offset 48
  99:..\..\source/infrared.c ****     int8 ii;
 100:..\..\source/infrared.c ****     uint16 result;
 101:..\..\source/infrared.c ****     float voltage;
 102:..\..\source/infrared.c ****     float distance;
 103:..\..\source/infrared.c ****     static uint32 last_time;
 104:..\..\source/infrared.c ****     
 105:..\..\source/infrared.c ****     
 106:..\..\source/infrared.c ****     ADC_Infrared_StartConvert();
 221              		.loc 1 106 0
 222 0004 FFF7FEFF 		bl	ADC_Infrared_StartConvert
 223              	.LVL21:
 107:..\..\source/infrared.c ****     ADC_Infrared_IsEndConversion(ADC_Infrared_WAIT_FOR_RESULT);
 224              		.loc 1 107 0
 225 0008 0220     		mov	r0, #2
 226 000a FFF7FEFF 		bl	ADC_Infrared_IsEndConversion
 227              	.LVL22:
 108:..\..\source/infrared.c **** 
 109:..\..\source/infrared.c ****     if (millis() - last_time > 500)
 228              		.loc 1 109 0
 229 000e FFF7FEFF 		bl	millis
 230              	.LVL23:
 231 0012 324B     		ldr	r3, .L21
ARM GAS  C:\Users\Tim\AppData\Local\Temp\ccwPFdCP.s 			page 7


 232 0014 5B68     		ldr	r3, [r3, #4]
 233 0016 C01A     		sub	r0, r0, r3
 234 0018 FA23     		mov	r3, #250
 235 001a 5B00     		lsl	r3, r3, #1
 236 001c 9842     		cmp	r0, r3
 237 001e 5AD9     		bls	.L14
 110:..\..\source/infrared.c ****     {
 111:..\..\source/infrared.c ****         last_time = millis();
 238              		.loc 1 111 0
 239 0020 FFF7FEFF 		bl	millis
 240              	.LVL24:
 241 0024 2D4B     		ldr	r3, .L21
 242 0026 5860     		str	r0, [r3, #4]
 243              	.LVL25:
 112:..\..\source/infrared.c ****         for (ii = 0; ii < 1; ++ii)
 244              		.loc 1 112 0
 245 0028 0024     		mov	r4, #0
 246 002a 51E0     		b	.L16
 247              	.LVL26:
 248              	.L19:
 113:..\..\source/infrared.c ****         {
 114:..\..\source/infrared.c ****             result = ADC_Infrared_GetResult16(ii);
 249              		.loc 1 114 0
 250 002c 60B2     		sxtb	r0, r4
 251 002e FFF7FEFF 		bl	ADC_Infrared_GetResult16
 252              	.LVL27:
 253 0032 80B2     		uxth	r0, r0
 254              	.LVL28:
 115:..\..\source/infrared.c ****             result = constrain(result, 327, 1995);
 255              		.loc 1 115 0
 256 0034 2A4B     		ldr	r3, .L21+4
 257 0036 C318     		add	r3, r0, r3
 258 0038 9BB2     		uxth	r3, r3
 259 003a 2A4A     		ldr	r2, .L21+8
 260 003c 9342     		cmp	r3, r2
 261 003e 08D9     		bls	.L20
 262              		.loc 1 115 0 is_stmt 0 discriminator 1
 263 0040 061C     		add	r6, r0, #0
 264 0042 4823     		mov	r3, #72
 265 0044 FF33     		add	r3, r3, #255
 266 0046 9842     		cmp	r0, r3
 267 0048 01D2     		bcs	.L18
 268 004a 274B     		ldr	r3, .L21+12
 269 004c 1E88     		ldrh	r6, [r3]
 270              	.L18:
 271 004e B6B2     		uxth	r6, r6
 272 0050 00E0     		b	.L17
 273              	.L20:
 274              		.loc 1 115 0
 275 0052 264E     		ldr	r6, .L21+16
 276              	.L17:
 277              	.LVL29:
 116:..\..\source/infrared.c ****             
 117:..\..\source/infrared.c ****             voltage = (result * 5.0) / 4096.0;
 278              		.loc 1 117 0 is_stmt 1 discriminator 4
 279 0054 301C     		mov	r0, r6
 280 0056 FFF7FEFF 		bl	__aeabi_i2d
ARM GAS  C:\Users\Tim\AppData\Local\Temp\ccwPFdCP.s 			page 8


 281              	.LVL30:
 282 005a 0022     		mov	r2, #0
 283 005c 244B     		ldr	r3, .L21+20
 284 005e FFF7FEFF 		bl	__aeabi_dmul
 285              	.LVL31:
 286 0062 0022     		mov	r2, #0
 287 0064 234B     		ldr	r3, .L21+24
 288 0066 FFF7FEFF 		bl	__aeabi_dmul
 289              	.LVL32:
 290 006a FFF7FEFF 		bl	__aeabi_d2f
 291              	.LVL33:
 292 006e 071C     		add	r7, r0, #0
 293              	.LVL34:
 118:..\..\source/infrared.c ****             distance = 27.86 * pow(voltage, -1.15);
 294              		.loc 1 118 0 discriminator 4
 295 0070 FFF7FEFF 		bl	__aeabi_f2d
 296              	.LVL35:
 297 0074 204A     		ldr	r2, .L21+28
 298 0076 214B     		ldr	r3, .L21+32
 299 0078 FFF7FEFF 		bl	pow
 300              	.LVL36:
 301 007c 204A     		ldr	r2, .L21+36
 302 007e 214B     		ldr	r3, .L21+40
 303 0080 FFF7FEFF 		bl	__aeabi_dmul
 304              	.LVL37:
 305 0084 FFF7FEFF 		bl	__aeabi_d2f
 306              	.LVL38:
 307 0088 051C     		add	r5, r0, #0
 308              	.LVL39:
 119:..\..\source/infrared.c ****             COMMS_DEBUG_PRINT(0, "%d:%d,%d,%d\n\r", ii, result, (uint16)voltage*100, (uint16)distan
 309              		.loc 1 119 0 discriminator 4
 310 008a 381C     		add	r0, r7, #0
 311              	.LVL40:
 312 008c FFF7FEFF 		bl	__aeabi_f2uiz
 313              	.LVL41:
 314 0090 87B2     		uxth	r7, r0
 315              	.LVL42:
 316 0092 281C     		add	r0, r5, #0
 317 0094 FFF7FEFF 		bl	__aeabi_f2uiz
 318              	.LVL43:
 319 0098 83B2     		uxth	r3, r0
 320 009a 1B4D     		ldr	r5, .L21+44
 321              	.LVL44:
 322 009c 1B4A     		ldr	r2, .L21+48
 323 009e 0092     		str	r2, [sp]
 324 00a0 7722     		mov	r2, #119
 325 00a2 0192     		str	r2, [sp, #4]
 326 00a4 62B2     		sxtb	r2, r4
 327 00a6 0292     		str	r2, [sp, #8]
 328 00a8 0396     		str	r6, [sp, #12]
 329 00aa 6420     		mov	r0, #100
 330 00ac 7843     		mul	r0, r7
 331 00ae 0490     		str	r0, [sp, #16]
 332 00b0 9800     		lsl	r0, r3, #2
 333 00b2 C018     		add	r0, r0, r3
 334 00b4 4000     		lsl	r0, r0, #1
 335 00b6 0590     		str	r0, [sp, #20]
ARM GAS  C:\Users\Tim\AppData\Local\Temp\ccwPFdCP.s 			page 9


 336 00b8 281C     		mov	r0, r5
 337 00ba 8021     		mov	r1, #128
 338 00bc 4900     		lsl	r1, r1, #1
 339 00be 144A     		ldr	r2, .L21+52
 340 00c0 144B     		ldr	r3, .L21+56
 341 00c2 FFF7FEFF 		bl	snprintf
 342              	.LVL45:
 343 00c6 281C     		mov	r0, r5
 344 00c8 FFF7FEFF 		bl	UARTCOMMS_UartPutString
 345              	.LVL46:
 112:..\..\source/infrared.c ****         {
 346              		.loc 1 112 0 discriminator 4
 347 00cc 0134     		add	r4, r4, #1
 348              	.LVL47:
 349 00ce E4B2     		uxtb	r4, r4
 350              	.LVL48:
 351              	.L16:
 112:..\..\source/infrared.c ****         {
 352              		.loc 1 112 0 is_stmt 0 discriminator 1
 353 00d0 63B2     		sxtb	r3, r4
 354 00d2 002B     		cmp	r3, #0
 355 00d4 AADD     		ble	.L19
 356              	.LVL49:
 357              	.L14:
 120:..\..\source/infrared.c ****         }
 121:..\..\source/infrared.c ****     }
 122:..\..\source/infrared.c ****     
 123:..\..\source/infrared.c **** }
 358              		.loc 1 123 0 is_stmt 1
 359 00d6 07B0     		add	sp, sp, #28
 360              		@ sp needed
 361 00d8 F0BD     		pop	{r4, r5, r6, r7, pc}
 362              	.L22:
 363 00da C046     		.align	2
 364              	.L21:
 365 00dc 00000000 		.word	.LANCHOR0
 366 00e0 35F8FFFF 		.word	-1995
 367 00e4 34F80000 		.word	63540
 368 00e8 02000000 		.word	.LC10
 369 00ec CB070000 		.word	1995
 370 00f0 00001440 		.word	1075052544
 371 00f4 0000303F 		.word	1060110336
 372 00f8 66666666 		.word	1717986918
 373 00fc 6666F2BF 		.word	-1074633114
 374 0100 5C8FC2F5 		.word	-171798692
 375 0104 28DC3B40 		.word	1077664808
 376 0108 00000000 		.word	formatted_string
 377 010c 00000000 		.word	.LANCHOR1
 378 0110 00000000 		.word	.LC5
 379 0114 34000000 		.word	.LC7
 380              		.cfi_endproc
 381              	.LFE39:
 382              		.size	Infrared_Test, .-Infrared_Test
 383              		.comm	formatted_string,256,4
 384              		.section	.rodata
 385              		.align	2
 386              		.set	.LANCHOR1,. + 0
ARM GAS  C:\Users\Tim\AppData\Local\Temp\ccwPFdCP.s 			page 10


 387              		.type	__func__.7475, %object
 388              		.size	__func__.7475, 14
 389              	__func__.7475:
 390 0000 496E6672 		.ascii	"Infrared_Test\000"
 390      61726564 
 390      5F546573 
 390      7400
 391 000e 0000     		.section	.rodata.str1.4,"aMS",%progbits,1
 392              		.align	2
 393              	.LC5:
 394 0000 5B46494C 		.ascii	"[FILE : %s, FUNC : %s, LINE : %d]: %d:%d,%d,%d\012\015"
 394      45203A20 
 394      25732C20 
 394      46554E43 
 394      203A2025 
 395 0030 00       		.ascii	"\000"
 396 0031 000000   		.space	3
 397              	.LC7:
 398 0034 2E2E5C2E 		.ascii	"..\\..\\source\\infrared.c\000"
 398      2E5C736F 
 398      75726365 
 398      5C696E66 
 398      72617265 
 399              		.bss
 400              		.align	2
 401              		.set	.LANCHOR0,. + 0
 402              		.type	last_time, %object
 403              		.size	last_time, 4
 404              	last_time:
 405 0000 00000000 		.space	4
 406              		.type	last_time.7474, %object
 407              		.size	last_time.7474, 4
 408              	last_time.7474:
 409 0004 00000000 		.space	4
 410              		.text
 411              	.Letext0:
 412              		.file 2 "c:\\program files (x86)\\cypress\\psoc creator\\3.3\\psoc creator\\import\\gnu\\arm\\4.9.
 413              		.file 3 "Generated_Source\\PSoC4/cytypes.h"
 414              		.file 4 "Generated_Source\\PSoC4/ADC_Infrared.h"
 415              		.file 5 "c:\\program files (x86)\\cypress\\psoc creator\\3.3\\psoc creator\\import\\gnu\\arm\\4.9.
 416              		.file 6 "..\\..\\source\\time.h"
 417              		.file 7 "Generated_Source\\PSoC4/UARTCOMMS_SPI_UART.h"
 418              		.file 8 "..\\..\\source\\debug.h"
 419              		.file 9 "c:\\program files (x86)\\cypress\\psoc creator\\3.3\\psoc creator\\import\\gnu\\arm\\4.9.
 420              		.section	.debug_info,"",%progbits
 421              	.Ldebug_info0:
 422 0000 D0030000 		.4byte	0x3d0
 423 0004 0400     		.2byte	0x4
 424 0006 00000000 		.4byte	.Ldebug_abbrev0
 425 000a 04       		.byte	0x4
 426 000b 01       		.uleb128 0x1
 427 000c 66010000 		.4byte	.LASF36
 428 0010 01       		.byte	0x1
 429 0011 89000000 		.4byte	.LASF37
 430 0015 07020000 		.4byte	.LASF38
 431 0019 00000000 		.4byte	.Ldebug_ranges0+0
 432 001d 00000000 		.4byte	0
ARM GAS  C:\Users\Tim\AppData\Local\Temp\ccwPFdCP.s 			page 11


 433 0021 00000000 		.4byte	.Ldebug_line0
 434 0025 02       		.uleb128 0x2
 435 0026 04       		.byte	0x4
 436 0027 05       		.byte	0x5
 437 0028 696E7400 		.ascii	"int\000"
 438 002c 03       		.uleb128 0x3
 439 002d 00000000 		.4byte	.LASF14
 440 0031 02       		.byte	0x2
 441 0032 D4       		.byte	0xd4
 442 0033 37000000 		.4byte	0x37
 443 0037 04       		.uleb128 0x4
 444 0038 04       		.byte	0x4
 445 0039 07       		.byte	0x7
 446 003a 24010000 		.4byte	.LASF0
 447 003e 04       		.uleb128 0x4
 448 003f 01       		.byte	0x1
 449 0040 06       		.byte	0x6
 450 0041 36000000 		.4byte	.LASF1
 451 0045 04       		.uleb128 0x4
 452 0046 01       		.byte	0x1
 453 0047 08       		.byte	0x8
 454 0048 42000000 		.4byte	.LASF2
 455 004c 04       		.uleb128 0x4
 456 004d 02       		.byte	0x2
 457 004e 05       		.byte	0x5
 458 004f 42020000 		.4byte	.LASF3
 459 0053 04       		.uleb128 0x4
 460 0054 02       		.byte	0x2
 461 0055 07       		.byte	0x7
 462 0056 6E000000 		.4byte	.LASF4
 463 005a 04       		.uleb128 0x4
 464 005b 04       		.byte	0x4
 465 005c 05       		.byte	0x5
 466 005d 5B020000 		.4byte	.LASF5
 467 0061 04       		.uleb128 0x4
 468 0062 04       		.byte	0x4
 469 0063 07       		.byte	0x7
 470 0064 5C000000 		.4byte	.LASF6
 471 0068 04       		.uleb128 0x4
 472 0069 08       		.byte	0x8
 473 006a 05       		.byte	0x5
 474 006b F4010000 		.4byte	.LASF7
 475 006f 04       		.uleb128 0x4
 476 0070 08       		.byte	0x8
 477 0071 07       		.byte	0x7
 478 0072 31010000 		.4byte	.LASF8
 479 0076 04       		.uleb128 0x4
 480 0077 04       		.byte	0x4
 481 0078 07       		.byte	0x7
 482 0079 5D010000 		.4byte	.LASF9
 483 007d 05       		.uleb128 0x5
 484 007e 04       		.byte	0x4
 485 007f 83000000 		.4byte	0x83
 486 0083 04       		.uleb128 0x4
 487 0084 01       		.byte	0x1
 488 0085 08       		.byte	0x8
 489 0086 02020000 		.4byte	.LASF10
ARM GAS  C:\Users\Tim\AppData\Local\Temp\ccwPFdCP.s 			page 12


 490 008a 05       		.uleb128 0x5
 491 008b 04       		.byte	0x4
 492 008c 90000000 		.4byte	0x90
 493 0090 06       		.uleb128 0x6
 494 0091 83000000 		.4byte	0x83
 495 0095 04       		.uleb128 0x4
 496 0096 08       		.byte	0x8
 497 0097 04       		.byte	0x4
 498 0098 B9000000 		.4byte	.LASF11
 499 009c 04       		.uleb128 0x4
 500 009d 04       		.byte	0x4
 501 009e 04       		.byte	0x4
 502 009f 30000000 		.4byte	.LASF12
 503 00a3 04       		.uleb128 0x4
 504 00a4 08       		.byte	0x8
 505 00a5 04       		.byte	0x4
 506 00a6 6B020000 		.4byte	.LASF13
 507 00aa 07       		.uleb128 0x7
 508 00ab 00010000 		.4byte	.LASF15
 509 00af 03       		.byte	0x3
 510 00b0 3901     		.2byte	0x139
 511 00b2 53000000 		.4byte	0x53
 512 00b6 07       		.uleb128 0x7
 513 00b7 0C010000 		.4byte	.LASF16
 514 00bb 03       		.byte	0x3
 515 00bc 3A01     		.2byte	0x13a
 516 00be 61000000 		.4byte	0x61
 517 00c2 07       		.uleb128 0x7
 518 00c3 07010000 		.4byte	.LASF17
 519 00c7 03       		.byte	0x3
 520 00c8 3B01     		.2byte	0x13b
 521 00ca 3E000000 		.4byte	0x3e
 522 00ce 07       		.uleb128 0x7
 523 00cf 56000000 		.4byte	.LASF18
 524 00d3 03       		.byte	0x3
 525 00d4 3C01     		.2byte	0x13c
 526 00d6 4C000000 		.4byte	0x4c
 527 00da 07       		.uleb128 0x7
 528 00db 50000000 		.4byte	.LASF19
 529 00df 03       		.byte	0x3
 530 00e0 4901     		.2byte	0x149
 531 00e2 83000000 		.4byte	0x83
 532 00e6 08       		.uleb128 0x8
 533 00e7 07000000 		.4byte	.LASF39
 534 00eb 01       		.byte	0x1
 535 00ec 34       		.byte	0x34
 536 00ed 00000000 		.4byte	.LFB36
 537 00f1 0C000000 		.4byte	.LFE36-.LFB36
 538 00f5 01       		.uleb128 0x1
 539 00f6 9C       		.byte	0x9c
 540 00f7 09       		.uleb128 0x9
 541 00f8 4C020000 		.4byte	.LASF20
 542 00fc 01       		.byte	0x1
 543 00fd 39       		.byte	0x39
 544 00fe 00000000 		.4byte	.LFB37
 545 0102 08000000 		.4byte	.LFE37-.LFB37
 546 0106 01       		.uleb128 0x1
ARM GAS  C:\Users\Tim\AppData\Local\Temp\ccwPFdCP.s 			page 13


 547 0107 9C       		.byte	0x9c
 548 0108 16010000 		.4byte	0x116
 549 010c 0A       		.uleb128 0xa
 550 010d 06000000 		.4byte	.LVL0
 551 0111 32030000 		.4byte	0x332
 552 0115 00       		.byte	0
 553 0116 0B       		.uleb128 0xb
 554 0117 13010000 		.4byte	.LASF21
 555 011b 01       		.byte	0x1
 556 011c 3E       		.byte	0x3e
 557 011d 00000000 		.4byte	.LFB38
 558 0121 A8000000 		.4byte	.LFE38-.LFB38
 559 0125 01       		.uleb128 0x1
 560 0126 9C       		.byte	0x9c
 561 0127 C1010000 		.4byte	0x1c1
 562 012b 0C       		.uleb128 0xc
 563 012c 696900   		.ascii	"ii\000"
 564 012f 01       		.byte	0x1
 565 0130 40       		.byte	0x40
 566 0131 C2000000 		.4byte	0xc2
 567 0135 00000000 		.4byte	.LLST0
 568 0139 0D       		.uleb128 0xd
 569 013a 56010000 		.4byte	.LASF22
 570 013e 01       		.byte	0x1
 571 013f 41       		.byte	0x41
 572 0140 AA000000 		.4byte	0xaa
 573 0144 2A000000 		.4byte	.LLST1
 574 0148 0D       		.uleb128 0xd
 575 0149 81000000 		.4byte	.LASF23
 576 014d 01       		.byte	0x1
 577 014e 42       		.byte	0x42
 578 014f 9C000000 		.4byte	0x9c
 579 0153 48000000 		.4byte	.LLST2
 580 0157 0E       		.uleb128 0xe
 581 0158 27000000 		.4byte	.LASF26
 582 015c 01       		.byte	0x1
 583 015d 43       		.byte	0x43
 584 015e 9C000000 		.4byte	0x9c
 585 0162 0D       		.uleb128 0xd
 586 0163 A4020000 		.4byte	.LASF24
 587 0167 01       		.byte	0x1
 588 0168 44       		.byte	0x44
 589 0169 B6000000 		.4byte	0xb6
 590 016d 5B000000 		.4byte	.LLST3
 591 0171 0A       		.uleb128 0xa
 592 0172 06000000 		.4byte	.LVL1
 593 0176 39030000 		.4byte	0x339
 594 017a 0F       		.uleb128 0xf
 595 017b 0C000000 		.4byte	.LVL2
 596 017f 40030000 		.4byte	0x340
 597 0183 8D010000 		.4byte	0x18d
 598 0187 10       		.uleb128 0x10
 599 0188 01       		.uleb128 0x1
 600 0189 50       		.byte	0x50
 601 018a 01       		.uleb128 0x1
 602 018b 31       		.byte	0x31
 603 018c 00       		.byte	0
ARM GAS  C:\Users\Tim\AppData\Local\Temp\ccwPFdCP.s 			page 14


 604 018d 0A       		.uleb128 0xa
 605 018e 14000000 		.4byte	.LVL3
 606 0192 55030000 		.4byte	0x355
 607 0196 0A       		.uleb128 0xa
 608 0197 22000000 		.4byte	.LVL4
 609 019b 55030000 		.4byte	0x355
 610 019f 0F       		.uleb128 0xf
 611 01a0 30000000 		.4byte	.LVL7
 612 01a4 66030000 		.4byte	0x366
 613 01a8 B7010000 		.4byte	0x1b7
 614 01ac 10       		.uleb128 0x10
 615 01ad 01       		.uleb128 0x1
 616 01ae 50       		.byte	0x50
 617 01af 06       		.uleb128 0x6
 618 01b0 74       		.byte	0x74
 619 01b1 00       		.sleb128 0
 620 01b2 48       		.byte	0x48
 621 01b3 24       		.byte	0x24
 622 01b4 48       		.byte	0x48
 623 01b5 26       		.byte	0x26
 624 01b6 00       		.byte	0
 625 01b7 0A       		.uleb128 0xa
 626 01b8 76000000 		.4byte	.LVL17
 627 01bc 7B030000 		.4byte	0x37b
 628 01c0 00       		.byte	0
 629 01c1 0B       		.uleb128 0xb
 630 01c2 48010000 		.4byte	.LASF25
 631 01c6 01       		.byte	0x1
 632 01c7 61       		.byte	0x61
 633 01c8 00000000 		.4byte	.LFB39
 634 01cc 18010000 		.4byte	.LFE39-.LFB39
 635 01d0 01       		.uleb128 0x1
 636 01d1 9C       		.byte	0x9c
 637 01d2 EB020000 		.4byte	0x2eb
 638 01d6 0C       		.uleb128 0xc
 639 01d7 696900   		.ascii	"ii\000"
 640 01da 01       		.byte	0x1
 641 01db 63       		.byte	0x63
 642 01dc C2000000 		.4byte	0xc2
 643 01e0 6E000000 		.4byte	.LLST4
 644 01e4 0D       		.uleb128 0xd
 645 01e5 56010000 		.4byte	.LASF22
 646 01e9 01       		.byte	0x1
 647 01ea 64       		.byte	0x64
 648 01eb AA000000 		.4byte	0xaa
 649 01ef 98000000 		.4byte	.LLST5
 650 01f3 0D       		.uleb128 0xd
 651 01f4 81000000 		.4byte	.LASF23
 652 01f8 01       		.byte	0x1
 653 01f9 65       		.byte	0x65
 654 01fa 9C000000 		.4byte	0x9c
 655 01fe B6000000 		.4byte	.LLST6
 656 0202 0D       		.uleb128 0xd
 657 0203 27000000 		.4byte	.LASF26
 658 0207 01       		.byte	0x1
 659 0208 66       		.byte	0x66
 660 0209 9C000000 		.4byte	0x9c
ARM GAS  C:\Users\Tim\AppData\Local\Temp\ccwPFdCP.s 			page 15


 661 020d D4000000 		.4byte	.LLST7
 662 0211 11       		.uleb128 0x11
 663 0212 F6000000 		.4byte	.LASF27
 664 0216 01       		.byte	0x1
 665 0217 67       		.byte	0x67
 666 0218 B6000000 		.4byte	0xb6
 667 021c 05       		.uleb128 0x5
 668 021d 03       		.byte	0x3
 669 021e 04000000 		.4byte	last_time.7474
 670 0222 12       		.uleb128 0x12
 671 0223 15000000 		.4byte	.LASF28
 672 0227 FB020000 		.4byte	0x2fb
 673 022b 05       		.uleb128 0x5
 674 022c 03       		.byte	0x3
 675 022d 00000000 		.4byte	__func__.7475
 676 0231 0A       		.uleb128 0xa
 677 0232 08000000 		.4byte	.LVL21
 678 0236 39030000 		.4byte	0x339
 679 023a 0F       		.uleb128 0xf
 680 023b 0E000000 		.4byte	.LVL22
 681 023f 40030000 		.4byte	0x340
 682 0243 4D020000 		.4byte	0x24d
 683 0247 10       		.uleb128 0x10
 684 0248 01       		.uleb128 0x1
 685 0249 50       		.byte	0x50
 686 024a 01       		.uleb128 0x1
 687 024b 32       		.byte	0x32
 688 024c 00       		.byte	0
 689 024d 0A       		.uleb128 0xa
 690 024e 12000000 		.4byte	.LVL23
 691 0252 55030000 		.4byte	0x355
 692 0256 0A       		.uleb128 0xa
 693 0257 24000000 		.4byte	.LVL24
 694 025b 55030000 		.4byte	0x355
 695 025f 0F       		.uleb128 0xf
 696 0260 32000000 		.4byte	.LVL27
 697 0264 66030000 		.4byte	0x366
 698 0268 77020000 		.4byte	0x277
 699 026c 10       		.uleb128 0x10
 700 026d 01       		.uleb128 0x1
 701 026e 50       		.byte	0x50
 702 026f 06       		.uleb128 0x6
 703 0270 74       		.byte	0x74
 704 0271 00       		.sleb128 0
 705 0272 48       		.byte	0x48
 706 0273 24       		.byte	0x24
 707 0274 48       		.byte	0x48
 708 0275 26       		.byte	0x26
 709 0276 00       		.byte	0
 710 0277 0A       		.uleb128 0xa
 711 0278 7C000000 		.4byte	.LVL36
 712 027c 7B030000 		.4byte	0x37b
 713 0280 0F       		.uleb128 0xf
 714 0281 C6000000 		.4byte	.LVL45
 715 0285 95030000 		.4byte	0x395
 716 0289 DA020000 		.4byte	0x2da
 717 028d 10       		.uleb128 0x10
ARM GAS  C:\Users\Tim\AppData\Local\Temp\ccwPFdCP.s 			page 16


 718 028e 01       		.uleb128 0x1
 719 028f 53       		.byte	0x53
 720 0290 05       		.uleb128 0x5
 721 0291 03       		.byte	0x3
 722 0292 34000000 		.4byte	.LC7
 723 0296 10       		.uleb128 0x10
 724 0297 01       		.uleb128 0x1
 725 0298 52       		.byte	0x52
 726 0299 05       		.uleb128 0x5
 727 029a 03       		.byte	0x3
 728 029b 00000000 		.4byte	.LC5
 729 029f 10       		.uleb128 0x10
 730 02a0 01       		.uleb128 0x1
 731 02a1 51       		.byte	0x51
 732 02a2 03       		.uleb128 0x3
 733 02a3 0A       		.byte	0xa
 734 02a4 0001     		.2byte	0x100
 735 02a6 10       		.uleb128 0x10
 736 02a7 01       		.uleb128 0x1
 737 02a8 50       		.byte	0x50
 738 02a9 02       		.uleb128 0x2
 739 02aa 75       		.byte	0x75
 740 02ab 00       		.sleb128 0
 741 02ac 10       		.uleb128 0x10
 742 02ad 02       		.uleb128 0x2
 743 02ae 7D       		.byte	0x7d
 744 02af 10       		.sleb128 16
 745 02b0 05       		.uleb128 0x5
 746 02b1 77       		.byte	0x77
 747 02b2 00       		.sleb128 0
 748 02b3 08       		.byte	0x8
 749 02b4 64       		.byte	0x64
 750 02b5 1E       		.byte	0x1e
 751 02b6 10       		.uleb128 0x10
 752 02b7 02       		.uleb128 0x2
 753 02b8 7D       		.byte	0x7d
 754 02b9 0C       		.sleb128 12
 755 02ba 02       		.uleb128 0x2
 756 02bb 76       		.byte	0x76
 757 02bc 00       		.sleb128 0
 758 02bd 10       		.uleb128 0x10
 759 02be 02       		.uleb128 0x2
 760 02bf 7D       		.byte	0x7d
 761 02c0 08       		.sleb128 8
 762 02c1 06       		.uleb128 0x6
 763 02c2 74       		.byte	0x74
 764 02c3 00       		.sleb128 0
 765 02c4 48       		.byte	0x48
 766 02c5 24       		.byte	0x24
 767 02c6 48       		.byte	0x48
 768 02c7 26       		.byte	0x26
 769 02c8 10       		.uleb128 0x10
 770 02c9 02       		.uleb128 0x2
 771 02ca 7D       		.byte	0x7d
 772 02cb 04       		.sleb128 4
 773 02cc 02       		.uleb128 0x2
 774 02cd 08       		.byte	0x8
ARM GAS  C:\Users\Tim\AppData\Local\Temp\ccwPFdCP.s 			page 17


 775 02ce 77       		.byte	0x77
 776 02cf 10       		.uleb128 0x10
 777 02d0 02       		.uleb128 0x2
 778 02d1 7D       		.byte	0x7d
 779 02d2 00       		.sleb128 0
 780 02d3 05       		.uleb128 0x5
 781 02d4 03       		.byte	0x3
 782 02d5 00000000 		.4byte	.LANCHOR1
 783 02d9 00       		.byte	0
 784 02da 13       		.uleb128 0x13
 785 02db CC000000 		.4byte	.LVL46
 786 02df B6030000 		.4byte	0x3b6
 787 02e3 10       		.uleb128 0x10
 788 02e4 01       		.uleb128 0x1
 789 02e5 50       		.byte	0x50
 790 02e6 02       		.uleb128 0x2
 791 02e7 75       		.byte	0x75
 792 02e8 00       		.sleb128 0
 793 02e9 00       		.byte	0
 794 02ea 00       		.byte	0
 795 02eb 14       		.uleb128 0x14
 796 02ec 83000000 		.4byte	0x83
 797 02f0 FB020000 		.4byte	0x2fb
 798 02f4 15       		.uleb128 0x15
 799 02f5 76000000 		.4byte	0x76
 800 02f9 0D       		.byte	0xd
 801 02fa 00       		.byte	0
 802 02fb 06       		.uleb128 0x6
 803 02fc EB020000 		.4byte	0x2eb
 804 0300 11       		.uleb128 0x11
 805 0301 F6000000 		.4byte	.LASF27
 806 0305 01       		.byte	0x1
 807 0306 32       		.byte	0x32
 808 0307 B6000000 		.4byte	0xb6
 809 030b 05       		.uleb128 0x5
 810 030c 03       		.byte	0x3
 811 030d 00000000 		.4byte	last_time
 812 0311 14       		.uleb128 0x14
 813 0312 83000000 		.4byte	0x83
 814 0316 21030000 		.4byte	0x321
 815 031a 15       		.uleb128 0x15
 816 031b 76000000 		.4byte	0x76
 817 031f FF       		.byte	0xff
 818 0320 00       		.byte	0
 819 0321 16       		.uleb128 0x16
 820 0322 AF020000 		.4byte	.LASF40
 821 0326 08       		.byte	0x8
 822 0327 08       		.byte	0x8
 823 0328 11030000 		.4byte	0x311
 824 032c 05       		.uleb128 0x5
 825 032d 03       		.byte	0x3
 826 032e 00000000 		.4byte	formatted_string
 827 0332 17       		.uleb128 0x17
 828 0333 91020000 		.4byte	.LASF29
 829 0337 04       		.byte	0x4
 830 0338 98       		.byte	0x98
 831 0339 17       		.uleb128 0x17
ARM GAS  C:\Users\Tim\AppData\Local\Temp\ccwPFdCP.s 			page 18


 832 033a 77020000 		.4byte	.LASF30
 833 033e 04       		.byte	0x4
 834 033f 9C       		.byte	0x9c
 835 0340 18       		.uleb128 0x18
 836 0341 C0000000 		.4byte	.LASF31
 837 0345 04       		.byte	0x4
 838 0346 9E       		.byte	0x9e
 839 0347 B6000000 		.4byte	0xb6
 840 034b 55030000 		.4byte	0x355
 841 034f 19       		.uleb128 0x19
 842 0350 B6000000 		.4byte	0xb6
 843 0354 00       		.byte	0
 844 0355 1A       		.uleb128 0x1a
 845 0356 64020000 		.4byte	.LASF34
 846 035a 06       		.byte	0x6
 847 035b 16       		.byte	0x16
 848 035c B6000000 		.4byte	0xb6
 849 0360 66030000 		.4byte	0x366
 850 0364 1B       		.uleb128 0x1b
 851 0365 00       		.byte	0
 852 0366 18       		.uleb128 0x18
 853 0367 DD000000 		.4byte	.LASF32
 854 036b 04       		.byte	0x4
 855 036c 9F       		.byte	0x9f
 856 036d CE000000 		.4byte	0xce
 857 0371 7B030000 		.4byte	0x37b
 858 0375 19       		.uleb128 0x19
 859 0376 B6000000 		.4byte	0xb6
 860 037a 00       		.byte	0
 861 037b 1C       		.uleb128 0x1c
 862 037c 706F7700 		.ascii	"pow\000"
 863 0380 09       		.byte	0x9
 864 0381 85       		.byte	0x85
 865 0382 95000000 		.4byte	0x95
 866 0386 95030000 		.4byte	0x395
 867 038a 19       		.uleb128 0x19
 868 038b 95000000 		.4byte	0x95
 869 038f 19       		.uleb128 0x19
 870 0390 95000000 		.4byte	0x95
 871 0394 00       		.byte	0
 872 0395 1D       		.uleb128 0x1d
 873 0396 1E000000 		.4byte	.LASF33
 874 039a 05       		.byte	0x5
 875 039b 0C01     		.2byte	0x10c
 876 039d 25000000 		.4byte	0x25
 877 03a1 B6030000 		.4byte	0x3b6
 878 03a5 19       		.uleb128 0x19
 879 03a6 7D000000 		.4byte	0x7d
 880 03aa 19       		.uleb128 0x19
 881 03ab 2C000000 		.4byte	0x2c
 882 03af 19       		.uleb128 0x19
 883 03b0 8A000000 		.4byte	0x8a
 884 03b4 1B       		.uleb128 0x1b
 885 03b5 00       		.byte	0
 886 03b6 1E       		.uleb128 0x1e
 887 03b7 A1000000 		.4byte	.LASF35
 888 03bb 07       		.byte	0x7
ARM GAS  C:\Users\Tim\AppData\Local\Temp\ccwPFdCP.s 			page 19


 889 03bc 7701     		.2byte	0x177
 890 03be C8030000 		.4byte	0x3c8
 891 03c2 19       		.uleb128 0x19
 892 03c3 C8030000 		.4byte	0x3c8
 893 03c7 00       		.byte	0
 894 03c8 05       		.uleb128 0x5
 895 03c9 04       		.byte	0x4
 896 03ca CE030000 		.4byte	0x3ce
 897 03ce 06       		.uleb128 0x6
 898 03cf DA000000 		.4byte	0xda
 899 03d3 00       		.byte	0
 900              		.section	.debug_abbrev,"",%progbits
 901              	.Ldebug_abbrev0:
 902 0000 01       		.uleb128 0x1
 903 0001 11       		.uleb128 0x11
 904 0002 01       		.byte	0x1
 905 0003 25       		.uleb128 0x25
 906 0004 0E       		.uleb128 0xe
 907 0005 13       		.uleb128 0x13
 908 0006 0B       		.uleb128 0xb
 909 0007 03       		.uleb128 0x3
 910 0008 0E       		.uleb128 0xe
 911 0009 1B       		.uleb128 0x1b
 912 000a 0E       		.uleb128 0xe
 913 000b 55       		.uleb128 0x55
 914 000c 17       		.uleb128 0x17
 915 000d 11       		.uleb128 0x11
 916 000e 01       		.uleb128 0x1
 917 000f 10       		.uleb128 0x10
 918 0010 17       		.uleb128 0x17
 919 0011 00       		.byte	0
 920 0012 00       		.byte	0
 921 0013 02       		.uleb128 0x2
 922 0014 24       		.uleb128 0x24
 923 0015 00       		.byte	0
 924 0016 0B       		.uleb128 0xb
 925 0017 0B       		.uleb128 0xb
 926 0018 3E       		.uleb128 0x3e
 927 0019 0B       		.uleb128 0xb
 928 001a 03       		.uleb128 0x3
 929 001b 08       		.uleb128 0x8
 930 001c 00       		.byte	0
 931 001d 00       		.byte	0
 932 001e 03       		.uleb128 0x3
 933 001f 16       		.uleb128 0x16
 934 0020 00       		.byte	0
 935 0021 03       		.uleb128 0x3
 936 0022 0E       		.uleb128 0xe
 937 0023 3A       		.uleb128 0x3a
 938 0024 0B       		.uleb128 0xb
 939 0025 3B       		.uleb128 0x3b
 940 0026 0B       		.uleb128 0xb
 941 0027 49       		.uleb128 0x49
 942 0028 13       		.uleb128 0x13
 943 0029 00       		.byte	0
 944 002a 00       		.byte	0
 945 002b 04       		.uleb128 0x4
ARM GAS  C:\Users\Tim\AppData\Local\Temp\ccwPFdCP.s 			page 20


 946 002c 24       		.uleb128 0x24
 947 002d 00       		.byte	0
 948 002e 0B       		.uleb128 0xb
 949 002f 0B       		.uleb128 0xb
 950 0030 3E       		.uleb128 0x3e
 951 0031 0B       		.uleb128 0xb
 952 0032 03       		.uleb128 0x3
 953 0033 0E       		.uleb128 0xe
 954 0034 00       		.byte	0
 955 0035 00       		.byte	0
 956 0036 05       		.uleb128 0x5
 957 0037 0F       		.uleb128 0xf
 958 0038 00       		.byte	0
 959 0039 0B       		.uleb128 0xb
 960 003a 0B       		.uleb128 0xb
 961 003b 49       		.uleb128 0x49
 962 003c 13       		.uleb128 0x13
 963 003d 00       		.byte	0
 964 003e 00       		.byte	0
 965 003f 06       		.uleb128 0x6
 966 0040 26       		.uleb128 0x26
 967 0041 00       		.byte	0
 968 0042 49       		.uleb128 0x49
 969 0043 13       		.uleb128 0x13
 970 0044 00       		.byte	0
 971 0045 00       		.byte	0
 972 0046 07       		.uleb128 0x7
 973 0047 16       		.uleb128 0x16
 974 0048 00       		.byte	0
 975 0049 03       		.uleb128 0x3
 976 004a 0E       		.uleb128 0xe
 977 004b 3A       		.uleb128 0x3a
 978 004c 0B       		.uleb128 0xb
 979 004d 3B       		.uleb128 0x3b
 980 004e 05       		.uleb128 0x5
 981 004f 49       		.uleb128 0x49
 982 0050 13       		.uleb128 0x13
 983 0051 00       		.byte	0
 984 0052 00       		.byte	0
 985 0053 08       		.uleb128 0x8
 986 0054 2E       		.uleb128 0x2e
 987 0055 00       		.byte	0
 988 0056 3F       		.uleb128 0x3f
 989 0057 19       		.uleb128 0x19
 990 0058 03       		.uleb128 0x3
 991 0059 0E       		.uleb128 0xe
 992 005a 3A       		.uleb128 0x3a
 993 005b 0B       		.uleb128 0xb
 994 005c 3B       		.uleb128 0x3b
 995 005d 0B       		.uleb128 0xb
 996 005e 11       		.uleb128 0x11
 997 005f 01       		.uleb128 0x1
 998 0060 12       		.uleb128 0x12
 999 0061 06       		.uleb128 0x6
 1000 0062 40       		.uleb128 0x40
 1001 0063 18       		.uleb128 0x18
 1002 0064 9742     		.uleb128 0x2117
ARM GAS  C:\Users\Tim\AppData\Local\Temp\ccwPFdCP.s 			page 21


 1003 0066 19       		.uleb128 0x19
 1004 0067 00       		.byte	0
 1005 0068 00       		.byte	0
 1006 0069 09       		.uleb128 0x9
 1007 006a 2E       		.uleb128 0x2e
 1008 006b 01       		.byte	0x1
 1009 006c 3F       		.uleb128 0x3f
 1010 006d 19       		.uleb128 0x19
 1011 006e 03       		.uleb128 0x3
 1012 006f 0E       		.uleb128 0xe
 1013 0070 3A       		.uleb128 0x3a
 1014 0071 0B       		.uleb128 0xb
 1015 0072 3B       		.uleb128 0x3b
 1016 0073 0B       		.uleb128 0xb
 1017 0074 11       		.uleb128 0x11
 1018 0075 01       		.uleb128 0x1
 1019 0076 12       		.uleb128 0x12
 1020 0077 06       		.uleb128 0x6
 1021 0078 40       		.uleb128 0x40
 1022 0079 18       		.uleb128 0x18
 1023 007a 9742     		.uleb128 0x2117
 1024 007c 19       		.uleb128 0x19
 1025 007d 01       		.uleb128 0x1
 1026 007e 13       		.uleb128 0x13
 1027 007f 00       		.byte	0
 1028 0080 00       		.byte	0
 1029 0081 0A       		.uleb128 0xa
 1030 0082 898201   		.uleb128 0x4109
 1031 0085 00       		.byte	0
 1032 0086 11       		.uleb128 0x11
 1033 0087 01       		.uleb128 0x1
 1034 0088 31       		.uleb128 0x31
 1035 0089 13       		.uleb128 0x13
 1036 008a 00       		.byte	0
 1037 008b 00       		.byte	0
 1038 008c 0B       		.uleb128 0xb
 1039 008d 2E       		.uleb128 0x2e
 1040 008e 01       		.byte	0x1
 1041 008f 3F       		.uleb128 0x3f
 1042 0090 19       		.uleb128 0x19
 1043 0091 03       		.uleb128 0x3
 1044 0092 0E       		.uleb128 0xe
 1045 0093 3A       		.uleb128 0x3a
 1046 0094 0B       		.uleb128 0xb
 1047 0095 3B       		.uleb128 0x3b
 1048 0096 0B       		.uleb128 0xb
 1049 0097 11       		.uleb128 0x11
 1050 0098 01       		.uleb128 0x1
 1051 0099 12       		.uleb128 0x12
 1052 009a 06       		.uleb128 0x6
 1053 009b 40       		.uleb128 0x40
 1054 009c 18       		.uleb128 0x18
 1055 009d 9642     		.uleb128 0x2116
 1056 009f 19       		.uleb128 0x19
 1057 00a0 01       		.uleb128 0x1
 1058 00a1 13       		.uleb128 0x13
 1059 00a2 00       		.byte	0
ARM GAS  C:\Users\Tim\AppData\Local\Temp\ccwPFdCP.s 			page 22


 1060 00a3 00       		.byte	0
 1061 00a4 0C       		.uleb128 0xc
 1062 00a5 34       		.uleb128 0x34
 1063 00a6 00       		.byte	0
 1064 00a7 03       		.uleb128 0x3
 1065 00a8 08       		.uleb128 0x8
 1066 00a9 3A       		.uleb128 0x3a
 1067 00aa 0B       		.uleb128 0xb
 1068 00ab 3B       		.uleb128 0x3b
 1069 00ac 0B       		.uleb128 0xb
 1070 00ad 49       		.uleb128 0x49
 1071 00ae 13       		.uleb128 0x13
 1072 00af 02       		.uleb128 0x2
 1073 00b0 17       		.uleb128 0x17
 1074 00b1 00       		.byte	0
 1075 00b2 00       		.byte	0
 1076 00b3 0D       		.uleb128 0xd
 1077 00b4 34       		.uleb128 0x34
 1078 00b5 00       		.byte	0
 1079 00b6 03       		.uleb128 0x3
 1080 00b7 0E       		.uleb128 0xe
 1081 00b8 3A       		.uleb128 0x3a
 1082 00b9 0B       		.uleb128 0xb
 1083 00ba 3B       		.uleb128 0x3b
 1084 00bb 0B       		.uleb128 0xb
 1085 00bc 49       		.uleb128 0x49
 1086 00bd 13       		.uleb128 0x13
 1087 00be 02       		.uleb128 0x2
 1088 00bf 17       		.uleb128 0x17
 1089 00c0 00       		.byte	0
 1090 00c1 00       		.byte	0
 1091 00c2 0E       		.uleb128 0xe
 1092 00c3 34       		.uleb128 0x34
 1093 00c4 00       		.byte	0
 1094 00c5 03       		.uleb128 0x3
 1095 00c6 0E       		.uleb128 0xe
 1096 00c7 3A       		.uleb128 0x3a
 1097 00c8 0B       		.uleb128 0xb
 1098 00c9 3B       		.uleb128 0x3b
 1099 00ca 0B       		.uleb128 0xb
 1100 00cb 49       		.uleb128 0x49
 1101 00cc 13       		.uleb128 0x13
 1102 00cd 00       		.byte	0
 1103 00ce 00       		.byte	0
 1104 00cf 0F       		.uleb128 0xf
 1105 00d0 898201   		.uleb128 0x4109
 1106 00d3 01       		.byte	0x1
 1107 00d4 11       		.uleb128 0x11
 1108 00d5 01       		.uleb128 0x1
 1109 00d6 31       		.uleb128 0x31
 1110 00d7 13       		.uleb128 0x13
 1111 00d8 01       		.uleb128 0x1
 1112 00d9 13       		.uleb128 0x13
 1113 00da 00       		.byte	0
 1114 00db 00       		.byte	0
 1115 00dc 10       		.uleb128 0x10
 1116 00dd 8A8201   		.uleb128 0x410a
ARM GAS  C:\Users\Tim\AppData\Local\Temp\ccwPFdCP.s 			page 23


 1117 00e0 00       		.byte	0
 1118 00e1 02       		.uleb128 0x2
 1119 00e2 18       		.uleb128 0x18
 1120 00e3 9142     		.uleb128 0x2111
 1121 00e5 18       		.uleb128 0x18
 1122 00e6 00       		.byte	0
 1123 00e7 00       		.byte	0
 1124 00e8 11       		.uleb128 0x11
 1125 00e9 34       		.uleb128 0x34
 1126 00ea 00       		.byte	0
 1127 00eb 03       		.uleb128 0x3
 1128 00ec 0E       		.uleb128 0xe
 1129 00ed 3A       		.uleb128 0x3a
 1130 00ee 0B       		.uleb128 0xb
 1131 00ef 3B       		.uleb128 0x3b
 1132 00f0 0B       		.uleb128 0xb
 1133 00f1 49       		.uleb128 0x49
 1134 00f2 13       		.uleb128 0x13
 1135 00f3 02       		.uleb128 0x2
 1136 00f4 18       		.uleb128 0x18
 1137 00f5 00       		.byte	0
 1138 00f6 00       		.byte	0
 1139 00f7 12       		.uleb128 0x12
 1140 00f8 34       		.uleb128 0x34
 1141 00f9 00       		.byte	0
 1142 00fa 03       		.uleb128 0x3
 1143 00fb 0E       		.uleb128 0xe
 1144 00fc 49       		.uleb128 0x49
 1145 00fd 13       		.uleb128 0x13
 1146 00fe 34       		.uleb128 0x34
 1147 00ff 19       		.uleb128 0x19
 1148 0100 02       		.uleb128 0x2
 1149 0101 18       		.uleb128 0x18
 1150 0102 00       		.byte	0
 1151 0103 00       		.byte	0
 1152 0104 13       		.uleb128 0x13
 1153 0105 898201   		.uleb128 0x4109
 1154 0108 01       		.byte	0x1
 1155 0109 11       		.uleb128 0x11
 1156 010a 01       		.uleb128 0x1
 1157 010b 31       		.uleb128 0x31
 1158 010c 13       		.uleb128 0x13
 1159 010d 00       		.byte	0
 1160 010e 00       		.byte	0
 1161 010f 14       		.uleb128 0x14
 1162 0110 01       		.uleb128 0x1
 1163 0111 01       		.byte	0x1
 1164 0112 49       		.uleb128 0x49
 1165 0113 13       		.uleb128 0x13
 1166 0114 01       		.uleb128 0x1
 1167 0115 13       		.uleb128 0x13
 1168 0116 00       		.byte	0
 1169 0117 00       		.byte	0
 1170 0118 15       		.uleb128 0x15
 1171 0119 21       		.uleb128 0x21
 1172 011a 00       		.byte	0
 1173 011b 49       		.uleb128 0x49
ARM GAS  C:\Users\Tim\AppData\Local\Temp\ccwPFdCP.s 			page 24


 1174 011c 13       		.uleb128 0x13
 1175 011d 2F       		.uleb128 0x2f
 1176 011e 0B       		.uleb128 0xb
 1177 011f 00       		.byte	0
 1178 0120 00       		.byte	0
 1179 0121 16       		.uleb128 0x16
 1180 0122 34       		.uleb128 0x34
 1181 0123 00       		.byte	0
 1182 0124 03       		.uleb128 0x3
 1183 0125 0E       		.uleb128 0xe
 1184 0126 3A       		.uleb128 0x3a
 1185 0127 0B       		.uleb128 0xb
 1186 0128 3B       		.uleb128 0x3b
 1187 0129 0B       		.uleb128 0xb
 1188 012a 49       		.uleb128 0x49
 1189 012b 13       		.uleb128 0x13
 1190 012c 3F       		.uleb128 0x3f
 1191 012d 19       		.uleb128 0x19
 1192 012e 02       		.uleb128 0x2
 1193 012f 18       		.uleb128 0x18
 1194 0130 00       		.byte	0
 1195 0131 00       		.byte	0
 1196 0132 17       		.uleb128 0x17
 1197 0133 2E       		.uleb128 0x2e
 1198 0134 00       		.byte	0
 1199 0135 3F       		.uleb128 0x3f
 1200 0136 19       		.uleb128 0x19
 1201 0137 03       		.uleb128 0x3
 1202 0138 0E       		.uleb128 0xe
 1203 0139 3A       		.uleb128 0x3a
 1204 013a 0B       		.uleb128 0xb
 1205 013b 3B       		.uleb128 0x3b
 1206 013c 0B       		.uleb128 0xb
 1207 013d 27       		.uleb128 0x27
 1208 013e 19       		.uleb128 0x19
 1209 013f 3C       		.uleb128 0x3c
 1210 0140 19       		.uleb128 0x19
 1211 0141 00       		.byte	0
 1212 0142 00       		.byte	0
 1213 0143 18       		.uleb128 0x18
 1214 0144 2E       		.uleb128 0x2e
 1215 0145 01       		.byte	0x1
 1216 0146 3F       		.uleb128 0x3f
 1217 0147 19       		.uleb128 0x19
 1218 0148 03       		.uleb128 0x3
 1219 0149 0E       		.uleb128 0xe
 1220 014a 3A       		.uleb128 0x3a
 1221 014b 0B       		.uleb128 0xb
 1222 014c 3B       		.uleb128 0x3b
 1223 014d 0B       		.uleb128 0xb
 1224 014e 27       		.uleb128 0x27
 1225 014f 19       		.uleb128 0x19
 1226 0150 49       		.uleb128 0x49
 1227 0151 13       		.uleb128 0x13
 1228 0152 3C       		.uleb128 0x3c
 1229 0153 19       		.uleb128 0x19
 1230 0154 01       		.uleb128 0x1
ARM GAS  C:\Users\Tim\AppData\Local\Temp\ccwPFdCP.s 			page 25


 1231 0155 13       		.uleb128 0x13
 1232 0156 00       		.byte	0
 1233 0157 00       		.byte	0
 1234 0158 19       		.uleb128 0x19
 1235 0159 05       		.uleb128 0x5
 1236 015a 00       		.byte	0
 1237 015b 49       		.uleb128 0x49
 1238 015c 13       		.uleb128 0x13
 1239 015d 00       		.byte	0
 1240 015e 00       		.byte	0
 1241 015f 1A       		.uleb128 0x1a
 1242 0160 2E       		.uleb128 0x2e
 1243 0161 01       		.byte	0x1
 1244 0162 3F       		.uleb128 0x3f
 1245 0163 19       		.uleb128 0x19
 1246 0164 03       		.uleb128 0x3
 1247 0165 0E       		.uleb128 0xe
 1248 0166 3A       		.uleb128 0x3a
 1249 0167 0B       		.uleb128 0xb
 1250 0168 3B       		.uleb128 0x3b
 1251 0169 0B       		.uleb128 0xb
 1252 016a 49       		.uleb128 0x49
 1253 016b 13       		.uleb128 0x13
 1254 016c 3C       		.uleb128 0x3c
 1255 016d 19       		.uleb128 0x19
 1256 016e 01       		.uleb128 0x1
 1257 016f 13       		.uleb128 0x13
 1258 0170 00       		.byte	0
 1259 0171 00       		.byte	0
 1260 0172 1B       		.uleb128 0x1b
 1261 0173 18       		.uleb128 0x18
 1262 0174 00       		.byte	0
 1263 0175 00       		.byte	0
 1264 0176 00       		.byte	0
 1265 0177 1C       		.uleb128 0x1c
 1266 0178 2E       		.uleb128 0x2e
 1267 0179 01       		.byte	0x1
 1268 017a 3F       		.uleb128 0x3f
 1269 017b 19       		.uleb128 0x19
 1270 017c 03       		.uleb128 0x3
 1271 017d 08       		.uleb128 0x8
 1272 017e 3A       		.uleb128 0x3a
 1273 017f 0B       		.uleb128 0xb
 1274 0180 3B       		.uleb128 0x3b
 1275 0181 0B       		.uleb128 0xb
 1276 0182 27       		.uleb128 0x27
 1277 0183 19       		.uleb128 0x19
 1278 0184 49       		.uleb128 0x49
 1279 0185 13       		.uleb128 0x13
 1280 0186 3C       		.uleb128 0x3c
 1281 0187 19       		.uleb128 0x19
 1282 0188 01       		.uleb128 0x1
 1283 0189 13       		.uleb128 0x13
 1284 018a 00       		.byte	0
 1285 018b 00       		.byte	0
 1286 018c 1D       		.uleb128 0x1d
 1287 018d 2E       		.uleb128 0x2e
ARM GAS  C:\Users\Tim\AppData\Local\Temp\ccwPFdCP.s 			page 26


 1288 018e 01       		.byte	0x1
 1289 018f 3F       		.uleb128 0x3f
 1290 0190 19       		.uleb128 0x19
 1291 0191 03       		.uleb128 0x3
 1292 0192 0E       		.uleb128 0xe
 1293 0193 3A       		.uleb128 0x3a
 1294 0194 0B       		.uleb128 0xb
 1295 0195 3B       		.uleb128 0x3b
 1296 0196 05       		.uleb128 0x5
 1297 0197 27       		.uleb128 0x27
 1298 0198 19       		.uleb128 0x19
 1299 0199 49       		.uleb128 0x49
 1300 019a 13       		.uleb128 0x13
 1301 019b 3C       		.uleb128 0x3c
 1302 019c 19       		.uleb128 0x19
 1303 019d 01       		.uleb128 0x1
 1304 019e 13       		.uleb128 0x13
 1305 019f 00       		.byte	0
 1306 01a0 00       		.byte	0
 1307 01a1 1E       		.uleb128 0x1e
 1308 01a2 2E       		.uleb128 0x2e
 1309 01a3 01       		.byte	0x1
 1310 01a4 3F       		.uleb128 0x3f
 1311 01a5 19       		.uleb128 0x19
 1312 01a6 03       		.uleb128 0x3
 1313 01a7 0E       		.uleb128 0xe
 1314 01a8 3A       		.uleb128 0x3a
 1315 01a9 0B       		.uleb128 0xb
 1316 01aa 3B       		.uleb128 0x3b
 1317 01ab 05       		.uleb128 0x5
 1318 01ac 27       		.uleb128 0x27
 1319 01ad 19       		.uleb128 0x19
 1320 01ae 3C       		.uleb128 0x3c
 1321 01af 19       		.uleb128 0x19
 1322 01b0 01       		.uleb128 0x1
 1323 01b1 13       		.uleb128 0x13
 1324 01b2 00       		.byte	0
 1325 01b3 00       		.byte	0
 1326 01b4 00       		.byte	0
 1327              		.section	.debug_loc,"",%progbits
 1328              	.Ldebug_loc0:
 1329              	.LLST0:
 1330 0000 26000000 		.4byte	.LVL5
 1331 0004 2A000000 		.4byte	.LVL6
 1332 0008 0200     		.2byte	0x2
 1333 000a 30       		.byte	0x30
 1334 000b 9F       		.byte	0x9f
 1335 000c 2A000000 		.4byte	.LVL6
 1336 0010 78000000 		.4byte	.LVL18
 1337 0014 0100     		.2byte	0x1
 1338 0016 54       		.byte	0x54
 1339 0017 7A000000 		.4byte	.LVL19
 1340 001b 80000000 		.4byte	.LVL20
 1341 001f 0100     		.2byte	0x1
 1342 0021 54       		.byte	0x54
 1343 0022 00000000 		.4byte	0
 1344 0026 00000000 		.4byte	0
ARM GAS  C:\Users\Tim\AppData\Local\Temp\ccwPFdCP.s 			page 27


 1345              	.LLST1:
 1346 002a 32000000 		.4byte	.LVL8
 1347 002e 4E000000 		.4byte	.LVL9
 1348 0032 0100     		.2byte	0x1
 1349 0034 50       		.byte	0x50
 1350 0035 50000000 		.4byte	.LVL10
 1351 0039 55000000 		.4byte	.LVL12-1
 1352 003d 0100     		.2byte	0x1
 1353 003f 50       		.byte	0x50
 1354 0040 00000000 		.4byte	0
 1355 0044 00000000 		.4byte	0
 1356              	.LLST2:
 1357 0048 6A000000 		.4byte	.LVL15
 1358 004c 6D000000 		.4byte	.LVL16-1
 1359 0050 0100     		.2byte	0x1
 1360 0052 50       		.byte	0x50
 1361 0053 00000000 		.4byte	0
 1362 0057 00000000 		.4byte	0
 1363              	.LLST3:
 1364 005b 0C000000 		.4byte	.LVL2
 1365 005f 13000000 		.4byte	.LVL3-1
 1366 0063 0100     		.2byte	0x1
 1367 0065 50       		.byte	0x50
 1368 0066 00000000 		.4byte	0
 1369 006a 00000000 		.4byte	0
 1370              	.LLST4:
 1371 006e 28000000 		.4byte	.LVL25
 1372 0072 2C000000 		.4byte	.LVL26
 1373 0076 0200     		.2byte	0x2
 1374 0078 30       		.byte	0x30
 1375 0079 9F       		.byte	0x9f
 1376 007a 2C000000 		.4byte	.LVL26
 1377 007e CE000000 		.4byte	.LVL47
 1378 0082 0100     		.2byte	0x1
 1379 0084 54       		.byte	0x54
 1380 0085 D0000000 		.4byte	.LVL48
 1381 0089 D6000000 		.4byte	.LVL49
 1382 008d 0100     		.2byte	0x1
 1383 008f 54       		.byte	0x54
 1384 0090 00000000 		.4byte	0
 1385 0094 00000000 		.4byte	0
 1386              	.LLST5:
 1387 0098 34000000 		.4byte	.LVL28
 1388 009c 54000000 		.4byte	.LVL29
 1389 00a0 0100     		.2byte	0x1
 1390 00a2 50       		.byte	0x50
 1391 00a3 54000000 		.4byte	.LVL29
 1392 00a7 D0000000 		.4byte	.LVL48
 1393 00ab 0100     		.2byte	0x1
 1394 00ad 56       		.byte	0x56
 1395 00ae 00000000 		.4byte	0
 1396 00b2 00000000 		.4byte	0
 1397              	.LLST6:
 1398 00b6 70000000 		.4byte	.LVL34
 1399 00ba 73000000 		.4byte	.LVL35-1
 1400 00be 0100     		.2byte	0x1
 1401 00c0 50       		.byte	0x50
ARM GAS  C:\Users\Tim\AppData\Local\Temp\ccwPFdCP.s 			page 28


 1402 00c1 73000000 		.4byte	.LVL35-1
 1403 00c5 92000000 		.4byte	.LVL42
 1404 00c9 0100     		.2byte	0x1
 1405 00cb 57       		.byte	0x57
 1406 00cc 00000000 		.4byte	0
 1407 00d0 00000000 		.4byte	0
 1408              	.LLST7:
 1409 00d4 8A000000 		.4byte	.LVL39
 1410 00d8 8C000000 		.4byte	.LVL40
 1411 00dc 0100     		.2byte	0x1
 1412 00de 50       		.byte	0x50
 1413 00df 8C000000 		.4byte	.LVL40
 1414 00e3 9C000000 		.4byte	.LVL44
 1415 00e7 0100     		.2byte	0x1
 1416 00e9 55       		.byte	0x55
 1417 00ea 00000000 		.4byte	0
 1418 00ee 00000000 		.4byte	0
 1419              		.section	.debug_aranges,"",%progbits
 1420 0000 34000000 		.4byte	0x34
 1421 0004 0200     		.2byte	0x2
 1422 0006 00000000 		.4byte	.Ldebug_info0
 1423 000a 04       		.byte	0x4
 1424 000b 00       		.byte	0
 1425 000c 0000     		.2byte	0
 1426 000e 0000     		.2byte	0
 1427 0010 00000000 		.4byte	.LFB36
 1428 0014 0C000000 		.4byte	.LFE36-.LFB36
 1429 0018 00000000 		.4byte	.LFB37
 1430 001c 08000000 		.4byte	.LFE37-.LFB37
 1431 0020 00000000 		.4byte	.LFB38
 1432 0024 A8000000 		.4byte	.LFE38-.LFB38
 1433 0028 00000000 		.4byte	.LFB39
 1434 002c 18010000 		.4byte	.LFE39-.LFB39
 1435 0030 00000000 		.4byte	0
 1436 0034 00000000 		.4byte	0
 1437              		.section	.debug_ranges,"",%progbits
 1438              	.Ldebug_ranges0:
 1439 0000 00000000 		.4byte	.LFB36
 1440 0004 0C000000 		.4byte	.LFE36
 1441 0008 00000000 		.4byte	.LFB37
 1442 000c 08000000 		.4byte	.LFE37
 1443 0010 00000000 		.4byte	.LFB38
 1444 0014 A8000000 		.4byte	.LFE38
 1445 0018 00000000 		.4byte	.LFB39
 1446 001c 18010000 		.4byte	.LFE39
 1447 0020 00000000 		.4byte	0
 1448 0024 00000000 		.4byte	0
 1449              		.section	.debug_line,"",%progbits
 1450              	.Ldebug_line0:
 1451 0000 30020000 		.section	.debug_str,"MS",%progbits,1
 1451      02009001 
 1451      00000201 
 1451      FB0E0D00 
 1451      01010101 
 1452              	.LASF14:
 1453 0000 73697A65 		.ascii	"size_t\000"
 1453      5F7400
ARM GAS  C:\Users\Tim\AppData\Local\Temp\ccwPFdCP.s 			page 29


 1454              	.LASF39:
 1455 0007 496E6672 		.ascii	"Infrared_Init\000"
 1455      61726564 
 1455      5F496E69 
 1455      7400
 1456              	.LASF28:
 1457 0015 5F5F6675 		.ascii	"__func__\000"
 1457      6E635F5F 
 1457      00
 1458              	.LASF33:
 1459 001e 736E7072 		.ascii	"snprintf\000"
 1459      696E7466 
 1459      00
 1460              	.LASF26:
 1461 0027 64697374 		.ascii	"distance\000"
 1461      616E6365 
 1461      00
 1462              	.LASF12:
 1463 0030 666C6F61 		.ascii	"float\000"
 1463      7400
 1464              	.LASF1:
 1465 0036 7369676E 		.ascii	"signed char\000"
 1465      65642063 
 1465      68617200 
 1466              	.LASF2:
 1467 0042 756E7369 		.ascii	"unsigned char\000"
 1467      676E6564 
 1467      20636861 
 1467      7200
 1468              	.LASF19:
 1469 0050 63686172 		.ascii	"char8\000"
 1469      3800
 1470              	.LASF18:
 1471 0056 696E7431 		.ascii	"int16\000"
 1471      3600
 1472              	.LASF6:
 1473 005c 6C6F6E67 		.ascii	"long unsigned int\000"
 1473      20756E73 
 1473      69676E65 
 1473      6420696E 
 1473      7400
 1474              	.LASF4:
 1475 006e 73686F72 		.ascii	"short unsigned int\000"
 1475      7420756E 
 1475      7369676E 
 1475      65642069 
 1475      6E7400
 1476              	.LASF23:
 1477 0081 766F6C74 		.ascii	"voltage\000"
 1477      61676500 
 1478              	.LASF37:
 1479 0089 2E2E5C2E 		.ascii	"..\\..\\source\\infrared.c\000"
 1479      2E5C736F 
 1479      75726365 
 1479      5C696E66 
 1479      72617265 
 1480              	.LASF35:
ARM GAS  C:\Users\Tim\AppData\Local\Temp\ccwPFdCP.s 			page 30


 1481 00a1 55415254 		.ascii	"UARTCOMMS_UartPutString\000"
 1481      434F4D4D 
 1481      535F5561 
 1481      72745075 
 1481      74537472 
 1482              	.LASF11:
 1483 00b9 646F7562 		.ascii	"double\000"
 1483      6C6500
 1484              	.LASF31:
 1485 00c0 4144435F 		.ascii	"ADC_Infrared_IsEndConversion\000"
 1485      496E6672 
 1485      61726564 
 1485      5F497345 
 1485      6E64436F 
 1486              	.LASF32:
 1487 00dd 4144435F 		.ascii	"ADC_Infrared_GetResult16\000"
 1487      496E6672 
 1487      61726564 
 1487      5F476574 
 1487      52657375 
 1488              	.LASF27:
 1489 00f6 6C617374 		.ascii	"last_time\000"
 1489      5F74696D 
 1489      6500
 1490              	.LASF15:
 1491 0100 75696E74 		.ascii	"uint16\000"
 1491      313600
 1492              	.LASF17:
 1493 0107 696E7438 		.ascii	"int8\000"
 1493      00
 1494              	.LASF16:
 1495 010c 75696E74 		.ascii	"uint32\000"
 1495      333200
 1496              	.LASF21:
 1497 0113 496E6672 		.ascii	"Infrared_Measure\000"
 1497      61726564 
 1497      5F4D6561 
 1497      73757265 
 1497      00
 1498              	.LASF0:
 1499 0124 756E7369 		.ascii	"unsigned int\000"
 1499      676E6564 
 1499      20696E74 
 1499      00
 1500              	.LASF8:
 1501 0131 6C6F6E67 		.ascii	"long long unsigned int\000"
 1501      206C6F6E 
 1501      6720756E 
 1501      7369676E 
 1501      65642069 
 1502              	.LASF25:
 1503 0148 496E6672 		.ascii	"Infrared_Test\000"
 1503      61726564 
 1503      5F546573 
 1503      7400
 1504              	.LASF22:
 1505 0156 72657375 		.ascii	"result\000"
ARM GAS  C:\Users\Tim\AppData\Local\Temp\ccwPFdCP.s 			page 31


 1505      6C7400
 1506              	.LASF9:
 1507 015d 73697A65 		.ascii	"sizetype\000"
 1507      74797065 
 1507      00
 1508              	.LASF36:
 1509 0166 474E5520 		.ascii	"GNU C 4.9.3 20150303 (release) [ARM/embedded-4_9-br"
 1509      4320342E 
 1509      392E3320 
 1509      32303135 
 1509      30333033 
 1510 0199 616E6368 		.ascii	"anch revision 221220] -mcpu=cortex-m0 -mthumb -g -O"
 1510      20726576 
 1510      6973696F 
 1510      6E203232 
 1510      31323230 
 1511 01cc 67202D66 		.ascii	"g -ffunction-sections -ffat-lto-objects\000"
 1511      66756E63 
 1511      74696F6E 
 1511      2D736563 
 1511      74696F6E 
 1512              	.LASF7:
 1513 01f4 6C6F6E67 		.ascii	"long long int\000"
 1513      206C6F6E 
 1513      6720696E 
 1513      7400
 1514              	.LASF10:
 1515 0202 63686172 		.ascii	"char\000"
 1515      00
 1516              	.LASF38:
 1517 0207 443A5C70 		.ascii	"D:\\projects\\ArloBot\\arlobot_psoc\\arlobot_base\\"
 1517      726F6A65 
 1517      6374735C 
 1517      41726C6F 
 1517      426F745C 
 1518 0235 626F6172 		.ascii	"board1.cydsn\000"
 1518      64312E63 
 1518      7964736E 
 1518      00
 1519              	.LASF3:
 1520 0242 73686F72 		.ascii	"short int\000"
 1520      7420696E 
 1520      7400
 1521              	.LASF20:
 1522 024c 496E6672 		.ascii	"Infrared_Start\000"
 1522      61726564 
 1522      5F537461 
 1522      727400
 1523              	.LASF5:
 1524 025b 6C6F6E67 		.ascii	"long int\000"
 1524      20696E74 
 1524      00
 1525              	.LASF34:
 1526 0264 6D696C6C 		.ascii	"millis\000"
 1526      697300
 1527              	.LASF13:
 1528 026b 6C6F6E67 		.ascii	"long double\000"
ARM GAS  C:\Users\Tim\AppData\Local\Temp\ccwPFdCP.s 			page 32


 1528      20646F75 
 1528      626C6500 
 1529              	.LASF30:
 1530 0277 4144435F 		.ascii	"ADC_Infrared_StartConvert\000"
 1530      496E6672 
 1530      61726564 
 1530      5F537461 
 1530      7274436F 
 1531              	.LASF29:
 1532 0291 4144435F 		.ascii	"ADC_Infrared_Start\000"
 1532      496E6672 
 1532      61726564 
 1532      5F537461 
 1532      727400
 1533              	.LASF24:
 1534 02a4 6164635F 		.ascii	"adc_result\000"
 1534      72657375 
 1534      6C7400
 1535              	.LASF40:
 1536 02af 666F726D 		.ascii	"formatted_string\000"
 1536      61747465 
 1536      645F7374 
 1536      72696E67 
 1536      00
 1537              		.ident	"GCC: (GNU Tools for ARM Embedded Processors) 4.9.3 20150303 (release) [ARM/embedded-4_9-br
