ARM GAS  C:\Users\Tim\AppData\Local\Temp\cc5b0wdM.s 			page 1


   1              		.cpu cortex-m0
   2              		.fpu softvfp
   3              		.eabi_attribute 20, 1
   4              		.eabi_attribute 21, 1
   5              		.eabi_attribute 23, 3
   6              		.eabi_attribute 24, 1
   7              		.eabi_attribute 25, 1
   8              		.eabi_attribute 26, 1
   9              		.eabi_attribute 30, 1
  10              		.eabi_attribute 34, 0
  11              		.eabi_attribute 18, 4
  12              		.code	16
  13              		.file	"main.c"
  14              		.text
  15              	.Ltext0:
  16              		.cfi_sections	.debug_frame
  17              		.section	.text.main,"ax",%progbits
  18              		.align	2
  19              		.global	main
  20              		.code	16
  21              		.thumb_func
  22              		.type	main, %function
  23              	main:
  24              	.LFB36:
  25              		.file 1 ".\\main.c"
   1:.\main.c      **** /* ========================================
   2:.\main.c      ****  *
   3:.\main.c      ****  * Copyright YOUR COMPANY, THE YEAR
   4:.\main.c      ****  * All Rights Reserved
   5:.\main.c      ****  * UNPUBLISHED, LICENSED SOFTWARE.
   6:.\main.c      ****  *
   7:.\main.c      ****  * CONFIDENTIAL AND PROPRIETARY INFORMATION
   8:.\main.c      ****  * WHICH IS THE PROPERTY OF your company.
   9:.\main.c      ****  *
  10:.\main.c      ****  * ========================================
  11:.\main.c      **** */
  12:.\main.c      **** #include <project.h>
  13:.\main.c      **** 
  14:.\main.c      **** /* The source code is stored outside of the Psoc project in a relative directory so that is can be 
  15:.\main.c      ****    projects if necessary.  The main loop is implemented in the Board_Main function found in the boa
  16:.\main.c      ****  */
  17:.\main.c      **** extern void Board_Main();
  18:.\main.c      **** 
  19:.\main.c      **** int main()
  20:.\main.c      **** {
  26              		.loc 1 20 0
  27              		.cfi_startproc
  28 0000 08B5     		push	{r3, lr}
  29              		.cfi_def_cfa_offset 8
  30              		.cfi_offset 3, -8
  31              		.cfi_offset 14, -4
  21:.\main.c      ****     CyGlobalIntEnable; /* Enable global interrupts. */
  32              		.loc 1 21 0
  33              	@ 21 ".\main.c" 1
  34 0002 62B6     		CPSIE   i
  35              	@ 0 "" 2
  22:.\main.c      **** 
ARM GAS  C:\Users\Tim\AppData\Local\Temp\cc5b0wdM.s 			page 2


  23:.\main.c      ****     Board_Main();
  36              		.loc 1 23 0
  37              		.code	16
  38 0004 FFF7FEFF 		bl	Board_Main
  39              	.LVL0:
  24:.\main.c      ****     
  25:.\main.c      ****     /* Will never happen because Board_Main never returns, but it makes the compiler happy :-P */
  26:.\main.c      ****     return 0;
  27:.\main.c      **** }
  40              		.loc 1 27 0
  41 0008 0020     		mov	r0, #0
  42              		@ sp needed
  43 000a 08BD     		pop	{r3, pc}
  44              		.cfi_endproc
  45              	.LFE36:
  46              		.size	main, .-main
  47              		.text
  48              	.Letext0:
  49              		.section	.debug_info,"",%progbits
  50              	.Ldebug_info0:
  51 0000 B0000000 		.4byte	0xb0
  52 0004 0400     		.2byte	0x4
  53 0006 00000000 		.4byte	.Ldebug_abbrev0
  54 000a 04       		.byte	0x4
  55 000b 01       		.uleb128 0x1
  56 000c E1000000 		.4byte	.LASF13
  57 0010 01       		.byte	0x1
  58 0011 6F010000 		.4byte	.LASF14
  59 0015 26000000 		.4byte	.LASF15
  60 0019 00000000 		.4byte	.Ldebug_ranges0+0
  61 001d 00000000 		.4byte	0
  62 0021 00000000 		.4byte	.Ldebug_line0
  63 0025 02       		.uleb128 0x2
  64 0026 01       		.byte	0x1
  65 0027 06       		.byte	0x6
  66 0028 D5000000 		.4byte	.LASF0
  67 002c 02       		.uleb128 0x2
  68 002d 01       		.byte	0x1
  69 002e 08       		.byte	0x8
  70 002f 95000000 		.4byte	.LASF1
  71 0033 02       		.uleb128 0x2
  72 0034 02       		.byte	0x2
  73 0035 05       		.byte	0x5
  74 0036 B1000000 		.4byte	.LASF2
  75 003a 02       		.uleb128 0x2
  76 003b 02       		.byte	0x2
  77 003c 07       		.byte	0x7
  78 003d C2000000 		.4byte	.LASF3
  79 0041 02       		.uleb128 0x2
  80 0042 04       		.byte	0x4
  81 0043 05       		.byte	0x5
  82 0044 A8000000 		.4byte	.LASF4
  83 0048 02       		.uleb128 0x2
  84 0049 04       		.byte	0x4
  85 004a 07       		.byte	0x7
  86 004b 66000000 		.4byte	.LASF5
  87 004f 02       		.uleb128 0x2
ARM GAS  C:\Users\Tim\AppData\Local\Temp\cc5b0wdM.s 			page 3


  88 0050 08       		.byte	0x8
  89 0051 05       		.byte	0x5
  90 0052 00000000 		.4byte	.LASF6
  91 0056 02       		.uleb128 0x2
  92 0057 08       		.byte	0x8
  93 0058 07       		.byte	0x7
  94 0059 78000000 		.4byte	.LASF7
  95 005d 03       		.uleb128 0x3
  96 005e 04       		.byte	0x4
  97 005f 05       		.byte	0x5
  98 0060 696E7400 		.ascii	"int\000"
  99 0064 02       		.uleb128 0x2
 100 0065 04       		.byte	0x4
 101 0066 07       		.byte	0x7
 102 0067 19000000 		.4byte	.LASF8
 103 006b 02       		.uleb128 0x2
 104 006c 04       		.byte	0x4
 105 006d 04       		.byte	0x4
 106 006e 8F000000 		.4byte	.LASF9
 107 0072 02       		.uleb128 0x2
 108 0073 08       		.byte	0x8
 109 0074 04       		.byte	0x4
 110 0075 BB000000 		.4byte	.LASF10
 111 0079 02       		.uleb128 0x2
 112 007a 01       		.byte	0x1
 113 007b 08       		.byte	0x8
 114 007c A3000000 		.4byte	.LASF11
 115 0080 02       		.uleb128 0x2
 116 0081 04       		.byte	0x4
 117 0082 07       		.byte	0x7
 118 0083 78010000 		.4byte	.LASF12
 119 0087 04       		.uleb128 0x4
 120 0088 61000000 		.4byte	.LASF16
 121 008c 01       		.byte	0x1
 122 008d 13       		.byte	0x13
 123 008e 5D000000 		.4byte	0x5d
 124 0092 00000000 		.4byte	.LFB36
 125 0096 0C000000 		.4byte	.LFE36-.LFB36
 126 009a 01       		.uleb128 0x1
 127 009b 9C       		.byte	0x9c
 128 009c AA000000 		.4byte	0xaa
 129 00a0 05       		.uleb128 0x5
 130 00a1 08000000 		.4byte	.LVL0
 131 00a5 AA000000 		.4byte	0xaa
 132 00a9 00       		.byte	0
 133 00aa 06       		.uleb128 0x6
 134 00ab 0E000000 		.4byte	.LASF17
 135 00af 01       		.byte	0x1
 136 00b0 11       		.byte	0x11
 137 00b1 07       		.uleb128 0x7
 138 00b2 00       		.byte	0
 139 00b3 00       		.byte	0
 140              		.section	.debug_abbrev,"",%progbits
 141              	.Ldebug_abbrev0:
 142 0000 01       		.uleb128 0x1
 143 0001 11       		.uleb128 0x11
 144 0002 01       		.byte	0x1
ARM GAS  C:\Users\Tim\AppData\Local\Temp\cc5b0wdM.s 			page 4


 145 0003 25       		.uleb128 0x25
 146 0004 0E       		.uleb128 0xe
 147 0005 13       		.uleb128 0x13
 148 0006 0B       		.uleb128 0xb
 149 0007 03       		.uleb128 0x3
 150 0008 0E       		.uleb128 0xe
 151 0009 1B       		.uleb128 0x1b
 152 000a 0E       		.uleb128 0xe
 153 000b 55       		.uleb128 0x55
 154 000c 17       		.uleb128 0x17
 155 000d 11       		.uleb128 0x11
 156 000e 01       		.uleb128 0x1
 157 000f 10       		.uleb128 0x10
 158 0010 17       		.uleb128 0x17
 159 0011 00       		.byte	0
 160 0012 00       		.byte	0
 161 0013 02       		.uleb128 0x2
 162 0014 24       		.uleb128 0x24
 163 0015 00       		.byte	0
 164 0016 0B       		.uleb128 0xb
 165 0017 0B       		.uleb128 0xb
 166 0018 3E       		.uleb128 0x3e
 167 0019 0B       		.uleb128 0xb
 168 001a 03       		.uleb128 0x3
 169 001b 0E       		.uleb128 0xe
 170 001c 00       		.byte	0
 171 001d 00       		.byte	0
 172 001e 03       		.uleb128 0x3
 173 001f 24       		.uleb128 0x24
 174 0020 00       		.byte	0
 175 0021 0B       		.uleb128 0xb
 176 0022 0B       		.uleb128 0xb
 177 0023 3E       		.uleb128 0x3e
 178 0024 0B       		.uleb128 0xb
 179 0025 03       		.uleb128 0x3
 180 0026 08       		.uleb128 0x8
 181 0027 00       		.byte	0
 182 0028 00       		.byte	0
 183 0029 04       		.uleb128 0x4
 184 002a 2E       		.uleb128 0x2e
 185 002b 01       		.byte	0x1
 186 002c 3F       		.uleb128 0x3f
 187 002d 19       		.uleb128 0x19
 188 002e 03       		.uleb128 0x3
 189 002f 0E       		.uleb128 0xe
 190 0030 3A       		.uleb128 0x3a
 191 0031 0B       		.uleb128 0xb
 192 0032 3B       		.uleb128 0x3b
 193 0033 0B       		.uleb128 0xb
 194 0034 49       		.uleb128 0x49
 195 0035 13       		.uleb128 0x13
 196 0036 11       		.uleb128 0x11
 197 0037 01       		.uleb128 0x1
 198 0038 12       		.uleb128 0x12
 199 0039 06       		.uleb128 0x6
 200 003a 40       		.uleb128 0x40
 201 003b 18       		.uleb128 0x18
ARM GAS  C:\Users\Tim\AppData\Local\Temp\cc5b0wdM.s 			page 5


 202 003c 9742     		.uleb128 0x2117
 203 003e 19       		.uleb128 0x19
 204 003f 01       		.uleb128 0x1
 205 0040 13       		.uleb128 0x13
 206 0041 00       		.byte	0
 207 0042 00       		.byte	0
 208 0043 05       		.uleb128 0x5
 209 0044 898201   		.uleb128 0x4109
 210 0047 00       		.byte	0
 211 0048 11       		.uleb128 0x11
 212 0049 01       		.uleb128 0x1
 213 004a 31       		.uleb128 0x31
 214 004b 13       		.uleb128 0x13
 215 004c 00       		.byte	0
 216 004d 00       		.byte	0
 217 004e 06       		.uleb128 0x6
 218 004f 2E       		.uleb128 0x2e
 219 0050 01       		.byte	0x1
 220 0051 3F       		.uleb128 0x3f
 221 0052 19       		.uleb128 0x19
 222 0053 03       		.uleb128 0x3
 223 0054 0E       		.uleb128 0xe
 224 0055 3A       		.uleb128 0x3a
 225 0056 0B       		.uleb128 0xb
 226 0057 3B       		.uleb128 0x3b
 227 0058 0B       		.uleb128 0xb
 228 0059 3C       		.uleb128 0x3c
 229 005a 19       		.uleb128 0x19
 230 005b 00       		.byte	0
 231 005c 00       		.byte	0
 232 005d 07       		.uleb128 0x7
 233 005e 18       		.uleb128 0x18
 234 005f 00       		.byte	0
 235 0060 00       		.byte	0
 236 0061 00       		.byte	0
 237 0062 00       		.byte	0
 238              		.section	.debug_aranges,"",%progbits
 239 0000 1C000000 		.4byte	0x1c
 240 0004 0200     		.2byte	0x2
 241 0006 00000000 		.4byte	.Ldebug_info0
 242 000a 04       		.byte	0x4
 243 000b 00       		.byte	0
 244 000c 0000     		.2byte	0
 245 000e 0000     		.2byte	0
 246 0010 00000000 		.4byte	.LFB36
 247 0014 0C000000 		.4byte	.LFE36-.LFB36
 248 0018 00000000 		.4byte	0
 249 001c 00000000 		.4byte	0
 250              		.section	.debug_ranges,"",%progbits
 251              	.Ldebug_ranges0:
 252 0000 00000000 		.4byte	.LFB36
 253 0004 0C000000 		.4byte	.LFE36
 254 0008 00000000 		.4byte	0
 255 000c 00000000 		.4byte	0
 256              		.section	.debug_line,"",%progbits
 257              	.Ldebug_line0:
 258 0000 37000000 		.section	.debug_str,"MS",%progbits,1
ARM GAS  C:\Users\Tim\AppData\Local\Temp\cc5b0wdM.s 			page 6


 258      02001F00 
 258      00000201 
 258      FB0E0D00 
 258      01010101 
 259              	.LASF6:
 260 0000 6C6F6E67 		.ascii	"long long int\000"
 260      206C6F6E 
 260      6720696E 
 260      7400
 261              	.LASF17:
 262 000e 426F6172 		.ascii	"Board_Main\000"
 262      645F4D61 
 262      696E00
 263              	.LASF8:
 264 0019 756E7369 		.ascii	"unsigned int\000"
 264      676E6564 
 264      20696E74 
 264      00
 265              	.LASF15:
 266 0026 443A5C70 		.ascii	"D:\\projects\\ArloBot\\arlobot_psoc\\arlobot_base\\"
 266      726F6A65 
 266      6374735C 
 266      41726C6F 
 266      426F745C 
 267 0054 626F6172 		.ascii	"board1.cydsn\000"
 267      64312E63 
 267      7964736E 
 267      00
 268              	.LASF16:
 269 0061 6D61696E 		.ascii	"main\000"
 269      00
 270              	.LASF5:
 271 0066 6C6F6E67 		.ascii	"long unsigned int\000"
 271      20756E73 
 271      69676E65 
 271      6420696E 
 271      7400
 272              	.LASF7:
 273 0078 6C6F6E67 		.ascii	"long long unsigned int\000"
 273      206C6F6E 
 273      6720756E 
 273      7369676E 
 273      65642069 
 274              	.LASF9:
 275 008f 666C6F61 		.ascii	"float\000"
 275      7400
 276              	.LASF1:
 277 0095 756E7369 		.ascii	"unsigned char\000"
 277      676E6564 
 277      20636861 
 277      7200
 278              	.LASF11:
 279 00a3 63686172 		.ascii	"char\000"
 279      00
 280              	.LASF4:
 281 00a8 6C6F6E67 		.ascii	"long int\000"
 281      20696E74 
ARM GAS  C:\Users\Tim\AppData\Local\Temp\cc5b0wdM.s 			page 7


 281      00
 282              	.LASF2:
 283 00b1 73686F72 		.ascii	"short int\000"
 283      7420696E 
 283      7400
 284              	.LASF10:
 285 00bb 646F7562 		.ascii	"double\000"
 285      6C6500
 286              	.LASF3:
 287 00c2 73686F72 		.ascii	"short unsigned int\000"
 287      7420756E 
 287      7369676E 
 287      65642069 
 287      6E7400
 288              	.LASF0:
 289 00d5 7369676E 		.ascii	"signed char\000"
 289      65642063 
 289      68617200 
 290              	.LASF13:
 291 00e1 474E5520 		.ascii	"GNU C 4.9.3 20150303 (release) [ARM/embedded-4_9-br"
 291      4320342E 
 291      392E3320 
 291      32303135 
 291      30333033 
 292 0114 616E6368 		.ascii	"anch revision 221220] -mcpu=cortex-m0 -mthumb -g -O"
 292      20726576 
 292      6973696F 
 292      6E203232 
 292      31323230 
 293 0147 67202D66 		.ascii	"g -ffunction-sections -ffat-lto-objects\000"
 293      66756E63 
 293      74696F6E 
 293      2D736563 
 293      74696F6E 
 294              	.LASF14:
 295 016f 2E5C6D61 		.ascii	".\\main.c\000"
 295      696E2E63 
 295      00
 296              	.LASF12:
 297 0178 73697A65 		.ascii	"sizetype\000"
 297      74797065 
 297      00
 298              		.ident	"GCC: (GNU Tools for ARM Embedded Processors) 4.9.3 20150303 (release) [ARM/embedded-4_9-br
