ARM GAS  C:\Users\Tim\AppData\Local\Temp\ccpRWq5f.s 			page 1


   1              		.cpu cortex-m0
   2              		.fpu softvfp
   3              		.eabi_attribute 20, 1
   4              		.eabi_attribute 21, 1
   5              		.eabi_attribute 23, 3
   6              		.eabi_attribute 24, 1
   7              		.eabi_attribute 25, 1
   8              		.eabi_attribute 26, 1
   9              		.eabi_attribute 30, 1
  10              		.eabi_attribute 34, 0
  11              		.eabi_attribute 18, 4
  12              		.code	16
  13              		.file	"utils.c"
  14              		.text
  15              	.Ltext0:
  16              		.cfi_sections	.debug_frame
  17              		.global	__aeabi_uidiv
  18              		.section	.text.MovingAverage,"ax",%progbits
  19              		.align	2
  20              		.global	MovingAverage
  21              		.code	16
  22              		.thumb_func
  23              		.type	MovingAverage, %function
  24              	MovingAverage:
  25              	.LFB36:
  26              		.file 1 "..\\..\\source\\utils.c"
   1:..\..\source/utils.c **** /* ========================================
   2:..\..\source/utils.c ****  *
   3:..\..\source/utils.c ****  * Copyright YOUR COMPANY, THE YEAR
   4:..\..\source/utils.c ****  * All Rights Reserved
   5:..\..\source/utils.c ****  * UNPUBLISHED, LICENSED SOFTWARE.
   6:..\..\source/utils.c ****  *
   7:..\..\source/utils.c ****  * CONFIDENTIAL AND PROPRIETARY INFORMATION
   8:..\..\source/utils.c ****  * WHICH IS THE PROPERTY OF your company.
   9:..\..\source/utils.c ****  *
  10:..\..\source/utils.c ****  * ========================================
  11:..\..\source/utils.c **** */
  12:..\..\source/utils.c **** 
  13:..\..\source/utils.c **** #include "utils.h"
  14:..\..\source/utils.c **** 
  15:..\..\source/utils.c **** uint32 MovingAverage(MOVING_AVERAGE_TYPE* ma, uint32 value)
  16:..\..\source/utils.c **** /*
  17:..\..\source/utils.c **** MA*[i]= MA*[i-1] +X[i] - MA*[i-1]/N
  18:..\..\source/utils.c **** 
  19:..\..\source/utils.c **** where MA* is the moving average*N. 
  20:..\..\source/utils.c **** 
  21:..\..\source/utils.c **** MA[i]= MA*[i]/N
  22:..\..\source/utils.c **** */
  23:..\..\source/utils.c **** {
  27              		.loc 1 23 0
  28              		.cfi_startproc
  29              	.LVL0:
  30 0000 70B5     		push	{r4, r5, r6, lr}
  31              		.cfi_def_cfa_offset 16
  32              		.cfi_offset 4, -16
  33              		.cfi_offset 5, -12
  34              		.cfi_offset 6, -8
ARM GAS  C:\Users\Tim\AppData\Local\Temp\ccpRWq5f.s 			page 2


  35              		.cfi_offset 14, -4
  36 0002 051C     		mov	r5, r0
  24:..\..\source/utils.c ****     uint32 ma_curr;
  25:..\..\source/utils.c ****     
  26:..\..\source/utils.c ****     ma_curr = ma->last + value - ma->last/ma->n;
  37              		.loc 1 26 0
  38 0004 4368     		ldr	r3, [r0, #4]
  39 0006 5C18     		add	r4, r3, r1
  40 0008 0668     		ldr	r6, [r0]
  41 000a 181C     		mov	r0, r3
  42              	.LVL1:
  43 000c 311C     		mov	r1, r6
  44              	.LVL2:
  45 000e FFF7FEFF 		bl	__aeabi_uidiv
  46              	.LVL3:
  47 0012 201A     		sub	r0, r4, r0
  48              	.LVL4:
  27:..\..\source/utils.c ****     ma->last = ma_curr;
  49              		.loc 1 27 0
  50 0014 6860     		str	r0, [r5, #4]
  28:..\..\source/utils.c ****     
  29:..\..\source/utils.c ****     return ma_curr/ma->n;
  51              		.loc 1 29 0
  52 0016 311C     		mov	r1, r6
  53 0018 FFF7FEFF 		bl	__aeabi_uidiv
  54              	.LVL5:
  30:..\..\source/utils.c **** }
  55              		.loc 1 30 0
  56              		@ sp needed
  57              	.LVL6:
  58 001c 70BD     		pop	{r4, r5, r6, pc}
  59              		.cfi_endproc
  60              	.LFE36:
  61              		.size	MovingAverage, .-MovingAverage
  62 001e C046     		.text
  63              	.Letext0:
  64              		.file 2 "Generated_Source\\PSoC4/cytypes.h"
  65              		.file 3 "..\\..\\source\\utils.h"
  66              		.section	.debug_info,"",%progbits
  67              	.Ldebug_info0:
  68 0000 0A010000 		.4byte	0x10a
  69 0004 0400     		.2byte	0x4
  70 0006 00000000 		.4byte	.Ldebug_abbrev0
  71 000a 04       		.byte	0x4
  72 000b 01       		.uleb128 0x1
  73 000c BA000000 		.4byte	.LASF17
  74 0010 01       		.byte	0x1
  75 0011 9F000000 		.4byte	.LASF18
  76 0015 3B000000 		.4byte	.LASF19
  77 0019 00000000 		.4byte	.Ldebug_ranges0+0
  78 001d 00000000 		.4byte	0
  79 0021 00000000 		.4byte	.Ldebug_line0
  80 0025 02       		.uleb128 0x2
  81 0026 01       		.byte	0x1
  82 0027 06       		.byte	0x6
  83 0028 A8010000 		.4byte	.LASF0
  84 002c 02       		.uleb128 0x2
ARM GAS  C:\Users\Tim\AppData\Local\Temp\ccpRWq5f.s 			page 3


  85 002d 01       		.byte	0x1
  86 002e 08       		.byte	0x8
  87 002f 5C010000 		.4byte	.LASF1
  88 0033 02       		.uleb128 0x2
  89 0034 02       		.byte	0x2
  90 0035 05       		.byte	0x5
  91 0036 BA010000 		.4byte	.LASF2
  92 003a 02       		.uleb128 0x2
  93 003b 02       		.byte	0x2
  94 003c 07       		.byte	0x7
  95 003d 95010000 		.4byte	.LASF3
  96 0041 02       		.uleb128 0x2
  97 0042 04       		.byte	0x4
  98 0043 05       		.byte	0x5
  99 0044 77010000 		.4byte	.LASF4
 100 0048 02       		.uleb128 0x2
 101 0049 04       		.byte	0x4
 102 004a 07       		.byte	0x7
 103 004b 76000000 		.4byte	.LASF5
 104 004f 02       		.uleb128 0x2
 105 0050 08       		.byte	0x8
 106 0051 05       		.byte	0x5
 107 0052 00000000 		.4byte	.LASF6
 108 0056 02       		.uleb128 0x2
 109 0057 08       		.byte	0x8
 110 0058 07       		.byte	0x7
 111 0059 88000000 		.4byte	.LASF7
 112 005d 03       		.uleb128 0x3
 113 005e 04       		.byte	0x4
 114 005f 05       		.byte	0x5
 115 0060 696E7400 		.ascii	"int\000"
 116 0064 02       		.uleb128 0x2
 117 0065 04       		.byte	0x4
 118 0066 07       		.byte	0x7
 119 0067 1A000000 		.4byte	.LASF8
 120 006b 04       		.uleb128 0x4
 121 006c 0E000000 		.4byte	.LASF14
 122 0070 02       		.byte	0x2
 123 0071 3A01     		.2byte	0x13a
 124 0073 48000000 		.4byte	0x48
 125 0077 02       		.uleb128 0x2
 126 0078 04       		.byte	0x4
 127 0079 04       		.byte	0x4
 128 007a B4000000 		.4byte	.LASF9
 129 007e 02       		.uleb128 0x2
 130 007f 08       		.byte	0x8
 131 0080 04       		.byte	0x4
 132 0081 8E010000 		.4byte	.LASF10
 133 0085 02       		.uleb128 0x2
 134 0086 01       		.byte	0x1
 135 0087 08       		.byte	0x8
 136 0088 72010000 		.4byte	.LASF11
 137 008c 02       		.uleb128 0x2
 138 008d 04       		.byte	0x4
 139 008e 07       		.byte	0x7
 140 008f C4010000 		.4byte	.LASF12
 141 0093 05       		.uleb128 0x5
ARM GAS  C:\Users\Tim\AppData\Local\Temp\ccpRWq5f.s 			page 4


 142 0094 48010000 		.4byte	.LASF20
 143 0098 08       		.byte	0x8
 144 0099 03       		.byte	0x3
 145 009a 12       		.byte	0x12
 146 009b B6000000 		.4byte	0xb6
 147 009f 06       		.uleb128 0x6
 148 00a0 6E00     		.ascii	"n\000"
 149 00a2 03       		.byte	0x3
 150 00a3 14       		.byte	0x14
 151 00a4 6B000000 		.4byte	0x6b
 152 00a8 00       		.byte	0
 153 00a9 07       		.uleb128 0x7
 154 00aa 15000000 		.4byte	.LASF13
 155 00ae 03       		.byte	0x3
 156 00af 15       		.byte	0x15
 157 00b0 6B000000 		.4byte	0x6b
 158 00b4 04       		.byte	0x4
 159 00b5 00       		.byte	0
 160 00b6 08       		.uleb128 0x8
 161 00b7 27000000 		.4byte	.LASF15
 162 00bb 03       		.byte	0x3
 163 00bc 16       		.byte	0x16
 164 00bd 93000000 		.4byte	0x93
 165 00c1 09       		.uleb128 0x9
 166 00c2 80010000 		.4byte	.LASF21
 167 00c6 01       		.byte	0x1
 168 00c7 0F       		.byte	0xf
 169 00c8 6B000000 		.4byte	0x6b
 170 00cc 00000000 		.4byte	.LFB36
 171 00d0 1E000000 		.4byte	.LFE36-.LFB36
 172 00d4 01       		.uleb128 0x1
 173 00d5 9C       		.byte	0x9c
 174 00d6 07010000 		.4byte	0x107
 175 00da 0A       		.uleb128 0xa
 176 00db 6D6100   		.ascii	"ma\000"
 177 00de 01       		.byte	0x1
 178 00df 0F       		.byte	0xf
 179 00e0 07010000 		.4byte	0x107
 180 00e4 00000000 		.4byte	.LLST0
 181 00e8 0B       		.uleb128 0xb
 182 00e9 B4010000 		.4byte	.LASF16
 183 00ed 01       		.byte	0x1
 184 00ee 0F       		.byte	0xf
 185 00ef 6B000000 		.4byte	0x6b
 186 00f3 2C000000 		.4byte	.LLST1
 187 00f7 0C       		.uleb128 0xc
 188 00f8 6A010000 		.4byte	.LASF22
 189 00fc 01       		.byte	0x1
 190 00fd 18       		.byte	0x18
 191 00fe 6B000000 		.4byte	0x6b
 192 0102 4D000000 		.4byte	.LLST2
 193 0106 00       		.byte	0
 194 0107 0D       		.uleb128 0xd
 195 0108 04       		.byte	0x4
 196 0109 B6000000 		.4byte	0xb6
 197 010d 00       		.byte	0
 198              		.section	.debug_abbrev,"",%progbits
ARM GAS  C:\Users\Tim\AppData\Local\Temp\ccpRWq5f.s 			page 5


 199              	.Ldebug_abbrev0:
 200 0000 01       		.uleb128 0x1
 201 0001 11       		.uleb128 0x11
 202 0002 01       		.byte	0x1
 203 0003 25       		.uleb128 0x25
 204 0004 0E       		.uleb128 0xe
 205 0005 13       		.uleb128 0x13
 206 0006 0B       		.uleb128 0xb
 207 0007 03       		.uleb128 0x3
 208 0008 0E       		.uleb128 0xe
 209 0009 1B       		.uleb128 0x1b
 210 000a 0E       		.uleb128 0xe
 211 000b 55       		.uleb128 0x55
 212 000c 17       		.uleb128 0x17
 213 000d 11       		.uleb128 0x11
 214 000e 01       		.uleb128 0x1
 215 000f 10       		.uleb128 0x10
 216 0010 17       		.uleb128 0x17
 217 0011 00       		.byte	0
 218 0012 00       		.byte	0
 219 0013 02       		.uleb128 0x2
 220 0014 24       		.uleb128 0x24
 221 0015 00       		.byte	0
 222 0016 0B       		.uleb128 0xb
 223 0017 0B       		.uleb128 0xb
 224 0018 3E       		.uleb128 0x3e
 225 0019 0B       		.uleb128 0xb
 226 001a 03       		.uleb128 0x3
 227 001b 0E       		.uleb128 0xe
 228 001c 00       		.byte	0
 229 001d 00       		.byte	0
 230 001e 03       		.uleb128 0x3
 231 001f 24       		.uleb128 0x24
 232 0020 00       		.byte	0
 233 0021 0B       		.uleb128 0xb
 234 0022 0B       		.uleb128 0xb
 235 0023 3E       		.uleb128 0x3e
 236 0024 0B       		.uleb128 0xb
 237 0025 03       		.uleb128 0x3
 238 0026 08       		.uleb128 0x8
 239 0027 00       		.byte	0
 240 0028 00       		.byte	0
 241 0029 04       		.uleb128 0x4
 242 002a 16       		.uleb128 0x16
 243 002b 00       		.byte	0
 244 002c 03       		.uleb128 0x3
 245 002d 0E       		.uleb128 0xe
 246 002e 3A       		.uleb128 0x3a
 247 002f 0B       		.uleb128 0xb
 248 0030 3B       		.uleb128 0x3b
 249 0031 05       		.uleb128 0x5
 250 0032 49       		.uleb128 0x49
 251 0033 13       		.uleb128 0x13
 252 0034 00       		.byte	0
 253 0035 00       		.byte	0
 254 0036 05       		.uleb128 0x5
 255 0037 13       		.uleb128 0x13
ARM GAS  C:\Users\Tim\AppData\Local\Temp\ccpRWq5f.s 			page 6


 256 0038 01       		.byte	0x1
 257 0039 03       		.uleb128 0x3
 258 003a 0E       		.uleb128 0xe
 259 003b 0B       		.uleb128 0xb
 260 003c 0B       		.uleb128 0xb
 261 003d 3A       		.uleb128 0x3a
 262 003e 0B       		.uleb128 0xb
 263 003f 3B       		.uleb128 0x3b
 264 0040 0B       		.uleb128 0xb
 265 0041 01       		.uleb128 0x1
 266 0042 13       		.uleb128 0x13
 267 0043 00       		.byte	0
 268 0044 00       		.byte	0
 269 0045 06       		.uleb128 0x6
 270 0046 0D       		.uleb128 0xd
 271 0047 00       		.byte	0
 272 0048 03       		.uleb128 0x3
 273 0049 08       		.uleb128 0x8
 274 004a 3A       		.uleb128 0x3a
 275 004b 0B       		.uleb128 0xb
 276 004c 3B       		.uleb128 0x3b
 277 004d 0B       		.uleb128 0xb
 278 004e 49       		.uleb128 0x49
 279 004f 13       		.uleb128 0x13
 280 0050 38       		.uleb128 0x38
 281 0051 0B       		.uleb128 0xb
 282 0052 00       		.byte	0
 283 0053 00       		.byte	0
 284 0054 07       		.uleb128 0x7
 285 0055 0D       		.uleb128 0xd
 286 0056 00       		.byte	0
 287 0057 03       		.uleb128 0x3
 288 0058 0E       		.uleb128 0xe
 289 0059 3A       		.uleb128 0x3a
 290 005a 0B       		.uleb128 0xb
 291 005b 3B       		.uleb128 0x3b
 292 005c 0B       		.uleb128 0xb
 293 005d 49       		.uleb128 0x49
 294 005e 13       		.uleb128 0x13
 295 005f 38       		.uleb128 0x38
 296 0060 0B       		.uleb128 0xb
 297 0061 00       		.byte	0
 298 0062 00       		.byte	0
 299 0063 08       		.uleb128 0x8
 300 0064 16       		.uleb128 0x16
 301 0065 00       		.byte	0
 302 0066 03       		.uleb128 0x3
 303 0067 0E       		.uleb128 0xe
 304 0068 3A       		.uleb128 0x3a
 305 0069 0B       		.uleb128 0xb
 306 006a 3B       		.uleb128 0x3b
 307 006b 0B       		.uleb128 0xb
 308 006c 49       		.uleb128 0x49
 309 006d 13       		.uleb128 0x13
 310 006e 00       		.byte	0
 311 006f 00       		.byte	0
 312 0070 09       		.uleb128 0x9
ARM GAS  C:\Users\Tim\AppData\Local\Temp\ccpRWq5f.s 			page 7


 313 0071 2E       		.uleb128 0x2e
 314 0072 01       		.byte	0x1
 315 0073 3F       		.uleb128 0x3f
 316 0074 19       		.uleb128 0x19
 317 0075 03       		.uleb128 0x3
 318 0076 0E       		.uleb128 0xe
 319 0077 3A       		.uleb128 0x3a
 320 0078 0B       		.uleb128 0xb
 321 0079 3B       		.uleb128 0x3b
 322 007a 0B       		.uleb128 0xb
 323 007b 27       		.uleb128 0x27
 324 007c 19       		.uleb128 0x19
 325 007d 49       		.uleb128 0x49
 326 007e 13       		.uleb128 0x13
 327 007f 11       		.uleb128 0x11
 328 0080 01       		.uleb128 0x1
 329 0081 12       		.uleb128 0x12
 330 0082 06       		.uleb128 0x6
 331 0083 40       		.uleb128 0x40
 332 0084 18       		.uleb128 0x18
 333 0085 9642     		.uleb128 0x2116
 334 0087 19       		.uleb128 0x19
 335 0088 01       		.uleb128 0x1
 336 0089 13       		.uleb128 0x13
 337 008a 00       		.byte	0
 338 008b 00       		.byte	0
 339 008c 0A       		.uleb128 0xa
 340 008d 05       		.uleb128 0x5
 341 008e 00       		.byte	0
 342 008f 03       		.uleb128 0x3
 343 0090 08       		.uleb128 0x8
 344 0091 3A       		.uleb128 0x3a
 345 0092 0B       		.uleb128 0xb
 346 0093 3B       		.uleb128 0x3b
 347 0094 0B       		.uleb128 0xb
 348 0095 49       		.uleb128 0x49
 349 0096 13       		.uleb128 0x13
 350 0097 02       		.uleb128 0x2
 351 0098 17       		.uleb128 0x17
 352 0099 00       		.byte	0
 353 009a 00       		.byte	0
 354 009b 0B       		.uleb128 0xb
 355 009c 05       		.uleb128 0x5
 356 009d 00       		.byte	0
 357 009e 03       		.uleb128 0x3
 358 009f 0E       		.uleb128 0xe
 359 00a0 3A       		.uleb128 0x3a
 360 00a1 0B       		.uleb128 0xb
 361 00a2 3B       		.uleb128 0x3b
 362 00a3 0B       		.uleb128 0xb
 363 00a4 49       		.uleb128 0x49
 364 00a5 13       		.uleb128 0x13
 365 00a6 02       		.uleb128 0x2
 366 00a7 17       		.uleb128 0x17
 367 00a8 00       		.byte	0
 368 00a9 00       		.byte	0
 369 00aa 0C       		.uleb128 0xc
ARM GAS  C:\Users\Tim\AppData\Local\Temp\ccpRWq5f.s 			page 8


 370 00ab 34       		.uleb128 0x34
 371 00ac 00       		.byte	0
 372 00ad 03       		.uleb128 0x3
 373 00ae 0E       		.uleb128 0xe
 374 00af 3A       		.uleb128 0x3a
 375 00b0 0B       		.uleb128 0xb
 376 00b1 3B       		.uleb128 0x3b
 377 00b2 0B       		.uleb128 0xb
 378 00b3 49       		.uleb128 0x49
 379 00b4 13       		.uleb128 0x13
 380 00b5 02       		.uleb128 0x2
 381 00b6 17       		.uleb128 0x17
 382 00b7 00       		.byte	0
 383 00b8 00       		.byte	0
 384 00b9 0D       		.uleb128 0xd
 385 00ba 0F       		.uleb128 0xf
 386 00bb 00       		.byte	0
 387 00bc 0B       		.uleb128 0xb
 388 00bd 0B       		.uleb128 0xb
 389 00be 49       		.uleb128 0x49
 390 00bf 13       		.uleb128 0x13
 391 00c0 00       		.byte	0
 392 00c1 00       		.byte	0
 393 00c2 00       		.byte	0
 394              		.section	.debug_loc,"",%progbits
 395              	.Ldebug_loc0:
 396              	.LLST0:
 397 0000 00000000 		.4byte	.LVL0
 398 0004 0C000000 		.4byte	.LVL1
 399 0008 0100     		.2byte	0x1
 400 000a 50       		.byte	0x50
 401 000b 0C000000 		.4byte	.LVL1
 402 000f 1C000000 		.4byte	.LVL6
 403 0013 0100     		.2byte	0x1
 404 0015 55       		.byte	0x55
 405 0016 1C000000 		.4byte	.LVL6
 406 001a 1E000000 		.4byte	.LFE36
 407 001e 0400     		.2byte	0x4
 408 0020 F3       		.byte	0xf3
 409 0021 01       		.uleb128 0x1
 410 0022 50       		.byte	0x50
 411 0023 9F       		.byte	0x9f
 412 0024 00000000 		.4byte	0
 413 0028 00000000 		.4byte	0
 414              	.LLST1:
 415 002c 00000000 		.4byte	.LVL0
 416 0030 0E000000 		.4byte	.LVL2
 417 0034 0100     		.2byte	0x1
 418 0036 51       		.byte	0x51
 419 0037 0E000000 		.4byte	.LVL2
 420 003b 1E000000 		.4byte	.LFE36
 421 003f 0400     		.2byte	0x4
 422 0041 F3       		.byte	0xf3
 423 0042 01       		.uleb128 0x1
 424 0043 51       		.byte	0x51
 425 0044 9F       		.byte	0x9f
 426 0045 00000000 		.4byte	0
ARM GAS  C:\Users\Tim\AppData\Local\Temp\ccpRWq5f.s 			page 9


 427 0049 00000000 		.4byte	0
 428              	.LLST2:
 429 004d 14000000 		.4byte	.LVL4
 430 0051 1B000000 		.4byte	.LVL5-1
 431 0055 0100     		.2byte	0x1
 432 0057 50       		.byte	0x50
 433 0058 00000000 		.4byte	0
 434 005c 00000000 		.4byte	0
 435              		.section	.debug_aranges,"",%progbits
 436 0000 1C000000 		.4byte	0x1c
 437 0004 0200     		.2byte	0x2
 438 0006 00000000 		.4byte	.Ldebug_info0
 439 000a 04       		.byte	0x4
 440 000b 00       		.byte	0
 441 000c 0000     		.2byte	0
 442 000e 0000     		.2byte	0
 443 0010 00000000 		.4byte	.LFB36
 444 0014 1E000000 		.4byte	.LFE36-.LFB36
 445 0018 00000000 		.4byte	0
 446 001c 00000000 		.4byte	0
 447              		.section	.debug_ranges,"",%progbits
 448              	.Ldebug_ranges0:
 449 0000 00000000 		.4byte	.LFB36
 450 0004 1E000000 		.4byte	.LFE36
 451 0008 00000000 		.4byte	0
 452 000c 00000000 		.4byte	0
 453              		.section	.debug_line,"",%progbits
 454              	.Ldebug_line0:
 455 0000 73000000 		.section	.debug_str,"MS",%progbits,1
 455      02005A00 
 455      00000201 
 455      FB0E0D00 
 455      01010101 
 456              	.LASF6:
 457 0000 6C6F6E67 		.ascii	"long long int\000"
 457      206C6F6E 
 457      6720696E 
 457      7400
 458              	.LASF14:
 459 000e 75696E74 		.ascii	"uint32\000"
 459      333200
 460              	.LASF13:
 461 0015 6C617374 		.ascii	"last\000"
 461      00
 462              	.LASF8:
 463 001a 756E7369 		.ascii	"unsigned int\000"
 463      676E6564 
 463      20696E74 
 463      00
 464              	.LASF15:
 465 0027 4D4F5649 		.ascii	"MOVING_AVERAGE_TYPE\000"
 465      4E475F41 
 465      56455241 
 465      47455F54 
 465      59504500 
 466              	.LASF19:
 467 003b 443A5C70 		.ascii	"D:\\projects\\ArloBot\\arlobot_psoc\\arlobot_base\\"
ARM GAS  C:\Users\Tim\AppData\Local\Temp\ccpRWq5f.s 			page 10


 467      726F6A65 
 467      6374735C 
 467      41726C6F 
 467      426F745C 
 468 0069 626F6172 		.ascii	"board1.cydsn\000"
 468      64312E63 
 468      7964736E 
 468      00
 469              	.LASF5:
 470 0076 6C6F6E67 		.ascii	"long unsigned int\000"
 470      20756E73 
 470      69676E65 
 470      6420696E 
 470      7400
 471              	.LASF7:
 472 0088 6C6F6E67 		.ascii	"long long unsigned int\000"
 472      206C6F6E 
 472      6720756E 
 472      7369676E 
 472      65642069 
 473              	.LASF18:
 474 009f 2E2E5C2E 		.ascii	"..\\..\\source\\utils.c\000"
 474      2E5C736F 
 474      75726365 
 474      5C757469 
 474      6C732E63 
 475              	.LASF9:
 476 00b4 666C6F61 		.ascii	"float\000"
 476      7400
 477              	.LASF17:
 478 00ba 474E5520 		.ascii	"GNU C 4.9.3 20150303 (release) [ARM/embedded-4_9-br"
 478      4320342E 
 478      392E3320 
 478      32303135 
 478      30333033 
 479 00ed 616E6368 		.ascii	"anch revision 221220] -mcpu=cortex-m0 -mthumb -g -O"
 479      20726576 
 479      6973696F 
 479      6E203232 
 479      31323230 
 480 0120 67202D66 		.ascii	"g -ffunction-sections -ffat-lto-objects\000"
 480      66756E63 
 480      74696F6E 
 480      2D736563 
 480      74696F6E 
 481              	.LASF20:
 482 0148 5F6D6F76 		.ascii	"_moving_average_tag\000"
 482      696E675F 
 482      61766572 
 482      6167655F 
 482      74616700 
 483              	.LASF1:
 484 015c 756E7369 		.ascii	"unsigned char\000"
 484      676E6564 
 484      20636861 
 484      7200
 485              	.LASF22:
ARM GAS  C:\Users\Tim\AppData\Local\Temp\ccpRWq5f.s 			page 11


 486 016a 6D615F63 		.ascii	"ma_curr\000"
 486      75727200 
 487              	.LASF11:
 488 0172 63686172 		.ascii	"char\000"
 488      00
 489              	.LASF4:
 490 0177 6C6F6E67 		.ascii	"long int\000"
 490      20696E74 
 490      00
 491              	.LASF21:
 492 0180 4D6F7669 		.ascii	"MovingAverage\000"
 492      6E674176 
 492      65726167 
 492      6500
 493              	.LASF10:
 494 018e 646F7562 		.ascii	"double\000"
 494      6C6500
 495              	.LASF3:
 496 0195 73686F72 		.ascii	"short unsigned int\000"
 496      7420756E 
 496      7369676E 
 496      65642069 
 496      6E7400
 497              	.LASF0:
 498 01a8 7369676E 		.ascii	"signed char\000"
 498      65642063 
 498      68617200 
 499              	.LASF16:
 500 01b4 76616C75 		.ascii	"value\000"
 500      6500
 501              	.LASF2:
 502 01ba 73686F72 		.ascii	"short int\000"
 502      7420696E 
 502      7400
 503              	.LASF12:
 504 01c4 73697A65 		.ascii	"sizetype\000"
 504      74797065 
 504      00
 505              		.ident	"GCC: (GNU Tools for ARM Embedded Processors) 4.9.3 20150303 (release) [ARM/embedded-4_9-br
